2024-02-15 06:05:04 [WECHATBC_MAIN] : 等待扫码中...
2024-02-15 06:05:26 [WECHATBC_MAIN] : 已扫描二维码，请确认登陆
2024-02-15 06:05:38 [WECHATBC_MAIN] : 已确认登陆
2024-02-15 06:05:40 [WECHATBC_MAIN] : 已取得登录信息:
2024-02-15 06:05:40 [WECHATBC_MAIN] : BaseRequest(uin=281175185, sid=VhsiHwINfBIsU8eF, skey=@crypt_c1a555a6_ea3a5a810eab090ab3514635e397eefd, deviceId=e171877266777579, dataTicket=gSdcXysICtd983LXLHbRQFd4, passTicket=S7sEjPmraoXFGzIpdr6fbl33wzZCjvf37H4UI711tzWvvbvUIFUcX4K5CrjaPM21dWQ62F80D7IP0MKcJANgJw%3D%3D, authTicket=CIsBEKvJ3ogKGoABwEDNLEbt4hni8hXILVCtdNw9xx1lbpKOD1Eoo/dbogW0bnHXNpbhdsnDJnB2MEM1EZ2Zm5nC5Q0nUKz6oaP69B6YPJXRdGaDJYivoFbpykQtD4f6NXpyrCl7HMKItPZ3xek5eKAUSbzJR8ZmXc9T36IFOdT4EwiPkmJ/wX0/OWE=, initCookie=[wxuin=281175185; expires=Thu, 15 Feb 2024 10:05:38 GMT; domain=wx2.qq.com; path=/; secure, wxsid=VhsiHwINfBIsU8eF; expires=Thu, 15 Feb 2024 10:05:38 GMT; domain=wx2.qq.com; path=/; secure, wxloadtime=1707948338; expires=Thu, 15 Feb 2024 10:05:38 GMT; domain=wx2.qq.com; path=/; secure, mm_lang=zh_CN; expires=Thu, 15 Feb 2024 10:05:38 GMT; domain=wx2.qq.com; path=/; secure, wxuin=281175185; expires=Thu, 15 Feb 2024 10:05:38 GMT; domain=qq.com; path=/; secure, webwx_data_ticket=gSdcXysICtd983LXLHbRQFd4; expires=Thu, 15 Feb 2024 10:05:38 GMT; domain=qq.com; path=/; secure, webwxuvid=b0c1512a3960be8895dbe4551510255db56f9a3512fae09406b31e6a8eb22792f14712c24ebc7f94d11b0c135cb5dfb9; expires=Sat, 11 Feb 2034 22:05:38 GMT; domain=wx2.qq.com; path=/; secure, webwx_auth_ticket=CIsBEKvJ3ogKGoABwEDNLEbt4hni8hXILVCtdNw9xx1lbpKOD1Eoo/dbogW0bnHXNpbhdsnDJnB2MEM1EZ2Zm5nC5Q0nUKz6oaP69B6YPJXRdGaDJYivoFbpykQtD4f6NXpyrCl7HMKItPZ3xek5eKAUSbzJR8ZmXc9T36IFOdT4EwiPkmJ/wX0/OWE=; expires=Sat, 11 Feb 2034 22:05:38 GMT; domain=wx2.qq.com; path=/; secure])
2024-02-15 06:05:41 [WECHATBC_MAIN] : 已初始化微信信息:
2024-02-15 06:05:41 [WECHATBC_MAIN] : 用户信息:
2024-02-15 06:05:41 [WECHATBC_MAIN] : Contact(uin=281175185, userName=@634fbc393ca56cf8c7b3c502ac7d615a523fb73408ec7a3e0f8baa10f907a649, nickName=z, headImgUrl=/cgi-bin/mmwebwx-bin/webwxgeticon?seq=1220660433&username=@634fbc393ca56cf8c7b3c502ac7d615a523fb73408ec7a3e0f8baa10f907a649&skey=@crypt_c1a555a6_ea3a5a810eab090ab3514635e397eefd, contactFlag=0, memberCount=0, memberList=null, remarkName=, hideInputBarFlag=0, sex=1, signature=已换微信 meteor1913103, verifyFlag=0, ownerUin=0, pyInitial=, pyQuanPin=, remarkPYInitial=, remarkPYQuanPin=, starFriend=0, appAccountFlag=0, statues=0, attrStatus=0, province=null, city=null, alias=null, snsFlag=257, uniFriend=0, displayName=null, chatRoomId=0, keyWord=null, encryChatRoomId=null, isOwner=0)
2024-02-15 06:05:43 [WECHATBC_MAIN] : 联系人列表数量: 315
2024-02-15 06:05:43 [WECHATBC_MAIN] : @183dd7f7624643ef4fb117f3d5ba9ef71cbc69c9a054dceb3475e78315892604:皮蛋
2024-02-15 06:05:43 [WECHATBC_MAIN] : @cba4593ac8cf06d2556104e89290157202a6cd590091c27b7210521e7f5a360f:NOBODYLIKESME
2024-02-15 06:05:43 [WECHATBC_MAIN] : @cde4ca548e601aca02eebeb2ad90b104c71ca6a48ac5281b24db47180a5fde60:无所谓
2024-02-15 06:05:43 [WECHATBC_MAIN] : @34985259a8a03bd06f6329939e8022980fc12ea00bc2dc59f1c8c4926aaf092c:??
2024-02-15 06:05:43 [SYNC-CHECK] : Message(msgId=7494798052280572264, fromUserName=@634fbc393ca56cf8c7b3c502ac7d615a523fb73408ec7a3e0f8baa10f907a649, toUserName=@634fbc393ca56cf8c7b3c502ac7d615a523fb73408ec7a3e0f8baa10f907a649, msgType=51, content=, status=3, imgStatus=1, createTime=1707948342, voiceLength=0, playLength=0, fileName=, fileSize=, mediaId=, url=, appMsgType=0, statusNotifyCode=11, statusNotifyUserName=, recommendInfo=RecommendInfo(userName=, nickName=, qqNum=0, province=, city=, content=, signature=, alias=, scene=0, verifyFlag=0, attrStatus=0, sex=0, ticket=, opCode=0), forwardFlag=0, appInfo=AppInfo(appId=, type=0), hasProductId=0, ticket=, imgHeight=0, imgWidth=0, subMsgType=0, newMsgId=7494798052280572264, oriContent=, encryFileName=)
2024-02-15 06:05:43 [WECHATBC_MAIN] : @80c2f55bdfd1da3ac696a524b2cd7f356c20b1747c2bb73d5a7f5ff68c3d7885:木木(丽丽）
2024-02-15 06:05:43 [SYNC-CHECK] : null
2024-02-15 06:05:43 [WECHATBC_MAIN] : @44dfe4d1b32a4bbd6092e2c9f5a9d988888c005fb8f7f8d6e32eb46d3fa1f5d3:莹^O^
2024-02-15 06:05:43 [SYNC-CHECK] : 在尝试异步获取消息时遇到了一个错误
2024-02-15 06:05:43 [WECHATBC_MAIN] : @44087305343c26b119c0140c6f37a6fdc0f8e6f7e48ff19aa016745648cba55b:利
2024-02-15 06:05:43 [WECHATBC_MAIN] : @1c0953991408ab3a5a419a752c9110315944f6ef65e99e886460d5cfedbfdc8d:?
2024-02-15 06:05:43 [WECHATBC_MAIN] : @472640d5668b13061e10b4e08bf83204:互联网品牌官
2024-02-15 06:05:43 [WECHATBC_MAIN] : @76b1fd0884bdf2e3eae24faf1c582af8c28d8b427b84e2dc14f27bb3fd565047:汉宫
2024-02-15 06:05:43 [WECHATBC_MAIN] : @232b20a026431b095944dc8e2141dde9c1377d96e8134aea220180ec2ea16a64:H
2024-02-15 06:05:43 [WECHATBC_MAIN] : @477487725ad62b494c3f68a6b61247b0047774b9f63db9c62b5acc101215889a:zzzsh
2024-02-15 06:05:43 [WECHATBC_MAIN] : @18d2034b1616657e7e3343ce8dd38d788dafb8aea05db70cddb26bc2dadac1b6:胖胖的孙某人
2024-02-15 06:05:43 [WECHATBC_MAIN] : @5bf1e2df6b83d3c0543c837079cec3143cb643d8190ef24ecc241edba7b15898:发财小掌柜<span class="emoji emoji1f4a1"></span>
2024-02-15 06:05:43 [WECHATBC_MAIN] : @01dc0e1c799d04efdf788dcc946b91d7becbbe9e2007134864cc14172c276b88:hor1z0n
2024-02-15 06:05:43 [WECHATBC_MAIN] : @2f76d570b725ac6393c100d59fcf4b810d5900e4bb28a9c933161330cbf1bada:Blank077
2024-02-15 06:05:43 [WECHATBC_MAIN] : @b0bdf6636fe0c9dc3bc1daf017a69a98:外卖卷不停
2024-02-15 06:05:43 [WECHATBC_MAIN] : @cd24a1cc75555c9d54ddbc8dc390a2c9cea5ddf45d4321534b5c24f97d913577:群管理
2024-02-15 06:05:43 [WECHATBC_MAIN] : @2d6524e820e8783c12aee0cc85fcc363:zl     <span class="emoji emoji1f4a6"></span>
2024-02-15 06:05:43 [WECHATBC_MAIN] : @f03c87979694fde96a6627fd2f489dc8:泓记
2024-02-15 06:05:43 [WECHATBC_MAIN] : @c37ca5b25325ec7ad8342517b4c1a5ce:电脑那些事儿
2024-02-15 06:05:43 [WECHATBC_MAIN] : @b5bab04f56f0f662ae23494bce51f026:源码阅读网
2024-02-15 06:05:43 [WECHATBC_MAIN] : @b7ee51829f607bdb0adbdfc95e90bd41f7820c62d07339db4ae66a8026be4903:芜湖
2024-02-15 06:05:43 [WECHATBC_MAIN] : @7e39eb6b08cd094197c891fe360db134bf49488e3cd304ef66208b201de68039:Z.
2024-02-15 06:05:43 [WECHATBC_MAIN] : @f97d57828cf31bf79edaeb07637803d56426c5d76bebd8215805b03d1570ec69:-
2024-02-15 06:05:43 [WECHATBC_MAIN] : @efe3f4dabdce3d301d2d48120a131923b198ae9d58f1b439bdc2be192341cc74:觅雪班导
2024-02-15 06:05:43 [WECHATBC_MAIN] : @8987535fb505faf458c80fd7f2e03df3:转转
2024-02-15 06:05:43 [WECHATBC_MAIN] : @db7a407dfd604fe8e53137143bb6425f:志愿者
2024-02-15 06:05:43 [WECHATBC_MAIN] : @da86433f9c370c779ca526d36a38bd577638474d674f5823b501f89564374dd8:D。
2024-02-15 06:05:43 [WECHATBC_MAIN] : @362ccb03ffbfc263ea51cc44f34f2c292ba46163d31894928eb77241c7d2daf5:A-河北祝江机床韩冬晓
2024-02-15 06:05:43 [WECHATBC_MAIN] : @bd1edcc4429d1a746fff1f622a4b1f27:抠鼻子Kobez
2024-02-15 06:05:43 [WECHATBC_MAIN] : @6a479685269a2fda22abc6b2eb0be895aa2f8ff22dbc1c60b20ae908f42ee11f:VIP
2024-02-15 06:05:43 [WECHATBC_MAIN] : @8911c6b1a63192d3f67da2e266b93b51a62f19b0f8137ae5a036c4a30428f1a8:顺风
2024-02-15 06:05:43 [WECHATBC_MAIN] : @d4a91dd32935e3882c81cdc367dad4638e1f9642ed482c54baf06b000cc8c1f2:O.o
2024-02-15 06:05:43 [WECHATBC_MAIN] : @3e47a4d8d997a5c7f9b1606bbec7c5fa79e6d00aef3266d157e2f901c62329a6:沉默的小羊羔子
2024-02-15 06:05:43 [WECHATBC_MAIN] : @a9d1eaeb9f03527a2f15e07e5af2508a:小李万事屋
2024-02-15 06:05:43 [WECHATBC_MAIN] : @1246671fefe1395270b25c222f93db9e5854f6502026e25ccd5c6fd38324074c:a大白胖
2024-02-15 06:05:43 [WECHATBC_MAIN] : @a0ad1755412f07e455dc837842dadd09:腾讯成长守护
2024-02-15 06:05:43 [WECHATBC_MAIN] : @c893ca7c0adb6efbca54901b748aa3e8ad2d66ddb663f782d529e92254e3be1a:<span class="emoji emoji1f6b9"></span>
2024-02-15 06:05:43 [WECHATBC_MAIN] : @de1d067cf9027b438c447b62f9d88b8d89ace6f63a5d1eae6a52ad5e6309a53f:岁月无声
2024-02-15 06:05:43 [WECHATBC_MAIN] : @11f5e9089085dd2197b0bca51c31c12e:潮职校园通
2024-02-15 06:05:43 [WECHATBC_MAIN] : @e823f06a1e6b7c3b5ac61f6becc8f43000889b23992b3381061c05fa30a679d0:A春3悠慧多多<span class="emoji emoji1f389"></span>
2024-02-15 06:05:43 [WECHATBC_MAIN] : @04ce8031de450de5077b925f15584411:三叔软件
2024-02-15 06:05:43 [WECHATBC_MAIN] : @76873015d0095384dabf1ad5242f1b87:wsice_肆
2024-02-15 06:05:43 [WECHATBC_MAIN] : @204f1383e9dbc045e6b022d85eb54c84:你的生活我的梦想
2024-02-15 06:05:43 [WECHATBC_MAIN] : @832b3964553c3dd84d16eaa867a535cf:奇妙加速器
2024-02-15 06:05:43 [WECHATBC_MAIN] : @0c0d7e9f35e2347b3a7da38ce8498163647b9fb5cf8754d32e15dbb78bf9d198:.ayu
2024-02-15 06:05:43 [WECHATBC_MAIN] : @8d270c1d711c87e7a0ae8f9be7a4430b36f1dfc205f00d479b592318ea5963ad:Ljh?
2024-02-15 06:05:43 [WECHATBC_MAIN] : @c93e718da5b6e25183c81caa88b1b60446591ed884ba03f338aab37e251bec80:木迁
2024-02-15 06:05:43 [WECHATBC_MAIN] : @88d57854731aec67991e536c7496ac45:中国青年志愿者
2024-02-15 06:05:43 [WECHATBC_MAIN] : @4fdffd8f2581dfdd19bb32f484d507e52a8999ae5de22724e9d1d9fd58d0e18f:鱼七七
2024-02-15 06:05:43 [WECHATBC_MAIN] : @5061c22c5857831669bb5d00ed3dbca20d3b9ed51aa0922a70148b548b03b3ba:笙歌十里
2024-02-15 06:05:43 [WECHATBC_MAIN] : @755331bd4573103c12c1635b7f68fe6c:魂之乐享
2024-02-15 06:05:43 [WECHATBC_MAIN] : @3a77cf647d93ebe85133f8a68e4dcb25:海豚网游加速器
2024-02-15 06:05:43 [WECHATBC_MAIN] : @e3e8b12f7010033d063f10622c957595631e4e79f2b909527d37c4f941494aa5:朗月.
2024-02-15 06:05:43 [WECHATBC_MAIN] : @1d4480da2e6d323c6a818297fa99eaa9f8b0ca89e470ae35a72ede42bd09556d:威廉
2024-02-15 06:05:43 [WECHATBC_MAIN] : @a85c523bc45a6c3329c676e5cb01625e:憨憨羊
2024-02-15 06:05:43 [WECHATBC_MAIN] : @df24a87eb6ddabafe1bb2b1c957b61b4fe4a81df6b0b99777573be9d253b7068:0.2℃
2024-02-15 06:05:43 [WECHATBC_MAIN] : @803832c9f0fd081ae3a70baab4f6c6ebd0a577d769258db37d7c95faf6050525:JW<span class="emoji emoji1f42f"></span>
2024-02-15 06:05:43 [WECHATBC_MAIN] : @058d8f0498f6f776685abefcbbf49bb4:京东白条
2024-02-15 06:05:43 [WECHATBC_MAIN] : @c7fac62a7c2e5eb60d3df903a58ac6b0e18862a590ae77c73deb838cdfe58c4d:湘虼q
2024-02-15 06:05:43 [WECHATBC_MAIN] : @b73a199798e18d6c882ca4f92facd3d0:布晴LIVEHOUSE酒吧
2024-02-15 06:05:43 [WECHATBC_MAIN] : @2c9932ee36db320b09093c0daaf651bc2f364d1ef5f8a8743e69de33750043b1:p
2024-02-15 06:05:43 [WECHATBC_MAIN] : @23a15ac1c5dfc8ffdb30d5056765949f201ca97cb78b7be695e063767bddeda6:Nefia
2024-02-15 06:05:43 [WECHATBC_MAIN] : @15c374d5903f84949a36d897db465edbbebee27dacf6324908e3e7b80a723a83:Sherry
2024-02-15 06:05:43 [WECHATBC_MAIN] : @0220bed33e2a399735c9d76c4ec32effb714a068fc643e33e7665a850da8fbce:兄弟酥面店13322746671
2024-02-15 06:05:43 [WECHATBC_MAIN] : @05c8134bbfed61090b83bc0c7013d131fddd2ae98185724f5fd493f70920f632:听岛屿.
2024-02-15 06:05:43 [WECHATBC_MAIN] : @d8a129c2db12fca44edd145252f2866ed09f7b8a1b8a108467a3a4f8b7000d83:?火炎焱D?
2024-02-15 06:05:43 [WECHATBC_MAIN] : @018ef40b83f509bdc86aecaca0dcbeca06e83a6f0bf6b48cea8925a4ac61a8b0:22
2024-02-15 06:05:43 [WECHATBC_MAIN] : @348d6cad4280a54dfd5d70a2c9b82457b408cfdb04786b3ea3596de11d480b41:祈
2024-02-15 06:05:43 [WECHATBC_MAIN] : @775d147251e2e769f2e5eadfa4157caf:Joker.
2024-02-15 06:05:43 [WECHATBC_MAIN] : @7246f948d3213ea86b8f595cde539599ec75227c29b030ba8c54378e5bebac21:熊大
2024-02-15 06:05:43 [WECHATBC_MAIN] : @ca753ce7ba5bbfc5454c9753e5834d16:汕头人社
2024-02-15 06:05:43 [WECHATBC_MAIN] : @0871468c16d8b4d24b54ac81e8ab66f8c7dba78fc40917eca1c3acb74e33b5bb:大月半冉子<span class="emoji emoji1f43e"></span>
2024-02-15 06:05:43 [WECHATBC_MAIN] : @de65dee7ca67414c80b18e7a0461600e:平面设计狮
2024-02-15 06:05:43 [WECHATBC_MAIN] : @d9297d598edb1b6bd9260515548dd42f534bf3644db174cd71dcd7dc17b43385:标顶洞人?
2024-02-15 06:05:43 [WECHATBC_MAIN] : @ad2af6126e952825aeaf091de6308a5195aa5322d01ed70326fb347541a5e4df:独人13
2024-02-15 06:05:43 [WECHATBC_MAIN] : @27f99a0abb083b8fdc4081cde72c6c1c8c3357c5ade6730fc209f70875905aab:顾玖
2024-02-15 06:05:43 [WECHATBC_MAIN] : @2a55a45e60f40f179e9ba12d2dbe1445:琪琪
2024-02-15 06:05:43 [WECHATBC_MAIN] : @40925138eaf2fb49b7b1d52c2068dae2e84913c6f3581f5fe2c7090d549be91d:冬天
2024-02-15 06:05:43 [WECHATBC_MAIN] : @fd232029d49b62214b12ce5560e2365f:余熙小灶
2024-02-15 06:05:43 [WECHATBC_MAIN] : @ba477a9000a12fcf7bb823ff89072128f60a201f848cf02e33c63f02e7b50bf4:wuli
2024-02-15 06:05:43 [WECHATBC_MAIN] : @5e9b5b26a6e5c8199099163ed7c83969cbde5d2d3d3f4b4c2ccda977d655fcd9:汕^15815040195
2024-02-15 06:05:43 [WECHATBC_MAIN] : @53744d4f39ec6eb7cfe8a463b3f42e30722bf2ce107cdb65e7f5578c44fb1108:拉勾为什么要上吊
2024-02-15 06:05:43 [WECHATBC_MAIN] : @db4b644005eb166e71421650c5909e5c4c0c7c03bbe4c7cba67e57a2ce6b8bbd:T咏麟
2024-02-15 06:05:43 [WECHATBC_MAIN] : @850b3b18bcc41502ce093f16d201a4f596c3820d60482c6754d184e2de6e95ae:/
2024-02-15 06:05:43 [WECHATBC_MAIN] : @a5049dfc1a7c850f3d65ce464555266a33e2b0d7c9a924183fa8d2fd67290c7c:区冠贤
2024-02-15 06:05:43 [WECHATBC_MAIN] : @ff97c19741fd6f2a6b940ca3396b2cd66ce4748c00fef5332c00bae1bd79363e:江尚
2024-02-15 06:05:43 [WECHATBC_MAIN] : @7750e56dfcd47f0204746b966b0807cbe33972b52f52d605b61944f894aa725b:<span class="emoji emoji1f631"></span>?<span class="emoji emoji1f60a"></span>?周晓明
2024-02-15 06:05:43 [WECHATBC_MAIN] : @8dee496192ad7a0570a857a18675159d59905dd6b290e832c82c0ee3a39732e0:-
2024-02-15 06:05:43 [WECHATBC_MAIN] : @e110f4ec1f6086cd9c09e5b0212db955491efbd259c6c9a4884d388d791b3cc7:二友照相馆（总店）
2024-02-15 06:05:43 [WECHATBC_MAIN] : @70db34d425668879bae389b43c729ca818af0e56558de66a8c7d4ee4cd05f798:。。。。。
2024-02-15 06:05:43 [WECHATBC_MAIN] : @7a06b9162d664c95f9fa93c035d5781a16079308390faa3e135d16cebfc1ca16:sun
2024-02-15 06:05:43 [WECHATBC_MAIN] : @87742aca360cf4792e18ebc748c8539b5d072060ce47569146df6a8ac06b6c42:彬
2024-02-15 06:05:43 [WECHATBC_MAIN] : @5ab4f8cc7d086b99c79749489de9a8f5:别算科技
2024-02-15 06:05:43 [WECHATBC_MAIN] : @e58677a719b4b948b77ee866907a94bf32cebe10ee6cb9a2eda97a296fde04cd:Huan
2024-02-15 06:05:43 [WECHATBC_MAIN] : @400c678bf429e1eef57adc109cab53f4618afb6beb4fe103ead4033552e24043:.
2024-02-15 06:05:43 [WECHATBC_MAIN] : @9a1f003b58b552baf71b736ecef6a4a9:卢家妈妈 西餐厨房
2024-02-15 06:05:43 [WECHATBC_MAIN] : @31217fffaf9ecb090eaf5c54b9c5d171:老廖
2024-02-15 06:05:43 [WECHATBC_MAIN] : @4080b2ee401e6c512531bc9f1f08311653d9de3daaa0fe30a677093d0f906864:以至于
2024-02-15 06:05:43 [WECHATBC_MAIN] : @a0808ff9d5666339551ddfdd72ab9829f260c10c95ce67b7a573fb750f164056:Z.?
2024-02-15 06:05:43 [WECHATBC_MAIN] : @46eaccb7b43d5630b6123dfe3e2481eb:热门精彩阅读
2024-02-15 06:05:43 [WECHATBC_MAIN] : @9165ec8ce0342cf1162ae16fa079aebf46014045399f8001de0ab19ed47f58a7:滥情g.
2024-02-15 06:05:43 [WECHATBC_MAIN] : @0c1956b435d3c55ff5838049bfa2936d195dcd2379589b1246d72bde5728a775:2z
2024-02-15 06:05:43 [WECHATBC_MAIN] : @36dc223af08240b2ebad9bf2d769330cff8644b69bce05877f11cd500e9aedf1:晚风
2024-02-15 06:05:43 [WECHATBC_MAIN] : @3d3dcbb48bd4532836053e185d21673040f9c84694e80c487b9ed69e95a65473:Arun丶
2024-02-15 06:05:43 [WECHATBC_MAIN] : @e6deb5659cd43845e0545d40db6a0eae12ae05f65546dc91107fc7fc506ba8b9:微笑的高圆圆
2024-02-15 06:05:43 [WECHATBC_MAIN] : weixin:微信团队
2024-02-15 06:05:43 [WECHATBC_MAIN] : @ab83f33b9846db124846dd0b5dce0578054c6244cfbf6f224cecc434ef866c0b:Oneone
2024-02-15 06:05:43 [WECHATBC_MAIN] : @e25cfd5c28d6c374b95e54721d666e2f1a05e5b29bd18b9f714f0fe2cc0d76a0:你滴男妈妈
2024-02-15 06:05:43 [WECHATBC_MAIN] : @56e2c8337336dc5df1f7d4cfe84e59de5b4395e5bcfa6873a7aeeafd48230fa4:扬狗爱cc?
2024-02-15 06:05:43 [WECHATBC_MAIN] : @cd305e1af11d899a4e6c70ca0b974d7108f7f6a4ccfdfd0f9b364e82421289fa:Jammer
2024-02-15 06:05:43 [WECHATBC_MAIN] : @f8a43215f39fc4cbdc2e0a49021ff8fe45491640b87d6640dc27be8754400e2f:xzt
2024-02-15 06:05:43 [WECHATBC_MAIN] : @e274aa30de7970141fe227034bf79f7dc77cb43ef9f6fa3f437d8dccc6ffc09f:宝藏
2024-02-15 06:05:43 [WECHATBC_MAIN] : @0832194b805db6d9a9b97af7d29baa9be22365cbcb07e0dca13a63110947060b:n
2024-02-15 06:05:43 [WECHATBC_MAIN] : @ab87280c3700805e8641efecbfb08331:微信支付
2024-02-15 06:05:43 [WECHATBC_MAIN] : @7b5143ccaf40264fc1c7c1b42800f9edf6751d860e422139723b2f0e05d836d5:广州鑫顺  专做美系单项件
2024-02-15 06:05:43 [WECHATBC_MAIN] : @062b235778bd7635dadfa0ec3a6fdef181b54215b108fbb5a1b2c4208cafa08c:白云飞（只二维码收米）
2024-02-15 06:05:43 [WECHATBC_MAIN] : @57c16a54c579aebebadba38458a2a7280aaadf16102d144aad4bfd878baf7ed1:.
2024-02-15 06:05:43 [WECHATBC_MAIN] : @b42cc1e2d41eae31d9dcf6ed05da5bd848b7ac579bf192ee55674608c4f50c25:?
2024-02-15 06:05:43 [WECHATBC_MAIN] : @a7a4fafa5891f07c9cdeb3d14ee5e387cfd247e2edd303342e3267204ca71850:SuriYan
2024-02-15 06:05:43 [WECHATBC_MAIN] : @d828767462f769d2de616ec42e91989de15e9cac45222c26bb9d9c913a93b66a:C.
2024-02-15 06:05:43 [WECHATBC_MAIN] : @7f4923e1e4b9349fcf2a8576308d711b22e326355104bf6372d2f9868e6df57e:
2024-02-15 06:05:43 [WECHATBC_MAIN] : @d08a0f929f72dadfae90038c6382d8eca2642be57614fa9989332c031321b10e:qi
2024-02-15 06:05:43 [WECHATBC_MAIN] : @9323bd4d3e9b1a03c1c2c6a21f74836c80647b158b383cefa9238d70ba90b66f:寿～
2024-02-15 06:05:43 [WECHATBC_MAIN] : @863b48e62d15c5003bb14dbb3457961e3210a4ee447a4c23f296dcde1069f286:h.
2024-02-15 06:05:43 [WECHATBC_MAIN] : @b40b044e6e6cf9779f05a9d045a278c2:异次元APP软件
2024-02-15 06:05:43 [WECHATBC_MAIN] : @b4cdcbd4973666e8ed99441236f1054cbaba66945ef865ea68405d79e2cfc199:安逸
2024-02-15 06:05:43 [WECHATBC_MAIN] : @d86d56bd796cd8399322f28661a2fb8d566a6b146525c332eaa10bd113f9e42f:若瞳君子
2024-02-15 06:05:43 [WECHATBC_MAIN] : @d613bfbec8b2c5ce236aa5d91f4a6450fc25ca5467aa05d2c771b0808d432d68:Mog.
2024-02-15 06:05:43 [WECHATBC_MAIN] : @5b614076df1c60ff0616e0263ddfc732:后浪俱乐部
2024-02-15 06:05:43 [WECHATBC_MAIN] : @76560f9eade9fae08c2af06804324891f33a780b0d1994f15d686dddb8ddc845:泽玲
2024-02-15 06:05:43 [WECHATBC_MAIN] : @5063054c3b5f182a512224503a3414ac15e596d2c9013943808e8a05b9cbe833:H
2024-02-15 06:05:43 [WECHATBC_MAIN] : @ca587145537009075226f8e90f614250:平颉机械设备13223903675
2024-02-15 06:05:43 [WECHATBC_MAIN] : @1109adc27ccb15d007940d0efa015f4d03d4a43fe76764767805fcf31ee0af00:はたけカカシ????????
2024-02-15 06:05:43 [WECHATBC_MAIN] : @af5a889e036676fe629acad772f52f75c2e2e962a0f43c2dd7b4b48199a37373:Boy。
2024-02-15 06:05:43 [WECHATBC_MAIN] : @461af5623b2fce0322cca7cf1deedca0851e96c211d6c77eb8fad50a88e7ccfc:??.
2024-02-15 06:05:43 [WECHATBC_MAIN] : @4ec39e47cfc2d2d9b09f7076065578fc68e438eb73ced74268f23ff0d084d78b:！
2024-02-15 06:05:43 [WECHATBC_MAIN] : @2cc6d61f03177eb0c8f0699064d0372e2ae52bc4fda2fe7f057dc2726e4c702b:sam
2024-02-15 06:05:43 [WECHATBC_MAIN] : @fdb15f56d1a2f01fa2167ebdfaf05d0c489ae1ca0f27bbb4afce3357fd83a93c:羊妹妹. ?
2024-02-15 06:05:44 [WECHATBC_MAIN] : @c3dfa9e8624dcdfd3038bcef1021ee08dd430eba0316bdf7d3a6281059715fdb:樱桃?
2024-02-15 06:05:44 [WECHATBC_MAIN] : @6327f3fe2d0966a5ce46cbda2efb23342c242a92848c982dcada80aea022d331:要好好吃饭
2024-02-15 06:05:44 [WECHATBC_MAIN] : @fc8f06904abd876a4ce7dddb6046156e:外卖有多少
2024-02-15 06:05:44 [WECHATBC_MAIN] : @f9ef32235bdcaa4005c29d2beaf11c29:腾洲车行
2024-02-15 06:05:44 [WECHATBC_MAIN] : @44e68bd0e82a0764ce374f9e9879a1bc0ad5af63a27f51158c79c7d46c683128:A0?六子? （诚信服务）
2024-02-15 06:05:44 [WECHATBC_MAIN] : @fb404315538d647a5010eb545a4e5d4b524053d23040708e0bd3bcbdbdfa518f:Cc
2024-02-15 06:05:44 [WECHATBC_MAIN] : @2365d4372c635d9aed6e7d86b3f226069038d9ae646278348668f1b191f7dce0:曦热
2024-02-15 06:05:44 [WECHATBC_MAIN] : @643dd8ed3edd79104df619ea7ce9a866d81222f3a654316561827b279ed9a932:大海我的故乡
2024-02-15 06:05:44 [WECHATBC_MAIN] : @23a1659fc00024a1ae7650dc2d42f34fa3b4cc00908d25e2524aff2f4b2c0d11:Nachanka
2024-02-15 06:05:44 [WECHATBC_MAIN] : @e72bb6533527b5a2bd41239ced753b2fe9dd6e2c76eee8cd5f15ff199408308f:杰
2024-02-15 06:05:44 [WECHATBC_MAIN] : @a406f4ae4435ae277bcf2371daab170c:蒸汽游戏
2024-02-15 06:05:44 [WECHATBC_MAIN] : @cfe8aa4722c9ab5aa67a3925ed21a4b4559cd1daf9fd27335f0a068d96edc98f:A??黑人校?L?f诚信服务
2024-02-15 06:05:44 [WECHATBC_MAIN] : @020912070cd267b5bb34521a82ed9cf892a452130d29bde7123689856de842dc:只手摘星辰
2024-02-15 06:05:44 [WECHATBC_MAIN] : @26b268e1efed460a98dbe9b420ce3f3f1407633fb66a10541710832a4ee83444:计划师-可心
2024-02-15 06:05:44 [WECHATBC_MAIN] : @adb7d62cf85847761cb3729973af5f18f4aba405412b3b53a4947a36bc58a074:K.
2024-02-15 06:05:44 [WECHATBC_MAIN] : @ed3121bdcc7944e9670dc3042c16d6289bd411cc8c56461414585d007fdef9b0:等一下七月
2024-02-15 06:05:44 [WECHATBC_MAIN] : @a977e0f941dd9332491b46e28abea0c20212d0a22d0bdf62bbd76de51c10141e:春雪
2024-02-15 06:05:44 [WECHATBC_MAIN] : @0013581039926119f6f73354afffd787:泡泡加速器
2024-02-15 06:05:44 [WECHATBC_MAIN] : @b1056632bad16e6ceaa7de465bce2e9914ec7f0a440cf2205aefd2a0ca8c3952:福?
2024-02-15 06:05:44 [WECHATBC_MAIN] : @5fa6e50a20a20d20675ca2a7d8c2d922:特摄资源共享
2024-02-15 06:05:44 [WECHATBC_MAIN] : @faf4ccec38772526b75c67f10f889c6f:该账号已冻结
2024-02-15 06:05:44 [WECHATBC_MAIN] : @3f5069fbced4aabee22fdf87a37db5045316da21bd91b8ee5e35b3f24158b5a8:-
2024-02-15 06:05:44 [WECHATBC_MAIN] : @22528592c18e320a5656f7f3a9345fbd2f14c94641b78e941b60406877bf64bb:G
2024-02-15 06:05:44 [WECHATBC_MAIN] : @a811e2cab26812b743e14df2eaa4f22ae394e4c935388881c1253468dd0f2fc0:?
2024-02-15 06:05:44 [WECHATBC_MAIN] : @3616a1240f38b4705f71891e934e9370f02e056594fd937f35e9198682eb7106:早川秋
2024-02-15 06:05:44 [WECHATBC_MAIN] : @e10fb8593568dfa55f940487a0ac5b6c:拼多多
2024-02-15 06:05:44 [WECHATBC_MAIN] : @2fe1277f55f7364c01a3e4809adab9fd:中职生
2024-02-15 06:05:44 [WECHATBC_MAIN] : @f0d4b9d80a3f1fce3f1cf1b0420946d23ffa84d3d3dbe87721e416e5790d0b60:瘾
2024-02-15 06:05:44 [WECHATBC_MAIN] : @1c988b3b510b7e8c5178264615ef81b164c212850dc682cd93be939cb52fb0cf:两英微帮信息推广网1
2024-02-15 06:05:44 [WECHATBC_MAIN] : @2df13bc89232a9fa76613146ffcddb8ce998a1e6e7db0b927baaada367f06344:BLUE
2024-02-15 06:05:44 [WECHATBC_MAIN] : @c3fe49be9c34b08269fa3bad51ba3543:agiso自动发货
2024-02-15 06:05:44 [WECHATBC_MAIN] : @127ee17418b15a98bc1b334a7859abca:电手
2024-02-15 06:05:44 [WECHATBC_MAIN] : @eef6860f31ad5c8e998c17887c4565e9e1aaf83c89c75a9c5d4cbbe6e7330f59:榴莲
2024-02-15 06:05:44 [WECHATBC_MAIN] : @146e782af0f8dc2315a5353252fcde42:治愈读白
2024-02-15 06:05:44 [WECHATBC_MAIN] : @2fb7b1c467a2e5750d7299765c92dcab:特摄驿站
2024-02-15 06:05:44 [WECHATBC_MAIN] : @91575563361755b8a9a92dad0289aecd114769504816a052ef70aa071247110e:Diss8c豆
2024-02-15 06:05:44 [WECHATBC_MAIN] : @3f41864401a73626f80bc96737a5a7ca82797a985fdde554a6baa6d784726667:xh
2024-02-15 06:05:44 [WECHATBC_MAIN] : @9d366a5158fa0be5b4eaa851f11ad763:便利店艺术家
2024-02-15 06:05:44 [WECHATBC_MAIN] : @aab0cb77aa2cf3552d52e71c12f1c2c3:广东中职菌
2024-02-15 06:05:44 [WECHATBC_MAIN] : @f6d5c32506688d0cd553cc8a6f06b94f24b0d662c36f104e5cb3436f8e458aac:A 中联电讯   郑灿伟
2024-02-15 06:05:44 [WECHATBC_MAIN] : @7f30bbd81523ad8dddb84df867255d1d929d3d2c5ac9b8e1a410738a5ab7b368:buo
2024-02-15 06:05:44 [WECHATBC_MAIN] : @b5c3d5dc7068da076f5c8d66ca802f63:天蚕土豆
2024-02-15 06:05:44 [WECHATBC_MAIN] : @9dd6fb8ba503966a6890ab38927c1108:耳根
2024-02-15 06:05:44 [WECHATBC_MAIN] : @ff5d51ede853303f491653aeb028aff0d2d59dbbd08c290839e3af245cd8796e:平平歌(? ? ?)
2024-02-15 06:05:44 [WECHATBC_MAIN] : @bb1a1f9c894a414d8cf4ed3e0ae41feb71a726be0cc9094b46a4072be1642dd3:玉宇
2024-02-15 06:05:44 [WECHATBC_MAIN] : @@c6f910dfeb1e43ed0ca6150cdd72cf52a86718f9b43add3abcfe090742f4563d:z,zzzsh
2024-02-15 06:05:44 [WECHATBC_MAIN] : @00322af3f64eedb70e448edd64fb9f06f64d9b7633f3767053879909a09a3076:【千浔】Ms.傅
2024-02-15 06:05:44 [WECHATBC_MAIN] : @41cc79c131291b236e6fff468b5e52e37d183555154de76a654dd99d7b81948e:北
2024-02-15 06:05:44 [WECHATBC_MAIN] : @ffed1e0d911f73f67915efab4502b1a0:小木生活观
2024-02-15 06:05:44 [WECHATBC_MAIN] : @058a6dbd47a92cd4640ffe43271c2ba01b823f437748ee1fec2fabd13f3073e5:陈店长
2024-02-15 06:05:44 [WECHATBC_MAIN] : @74991fc841487f7fea514df934e5bb47:加一电影
2024-02-15 06:05:44 [WECHATBC_MAIN] : @54a07093f9ae6975571ec9539dedf379:宅猪
2024-02-15 06:05:44 [WECHATBC_MAIN] : @9f477a44bc3b72f9c2c2e4d55349da0cc35f5f4123d2fcd9a3267387960a7d14:鱼莱新鲜小超市
2024-02-15 06:05:44 [WECHATBC_MAIN] : @43bac250ba8e8527f71d3449c0b9be2674d078919cbb0bbee05bad6839c1244d:SOYU
2024-02-15 06:05:44 [WECHATBC_MAIN] : @b389516659870096af15f09f00b3c9c09a0f938c14377b919c25565e93d3b991:意粥.edu
2024-02-15 06:05:44 [WECHATBC_MAIN] : @048793e138fab3203f8d326552bc0cefbbbe1c76800cdcd68cb034cb3a83680e:?繁A若
2024-02-15 06:05:44 [WECHATBC_MAIN] : @d0fffa74215cd65b61425eb247e938c9:小呆加速器短租
2024-02-15 06:05:44 [WECHATBC_MAIN] : @f2266c44611fa3c4ca181f872eb17bcf92bf0e401eb096a49cc1447e7b61e3a5:AIm.
2024-02-15 06:05:44 [WECHATBC_MAIN] : @438ca9d1355c5d1b2488c073385ed52e:i志愿
2024-02-15 06:05:44 [WECHATBC_MAIN] : @79974ef220fccc5cdddb1e27a83112916f9fe4ae404d0b49bade39a9adabd2e8:山海
2024-02-15 06:05:44 [WECHATBC_MAIN] : @aacc47251466b95f6587874d48c9b2c01c44cc5ed0dc8fc9cf79b099c247651e:AA - 手机电脑 回收 出售 维修
2024-02-15 06:05:44 [WECHATBC_MAIN] : @8177fd5a17c731c245664b2ea3e67d3c8f5ee8dce589480f204bb3a10c115b21:Rebirth
2024-02-15 06:05:44 [WECHATBC_MAIN] : @27fbeeaac1cf173f5a401b53b2f80a841d89cf8e23744afbdab08001fc7e2752:楠浅???
2024-02-15 06:05:44 [WECHATBC_MAIN] : @10e3c4301524be4177943c3d62a7e2ff0f38e8e261fbf1dd251838700dba9d78:香奈儿<span class="emoji emoji1f42d"></span>
2024-02-15 06:05:44 [WECHATBC_MAIN] : @cb0cd82ead9c498c898e3d40e7424852:怪谈胖胖女
2024-02-15 06:05:44 [WECHATBC_MAIN] : @95a45c731576d93bf67ca98a346f5861666025e976442a04427d8e0e06dc6e9b:老细肠粉甜品小吃1号店
2024-02-15 06:05:44 [WECHATBC_MAIN] : @3537f3b1423da2ea989243075b4c7006fc62ffd47f376262715d2edebcff267d:Coast（2.1号放假-2.19上班）
2024-02-15 06:05:44 [WECHATBC_MAIN] : @c92e06dab5e6396a001c14d84a5129299b563f4a2874c389f4c080710a0d4b42:远晏
2024-02-15 06:05:44 [WECHATBC_MAIN] : @874a2d23d164e21b93aff3281a12aede:php中文网教程
2024-02-15 06:05:44 [WECHATBC_MAIN] : @c3d2b76a461cb570eb041fba976cff3e:黑料BOOM
2024-02-15 06:05:44 [WECHATBC_MAIN] : @8a1cf55027b90a0c1c620fb43c8f57b7a245961d6b5f9e8a37724014a6c028e3:<span class="emoji emoji1f525"></span>
2024-02-15 06:05:44 [WECHATBC_MAIN] : @26fb0f56b78c586b963a4c3feac1fbed:CG游麟网
2024-02-15 06:05:44 [WECHATBC_MAIN] : @9ffd11fdaf7fa2d598c2c85e4c1f4eea0753aa4b0d9168bf3c516dc63b910a7c:好运常在
2024-02-15 06:05:44 [WECHATBC_MAIN] : @371a5d4214ccec63553d9541005991aebdb34ee5c15f849c1c47d273adfad318:Cory
2024-02-15 06:05:44 [WECHATBC_MAIN] : @89e6c8e98e9617a1a7b64cebd28fd6a2bf6f2a25924d5a54391719bcb841a15c:AT
2024-02-15 06:05:44 [WECHATBC_MAIN] : @7873f9c6c6d78e5b4236c9cebb5eb7d3:熊猫加速器
2024-02-15 06:05:44 [WECHATBC_MAIN] : @6dbda0f649a78489b39ce057b68f1400:易博通eSender
2024-02-15 06:05:44 [WECHATBC_MAIN] : @0c622364de172096502cfcd3744d0711956e6fc908ffddaa0ce0576fa1849148:Yuuki
2024-02-15 06:05:44 [WECHATBC_MAIN] : @a25b227e64e5e9ec7fe75e8bc43cfaf2f7d57e8190a94d76cfd0c3a45c377d01:+?
2024-02-15 06:05:44 [WECHATBC_MAIN] : @90fbbb970714e3d82e8ede1ccc495886c3a793f0fe0f4d3e5840d6529a8defdc:老爷保佑
2024-02-15 06:05:44 [WECHATBC_MAIN] : @26a130b15acfedfa1958c32354a4695abad41689393fa59b03514462b8661bc8:Aloha
2024-02-15 06:05:44 [WECHATBC_MAIN] : @c28b16a047a8eecc56b9e0c67f2c3e73:鲁班大叔
2024-02-15 06:05:44 [WECHATBC_MAIN] : @303ef2dbc5260273a0acffc48c3a3dee155b0a76ff9240a8bed88f795f96003e:.
2024-02-15 06:05:44 [WECHATBC_MAIN] : @04b924512258ece08750c82429d806267aca4bee0bc05823a2f301663e8d2667:Peter烁
2024-02-15 06:05:44 [WECHATBC_MAIN] : @be2a8c39ea9e9f1f2dfa60071b2534e210d7c249453ee136ef74aa9bafc17ba7:FyG
2024-02-15 06:05:44 [WECHATBC_MAIN] : @555fc1095dc4cdff040efe00d080416fb2f7fcb2c16602894618ddb678c292d2:1
2024-02-15 06:05:44 [WECHATBC_MAIN] : @b6a3ca2ce06e0d94d2f497d9d379933245646e20dd366e66397d6f17d633f6e1:美宜佳
2024-02-15 06:05:44 [WECHATBC_MAIN] : @3c50ca83f08b250c5c5510c5ddde31e9:Su2
2024-02-15 06:05:44 [WECHATBC_MAIN] : @@b93a0b8d7799e7961d7184122d66b2d73dcb2d67ae3d82b1a424dd1d99b739d5:振森鹤的炼铜教堂<span class="emoji emoji26ea"></span>
2024-02-15 06:05:44 [WECHATBC_MAIN] : @19096e15adc0bd4baf8a0325930ca1816f6b3f243276682b9d00927b1ec2a172:Solitude.
2024-02-15 06:05:44 [WECHATBC_MAIN] : @48daa6450b480405bc973ad04222cbcc128160e5c0f382be75a7ffc61d036b67:懒人
2024-02-15 06:05:44 [WECHATBC_MAIN] : @cabaed9f8b672de6ee81527227820eed5cee037388e33a5b8acba0b6ca2cc29d:Rime
2024-02-15 06:05:44 [WECHATBC_MAIN] : @1621ec52003b2bcdba01bb3dca3f945e37fe03fd0c5fb4a405243c2d3a4d1c5e:文人武
2024-02-15 06:05:44 [WECHATBC_MAIN] : @3a9b404f22a27fe7ab3e83d9653db1aa40739a1a5ad486b194f089c948bb59d9:今天想我了嘛.
2024-02-15 06:05:44 [WECHATBC_MAIN] : @02f5dbee12ab63d0ccc2a7f53d6b925a0602e2956f718b8682833c54cf629a16:　　　　　　　　
2024-02-15 06:05:44 [WECHATBC_MAIN] : @0ccb6432c30ac4e460c4fa6f6f2a68cf4d5c6be5ac4121d328da8e4de9335bd6:！
2024-02-15 06:05:44 [WECHATBC_MAIN] : @8f237f67ab7e6e9ab375fab1b7860d5eac2e51dfd262e2bf7f1cb1965945de42:AOO?努尔 诚信经营 花呗金融
2024-02-15 06:05:44 [WECHATBC_MAIN] : @ffeca2a9939833e01a984cf1bb73ce79d95ea34f2e9765724e3b6e1abddb8191:星光
2024-02-15 06:05:44 [WECHATBC_MAIN] : @dc46cc419f50b80900250c943002902b4944b8243d7503e6997b49b417b73971:木川金
2024-02-15 06:05:44 [WECHATBC_MAIN] : @ec5bf8a0d39f63ea935ed380b2f81171a48e3df571b2d703f50b0511e0164026:木讷
2024-02-15 06:05:44 [WECHATBC_MAIN] : @4d6ccb43e7517d3911c000afe467d533:网易UU加速器
2024-02-15 06:05:44 [WECHATBC_MAIN] : @822daec9165e8ab6afb2e73d2c37d101:7477游戏
2024-02-15 06:05:44 [WECHATBC_MAIN] : @d664f138e8ab93922449f528459467ad:广东建院
2024-02-15 06:05:44 [WECHATBC_MAIN] : @202b8375fa5920ad7b69da1c6e590ccff8acaa705c06921b641c477328267480:黑夜诗未
2024-02-15 06:05:44 [WECHATBC_MAIN] : @ff01f0688a4a81629bb6b6856260e2c2c4cb661bcccf6804549fa1344054d70f:LIN_HH
2024-02-15 06:05:44 [WECHATBC_MAIN] : @114d2fd6750a3c2bce3de7a04c3af05c:WPS办公助手
2024-02-15 06:05:44 [WECHATBC_MAIN] : @df2b4b40603f27c39d39d81bb7156ad98f8cece669ee66562c27535bd58c8512:?
2024-02-15 06:05:44 [WECHATBC_MAIN] : @69f4745d107cf4336a4821a239548427:该账号已注销
2024-02-15 06:05:44 [WECHATBC_MAIN] : @641daee592035e118f256ca56db3ca9cdb7c3d16eb537ae0528a888296af05c7:...
2024-02-15 06:05:44 [WECHATBC_MAIN] : @f47102117fd4c96b693e48bdb0675855ea6096bc99758fcbd06759e0798194b5:广东青年
2024-02-15 06:05:44 [WECHATBC_MAIN] : @cf9f6b64f7c314f5fa547edcbcca904c5e2262647f07f208e374dbd8524050be:月<span class="emoji emoji1f377"></span>
2024-02-15 06:05:44 [WECHATBC_MAIN] : @24082d7009f1ee962e58ad187bff086f0c176704004c3e30b7361309711aad41:Sam
2024-02-15 06:05:44 [WECHATBC_MAIN] : @57c772052e205c2cc11610ee19cd91b5:吃货特权卡
2024-02-15 06:05:44 [WECHATBC_MAIN] : @e272d7b66ba1f81f2b719a28204d1fd8:GoLink加速器
2024-02-15 06:05:44 [WECHATBC_MAIN] : @93a7946c2521a689a34b5f5bb47486db2e472cc7e650f1a3f0ed15c63da8a5bd:小宝
2024-02-15 06:05:44 [WECHATBC_MAIN] : @b2979a2d72c586d3647449145aa1a68b83d3983ab54116f9f686fe97259d8c6a:莹^ω^
2024-02-15 06:05:44 [WECHATBC_MAIN] : @e35578c605fb4fbac5a7ac564b6f13036b03090681355cc8623d4c16f929b8f5:FLIPPED
2024-02-15 06:05:44 [WECHATBC_MAIN] : @69fb830ff930caced4a472537f4a8212:超人
2024-02-15 06:05:44 [WECHATBC_MAIN] : @e91a4974fa6154479f03f29f46fde3efd1bd687984458b7843285a8349e41235:A_ ZikX.
2024-02-15 06:05:44 [WECHATBC_MAIN] : @b8b3f4a88f57b97d1842ad3b2171a37699d0e5f2785e80ed8f6b5006ff72fcf6:九
2024-02-15 06:05:44 [WECHATBC_MAIN] : @fd3f93a546bcf143c51641d5c3a368da4d86b63d4e34030fb25108d32a4e5e43:失忆
2024-02-15 06:05:44 [WECHATBC_MAIN] : @5e113885f474adb12e5c30fca44754182d6f0d44f81eb4afc2b11cb743168cb2:小鹅
2024-02-15 06:05:44 [WECHATBC_MAIN] : @523fce8643f8c35e30e11c3337e1c557:辰东
2024-02-15 06:05:44 [WECHATBC_MAIN] : @1fa1028c0ef3fe5d6f9d4aa42f295de6cc828fb37a863cde803e9a02147cff0e:Sleeeeping
2024-02-15 06:05:44 [WECHATBC_MAIN] : @a09150f80dc4ce7dc78aa0d73d9b0f08118892156323e8b2f4e0aa8b3568e99c:远
2024-02-15 06:05:44 [WECHATBC_MAIN] : @67e76f1e31e5021bd228956924fedff1:情侣CP
2024-02-15 06:05:44 [WECHATBC_MAIN] : @6f8cadc5c75402bf7fc6fbd8f1eacc31:中国移动10086
2024-02-15 06:05:44 [WECHATBC_MAIN] : @3abbc6d9c5535457a58cf1fdc55b78e2:小星星资料库
2024-02-15 06:05:44 [WECHATBC_MAIN] : @4461ba7ad73d9d14d8477af48037c796152b7746fd55420356c07bd9f96fc1a5:王德发
2024-02-15 06:05:44 [WECHATBC_MAIN] : @f1af4dadcdc662ad0d71b452693b9189487fd4cbe029837ce3c51fbdafbf48ce:??.
2024-02-15 06:05:44 [WECHATBC_MAIN] : @4167d6d20d9a4532d276f7ea4106e83c1a7b8f2b758108dc93ecef2ef58c2e94:借我一秒钟
2024-02-15 06:05:44 [WECHATBC_MAIN] : @3ecbe74e5f9848ee4013e9a3f8a07460b1eeef0ed0aed48769492dd9f241636b:<span class="emoji emoji1f361"></span><span class="emoji emoji1f361"></span>
2024-02-15 06:05:44 [WECHATBC_MAIN] : @5d6d63fbfac5e880b828d9cabd0b34d14876f07d0689fc171f62382e40e16807:白胡子
2024-02-15 06:05:44 [WECHATBC_MAIN] : @0230012314cb049ec10bb8e3c206808d79db53418f02cfa9581652bc2e7136cc:<span class="emoji emoji1f525"></span>Sparks
2024-02-15 06:05:44 [WECHATBC_MAIN] : @891e4e4770011e607766158a039511fe60502713688298ef39404f0e35e21dc2:<span class="emoji emoji1f349"></span>
2024-02-15 06:05:44 [WECHATBC_MAIN] : @8c3a43f41ef371adfe0a1a20f79a04d38dea7a6a8d2cad6ac840798bb366342d:光星网咖 (营业中）
2024-02-15 06:05:44 [WECHATBC_MAIN] : @0a28eea7ad1e72044567fdbe04af46e19c93c65626f1bbd0ac5be58bf30ce5e7:Yu鱼.
2024-02-15 06:05:44 [WECHATBC_MAIN] : @22fbb144126ca05d4c4d4c010c94efcd:广东建院消息
2024-02-15 06:05:44 [WECHATBC_MAIN] : @d07ffa09a9de33583027a07ee046856dcef708438be50a924ecb1bf320213dec:源码阅读网-小花
2024-02-15 06:05:44 [WECHATBC_MAIN] : @d0398a636cba4c7610f690b9388abf69:外卖券摸摸所
2024-02-15 06:05:44 [WECHATBC_MAIN] : @0b7aae53c57c7cb1f5148314ea01fcd8d2a7b0e7e4eadf657116b85bc4335715:啦啦啦啦
2024-02-15 06:05:44 [WECHATBC_MAIN] : @413a8fc4d6303260381b7b746d92ad96406327a21060d4b8923a7fdc16a6e680:莹^O^
2024-02-15 06:05:44 [WECHATBC_MAIN] : @6b8474d444161df6964caad81ae3acd8f4082f7e1a6ab9fe95ef39413d99eec2:杰
2024-02-15 06:05:44 [WECHATBC_MAIN] : @8cc80ca5fe80d473398a3a081ea166f4:浮秀
2024-02-15 06:05:44 [WECHATBC_MAIN] : @41497b003c30779fa680303dabcae78c89e62805dc4cef2f60315ec2fe44a452:娇的名
2024-02-15 06:05:44 [WECHATBC_MAIN] : @d55d3d44c62c03a49c3454b3f09746e1:NS大玩家
2024-02-15 06:05:44 [WECHATBC_MAIN] : @98595e721c6ef83a555e775266590f9ae5f1573bfec36aaaca69f576635fb8bf:怎么取一个正常点的名字
2024-02-15 06:05:44 [WECHATBC_MAIN] : @1aaf77f5647796a514ce2a60c47751dd9fb13a4e19b8c99f56d241fddbb259c7:XOYUFI
2024-02-15 06:05:44 [WECHATBC_MAIN] : @064081d0e34fb920922499965b31489c:韦一同说
2024-02-15 06:05:44 [WECHATBC_MAIN] : @942ee09a3dc1c27e86e34b05f6639580dcb1662b79c9421870b66c3cd230092a:aJin
2024-02-15 06:05:44 [WECHATBC_MAIN] : @450b57707fdafb6fde342b4eb09eb4824eee90fdca07f0e87e98734988b9e81c:DLx
2024-02-15 06:05:44 [WECHATBC_MAIN] : @577fe8708d38724d2817c2182f359f1a0b424dff5962fa75a922074167c0ca43:（～_～）
2024-02-15 06:05:44 [WECHATBC_MAIN] : @0c73da48e1b43dd9684c3857436ffed8ec34c87d976ae993052de80450491838:干净
2024-02-15 06:05:44 [WECHATBC_MAIN] : @652df1d9f3c4661453f4d0d81dce0e5f:沐沐热喵
2024-02-15 06:05:44 [WECHATBC_MAIN] : @38142ee17984abac28d008a99f1ccdfd6dd54a3e895bf826783411d42c7196a8:汉英
2024-02-15 06:05:44 [WECHATBC_MAIN] : @07176500b653441e7372c86f3ffb16c0e6a45a0eff2b5761519b9d811bda474c:董不懂
2024-02-15 06:05:44 [WECHATBC_MAIN] : @0fe35fe34c302d0b0130fb93244954df:酷猫电竞网咖联盟
2024-02-15 06:05:44 [WECHATBC_MAIN] : @39c300e962750b286f5ffb5844c9619a:小智LOGO
2024-02-15 06:05:44 [WECHATBC_MAIN] : @676e290be07c097c058acfc54f91b389df73733e34a60c3e9fd0445f4284e43f:Leon
2024-02-15 06:05:44 [WECHATBC_MAIN] : @589c0390a63cf2ff07898a149fff1e2bf327201b246c68fc1b7b563e0756ce6f:振袖秋风问红叶
2024-02-15 06:05:44 [WECHATBC_MAIN] : @7809435591044d135e97bec983da6e8bf56185b591b60b3ade5c4abf657f2951:碎星辰<span class="emoji emoji1f1e81f1f3"></span>
2024-02-15 06:05:44 [WECHATBC_MAIN] : @d808dd99e47957097c77081769e76ea4f7dc1ab0023a22c781679398c9e813ba:Jeff
2024-02-15 06:05:44 [WECHATBC_MAIN] : @cd6f8900a7abcfa14dd5a7626767903d59fabebff37830dacf3c976b9767a2c4:橙
2024-02-15 06:05:44 [WECHATBC_MAIN] : @1126b642ed56723bab3a61a91aad611710ff958d719c8bdcd8e3729612041844:欣妍
2024-02-15 06:05:44 [WECHATBC_MAIN] : @c071b3f8a15cb9d5709e5903a6762ecf8cdef20b94f627d96ddedc527c8715ee:卡哇伊
2024-02-15 06:05:44 [WECHATBC_MAIN] : @332549c5cd7a982c6da66fbaeffeffe322bc238eb4e93ec21ebda4e305edab90:培
2024-02-15 06:05:44 [WECHATBC_MAIN] : @d1357687a5d63de50c36e518e8375e3e4c8ef7e06953bf75d87fe2201e0ebe5a:彭老师
2024-02-15 06:05:44 [WECHATBC_MAIN] : @b7d23d412cccbc7ac5b766d6633703a5:极简博客2022
2024-02-15 06:05:44 [WECHATBC_MAIN] : @6783fd7387e6cedfdb1ee04051855a7f3193f63a5e10e893e8a3ffc060e2ebb5:???
2024-02-15 06:05:44 [WECHATBC_MAIN] : @23f5298c84c1c13b8551b5b482a6ecf4c5a754ac769d83e3a12c8467baa2bda0:?
2024-02-15 06:05:44 [WECHATBC_MAIN] : @1052698716032228772cc2be92404a7c6f52312aea4f6baae507cf918ba056ed:陆景桓
2024-02-15 06:05:44 [WECHATBC_MAIN] : @2736aec432ff18edd8bef91d34713cb45116cc6bc75c9f90ca7cbbe2115a129f:??
2024-02-15 06:05:44 [WECHATBC_MAIN] : @d667c6812c612444ad3e3e6d79656252599c5ca5ece505c41a22d84c9270d2a2:三三
2024-02-15 06:05:44 [WECHATBC_MAIN] : @7016712a8412113cec682857c8eb740049fb705b7e318fe83a961494dfad3d6d:太白
2024-02-15 06:05:44 [WECHATBC_MAIN] : @3cb52f18862e11ebe4a31dfe265c434dfd54b416dc6a2a6eb5d19dac32d1c208:橘ne
2024-02-15 06:05:44 [plugin-loader] : 载入了 0 个插件
2024-02-15 06:05:44 [WECHATBC_MAIN] : 启动控制台...
2024-02-15 06:06:26 [SYNC-CHECK] : Message(msgId=6205648661131883720, fromUserName=@634fbc393ca56cf8c7b3c502ac7d615a523fb73408ec7a3e0f8baa10f907a649, toUserName=@@b93a0b8d7799e7961d7184122d66b2d73dcb2d67ae3d82b1a424dd1d99b739d5, msgType=51, content=, status=3, imgStatus=1, createTime=1707948384, voiceLength=0, playLength=0, fileName=, fileSize=, mediaId=, url=, appMsgType=0, statusNotifyCode=2, statusNotifyUserName=@@b93a0b8d7799e7961d7184122d66b2d73dcb2d67ae3d82b1a424dd1d99b739d5, recommendInfo=RecommendInfo(userName=, nickName=, qqNum=0, province=, city=, content=, signature=, alias=, scene=0, verifyFlag=0, attrStatus=0, sex=0, ticket=, opCode=0), forwardFlag=0, appInfo=AppInfo(appId=, type=0), hasProductId=0, ticket=, imgHeight=0, imgWidth=0, subMsgType=0, newMsgId=6205648661131883720, oriContent=, encryFileName=)
2024-02-15 06:06:26 [SYNC-CHECK] : z>振森鹤的炼铜教堂<span class="emoji emoji26ea"></span>:
2024-02-15 06:08:42 [SYNC-CHECK] : Message(msgId=3480104680565332918, fromUserName=@634fbc393ca56cf8c7b3c502ac7d615a523fb73408ec7a3e0f8baa10f907a649, toUserName=@634fbc393ca56cf8c7b3c502ac7d615a523fb73408ec7a3e0f8baa10f907a649, msgType=51, content=, status=3, imgStatus=1, createTime=1707948520, voiceLength=0, playLength=0, fileName=, fileSize=, mediaId=, url=, appMsgType=0, statusNotifyCode=11, statusNotifyUserName=, recommendInfo=RecommendInfo(userName=, nickName=, qqNum=0, province=, city=, content=, signature=, alias=, scene=0, verifyFlag=0, attrStatus=0, sex=0, ticket=, opCode=0), forwardFlag=0, appInfo=AppInfo(appId=, type=0), hasProductId=0, ticket=, imgHeight=0, imgWidth=0, subMsgType=0, newMsgId=3480104680565332918, oriContent=, encryFileName=)
2024-02-15 06:08:42 [SYNC-CHECK] : z>z:
2024-02-15 06:08:46 [SYNC-CHECK] : Message(msgId=8512419537988029202, fromUserName=@634fbc393ca56cf8c7b3c502ac7d615a523fb73408ec7a3e0f8baa10f907a649, toUserName=@634fbc393ca56cf8c7b3c502ac7d615a523fb73408ec7a3e0f8baa10f907a649, msgType=51, content=, status=3, imgStatus=1, createTime=1707948525, voiceLength=0, playLength=0, fileName=, fileSize=, mediaId=, url=, appMsgType=0, statusNotifyCode=11, statusNotifyUserName=, recommendInfo=RecommendInfo(userName=, nickName=, qqNum=0, province=, city=, content=, signature=, alias=, scene=0, verifyFlag=0, attrStatus=0, sex=0, ticket=, opCode=0), forwardFlag=0, appInfo=AppInfo(appId=, type=0), hasProductId=0, ticket=, imgHeight=0, imgWidth=0, subMsgType=0, newMsgId=8512419537988029202, oriContent=, encryFileName=)
2024-02-15 06:08:46 [SYNC-CHECK] : z>z:
2024-02-15 06:10:55 [SYNC-CHECK] : Message(msgId=5225080123603564639, fromUserName=@634fbc393ca56cf8c7b3c502ac7d615a523fb73408ec7a3e0f8baa10f907a649, toUserName=@634fbc393ca56cf8c7b3c502ac7d615a523fb73408ec7a3e0f8baa10f907a649, msgType=51, content=, status=3, imgStatus=1, createTime=1707948654, voiceLength=0, playLength=0, fileName=, fileSize=, mediaId=, url=, appMsgType=0, statusNotifyCode=11, statusNotifyUserName=, recommendInfo=RecommendInfo(userName=, nickName=, qqNum=0, province=, city=, content=, signature=, alias=, scene=0, verifyFlag=0, attrStatus=0, sex=0, ticket=, opCode=0), forwardFlag=0, appInfo=AppInfo(appId=, type=0), hasProductId=0, ticket=, imgHeight=0, imgWidth=0, subMsgType=0, newMsgId=5225080123603564639, oriContent=, encryFileName=)
2024-02-15 06:10:55 [SYNC-CHECK] : z>z:
