2024-02-16 07:52:49 [WECHATBC_MAIN] : 等待扫码中...
2024-02-16 07:53:08 [WECHATBC_MAIN] : 已扫描二维码，请确认登陆
2024-02-16 07:53:18 [WECHATBC_MAIN] : 已确认登陆
2024-02-16 07:53:19 [WECHATBC_MAIN] : 已取得登录信息:
2024-02-16 07:53:19 [WECHATBC_MAIN] : BaseRequest(uin=281175185, sid=iz+oCsNEhrer6ZGN, skey=@crypt_c1a555a6_126223fa94b296035fb092efb239ca5d, deviceId=e622793493962456, dataTicket=gScRuf3sGdZU9+XKzfNJl36H, passTicket=GyTTb9iNTDwGfe1LeWgtASiCBLam%2BbSZA6yKbgmha%2BRMfSn%2FRxDEBc4i%2BWgr0GYHvIOf0W8prkKaglxkjAi2zw%3D%3D, authTicket=CIsBEJzLqqcIGoAB97a9CpQxCkUsKXDBtNYt7tw9xx1lbpKOD1Eoo/dbogXXQScq2EGO3tXhh0bL0IlW5Fds1bZmgQUHj/aXsC4mbNRpyaOpOHjeAtHIE2Y+rscFGn7IilixhVq2GeLqqCVg7Oh6lqbWZt+qxvyeOxuX5qIFOdT4EwiPkmJ/wX0/OWE=, initCookie=[wxuin=281175185; expires=Fri, 16 Feb 2024 11:53:19 GMT; domain=wx2.qq.com; path=/; secure, wxsid=iz+oCsNEhrer6ZGN; expires=Fri, 16 Feb 2024 11:53:19 GMT; domain=wx2.qq.com; path=/; secure, wxloadtime=1708041199; expires=Fri, 16 Feb 2024 11:53:19 GMT; domain=wx2.qq.com; path=/; secure, mm_lang=zh_CN; expires=Fri, 16 Feb 2024 11:53:19 GMT; domain=wx2.qq.com; path=/; secure, wxuin=281175185; expires=Fri, 16 Feb 2024 11:53:19 GMT; domain=qq.com; path=/; secure, webwx_data_ticket=gScRuf3sGdZU9+XKzfNJl36H; expires=Fri, 16 Feb 2024 11:53:19 GMT; domain=qq.com; path=/; secure, webwxuvid=b0c1512a3960be8895dbe4551510255d8e5303dcff2ce95b806a53c44c317121e1b2d6e524fbb93767aca57d8fdafc59; expires=Sun, 12 Feb 2034 23:53:19 GMT; domain=wx2.qq.com; path=/; secure, webwx_auth_ticket=CIsBEJzLqqcIGoAB97a9CpQxCkUsKXDBtNYt7tw9xx1lbpKOD1Eoo/dbogXXQScq2EGO3tXhh0bL0IlW5Fds1bZmgQUHj/aXsC4mbNRpyaOpOHjeAtHIE2Y+rscFGn7IilixhVq2GeLqqCVg7Oh6lqbWZt+qxvyeOxuX5qIFOdT4EwiPkmJ/wX0/OWE=; expires=Sun, 12 Feb 2034 23:53:19 GMT; domain=wx2.qq.com; path=/; secure])
2024-02-16 07:53:21 [WECHATBC_MAIN] : 已初始化微信信息:
2024-02-16 07:53:21 [WECHATBC_MAIN] : 用户信息:
2024-02-16 07:53:21 [WECHATBC_MAIN] : Contact(weChatClient=null, uin=281175185, userName=@4af8493bbabd37082f28e28e1704b6c1eff74bf4aa6e66591afb3666f9eb4b61, nickName=z, headImgUrl=/cgi-bin/mmwebwx-bin/webwxgeticon?seq=1224283864&username=@4af8493bbabd37082f28e28e1704b6c1eff74bf4aa6e66591afb3666f9eb4b61&skey=@crypt_c1a555a6_126223fa94b296035fb092efb239ca5d, contactFlag=0, memberCount=0, memberList=null, remarkName=, hideInputBarFlag=0, sex=1, signature=已换微信 meteor1913103, verifyFlag=0, ownerUin=0, pyInitial=, pyQuanPin=, remarkPYInitial=, remarkPYQuanPin=, starFriend=0, appAccountFlag=0, statues=0, attrStatus=0, province=null, city=null, alias=null, snsFlag=257, uniFriend=0, displayName=null, chatRoomId=0, keyWord=null, encryChatRoomId=null, isOwner=0)
2024-02-16 07:53:22 [WECHATBC_MAIN] : 联系人列表数量: 315
2024-02-16 07:53:22 [WECHATBC_MAIN] : @fa7c04d19c020422b36b6b43ef996d18:php中文网教程
2024-02-16 07:53:22 [WECHATBC_MAIN] : @04db3142cab105528e132476c4faf8bab3c103d3756130a5cb36ba2043e75f36:Peter烁
2024-02-16 07:53:22 [WECHATBC_MAIN] : @96ea8e54fdd2e6777532a7460ccae0666986dd517e8eb2274cdb8a3477eed386:垚
2024-02-16 07:53:22 [WECHATBC_MAIN] : @650d53549b22c9b52a719739463e4a3cd72430cfce1be49c63eb6e7bca00bb4a:FyG
2024-02-16 07:53:22 [WECHATBC_MAIN] : @60cbaf857e4a024d707f1315911cf276af6b87f4b67d44226b4a2a78303e6601:大月半冉子<span class="emoji emoji1f43e"></span>
2024-02-16 07:53:22 [WECHATBC_MAIN] : @21f40a0f62fe7c82e7e022f3ecb941f2446c2eeaf95937882818fd08bdae27e4:山海
2024-02-16 07:53:22 [WECHATBC_MAIN] : @f2c32d36414944b2042c9551439f9b24e51c31e2da8f67ccb8f13025f2253a0a:木讷
2024-02-16 07:53:22 [WECHATBC_MAIN] : @446de4ca618c14a8bded388a1849c7a8a235dea8bbda4965fe5aa9795277c745:顺风
2024-02-16 07:53:22 [WECHATBC_MAIN] : @3c98b050a79f081033cbec84dc9110e5a47c3a79a23220d903e320aa9838e0a1:香奈儿<span class="emoji emoji1f42d"></span>
2024-02-16 07:53:22 [WECHATBC_MAIN] : @d7fc7ee14ceacd10a74c2040b542bd1b4e7b2b2cc5fad64b9a2315507c5652ae:FLIPPED
2024-02-16 07:53:22 [WECHATBC_MAIN] : @2b99c8eb8c15b5df8d0510d74c145aecaa5b93360f7228e4eebf07e3926b7363:Arun丶
2024-02-16 07:53:22 [WECHATBC_MAIN] : @30e1a12bf09c951645cb28439b714d715b7b8ca9dc533d6f7d9a54c2e697134a:群管理
2024-02-16 07:53:22 [WECHATBC_MAIN] : @f38240bc8e1436645f67655cc7f87853:平面设计狮
2024-02-16 07:53:22 [WECHATBC_MAIN] : @8acd8d70636917d1bd22f7872501d3d7391a8a13d398913f0184c8ca566e6028:H
2024-02-16 07:53:22 [WECHATBC_MAIN] : @41c5eed1b2564e6454b0e8c0d45b18dadafb227ce49eb9ea6ef72b5ea1eb0483:.ayu
2024-02-16 07:53:22 [WECHATBC_MAIN] : @f241f51859135a617ff05780c86b6f65:wsice_肆
2024-02-16 07:53:22 [WECHATBC_MAIN] : @d337e18e666518f3be0abbfcada00290705c40f354866aae1f60992eb7d9097c:拉勾为什么要上吊
2024-02-16 07:53:22 [WECHATBC_MAIN] : @aac70972e4f0339b8b5567a3a0e393d9374b16788dfe9e26449950d0d9876767:小花
2024-02-16 07:53:22 [WECHATBC_MAIN] : @711cc12c58ad16b339926f45350746be40950b6d025786bd6b1c614dd16ebdc2:Z.🧸
2024-02-16 07:53:22 [WECHATBC_MAIN] : @2318c510c7331c266a539ad2b9cbc019ce65fae3e23900efe7c3c055bbe4a486:兄弟酥面店13322746671
2024-02-16 07:53:22 [WECHATBC_MAIN] : @0a5dd5d9a7a074bc8dc65d9b0c1f551c:情侣CP
2024-02-16 07:53:22 [WECHATBC_MAIN] : @a32eb5380d5adb7d0873d239eaf4d09af9bb51e858900917b674ae4300ef40a6:A㍿࿐黑人校⃣長⃣ゝ诚信服务
2024-02-16 07:53:22 [WECHATBC_MAIN] : @faaabf51efafedca6ca8652157679d245c117a1c8ad58cb53560f2af8cb3a051:Blank077
2024-02-16 07:53:22 [WECHATBC_MAIN] : @96ac25d33cdef24b5f8aa3f7a3bcfa0a:奇妙加速器
2024-02-16 07:53:22 [WECHATBC_MAIN] : @4512eb237f352c0d4fb21f4a2b0e7ff689d01defc0ad40b13bee599a31e3f8c6:好运常在
2024-02-16 07:53:22 [WECHATBC_MAIN] : @f185842858c4da89f2c8d5da214a430f:7477游戏
2024-02-16 07:53:22 [WECHATBC_MAIN] : @7d2bd755073092e3636717875c16f8a10cce24053f07d1ad0ba17caf4024bdc8:　　　　　　　　
2024-02-16 07:53:22 [WECHATBC_MAIN] : @e79146e4d6bd6b4670ef3785c0a602f08115999b5c735d8d005dc392fcacba45:Ljh🤩
2024-02-16 07:53:22 [WECHATBC_MAIN] : @8e5c0c5110bb572935a0e06ddc706eda8d624aa7c70288e7de5ede524842e713:泽玲
2024-02-16 07:53:22 [WECHATBC_MAIN] : @020fd693df23b1a86a759c5393faf95d:超人
2024-02-16 07:53:22 [WECHATBC_MAIN] : @39d1a0fe80c9741b4611b79a6cf7feed3e23faaf1a18baf608c8ca280492ac75:/
2024-02-16 07:53:22 [WECHATBC_MAIN] : @77f05e7571a42473ff337fd42782501c6aa538824126f0ab285a9a298df8f386:Mog.
2024-02-16 07:53:22 [WECHATBC_MAIN] : @e3cee83e64ddb2689fcd9de2337f9e7c:腾洲车行
2024-02-16 07:53:22 [WECHATBC_MAIN] : @6fe44bb2d5db94ba44eb5a2eb841214d:余熙小灶
2024-02-16 07:53:22 [WECHATBC_MAIN] : @21a93b1d61da29692a67c12041b7129a05513b17ff119bcea769f686d52dfd8c:Sleeeeping
2024-02-16 07:53:22 [WECHATBC_MAIN] : @694a3f831ea27d1842e9fbd024ece3fe050834a54601c2141b30332c2b9ecaea:ིྀ
2024-02-16 07:53:22 [WECHATBC_MAIN] : @a71c38fb3187bdb3ad6f179a8294bee43b74dd69d818714c436d60b48f6cba77:Nachanka
2024-02-16 07:53:22 [WECHATBC_MAIN] : @0ae3758346583348a62dc9991142738bc8ddfb8b7ecbbeea6ca795f5a486f2ee:陈店长
2024-02-16 07:53:22 [WECHATBC_MAIN] : @adf4db97847a233b986038427289ec29:别算科技
2024-02-16 07:53:22 [WECHATBC_MAIN] : @8afafd69f8e38f9a163127c6795965d0:广东中职菌
2024-02-16 07:53:22 [WECHATBC_MAIN] : @410b642628a041fec56522daaa965db9b3d21bcac26cecac4a0eefcdf4bf202b:要好好吃饭
2024-02-16 07:53:22 [WECHATBC_MAIN] : @89c9f02ba7742f61c330f57af0998b0e32397a685f380d22898af4f68cc15065:D。
2024-02-16 07:53:22 [WECHATBC_MAIN] : @0192cc69df4fb054d37e98a9fbf0e88cc1da968f6dde234a9b94c3191c926eea:ᯤ⁶ᴳ
2024-02-16 07:53:22 [WECHATBC_MAIN] : @ef4184b34bbe00a942c9df69d41b304a13432ebf79609a5dd98234d308a31408:<span class="emoji emoji1f631"></span>ི<span class="emoji emoji1f60a"></span>ཽ周晓明
2024-02-16 07:53:22 [WECHATBC_MAIN] : @f953656e8f20c24bb5b6c8ab2156ae622e7c4d701884e4cba36ceadb87f15acd:彭老师
2024-02-16 07:53:22 [WECHATBC_MAIN] : @dad910a64882b34aa333f2fe1d027b2eb4b8435b41da28b386404f7025397676:彬
2024-02-16 07:53:22 [WECHATBC_MAIN] : @2c3a9ac37be8d1bfcb2f8a8ba0953040:小智LOGO
2024-02-16 07:53:22 [WECHATBC_MAIN] : @3ee6830922cedf21d9fdb3793d481b2f7d2a51e785211cfb2c778f297e31c8c8:培
2024-02-16 07:53:22 [WECHATBC_MAIN] : @7544154ec2abf70c25616106bb801894:WPS办公助手
2024-02-16 07:53:22 [WECHATBC_MAIN] : @ea5eba2ba9858b9cd783cdc77a9b8e5a:韦一同说
2024-02-16 07:53:22 [WECHATBC_MAIN] : @d4e243c06ddbbcab8246f03e33cef33b1d73abfabeacbd9db0ab5d5d50908f5a:zzzsh
2024-02-16 07:53:22 [WECHATBC_MAIN] : @e0bb8884f52996c416cf5c3f034734af9593d85970274181ccff33178f6eddc5:白云飞（只二维码收米）
2024-02-16 07:53:22 [WECHATBC_MAIN] : @19b9af6194516779149f76b1fdaafd52a9a19c9f5c10fff9cdc487a2f4457d3c:ㅤ
2024-02-16 07:53:22 [WECHATBC_MAIN] : @49058c8fdda88ec18d855480ce5e5099446e3826db3397ae6fae0cdd0a48ec27:远晏
2024-02-16 07:53:22 [WECHATBC_MAIN] : @6a60a1d61f3e4c0fc674a51a926136b52e3adb89d13b9bb2bf5da5c5522d71ef:振袖秋风问红叶
2024-02-16 07:53:22 [WECHATBC_MAIN] : @1e6bf0f8acb29e6a0085cc643cb51e7f61b734c5c75f26e5977430cd28677b71:🥷
2024-02-16 07:53:22 [WECHATBC_MAIN] : @2e5f0cb4d5a216adef77dceb5d06808771c40b7d54535218ada78661f5777c01:Boy。
2024-02-16 07:53:22 [WECHATBC_MAIN] : @08544a6ee8715f882afc8e76e4e1cbac:憨憨羊
2024-02-16 07:53:22 [WECHATBC_MAIN] : @8e3b320c2bb6479cb2f5fc381e09c847e89ef6457870f37626e1c39068b85d9d:意粥.edu
2024-02-16 07:53:22 [WECHATBC_MAIN] : @21396f859d0764061a3d1f4503c82c1eff69563cdb6c2984124b85e00013bbde:顾玖
2024-02-16 07:53:22 [WECHATBC_MAIN] : @dc75a2917e4f17a54fc5815bb2b1149d7d75da8b72cca1b428e0dc3888fd92f9:qi
2024-02-16 07:53:22 [WECHATBC_MAIN] : @f849a981f116a40d15cc2fb51761b1f0:该账号已注销
2024-02-16 07:53:22 [WECHATBC_MAIN] : @9a8729ea134ff90cdfac94bb9b162b5f:拼多多
2024-02-16 07:53:22 [WECHATBC_MAIN] : @468dd57c22e929d4e347800f2f9c1c3a6be67a41ac78e063b155b54b63a594ed:鱼莱新鲜小超市
2024-02-16 07:53:22 [WECHATBC_MAIN] : @8e69ede3537905736f9dd6ef8917063037fd1384c1d9b09bcbeb8ed5e8987f9c:晚风
2024-02-16 07:53:22 [WECHATBC_MAIN] : @d0c1c76f52f16b72c34a94f2045b57376a7b56113d6c155248a16dbabec56ac1:只手摘星辰
2024-02-16 07:53:22 [WECHATBC_MAIN] : @2fcda2e53bc6221d61f419989a9ae467e145a6e9b53642b647138fe6e8abe46f:祈
2024-02-16 07:53:22 [WECHATBC_MAIN] : @b0dfd7d797abe82621d610b88b76e651:布晴LIVEHOUSE酒吧
2024-02-16 07:53:22 [WECHATBC_MAIN] : @bbebf30b4c1367e0b8068c11194f441efdd674e11a9be253ea7e0b71ef051db6:+🥚
2024-02-16 07:53:22 [WECHATBC_MAIN] : @449335a47f4e73434ce23fdd9a33a1d74d81ecf7069512f875fae5af43eb6824:<span class="emoji emoji1f6b9"></span>
2024-02-16 07:53:22 [WECHATBC_MAIN] : @ba80869ce0157246d46fcd04b17eedfd107f0e5ebd1967857aae922764ecf76d:早川秋
2024-02-16 07:53:22 [WECHATBC_MAIN] : @c775f2fa734c689ddea4d86a7f392f5c:三叔软件
2024-02-16 07:53:22 [WECHATBC_MAIN] : @3dbfb28089810d893bb0a620ac1cfa378fda7c44619f22ba954907571017300c:AIm.
2024-02-16 07:53:22 [WECHATBC_MAIN] : @8d7991217db26e571e6a3939584f715d:小呆加速器短租
2024-02-16 07:53:22 [WECHATBC_MAIN] : @ed50602982805c7dfdec91b0f6a53329:互联网品牌官
2024-02-16 07:53:22 [WECHATBC_MAIN] : @ad441497a9dd37e3a350c215d87e79e56f1ef69fb441156f7d45d2d5752d15f5:buo
2024-02-16 07:53:22 [WECHATBC_MAIN] : @18931147f635626367998339c4584f0fa066699ee30cd453f15816a9ae2f2f5b:熊大
2024-02-16 07:53:22 [WECHATBC_MAIN] : @071a6262666e1d60c1a146bc8f088a72430b8297bd872a9f75d8087f033f87a2:O.o
2024-02-16 07:53:22 [WECHATBC_MAIN] : @09754492efd94f668a229d138f5f4024e47633dc2cc3d7d8dbe10b1f21a59f03:C.
2024-02-16 07:53:22 [WECHATBC_MAIN] : @46b60b654a90a237ab22fd810361556930b1c88b7c5080370fc193cc4b2ae9c1:啦啦啦啦
2024-02-16 07:53:22 [WECHATBC_MAIN] : @c189eceff4a40e867265ff8d3172c75c47f8298c2c8746e2525948e24236dad0:卡哇伊
2024-02-16 07:53:22 [WECHATBC_MAIN] : @909af2fbe5453c6390eacfec6c7e5f35:该账号已冻结
2024-02-16 07:53:22 [WECHATBC_MAIN] : @f1cf376a7cf0818710455da45d63e84d7697e9dd6b45cf7bbb2fdfe160b55e3a:碎星辰<span class="emoji emoji1f1e81f1f3"></span>
2024-02-16 07:53:22 [WECHATBC_MAIN] : @d9c5f711945fe33d2e22d8de4014837a:老廖
2024-02-16 07:53:22 [WECHATBC_MAIN] : @eca9c21987267f63d2b1cfcf2c42842bcefebebdb416a1c03688758966d80e64:！
2024-02-16 07:53:22 [WECHATBC_MAIN] : @73d1112b1fcea534437e562ac223ef90:天蚕土豆
2024-02-16 07:53:22 [WECHATBC_MAIN] : @447c3dd479b0556cd34d13ac12ccd87c699197317d0042010f4a9fb9e8ada6f4:aJin
2024-02-16 07:53:22 [WECHATBC_MAIN] : @a84885fd8157af09e8ed433a068fab441099425f6dd368f29f8b5804663dd47f:干净
2024-02-16 07:53:22 [WECHATBC_MAIN] : @8d667099b70e72cebc713112bf306c74ce5dcf04d378acad447920e39646a7ba:安逸
2024-02-16 07:53:22 [WECHATBC_MAIN] : @e58554647e2cfba9c4aa9e3898ed7d64:中职生
2024-02-16 07:53:22 [WECHATBC_MAIN] : @db335b550638a007ccfed0fc3d03c6b4:泡泡加速器
2024-02-16 07:53:22 [WECHATBC_MAIN] : @37200ddb6f8aabdfa75cee3502f8d242:熊猫加速器
2024-02-16 07:53:22 [WECHATBC_MAIN] : @46929eb25b27e08e6975892a7a97c8a3:i志愿
2024-02-16 07:53:22 [WECHATBC_MAIN] : @781a2197c3e63252928580d9b2cc0aa2cef98b7ba2dd4cfaac65c7b98283431a:DLx
2024-02-16 07:53:22 [WECHATBC_MAIN] : @3ad716b193f155c7cf869ade63b56e03cedb14803b742069fe6ed5cd8c8ad3bd:！
2024-02-16 07:53:22 [WECHATBC_MAIN] : @fa2ccc73cbf513b8333cfb3740e6fee2ee9f670859cfddd398deeb598e9e8362:.
2024-02-16 07:53:22 [WECHATBC_MAIN] : @d4c991fed9bf91f13c48b4cb9a513802e81b204586c6cec5dd540f85b6f96a7a:瘾
2024-02-16 07:53:22 [WECHATBC_MAIN] : @2ae06652144788653c2e09fed3442994:泓记
2024-02-16 07:53:22 [WECHATBC_MAIN] : @69f4a5cc352739c46c7ca8c9cf5a102a0c448615379b8e1090c275e423b5bb3a:宝藏
2024-02-16 07:53:22 [WECHATBC_MAIN] : @afcc102c97c9d2787c54bac005c1564e64818b0adf39f367f77477d1b34cce24:岁月无声
2024-02-16 07:53:22 [WECHATBC_MAIN] : @0f741f50a967e34d42a4388f86ce8093:agiso自动发货
2024-02-16 07:53:22 [WECHATBC_MAIN] : @e6162003aaf2119c8c8f14b6ac41cb94cff5097d57ee760a067e35c1b7f5cc59:hor1z0n
2024-02-16 07:53:22 [WECHATBC_MAIN] : @c330297a3e53dfe38ba35de54aa63303fa5e051b9faf678a472c31a3032ba833:Yuuki
2024-02-16 07:53:22 [WECHATBC_MAIN] : @982b743d2fae3a77c2d28393e0bc378f6de3c9f9cf7c05c8ba61521b46597aea:Diss8c豆
2024-02-16 07:53:22 [WECHATBC_MAIN] : @534822a37ec264cf914c0c5aeae97cda34976ba62353486e494ebc44c0108fd3:小鹅
2024-02-16 07:53:22 [WECHATBC_MAIN] : @cb06e73c8153499c2a8aa51118bc5d23:黑料BOOM
2024-02-16 07:53:22 [WECHATBC_MAIN] : @ec61d092df39a5b85023909e59f8de7018e482c1ca8629aed2adef547a6b17bc:LIN_HH
2024-02-16 07:53:22 [WECHATBC_MAIN] : @7061bcb61cbbcb53df64ce1d5128ab3fb26106d060e78e13ad52db6c54315be1:Huan
2024-02-16 07:53:22 [WECHATBC_MAIN] : @cc0e1a609f979e97204005106b42d1da:GoLink加速器
2024-02-16 07:53:22 [WECHATBC_MAIN] : weixin:微信团队
2024-02-16 07:53:22 [WECHATBC_MAIN] : @82258260bd70262c688f7730daaf22d3cc05d28f11581858505b5d4be6ce9c20:若瞳君子
2024-02-16 07:53:22 [WECHATBC_MAIN] : @21cd1bddd9a5cafd72412f0e78e31cb8:特摄驿站
2024-02-16 07:53:22 [WECHATBC_MAIN] : @e6e2fea48fd621b233dcb2e71c9c15e356e18f956bf2d7dfe7fc876c557d8e9c:两英微帮信息推广网1
2024-02-16 07:53:22 [WECHATBC_MAIN] : @6077e28df1cae6018b97fba35352acd91a77462bc8df284932a94d5734fb59e9:娇的名
2024-02-16 07:53:22 [WECHATBC_MAIN] : @ff73b806cceb7cf434ff22e698447080:CG游麟网
2024-02-16 07:53:22 [WECHATBC_MAIN] : @3b83a125b73a193891086eefe31e6fbd8226eb8ac161e21ef56dc77d5bc8dc7a:笙歌十里
2024-02-16 07:53:22 [WECHATBC_MAIN] : @f4643143f3be848ba276800e288fcafc42bea203607902ca36cd669989aceef3:等一下七月
2024-02-16 07:53:22 [WECHATBC_MAIN] : @8c99826b767524084faa38767a4dae2c091c47c3b743b4ac8da291c516345b1e:微笑的高圆圆
2024-02-16 07:53:22 [WECHATBC_MAIN] : @80198728bb6f725a885bdccd8c6873bc542997491d4aa0b125c0738df080ad41:Leon
2024-02-16 07:53:22 [WECHATBC_MAIN] : @71aa03f2758126d7b85a3f393ffe24d693733026c506e31eeb389eb4b7d1ec3c:陆景桓
2024-02-16 07:53:22 [WECHATBC_MAIN] : @e1074450c7fa09d7a5b3c11dc8ea0cce4b1ad2f23fefaa673f8446dd79ac8a80:Sam
2024-02-16 07:53:22 [WECHATBC_MAIN] : @17fbd3281d0043cc8c6cf9a36c78c14e8084127dd212f9dc68d18c6ad4dd59a0:发财小掌柜<span class="emoji emoji1f4a1"></span>
2024-02-16 07:53:22 [WECHATBC_MAIN] : @703773fefed449d1730c6cc8b7b15611:沐沐热喵
2024-02-16 07:53:22 [WECHATBC_MAIN] : @4d55c6892014589e1fdf2318cb534bc0a1d884d2e4440458271bc9f3211ae32b:A0༒六子༒ （诚信服务）
2024-02-16 07:53:22 [WECHATBC_MAIN] : @b19fb8c5287dd78e4107d6b107be21b4:微信支付
2024-02-16 07:53:22 [WECHATBC_MAIN] : @6f6a8dd224aa84b5dfa8d7eccf7c084f087b6a5caf7740c8e907af7102485449:二友照相馆（总店）
2024-02-16 07:53:22 [WECHATBC_MAIN] : @38373486f54ce0d6fddb8a564262cb06:便利店艺术家
2024-02-16 07:53:22 [WECHATBC_MAIN] : @8a546682571ab403158dcaea863cad7e4e9d5bc9d584c8d5891c1019a45f9729:楠浅ꫛꫀꪝ
2024-02-16 07:53:22 [WECHATBC_MAIN] : @e806a1102b3f9f6a06735e5e957aa980476933824bcfef578d9ba975c20925f2:Oneone
2024-02-16 07:53:22 [WECHATBC_MAIN] : @f34a740db097ae5231e45e3ff776c32626fc35334345e9c1bc78f4650bfc45c5:Cory
2024-02-16 07:53:22 [WECHATBC_MAIN] : @02aa8298290be168733afc7ef61a2eddc0eef23957c03952540769371036efff:sun
2024-02-16 07:53:22 [WECHATBC_MAIN] : @ff3cdfc9fdb9fe9afe7ed8b059de2fc61b8cb874fcacdf48224dec143307e27d:Cc
2024-02-16 07:53:22 [WECHATBC_MAIN] : @8d925c5cf2b5a6ea7b7f221245e627ac11c7645efdd4964858f1166682b8e033:远
2024-02-16 07:53:22 [WECHATBC_MAIN] : @87fa35212ba0bab94bbfb290831bc64b33675e3e287c1b9fb75b6095a1924f36:はたけカカシ²⁰¹⁸₀₉₁₅
2024-02-16 07:53:22 [WECHATBC_MAIN] : @dcdc5631508dc06fd543929c778df1cb:加一电影
2024-02-16 07:53:22 [WECHATBC_MAIN] : @bb303f033a433a8f7645ee10200ee3ff38244df841b343aa75bbfc92b97d504d:曦热
2024-02-16 07:53:22 [WECHATBC_MAIN] : @488e7ea30a36e992cbad0a87871613e1183e229ba3a60fff9ec8aa708e5611df:Nefia
2024-02-16 07:53:22 [WECHATBC_MAIN] : @80663ef00e9d67e74c42b3dab3b91653:外卖卷不停
2024-02-16 07:53:22 [WECHATBC_MAIN] : @340e03bc74603779bc97c8bb0294b36928f2f82f1259ee3d35b775a727128b28:XOYUFI
2024-02-16 07:53:22 [WECHATBC_MAIN] : @c1e895ca2de47aa36adaf4a057a1b3ca39e2877ce10e8ac2584e1445d67556dd:Yu鱼.
2024-02-16 07:53:22 [WECHATBC_MAIN] : @ca0d4443627f989e09cf12769d45367a01e03eb797ca737fd0361c6fd51f0240:AA - 手机电脑 回收 出售 维修
2024-02-16 07:53:22 [WECHATBC_MAIN] : @4a94b2f70960d67841407d2aee6d3f6e42d53a3849921196f5a2b58289d53330:朗月.
2024-02-16 07:53:22 [WECHATBC_MAIN] : @1a9a5ff4f3f41e5ae59e93a6e82568055a9ab2ca87796388d63551bb138e4fa1:Rime
2024-02-16 07:53:22 [WECHATBC_MAIN] : @eb5e138ea199c482036637cf403f76e7996d5a50f7ebee7bf8ce8fe431b1c4ad:听岛屿.
2024-02-16 07:53:22 [WECHATBC_MAIN] : @9d797138e453f4bef720b4263b07a366:zl     <span class="emoji emoji1f4a6"></span>
2024-02-16 07:53:22 [WECHATBC_MAIN] : @67e40b633c7deb394d1b86cc0651b746236a96789a6fd2bd3df2c8b347443e38:光星网咖 (营业中）
2024-02-16 07:53:22 [WECHATBC_MAIN] : @acae74e51b2a82b7a7a0d891ecf45577:鲁班大叔
2024-02-16 07:53:22 [WECHATBC_MAIN] : @5f3956de91bf233c6f3a3215f54272c73954d4357b475a6eeae3143e8b1c7b5c:<span class="emoji emoji1f349"></span>
2024-02-16 07:53:22 [WECHATBC_MAIN] : @fa7ea75f64af883563b2f928d69097ad:电脑那些事儿
2024-02-16 07:53:22 [WECHATBC_MAIN] : @cc05979fa762901939138235ebadf31e:外卖有多少
2024-02-16 07:53:22 [WECHATBC_MAIN] : @d3ccdc3d16beb8f73f53a1d78b84d0a405a6a152b4f7cff16db55931d172d734:a大白胖
2024-02-16 07:53:22 [WECHATBC_MAIN] : @3933b0b616432719d39aac5e4837a701da42996960656f7083427080c55fd73d:失忆
2024-02-16 07:53:22 [WECHATBC_MAIN] : @660a7f9468f98f1fcc0025bd0083353ecc657a224ff61e4b3b824a1a6330f8c6:木木(丽丽）
2024-02-16 07:53:22 [WECHATBC_MAIN] : @1649f85b55615c371c03eedfc9917942:中国青年志愿者
2024-02-16 07:53:22 [WECHATBC_MAIN] : @877acd47649c1a6fd5a2bdc9edcf2c68ed706ebc6c26296ebff11e78ab3f0dcd:星光
2024-02-16 07:53:22 [WECHATBC_MAIN] : @f3f179fef140b41cade356dad4aa404fb73f98d595695d3f1d5b064e0543b939:JW<span class="emoji emoji1f42f"></span>
2024-02-16 07:53:22 [WECHATBC_MAIN] : @6e4299db6847956ba2ba697cb2d3704f309e462835538b3f92e331451e348401:杰
2024-02-16 07:53:22 [WECHATBC_MAIN] : @ee7c08d33aac9c646b8ff1d1e14d009d:小木生活观
2024-02-16 07:53:22 [WECHATBC_MAIN] : @58a10a5375fe2565b71cc5720964e52e:腾讯成长守护
2024-02-16 07:53:22 [WECHATBC_MAIN] : @b26598a91b4b3feb517db323cc616f67279160f384b2d623521211a1b2339df8:莹^O^
2024-02-16 07:53:22 [WECHATBC_MAIN] : @5d3f890aac8236472d3206e4d3626287fd37d96474559e2d3d5c4b2d2b121e58:0.2℃
2024-02-16 07:53:22 [WECHATBC_MAIN] : @429ff622663ae0858c0b3718f98aec34a40fb3f19fe2842de31bbd74b5db48d4:区冠贤
2024-02-16 07:53:22 [WECHATBC_MAIN] : @4b2bd85d8464875243c66fed70a7cc4daeccc1fc2f8cb3479e4806f329a5b359:汕頭15815040195
2024-02-16 07:53:22 [WECHATBC_MAIN] : @d4325b5bd4f5b16f449813e94b72cef49d7ec0b0cc188e900dd58390d580a811:你滴男妈妈
2024-02-16 07:53:22 [WECHATBC_MAIN] : @751683d42b6872d473f36d82b1612a36b19ca4f05b510be2447dcbd2c23f593a:AOO࿐努尔 诚信经营 花呗金融
2024-02-16 07:53:22 [WECHATBC_MAIN] : @dfebc0ef245a0f23bad40580651d813592725bf64f7f5a546a531e213b08c173:  
2024-02-16 07:53:22 [WECHATBC_MAIN] : @8d06f7e36ed3ab67868ffbaebf48d05075c3e7b8befb754cdd561f464f743bea:SOYU
2024-02-16 07:53:22 [WECHATBC_MAIN] : @a32b013a8bb273257f1af0a67ea5f7d672462a748416666835eda103d9b37a48:AT
2024-02-16 07:53:22 [WECHATBC_MAIN] : @f865a080f10bfe9c4ec7e51a764ece35a34e1b2909726176005a8a2824959ce7:...
2024-02-16 07:53:22 [WECHATBC_MAIN] : @e679a1a70c6af546e2a6cc84231675306b29b0a5943d949973c6330720f269ef:汉宫
2024-02-16 07:53:22 [WECHATBC_MAIN] : @ec93556632384b77b0eaf7ceb01c0f6eeca3efda933485f39244ba0bc7d97639:王德发
2024-02-16 07:53:22 [WECHATBC_MAIN] : @90f196ec135d9a356d5c44f667c44ae6e00a071eadf56c4295b9ea18df42fea3:广州鑫顺  专做美系单项件
2024-02-16 07:53:22 [WECHATBC_MAIN] : @a0f15058d389afb8594ba440342ff9f0d8410721bb0fb1bd8a32c2dcd9945e0a:木川金
2024-02-16 07:53:22 [WECHATBC_MAIN] : @edc840da74f762a35d2fd546b5a40fd7ebbc2cd6bf4161389e92c90196190097:江尚
2024-02-16 07:53:22 [WECHATBC_MAIN] : @6670e738e653da2017175131aada406048d4c3632f4287f9d84bda901b2d6d61:冬天
2024-02-16 07:53:22 [WECHATBC_MAIN] : @24286957cb1da7b1ea0b7ca865856228:抠鼻子Kobez
2024-02-16 07:53:22 [WECHATBC_MAIN] : @1d9e388f6de47bfd5bc55ce649fcd65987f3420d3b28f65e776c639e5a7fbc94:sam
2024-02-16 07:53:22 [WECHATBC_MAIN] : @156ca209821a2f4c8d3d919e93225fb501d2b0cead101fced638d5bab333e9ca:NOBODYLIKESME
2024-02-16 07:53:22 [WECHATBC_MAIN] : @a1a50f41695460c1ebba5d8b9b4339b0c4249082901d6d79f6f6a2331e45cb49:p
2024-02-16 07:53:22 [WECHATBC_MAIN] : @34a317e7a7b888e3e3c9d876927054076105390a77109ae9a25d231fe85a594e:黑夜诗未
2024-02-16 07:53:22 [WECHATBC_MAIN] : @a4ae354fa4e776f39f875bee268e79cf98616dba95578cf41d476b8c7ee6a55f:榴莲
2024-02-16 07:53:22 [WECHATBC_MAIN] : @ab225dbe10a3bc1dbd2d4dff13ee17fdbcf3127cd31efed3fdbf4754ead3c902:Coast（2.1号放假-2.19上班）
2024-02-16 07:53:22 [WECHATBC_MAIN] : @ffe3b87aaae10fd8c86f14ac9de5819c:极简博客2022
2024-02-16 07:53:22 [WECHATBC_MAIN] : @7a430ebc4435e7c888d039c1b9327e86:源码阅读网
2024-02-16 07:53:22 [WECHATBC_MAIN] : @b96f3637f7bc37c6557e9d39a03abffadc775e790f8ec93a7265618ff197d6e3:白胡子
2024-02-16 07:53:22 [WECHATBC_MAIN] : @acb1c911a6fd5103386e666fdb1f071b:平颉机械设备13223903675
2024-02-16 07:53:22 [WECHATBC_MAIN] : @759a60ca35dc567c339a46b71f81a440fd0f23161ffb2d74d6221edf69969980:平平歌(ᇂ ㉨ ᇂ)
2024-02-16 07:53:22 [WECHATBC_MAIN] : @8ce721dd03b154446f483aea56cf0a05e373374c857edfbf2c96b90073fb388b:K.
2024-02-16 07:53:22 [WECHATBC_MAIN] : @89b12d31ada1b2ecc0249804e11caf0bc9e4859a75df00f52acd58bb2499fb16:羊妹妹. 💭
2024-02-16 07:53:22 [WECHATBC_MAIN] : @487fb20122990043fd9646e9cfa38bbc397d455c4800d15355806b7c96f1bc7a:三三
2024-02-16 07:53:22 [WECHATBC_MAIN] : @ce70445161f049763d727084e469ecc97621c67a729522f342eb4ca81928514a:怎么取一个正常点的名字
2024-02-16 07:53:22 [WECHATBC_MAIN] : @576c9455bfb38c4c3078d199624df966c96cdcddb14704520e1373d1d084105c:皮蛋
2024-02-16 07:53:22 [WECHATBC_MAIN] : @e4ba080990600c24c46e2765a5d41830b6c8ef87924c4ee95ff3370fbe2569f3:觅雪班导
2024-02-16 07:53:22 [WECHATBC_MAIN] : @0f21fe189c905e9cfe78b9caa46a7bc3e3e194dabc6e2352a8a1a122d323ca20:标顶洞人🌝
2024-02-16 07:53:22 [WECHATBC_MAIN] : @1b36ad80552bc66de9799d8d30873ff7f0834dd396906f5bce43346d983c547c:太白
2024-02-16 07:53:22 [WECHATBC_MAIN] : @7beb7167f8911c6fafdb3ed8738670dbf1f6bcf642512ca7b149ee16d91c3280:玉宇
2024-02-16 07:53:22 [WECHATBC_MAIN] : @29e55aeb3d14b902574ec1eb1d265387b151fb22b8a0eff38ee15014d669c850:ღ火炎焱燚ꦼ
2024-02-16 07:53:22 [WECHATBC_MAIN] : @348c85d717cc31b54c4255c4081a8453d1aff3b585e592d079cc2d92d2aa0470:Aloha
2024-02-16 07:53:22 [WECHATBC_MAIN] : @73da1659f64ffaf3e2b69c7f88179f04f461827ec6777ea221dacdb9c6dc15cd:老爷保佑
2024-02-16 07:53:22 [WECHATBC_MAIN] : @d37a1d9219457dff07a0217787b9025c3a5f60459b2919f305b6b350a0abdf70:2z
2024-02-16 07:53:22 [WECHATBC_MAIN] : @9e49e3342c76818889ee00663f09ee79:你的生活我的梦想
2024-02-16 07:53:22 [WECHATBC_MAIN] : @f27650f103cadb95ad4f0d3824fd875e:海豚网游加速器
2024-02-16 07:53:22 [WECHATBC_MAIN] : @eae157d2c24726f4b190a42cf8f1682e:Su2
2024-02-16 07:53:22 [WECHATBC_MAIN] : @ffe173e4fdd3d72464d2681046fb3ec42c854c0f4aafd4ce46c364c7563f2cf8:威廉
2024-02-16 07:53:22 [WECHATBC_MAIN] : @48329e9a09f0a9641ccf32bd1f3c67dfe276802e7acc4820801a531715465130:董不懂
2024-02-16 07:53:22 [WECHATBC_MAIN] : @c76bb816e343558681872369ae96232d0ae1d4ff71e42b5aeb507a4d46d9c175:福🦆
2024-02-16 07:53:22 [WECHATBC_MAIN] : @5fadc726486ea69a628420eba10ad6c6:电手
2024-02-16 07:53:22 [WECHATBC_MAIN] : @37369f60397bd5be7241c8c855666aec6a91e5b9960d585783601e5d6a2130ef:-
2024-02-16 07:53:22 [WECHATBC_MAIN] : @c4814eb28a96b14cfb1735a7e1126176464bb3b8ee75934ab4a7acedf940e78e:月<span class="emoji emoji1f377"></span>
2024-02-16 07:53:22 [WECHATBC_MAIN] : @1e1110d0ec5ec1b0918ecde31e18ee3ebc3646d92c8c648eff0e372238f1ad2f:樱桃🍒
2024-02-16 07:53:22 [WECHATBC_MAIN] : @1bc63bc5cd41cf50625ffac96b7a130fa5026dffe84fc2ad037fdf87bac7c089:A-河北祝江机床韩冬晓
2024-02-16 07:53:22 [WECHATBC_MAIN] : @26773fa4e5b163263babfad66e846313:异次元APP软件
2024-02-16 07:53:22 [WECHATBC_MAIN] : @612e4e7839846311f9f8734afbdc99db6638e00457963be9fc9f0482399f5a86:芜湖
2024-02-16 07:53:22 [WECHATBC_MAIN] : @1d305d67566f05268c17f7c4fa05a67a9372c639f9dfd002ccb9ba07ed0b0f35:九
2024-02-16 07:53:22 [WECHATBC_MAIN] : @e4bb582edda7dea78b5f4713245957e7cf381902c3f2d7e94b859d7586455373:.
2024-02-16 07:53:22 [WECHATBC_MAIN] : @1160db6cf9e8a898abc2fc6ce52e16f1:魂之乐享
2024-02-16 07:53:22 [WECHATBC_MAIN] : @ae7aca1b17e54a8b197f690803962fdf9b10a5dfe8ba2bdf99fcb323768fc6a3:滥情g.
2024-02-16 07:53:22 [WECHATBC_MAIN] : @fe1b29027b54ba2fe379d06c8790c724:耳根
2024-02-16 07:53:22 [WECHATBC_MAIN] : @baac73c526a0d3d89d1c05516680b70d5244a5eaf4008b84c812e915c4d52ad5:1
2024-02-16 07:53:22 [WECHATBC_MAIN] : @fff7e807959626a9802571bb1ed83b51bde633e5e6eaeb119ba0aab2e1fd0ef5:借我一秒钟
2024-02-16 07:53:22 [WECHATBC_MAIN] : @@aa8fbeb05e1030af708ec27cebb142e1a5fc8d25fca204573ab7e1f742a98a11:z,zzzsh
2024-02-16 07:53:22 [WECHATBC_MAIN] : @195b460673f1d0d6ec7f2cc59f672bcf:小李万事屋
2024-02-16 07:53:22 [WECHATBC_MAIN] : @2bb5ac926dc4d9bf056211369d9a2e0f:治愈读白
2024-02-16 07:53:22 [WECHATBC_MAIN] : @cdd4604fafe5a091e025a0daa838f9755eb12a774d854dadd4fac35126c6180e:扬狗爱cc🌬
2024-02-16 07:53:22 [WECHATBC_MAIN] : @4e5d0c1878cb060d0f100aecd9d11adc:广东建院
2024-02-16 07:53:22 [WECHATBC_MAIN] : @a40a1f9901cd9a777efa56551709e421243656c7b2d9339e6a523e0616b1eeb8:大海我的故乡
2024-02-16 07:53:22 [WECHATBC_MAIN] : @5d3447ed1d340c8b825e001a20a496b9a7ddb06ea0188453cd2bb3f683c57d3b:欣妍
2024-02-16 07:53:22 [WECHATBC_MAIN] : @185c0ceac4d18e340e9cdd21a616318d697342ede13d64b71b02e60797ea839b:利
2024-02-16 07:53:22 [WECHATBC_MAIN] : @ffe04215e4e6488ae86818035dd52f9f9618f7e6cbfd1c2b66d95a5e751cc7d1:Rebirth
2024-02-16 07:53:22 [WECHATBC_MAIN] : @5d1a7232c3bc3d42272aad061b2d9057dc9fd237689c158c2a34694f0c8e72ed:胖胖的孙某人
2024-02-16 07:53:22 [WECHATBC_MAIN] : @9e34a943388c7e2b6d20c10d56a852f33d0de7893e8752809f475af8aa66a491:寿～
2024-02-16 07:53:22 [WECHATBC_MAIN] : @5dec2a8bcee26adb9fa7a1e514b6d80494e6a19095077481befd0a772ac82255:SuriYan
2024-02-16 07:53:22 [WECHATBC_MAIN] : @2b9a4b47e015c9489ce30bbde426e7d537debc0394e2ca0869ea43d615148a4e:Solitude.
2024-02-16 07:53:22 [WECHATBC_MAIN] : @425a6e4d58ba542f6902188ea7d1a442663aac1ec12f574f99a47d3ee492d194:譚咏麟
2024-02-16 07:53:22 [WECHATBC_MAIN] : @987f71f2d77950563e7ee1128abf4e840c027dd52df2e143a54b84e9d2ecb315:木迁
2024-02-16 07:53:22 [WECHATBC_MAIN] : @72ed60f79a78324b8281ec57ace117564e57f526bb7c6874df7ec8fb89564934:h.
2024-02-16 07:53:22 [WECHATBC_MAIN] : @10919021781b06f7e578ab940203d3f8:热门精彩阅读
2024-02-16 07:53:22 [WECHATBC_MAIN] : @89e77f1d772b58e355acaa3db67fdddd:怪谈胖胖女
2024-02-16 07:53:22 [WECHATBC_MAIN] : @7fc1800c7c28f3ceaf6a5b8faa9c616a53ebea9e73fd58534f41a0e07c40a88e:懒人
2024-02-16 07:53:22 [WECHATBC_MAIN] : @805d675488d511e32d3974e10fb6d15d0b840eee07f744c98a903c84727a7ed9:Jammer
2024-02-16 07:53:22 [WECHATBC_MAIN] : @454dc248db775a1721fe7147b7cf167097eaf4f70d6d4d7be44d40f7ec2f5af8:ㅤ
2024-02-16 07:53:22 [WECHATBC_MAIN] : @bf7873f4be318d4145b0a7e8e55a0bad36c8fb0318b99bdaadcd7d3696bb3044:₀₃.
2024-02-16 07:53:22 [WECHATBC_MAIN] : @1515d5d0a0e287dacf620fabd40e223fb367fa4d3f071ebb1628ce0a638cbeeb:文人武
2024-02-16 07:53:22 [WECHATBC_MAIN] : @3e329b0c835ef46943da8067d954fe16ccd05909d06ea606c0eba26023b912a0: 繁華若夢
2024-02-16 07:53:22 [WECHATBC_MAIN] : @e071592e72e0e902ae4b56369babab995e5ddd496f393e44840d2e487956e6b9:xzt
2024-02-16 07:53:22 [WECHATBC_MAIN] : @3ad1a073e91369d8a8924c54e684ee29:外卖券摸摸所
2024-02-16 07:53:22 [WECHATBC_MAIN] : @16f174a6e594507525483d0678f3aeb8fc6d91b8e395f51dea2c2ce5082a9216:A春3悠慧多多<span class="emoji emoji1f389"></span>
2024-02-16 07:53:22 [WECHATBC_MAIN] : @3ba0f29cd9e167b1aa0ef551437e067943c4b952982676f0f757b6face38010c:杰
2024-02-16 07:53:22 [WECHATBC_MAIN] : @e8de15836f1a4f74c271f72e731da3fb:蒸汽游戏
2024-02-16 07:53:22 [WECHATBC_MAIN] : @47b0e0405876dde5ce88ce600fb5c473464a2b3fedb6822d11cc1e38187180ca:H
2024-02-16 07:53:22 [WECHATBC_MAIN] : @bcf8c1bd61cfaf7a9a9b577d69c0ed1630bfa0160256e50bb1f097f7f2faf21c:<span class="emoji emoji1f361"></span><span class="emoji emoji1f361"></span>
2024-02-16 07:53:22 [WECHATBC_MAIN] : @fdadfd1be2589b7e096c0c39d0d57cc2:琪琪
2024-02-16 07:53:22 [WECHATBC_MAIN] : @037eaa5ba2fd6e1564bdf22fcaf6912452b794f2d99ff0c527085dc22a7e933b:小宝
2024-02-16 07:53:22 [WECHATBC_MAIN] : @282372219cc762ebdcbc077cc9933a9924602a790221087f18c66d81ef74b38f:湘橋春漲
2024-02-16 07:53:22 [WECHATBC_MAIN] : @1e3c4c678ebf75a7d3414bebd2226209994e641f00a7e36d3daadedd5973c842:🧐
2024-02-16 07:53:22 [WECHATBC_MAIN] : @97cf5886fa1a7ea9999d76070a822f24:宅猪
2024-02-16 07:53:22 [WECHATBC_MAIN] : @e47b64c2309177c0731bf7806e5cf352:卢家妈妈 西餐厨房
2024-02-16 07:53:22 [WECHATBC_MAIN] : @90dfbc88671b49ece66891fbe1891401a4b783a99a7c9d171652c00e137e02be:橙
2024-02-16 07:53:22 [WECHATBC_MAIN] : @188f054a15fb5efed11cb3f3ceb79392:特摄资源共享
2024-02-16 07:53:22 [WECHATBC_MAIN] : @a99393351414658164ec917a223905e0:NS大玩家
2024-02-16 07:53:22 [WECHATBC_MAIN] : @d980ed66ab9cceb7822f09d330b0bd1b963c6e4f23ad0f9e8e52550a5018e9a0:A_ ZikX.
2024-02-16 07:53:22 [WECHATBC_MAIN] : @e3106e4e626ad609b53f2a086b6f925da6eefc9186974e57616722e8a7286808:G
2024-02-16 07:53:22 [WECHATBC_MAIN] : @37f43120ad08bb369eed8f5cef7e17f136316967c94357c4e46844b8b31ed7b2:22
2024-02-16 07:53:22 [WECHATBC_MAIN] : @9e0ff2fa4614f97d99989ac5e0f73478:广东建院消息
2024-02-16 07:53:22 [WECHATBC_MAIN] : @e4abbc67a8f17c5b3190e79564bbf16d:浮秀
2024-02-16 07:53:22 [WECHATBC_MAIN] : @5e075a7e6f1518d4aee94906fe3784f8cb53899d247721aa80bb94808ff0e286:wuli
2024-02-16 07:53:22 [WECHATBC_MAIN] : @@f4960e201fba8dd394db2b311aa8e78e0729579b701aba425bc988a0e582f3dd:森鶴教堂<span class="emoji emoji26ea"></span>
2024-02-16 07:53:22 [WECHATBC_MAIN] : @5105a00d6e439a5a925c81a21d6101ab35d687ece4ff9c449f7c6b7db7388dfd:Z.
2024-02-16 07:53:22 [WECHATBC_MAIN] : @5a10bef97e6cc3209c1e4548cf0840c4:酷猫电竞网咖联盟
2024-02-16 07:53:22 [WECHATBC_MAIN] : @02325dbecdf7fe8c737d375dad7df44a4e945ef645c8aa71fc4d1d40bc9666f2:（～_～）
2024-02-16 07:53:22 [WECHATBC_MAIN] : @53e6697d225363a4ae52ac9b12e89bd8:小星星资料库
2024-02-16 07:53:22 [WECHATBC_MAIN] : @91054779701f9b4c696707ecc719fb4bea971277aeb282751dacb6ef5004d3a1:Jeff
2024-02-16 07:53:22 [WECHATBC_MAIN] : @6fd878a6692f038e9c3cd457a8c004c7358b700ba3a94684af2ab7e36023894b:BLUE
2024-02-16 07:53:22 [WECHATBC_MAIN] : @6059d124f01538dfddbd6e40f3edc29e:吃货特权卡
2024-02-16 07:53:22 [WECHATBC_MAIN] : @6ff17173bb8fde2f26f942d51a17dd34:转转
2024-02-16 07:53:22 [WECHATBC_MAIN] : @8615d3bf29c584455e10d897bb4deed2f0912b20444d0303764a5b845fa56b80:沉默的小羊羔子
2024-02-16 07:53:22 [WECHATBC_MAIN] : @1ffa20dd6aea270620bc628853f0245e:中国移动10086
2024-02-16 07:53:22 [WECHATBC_MAIN] : @7ace2fe5f28de33f4e31e6b6fe6260d9:后浪俱乐部
2024-02-16 07:53:22 [WECHATBC_MAIN] : @ab3fa77f4bb6bf91436edef8be4aacdd0045310c0f27ded6192e216dc4c90db0:-
2024-02-16 07:53:22 [WECHATBC_MAIN] : @3f3ebfbd916826cd7a2273102eddedebb50619aa02a9fa6dbe8efad9c5ba70b9:北
2024-02-16 07:53:22 [WECHATBC_MAIN] : @55b89e6e07d45b40bd4e9ef3ddf41139:志愿者
2024-02-16 07:53:22 [WECHATBC_MAIN] : @536a3dc0e9eddd12c3c696822298704f:网易UU加速器
2024-02-16 07:53:22 [WECHATBC_MAIN] : @f10ae7172034bfb6aef54111016d7fe546e4d724e226acdab6fbc013ec6cc1e5:Sherry
2024-02-16 07:53:22 [WECHATBC_MAIN] : @aae4f4aa20f3ad6dc33695ea475233a859958ccf5a27df2ae3a87653e646e75c:ㅤ
2024-02-16 07:53:22 [WECHATBC_MAIN] : @3b684d56146f96199dccaf9ca202d660:汕头人社
2024-02-16 07:53:22 [WECHATBC_MAIN] : @668261f2fc1c6e380a2ae88b55d38194a8881ac9a0bde0ed28958738cd679993:鱼七七
2024-02-16 07:53:22 [WECHATBC_MAIN] : @575226bd371614bf4485bb1f2a42f4f2010b84d8c6242e913ac366d7710084bf:无所谓
2024-02-16 07:53:22 [WECHATBC_MAIN] : @54b9caf1779c86b0b93ed45cb92f10d0:潮职校园通
2024-02-16 07:53:22 [WECHATBC_MAIN] : @d61fcb1b1e26371e911a559e3373a98fecb071e469a993e12d3e0af385d0de9f:莹^O^
2024-02-16 07:53:22 [WECHATBC_MAIN] : @8297118a1541f0ad81cd850dd28738c7a7e7be0097e04f15d44754ea68fba438:。。。。。
2024-02-16 07:53:22 [WECHATBC_MAIN] : @1c7c5733f3d168c64199c2518f111bc92b16cac7410625ee194bd61e90a59811:A 中联电讯   郑灿伟
2024-02-16 07:53:22 [WECHATBC_MAIN] : @8d0d070df03d281e5643c7486fdb0e06fc42e8859d7d3cbb61816c028dde39cd:美宜佳
2024-02-16 07:53:22 [WECHATBC_MAIN] : @7febab5708061e33e2b0a411e363fb902ae72c607cb941d189efb2b9f152bd0d:【千浔】Ms.傅
2024-02-16 07:53:22 [WECHATBC_MAIN] : @d577dfca3fbc94a21a3d3dda6c97bcdc1904e596da102bf4239aac9107c33af3:计划师-可心
2024-02-16 07:53:22 [WECHATBC_MAIN] : @5e5b0c8df41035db2c11a60a5612813d:京东白条
2024-02-16 07:53:22 [WECHATBC_MAIN] : @0f2bc86b9d6077a14f50ad190c87909e86a4271cf2921e7a38edc44c19b15b8e:汉英
2024-02-16 07:53:22 [WECHATBC_MAIN] : @f498776dafaeb376af8290884f94a391:易博通eSender
2024-02-16 07:53:22 [WECHATBC_MAIN] : @148276908d18c45d7dadc58adde9ed94d348f90f03e499e5bd2c105e6b2a8bff:春雪
2024-02-16 07:53:22 [WECHATBC_MAIN] : @88d4e0c5898acb74065fe067e296dbec91b9d4a1ea65f2c0e6a895831e5f98f9:广东青年
2024-02-16 07:53:22 [WECHATBC_MAIN] : @0e10f1dbc637e182d8c53dbcfe863408166f15bb32f45eb5f47f2fdf2ddbd027:.
2024-02-16 07:53:22 [WECHATBC_MAIN] : @4723269d0a400f8669ec8ec4df09ebba8a469e3afd092a58f9c4cdb3e90c4ecc:以至于
2024-02-16 07:53:22 [WECHATBC_MAIN] : @1898e22514bbd8b0e879b440d30d0456c76aac3064fbb965b70cbce91a379fcc:莹^ω^
2024-02-16 07:53:22 [WECHATBC_MAIN] : @f3301c0917427294f3ff44fa2668b039ef7da0bc4bce8d328ae4159adaeed00a:<span class="emoji emoji1f525"></span>Sparks
2024-02-16 07:53:22 [WECHATBC_MAIN] : @55679c78bf61d6bec45151b5dc8c6b062afd77921a96553695fbfd836127e811:<span class="emoji emoji1f525"></span>
2024-02-16 07:53:22 [WECHATBC_MAIN] : @4362a7d3d6f0771572ca18f3fd1a56486303fe2360c369a909ab9c9e07f4410d:韓
2024-02-16 07:53:22 [WECHATBC_MAIN] : @e6c835d6758b6a8f48529e8f1a465298df972b17132274b67d54a3eacec0a5e4:独人13
2024-02-16 07:53:22 [WECHATBC_MAIN] : @6b481a60e3abad9ebdd06f7447234ae2e6dadedb49c9bb16a68772f4138e25e8:橘ne
2024-02-16 07:53:22 [WECHATBC_MAIN] : @35acafe1444619fe2ef5c6fddc05204e:辰东
2024-02-16 07:53:22 [WECHATBC_MAIN] : @9e8e2bbd611d1f9942fdebe0609957c748640f51baf9b8282ce70c618b048890:VIP
2024-02-16 07:53:22 [WECHATBC_MAIN] : @8d14b896b456412e6c6f253e4dec1a5d2b8361abe93359e1adaa310ed0a9f6bc:ᥫᩣ.
2024-02-16 07:53:22 [WECHATBC_MAIN] : @5fdfa6186ca4c04b8331ce9ee7032f2a3a50785317958d87d05cfee5391148a4:-
2024-02-16 07:53:22 [WECHATBC_MAIN] : @db3295b402a3480425cf04752f536213:Joker.
2024-02-16 07:53:22 [WECHATBC_MAIN] : @8d9dcc1b70ea7a29030e8a56f681e8e2922cb8d9c5bac5c1c2f38ac67ee5749f:今天想我了嘛.
2024-02-16 07:53:22 [WECHATBC_MAIN] : @10f1159a1748c750a0ae88a2f013258c1262fe3a43d38b33ab95521f0de96417:老细肠粉甜品小吃1号店
2024-02-16 07:53:22 [WECHATBC_MAIN] : @946bae8b3b57078f479cade9509ed7813fdd5ef9d7bc1b7b6d77e3bc28cd9f31:xh
2024-02-16 07:53:22 [plugin-loader] : 载入了 2 个插件
2024-02-16 07:53:22 [WECHATBC_MAIN] : 启动控制台...
2024-02-16 07:53:22 [WECHATBC_MAIN] : Message(msgId=1298886483287683464, fromUserName=@4af8493bbabd37082f28e28e1704b6c1eff74bf4aa6e66591afb3666f9eb4b61, toUserName=@d4e243c06ddbbcab8246f03e33cef33b1d73abfabeacbd9db0ab5d5d50908f5a, msgType=TextMsg, content=, status=3, imgStatus=1, createTime=1708041201, voiceLength=0, playLength=0, fileName=, fileSize=, mediaId=, url=, appMsgType=0, statusNotifyCode=2, statusNotifyUserName=@d4e243c06ddbbcab8246f03e33cef33b1d73abfabeacbd9db0ab5d5d50908f5a, recommendInfo=RecommendInfo(userName=, nickName=, qqNum=0, province=, city=, content=, signature=, alias=, scene=0, verifyFlag=0, attrStatus=0, sex=0, ticket=, opCode=0), forwardFlag=0, appInfo=AppInfo(appId=, type=0), hasProductId=0, ticket=, imgHeight=0, imgWidth=0, subMsgType=0, newMsgId=1298886483287683464, oriContent=, encryFileName=)
2024-02-16 07:53:22 [SYNC-CHECK] : [msg type] TextMsg
2024-02-16 07:53:22 [SYNC-CHECK] : z>zzzsh : 
2024-02-16 07:53:23 [WECHATBC_MAIN] : Message(msgId=6548550954635776461, fromUserName=@4af8493bbabd37082f28e28e1704b6c1eff74bf4aa6e66591afb3666f9eb4b61, toUserName=@4af8493bbabd37082f28e28e1704b6c1eff74bf4aa6e66591afb3666f9eb4b61, msgType=TextMsg, content=, status=3, imgStatus=1, createTime=1708041202, voiceLength=0, playLength=0, fileName=, fileSize=, mediaId=, url=, appMsgType=0, statusNotifyCode=11, statusNotifyUserName=, recommendInfo=RecommendInfo(userName=, nickName=, qqNum=0, province=, city=, content=, signature=, alias=, scene=0, verifyFlag=0, attrStatus=0, sex=0, ticket=, opCode=0), forwardFlag=0, appInfo=AppInfo(appId=, type=0), hasProductId=0, ticket=, imgHeight=0, imgWidth=0, subMsgType=0, newMsgId=6548550954635776461, oriContent=, encryFileName=)
2024-02-16 07:53:23 [SYNC-CHECK] : [msg type] TextMsg
2024-02-16 07:53:23 [SYNC-CHECK] : z>z : 
2024-02-16 07:53:30 [WECHATBC_MAIN] : Message(msgId=8133923159144479209, fromUserName=@d4e243c06ddbbcab8246f03e33cef33b1d73abfabeacbd9db0ab5d5d50908f5a, toUserName=@4af8493bbabd37082f28e28e1704b6c1eff74bf4aa6e66591afb3666f9eb4b61, msgType=TextMsg, content=无内鬼, status=3, imgStatus=1, createTime=1708041209, voiceLength=0, playLength=0, fileName=, fileSize=, mediaId=, url=, appMsgType=0, statusNotifyCode=0, statusNotifyUserName=, recommendInfo=RecommendInfo(userName=, nickName=, qqNum=0, province=, city=, content=, signature=, alias=, scene=0, verifyFlag=0, attrStatus=0, sex=0, ticket=, opCode=0), forwardFlag=0, appInfo=AppInfo(appId=, type=0), hasProductId=0, ticket=, imgHeight=0, imgWidth=0, subMsgType=0, newMsgId=8133923159144479209, oriContent=, encryFileName=)
2024-02-16 07:53:30 [SYNC-CHECK] : [msg type] TextMsg
2024-02-16 07:53:30 [SYNC-CHECK] : zzzsh>z : 无内鬼
2024-02-16 07:53:34 [SYNC-CHECK] : java.lang.reflect.InvocationTargetException
2024-02-16 07:53:34 [SYNC-CHECK] : 在尝试异步获取消息时遇到了一个错误
