2024-02-16 06:03:36 [WECHATBC_MAIN] : 已扫描二维码，请确认登陆
2024-02-16 06:04:01 [WECHATBC_MAIN] : 等待扫码中...
2024-02-16 06:04:26 [WECHATBC_MAIN] : 等待扫码中...
2024-02-16 06:04:31 [WECHATBC_MAIN] : 已确认登陆
2024-02-16 06:04:32 [WECHATBC_MAIN] : 已取得登录信息:
2024-02-16 06:04:32 [WECHATBC_MAIN] : BaseRequest(uin=281175185, sid=azvuekRUM1oWJ25C, skey=@crypt_c1a555a6_6deb483bfdd0ef85d8c3e2a10aa4d893, deviceId=e756764823171039, dataTicket=gScjTwIAkZoCwryCnP9Qn+Tm, passTicket=jCbwLcKUV1%2Fz%2BVXo8GX03B7YiHoJKBgpMLb7wgdCmJeYVFFpoFkckgWKncMjFr0YH2I5sT%2BsMmA%2BhIXKrBT31w%3D%3D, authTicket=CIsBELXIwucKGoAB9JLVeUPdpFlI4ojLsQ0Gltw9xx1lbpKOD1Eoo/dbogXJ+T92J95nrnpzrqxsgIMglS1K4JPZ9/wRSATqdJEko08Ssu2CsIIKAQf3VBjCRr3cQWLgV5oY/2s7C+fnOPWzEh2o3e+dfJ6yIYXclucgRKIFOdT4EwiPkmJ/wX0/OWE=, initCookie=[wxuin=281175185; expires=Fri, 16 Feb 2024 10:04:31 GMT; domain=wx2.qq.com; path=/; secure, wxsid=azvuekRUM1oWJ25C; expires=Fri, 16 Feb 2024 10:04:31 GMT; domain=wx2.qq.com; path=/; secure, wxloadtime=1708034671; expires=Fri, 16 Feb 2024 10:04:31 GMT; domain=wx2.qq.com; path=/; secure, mm_lang=zh_CN; expires=Fri, 16 Feb 2024 10:04:31 GMT; domain=wx2.qq.com; path=/; secure, wxuin=281175185; expires=Fri, 16 Feb 2024 10:04:31 GMT; domain=qq.com; path=/; secure, webwx_data_ticket=gScjTwIAkZoCwryCnP9Qn+Tm; expires=Fri, 16 Feb 2024 10:04:31 GMT; domain=qq.com; path=/; secure, webwxuvid=b0c1512a3960be8895dbe4551510255d6abdb54f4e6a851c822f8b44092154067998ffb9db8fc79327658b4701974621; expires=Sun, 12 Feb 2034 22:04:31 GMT; domain=wx2.qq.com; path=/; secure, webwx_auth_ticket=CIsBELXIwucKGoAB9JLVeUPdpFlI4ojLsQ0Gltw9xx1lbpKOD1Eoo/dbogXJ+T92J95nrnpzrqxsgIMglS1K4JPZ9/wRSATqdJEko08Ssu2CsIIKAQf3VBjCRr3cQWLgV5oY/2s7C+fnOPWzEh2o3e+dfJ6yIYXclucgRKIFOdT4EwiPkmJ/wX0/OWE=; expires=Sun, 12 Feb 2034 22:04:31 GMT; domain=wx2.qq.com; path=/; secure])
2024-02-16 06:04:33 [WECHATBC_MAIN] : 已初始化微信信息:
2024-02-16 06:04:33 [WECHATBC_MAIN] : 用户信息:
2024-02-16 06:04:33 [WECHATBC_MAIN] : Contact(uin=281175185, userName=@b16ccfa714050a00dc608973f395c8af5b1a2da147b1d70cc26a685eac941a52, nickName=z, headImgUrl=/cgi-bin/mmwebwx-bin/webwxgeticon?seq=900774791&username=@b16ccfa714050a00dc608973f395c8af5b1a2da147b1d70cc26a685eac941a52&skey=@crypt_c1a555a6_6deb483bfdd0ef85d8c3e2a10aa4d893, contactFlag=0, memberCount=0, memberList=null, remarkName=, hideInputBarFlag=0, sex=1, signature=已换微信 meteor1913103, verifyFlag=0, ownerUin=0, pyInitial=, pyQuanPin=, remarkPYInitial=, remarkPYQuanPin=, starFriend=0, appAccountFlag=0, statues=0, attrStatus=0, province=null, city=null, alias=null, snsFlag=257, uniFriend=0, displayName=null, chatRoomId=0, keyWord=null, encryChatRoomId=null, isOwner=0)
2024-02-16 06:04:35 [WECHATBC_MAIN] : 联系人列表数量: 315
2024-02-16 06:04:35 [WECHATBC_MAIN] : @65a7e7a2ab7bb4e933f79e60bb8bd289:拼多多
2024-02-16 06:04:35 [WECHATBC_MAIN] : @05e7eb182521fefb58c574bf684ca421e1e7f2483725cc9929d0773c7e4633be:木讷
2024-02-16 06:04:35 [WECHATBC_MAIN] : @3ffb6ed9f5c46bde56ed59d8063d54d7355d1a3335eb8c86237b105d6efd8780:星光
2024-02-16 06:04:35 [WECHATBC_MAIN] : @6184fe1e3bd0adfd5aabcf41c0f141c45ff6fedba6a8be3fbd857c44436b0516:-
2024-02-16 06:04:35 [WECHATBC_MAIN] : @aa1ce747015b20d95c21c256efd32791:沐沐热喵
2024-02-16 06:04:35 [WECHATBC_MAIN] : @93e34d14e670e29448147cd6e1454a33dffc6420b903e8e1283fc8b546f38804:只手摘星辰
2024-02-16 06:04:35 [WECHATBC_MAIN] : @aa360a29ab5fc0f84de118852d384e1bd0aa00d9a42a0a698a376eec23efe992:威廉
2024-02-16 06:04:35 [WECHATBC_MAIN] : @d5d29853096bc18439394ffca12c31c91ecee1a218d92ceab8208739a1e8a3c5:Rebirth
2024-02-16 06:04:35 [WECHATBC_MAIN] : @18e9d3ea7766e6515557837b64cd0e31a5546a39075c58affbf6b9cccb22223c:SOYU
2024-02-16 06:04:35 [WECHATBC_MAIN] : @fd1f5f92e1e99889975ef20fbe9387a4bbd315e41eaf804dd3f9a97a4d0c025b:湘橋春漲
2024-02-16 06:04:35 [WECHATBC_MAIN] : @bf7d83c7624b9060cf70becb1c88b3d5de8c2376a37658890017db1b9810afae:拉勾为什么要上吊
2024-02-16 06:04:35 [WECHATBC_MAIN] : @1a520bc553bfeb44fbd8a8bce36fc72214792f6789c22beda8808184de4f917f:听岛屿.
2024-02-16 06:04:35 [WECHATBC_MAIN] : @1fecf4b5efec2b0c1c0d16d7f54f319f0ce7b3f6d09e75f783a53d7870b2dbd6:北
2024-02-16 06:04:35 [WECHATBC_MAIN] : @9fd292b4cf6379bf15e20475c34b9c65:天蚕土豆
2024-02-16 06:04:35 [WECHATBC_MAIN] : @d3f69abacd1f29536303d09b7f7080ccf6312cd119b8f77fee3b206d9a408532:碎星辰<span class="emoji emoji1f1e81f1f3"></span>
2024-02-16 06:04:35 [WECHATBC_MAIN] : @8677ee8dcfbac21cc8fe68c3df338f7e486d6fc28e48c3e4de2688c106c06e06:皮蛋
2024-02-16 06:04:35 [WECHATBC_MAIN] : @5d40e155d9a5349eb8ecdf2b63e5644ad60e22d57d36a5d2010c3af7e63d0218:2z
2024-02-16 06:04:35 [WECHATBC_MAIN] : @ec1a5e739da8867635a42153dfe8e107:琪琪
2024-02-16 06:04:35 [WECHATBC_MAIN] : @36ee1f8e49fc74ef38da703898c266de:治愈读白
2024-02-16 06:04:35 [WECHATBC_MAIN] : @5fcf5aa5b43725dca7c8a4abcf176996b4fa133ce45e254bdc91243068e5b572:等一下七月
2024-02-16 06:04:35 [WECHATBC_MAIN] : @d347eb10d6ffc4781b88e6c4fda8c593:NS大玩家
2024-02-16 06:04:35 [WECHATBC_MAIN] : @248eda31fa9bfe54301252ad3718a266:小李万事屋
2024-02-16 06:04:35 [WECHATBC_MAIN] : @5216c3bd1f3df442a1fd632ae4e7f746530d87fd6d6ce7ef615af091ea60de28:<span class="emoji emoji1f525"></span>Sparks
2024-02-16 06:04:35 [WECHATBC_MAIN] : @c6ad37015c6765f3634a0c92a1e4fac235ddd64af2a8b4280a2da32b58565454:祈
2024-02-16 06:04:35 [WECHATBC_MAIN] : @b1e590136ea4a5aa4ea8e44732e2e75c88cf1531a37041292f885c1b9bf6100f:好运常在
2024-02-16 06:04:35 [WECHATBC_MAIN] : @fb6bbf3cc62387a8dd50b85c6f9c19c04d058f6ac14065c081a2cbbc95323e55:怎么取一个正常点的名字
2024-02-16 06:04:35 [WECHATBC_MAIN] : @a7c337f9248d3aedfa37b470cb9cda1a00c04b88ad65c74176935389d6e07d19:白胡子
2024-02-16 06:04:35 [WECHATBC_MAIN] : @a959bc783e3283293d0d2a06e60dac08:agiso自动发货
2024-02-16 06:04:35 [WECHATBC_MAIN] : @991a8cf2f4f02b483d834f2127486a8e1cd2cbb2d788665c60a12a69ed6a5385:月<span class="emoji emoji1f377"></span>
2024-02-16 06:04:35 [WECHATBC_MAIN] : @4f918a4505e41f4321fde1c4bdd0137fa9dce5985b61b96e31e74c74f956c30d:山海
2024-02-16 06:04:35 [WECHATBC_MAIN] : @6d4bae25439bfc524f87faaea9768cf5f6ea63c36a7039ecd39c3d1b2571551f:ㅤ
2024-02-16 06:04:35 [WECHATBC_MAIN] : @@554da25f90a1d35178deedb446325c670141afa21a7eda1a3c349113faca360e:z,zzzsh
2024-02-16 06:04:35 [WECHATBC_MAIN] : @d0d664ecbf986c16235e4e7900251ae5a1c97fa1a7bdf5baaf6a558415f55af5:！
2024-02-16 06:04:35 [WECHATBC_MAIN] : @4e6214c7e77b7b444bce8f6f67edb79f30300ce8776ea97e73ffd7aa3e3947f6:卡哇伊
2024-02-16 06:04:35 [WECHATBC_MAIN] : @d4152b26b89dd34cb945816c651fde35c8130be8444db42cb5e863c22d06c5d0:DLx
2024-02-16 06:04:35 [WECHATBC_MAIN] : @1066b57ac4862ac2fd272b54dab8753d9e02eb2f8080ea44f92f1fe4f234faa7:ᥫᩣ.
2024-02-16 06:04:35 [WECHATBC_MAIN] : @5e7af150dd3dae90c6bbe9887d80de207875066a8d26030265b10ccf16062aa8:C.
2024-02-16 06:04:35 [WECHATBC_MAIN] : @7723676e9b82fdf19968eb3f3e78eeee05a47cbf97182ed21bd1165d02351a58:！
2024-02-16 06:04:35 [WECHATBC_MAIN] : @9fa69234897518fc07ccde05eed53c66becd5549ef5b5dcdaccb83841ae3eb46:ღ火炎焱燚ꦼ
2024-02-16 06:04:35 [WECHATBC_MAIN] : @8f86b1b50c58984edac4a3097a2bd10431a5854cb7a4b21203fb84ffcc7548ec:垚
2024-02-16 06:04:35 [WECHATBC_MAIN] : @fad0ebf6a2456199971c506dcd77ef9460c87c4deb0d53818b39b3392440ffa1:Sleeeeping
2024-02-16 06:04:35 [WECHATBC_MAIN] : @77edac43ecd8bff57f621bfdc8afbfb14a109408826cfe607db1884073403c88:平平歌(ᇂ ㉨ ᇂ)
2024-02-16 06:04:35 [WECHATBC_MAIN] : @37693c1e0db44340f7e3376562b235114f3b6e4417581ae0afb98b4927dd86ea:wuli
2024-02-16 06:04:35 [WECHATBC_MAIN] : @511a4f6139641107e1259bb3d7a44131:酷猫电竞网咖联盟
2024-02-16 06:04:35 [WECHATBC_MAIN] : @cab64e7b736add078023acf431692388746af0f1679ccea13093937e51311378:晚风
2024-02-16 06:04:35 [WECHATBC_MAIN] : @ad3c11d4087434956b67aa8b5bbe96ebbbbf35f839eb7774107c946e513d32a8:G
2024-02-16 06:04:35 [WECHATBC_MAIN] : @3d9b0e596057f5182810b45c526a08ac:魂之乐享
2024-02-16 06:04:35 [WECHATBC_MAIN] : @0daf1cf16a59453643020be14107ae9770a0d86ee5767cfb50897cac81c0d9c5:莹^O^
2024-02-16 06:04:35 [WECHATBC_MAIN] : @d40d6a09af3fb7c6fb5f50e893ba00e036d39c5bb3de08f5563a3924b483a198:Nachanka
2024-02-16 06:04:35 [WECHATBC_MAIN] : @2537b74ac12eef0366c16f208603378a76f48cca3e37a1e76ad73304ec88d28c:曦热
2024-02-16 06:04:35 [WECHATBC_MAIN] : @d23482d01d11a866b571e9e63d5e5a9c:小木生活观
2024-02-16 06:04:35 [WECHATBC_MAIN] : @613079cf718972c560b569120b2e2326:老廖
2024-02-16 06:04:35 [WECHATBC_MAIN] : @f96deef75dede32fdcc8108b223023286120ac5593e9a76c3a45c2f9042142a2:buo
2024-02-16 06:04:35 [WECHATBC_MAIN] : @f5628fef98730770c1c162f6cf17eb96997bde1e4e4619baacd9c472d5360f4d:光星网咖 (营业中）
2024-02-16 06:04:35 [WECHATBC_MAIN] : @db6f66aaa1fea20bee9aaba00130dbbd:广东建院消息
2024-02-16 06:04:35 [WECHATBC_MAIN] : @6c7130c9cb30448e82df2531592cbe17b21fd33dc74a38f2cf9641b8e634c616:橘ne
2024-02-16 06:04:35 [WECHATBC_MAIN] : @9b2805a32c5fba6d3e1365d2272eb8a0c86ffb3d965f5337e2867e6761c38d6a:譚咏麟
2024-02-16 06:04:35 [WECHATBC_MAIN] : @ae219020de084e4591337ace1389c1e08487e92d954aa814997934da87d686af:欣妍
2024-02-16 06:04:35 [WECHATBC_MAIN] : @06951c2e2b5338d9248b1f92e60284f56d1876eed7efb0f96703b19917c811cc:Sherry
2024-02-16 06:04:35 [WECHATBC_MAIN] : @7e60cf6e49767d744c4f1484c577eef070c9bcdd54db8b943541a183fef76565:Jammer
2024-02-16 06:04:35 [WECHATBC_MAIN] : @10c0032d454656d0d8ef6787d57cbca8:外卖有多少
2024-02-16 06:04:35 [WECHATBC_MAIN] : @3cab0148f8bab0eccc22090ff7cde33360aaa104c3984a99e988176b9e14a792:1
2024-02-16 06:04:35 [WECHATBC_MAIN] : @dd83c5131a6a5685632d9f87c9c8ca9f595cff79924663341798f64b4471737c:.
2024-02-16 06:04:35 [WECHATBC_MAIN] : @49abe921482537fcf4c1b995513854d2:京东白条
2024-02-16 06:04:35 [WECHATBC_MAIN] : @f95c013e7c044cebe45c6eaae27abd61f00491c8489dd3fdbad04a2656bfa566:h.
2024-02-16 06:04:35 [WECHATBC_MAIN] : @2f07eb0265f4e0b1b77f2ba3aa6c410a11177cdf3211a6aed8533132e61f20dd:<span class="emoji emoji1f349"></span>
2024-02-16 06:04:35 [WECHATBC_MAIN] : @bb4399546449c304871eb78a927286806c31bbc6bfb89253a79576c8e96dcc24:樱桃🍒
2024-02-16 06:04:35 [WECHATBC_MAIN] : @0b66b80f5fcb45d6b2b806074df3a718:平面设计狮
2024-02-16 06:04:35 [WECHATBC_MAIN] : @a1b0103548955ecec5d1b22a40bb03cc17518f046663de210d99bc7e3446c0d5:FyG
2024-02-16 06:04:35 [WECHATBC_MAIN] : @699c13820bbc462b79237287f2c8969b27c9803cd67ea34a45c9e67562a33884:ིྀ
2024-02-16 06:04:35 [WECHATBC_MAIN] : @c8003a363f50459eda617ef44cd39f36f3d442fde245c9b073d8605d2b506b29:培
2024-02-16 06:04:35 [WECHATBC_MAIN] : @34c40e41aa7f8b0a57b0ca131f0862cd42f15730098fa0169258593210736bc1:笙歌十里
2024-02-16 06:04:35 [WECHATBC_MAIN] : @cb69a5ba804088114c847c61cbdc01a86b21f988458cab2d23c1d83614012331:（～_～）
2024-02-16 06:04:35 [WECHATBC_MAIN] : @c3bc7234ad5f56233fd35222d6cf733041d69133d402f3f1da7c1bcb24a278d9:春雪
2024-02-16 06:04:35 [WECHATBC_MAIN] : @197587fdbc93806a21530890fd782ea0fbcd0a15214940f8f9670ac2b8c8c588:Ljh🤩
2024-02-16 06:04:35 [WECHATBC_MAIN] : @c52400f97d321e4745f3e4ce7d6721696e7a51e9322693f6049857f6e3ea8f5b:标顶洞人🌝
2024-02-16 06:04:35 [WECHATBC_MAIN] : @1b87bd93016a3fdeee12def1ec6a5ece:余熙小灶
2024-02-16 06:04:35 [WECHATBC_MAIN] : @e66faffe1b8e71ed7f09148f44cac41edeb3db37461d0afc7efed149da563cf6:<span class="emoji emoji1f361"></span><span class="emoji emoji1f361"></span>
2024-02-16 06:04:35 [WECHATBC_MAIN] : @1c49320c18c841b50b65a2faa953f545d9c35977c61a4fd95d8f201986e4096d:顾玖
2024-02-16 06:04:35 [WECHATBC_MAIN] : @530b2c309a46ece29e2312f42086f4d555d585c1268afbcf8e67feee17d382fc:₀₃.
2024-02-16 06:04:35 [WECHATBC_MAIN] : @952cba21252eec09ac29ed444fa12c495b027ca992f4d6f724fb0828bd3b4e80:区冠贤
2024-02-16 06:04:35 [WECHATBC_MAIN] : @39b669cd54d1f94ec74b909e9c994e3006a80a463138b2c283f3a1283f24ff56:熊大
2024-02-16 06:04:35 [WECHATBC_MAIN] : @1f46488bd33f3f6e34dc4b9cfa3b67f5:GoLink加速器
2024-02-16 06:04:35 [WECHATBC_MAIN] : @6f3f4ae4fb51120ead22497793760a47aa182daca95326ead0b42f22c2afcc92:<span class="emoji emoji1f525"></span>
2024-02-16 06:04:35 [WECHATBC_MAIN] : @76620c359339b77e638cb8883542c59946894ec59b94bf18cad2cbe3e49a56e4:Diss8c豆
2024-02-16 06:04:35 [WECHATBC_MAIN] : @1f0852b347ce0d00d972c3d1c0cb20f5ab21e9622870a3b79cf73a61d9a41786:Aloha
2024-02-16 06:04:35 [WECHATBC_MAIN] : @293a1d02aa4640f3e78ac207f7805c55833c48e920a0975a83f5c375c76bed90:沉默的小羊羔子
2024-02-16 06:04:35 [WECHATBC_MAIN] : @a25597759f17012dbc29b7ad554108d4913cdf5d8b1db4218fa2839e14b7faa5:广东青年
2024-02-16 06:04:35 [WECHATBC_MAIN] : @9942645c1e50c6302bf3931230b537538039f350181d657f25907d95b3e3005b:瘾
2024-02-16 06:04:35 [WECHATBC_MAIN] : @94060b8a261d40741dea964fad756436918291f7c2efeeeb484578fd30f7b8ce:微笑的高圆圆
2024-02-16 06:04:35 [WECHATBC_MAIN] : @cd28a2a834ab94a0f5a6159451dfd0dbcc02f9886034402e66feebc7b9a78401:Solitude.
2024-02-16 06:04:35 [WECHATBC_MAIN] : @ee46807865d663500d4b7ac2e1f0b756440d835a03c9632f02c10dfeff253486:岁月无声
2024-02-16 06:04:35 [WECHATBC_MAIN] : @4f68faa5265fd7a5fde781703d660421ac8ab8a868797a47a9a370fe7e1fca86:zzzsh
2024-02-16 06:04:35 [WECHATBC_MAIN] : @a10bef505fca57f585fbd8b3f2e2bc786c522d48cb118ba3fbeb1d265fccb4e6:楠浅ꫛꫀꪝ
2024-02-16 06:04:35 [WECHATBC_MAIN] : @926a72f6f81346f7abee750f14235dc4:小智LOGO
2024-02-16 06:04:35 [WECHATBC_MAIN] : @a5573bba836e3582cedfeebc1d780c7f:wsice_肆
2024-02-16 06:04:35 [WECHATBC_MAIN] : @cb2a1ccda18301d437b7e4b140439d2edad3103b742dccb4307187933c351b1c:AOO࿐努尔 诚信经营 花呗金融
2024-02-16 06:04:35 [WECHATBC_MAIN] : @bc6589e133868b9ea9b762fad58e92be:三叔软件
2024-02-16 06:04:35 [WECHATBC_MAIN] : @7970d437b3edd58b781d1570cd99d6a4435c3bf5c284f83f9f246e6d995b4d3c:Arun丶
2024-02-16 06:04:35 [WECHATBC_MAIN] : @4c786eb4ea15c647159cc16c37e5c69a0824afd46d775e39a44c602210feb1a1:发财小掌柜<span class="emoji emoji1f4a1"></span>
2024-02-16 06:04:35 [WECHATBC_MAIN] : @624d08bd524e06d98728d7b2d87b3a84c0614a8be3553898ff45c601ffce8225:Coast（2.1号放假-2.19上班）
2024-02-16 06:04:35 [WECHATBC_MAIN] : @6b900a54c774ba7d1b71b40ed38de6b1:怪谈胖胖女
2024-02-16 06:04:35 [WECHATBC_MAIN] : @3d559eac70c03735b6233df7e5d52484cacc8e342b41b176a066d066610ca1c5:振袖秋风问红叶
2024-02-16 06:04:35 [WECHATBC_MAIN] : @31d338bb126ddc57093d62ab672c42a95e482e6b35ba3d4faab04056c68bbc95:干净
2024-02-16 06:04:35 [WECHATBC_MAIN] : @b95a27f9d7013fe257a85911eb3e9f0e78e5f40573edd699c69e9fc95c29134f:ᯤ⁶ᴳ
2024-02-16 06:04:35 [WECHATBC_MAIN] : @38b47b9ae47079bf0a07d4ae4305bc25f7fda2f6586d9c5c073e61800db30454:  
2024-02-16 06:04:35 [WECHATBC_MAIN] : @5de47ce9132a9069df7b719932ebe489:便利店艺术家
2024-02-16 06:04:35 [WECHATBC_MAIN] : @3ebd496524b510e62dbc0a1d8d17dd287099703232eb8d735435eaf4f12f623d:D。
2024-02-16 06:04:35 [WECHATBC_MAIN] : @f871bd908e5464c67ecc6fcd1dca59ba166c859d911e64b080983e38d309f291:香奈儿<span class="emoji emoji1f42d"></span>
2024-02-16 06:04:35 [WECHATBC_MAIN] : @3d6d1cba3ec3e83ac236cb693059b601b48918343401f7d8b126c76249fa4cf7:A㍿࿐黑人校⃣長⃣ゝ诚信服务
2024-02-16 06:04:35 [WECHATBC_MAIN] : @73677c3e49505aacdade5278a0b50e57ca20bdddfa771b8a51735710412c7b36:22
2024-02-16 06:04:35 [WECHATBC_MAIN] : @ed6b3d3887a650d002c9898e24cd7e6be2a30294671695d0937e86ef7e366bb4:安逸
2024-02-16 06:04:35 [WECHATBC_MAIN] : @805bc3660e27c44f1f0fef64a42c3b4e26d9132e8ff33a23fd453514915a6b36:橙
2024-02-16 06:04:35 [WECHATBC_MAIN] : @@a4f07b8a93aa460215aa59f1573b2a21c741946377470941a5a6e70774362dbe:森鶴教堂<span class="emoji emoji26ea"></span>
2024-02-16 06:04:35 [WECHATBC_MAIN] : @9911587282342cc3ebd212e058c44c19d215a90f0ff895df3f7b2a78efa93add:失忆
2024-02-16 06:04:35 [WECHATBC_MAIN] : @c00247656042ed37e7c61852678882a428eb127ecd27ecb3ab2dab0bad3d60f6:意粥.edu
2024-02-16 06:04:35 [WECHATBC_MAIN] : @684ed865513e0eddb1133ee2db2c306b23e94528e19d9a70bca071bb28a87c82:扬狗爱cc🌬
2024-02-16 06:04:35 [WECHATBC_MAIN] : @a92f85400558215897f3c2dc138c746f:奇妙加速器
2024-02-16 06:04:35 [WECHATBC_MAIN] : weixin:微信团队
2024-02-16 06:04:35 [WECHATBC_MAIN] : @59b56958addf80b571c4edac692330199b9e0d33f5e835b038d822390e1f959c:若瞳君子
2024-02-16 06:04:35 [WECHATBC_MAIN] : @1a3cb44a4b38b8c11b709c8c15a8af1e:平颉机械设备13223903675
2024-02-16 06:04:35 [WECHATBC_MAIN] : @97eaffee22ffdcd1060d3715546c7dd60b9da18a7375aeb2d14131a68ab83dad:群管理
2024-02-16 06:04:35 [WECHATBC_MAIN] : @8628e10b1cf3e0273f4034b21ec75a4618d099891f3ecaa017556854f79d9db4:利
2024-02-16 06:04:35 [WECHATBC_MAIN] : @78f8b1102c34416610e69b82225b49ae4764fa11e67f7650ca05a6d97dd7bfba:计划师-可心
2024-02-16 06:04:35 [WECHATBC_MAIN] : @bb1f7ce92e39ea57bda77476e85f7daf31b57b1ea84142f902963b4a41174967:SuriYan
2024-02-16 06:04:35 [WECHATBC_MAIN] : @347408a0171f23746190983bad43ddb6b7ada06a46b4edd1bc8ad3c43ab0d770:榴莲
2024-02-16 06:04:35 [WECHATBC_MAIN] : @85fed0b030f94798bb469bf2217ec8611e8ced806f90dfd37db7c248bfc197c7:Blank077
2024-02-16 06:04:35 [WECHATBC_MAIN] : @e26a656b6f40a0d0c5de6b2eb5901daf8ee3f15c31d2314cfe75ac15ad3b12c5:XOYUFI
2024-02-16 06:04:35 [WECHATBC_MAIN] : @990f5a52a27007ca388a925e0d2646f4e7c4abb118e241fe1079d5053f25e34e:AT
2024-02-16 06:04:35 [WECHATBC_MAIN] : @ebe1591250c4ac1d0b8e620f61c96487b9ad734f2ad2163693f745cdba20e64b:-
2024-02-16 06:04:35 [WECHATBC_MAIN] : @39784808b4cc1156edcd539d6687a448bda8656a84afa70bb11d4b1b51af52d4:.ayu
2024-02-16 06:04:35 [WECHATBC_MAIN] : @64922a47246278db923b5b7b72b61220ac95706a35ce001316261e2d84561857:娇的名
2024-02-16 06:04:35 [WECHATBC_MAIN] : @bf3c85c603ccf7fa5a7720bbaa3d9834:该账号已注销
2024-02-16 06:04:35 [WECHATBC_MAIN] : @94a489a027c5bd6c2bab84116a962735e0be3ac0ac6e26241a1dac2726b374c8:大海我的故乡
2024-02-16 06:04:35 [WECHATBC_MAIN] : @a37d5735d2a4ec68bfda7ded111a752a0dc21f6174557b73cc0e8a3b54c77d5e:O.o
2024-02-16 06:04:35 [WECHATBC_MAIN] : @77a601a995220f2963574995a927fd4aaccfabb2e9ce1c015732a8e1600a45c2:Boy。
2024-02-16 06:04:35 [WECHATBC_MAIN] : @5f398c6cca54a5acd38b1c7e58b29a98997f962035f622f0c0b372a7fa0cf7ab:sun
2024-02-16 06:04:35 [WECHATBC_MAIN] : @08cfbcdbb171469130713740e895ac5f8ec4c702fb75cb6a928dfe7e42cf99f9:早川秋
2024-02-16 06:04:35 [WECHATBC_MAIN] : @0c6632888ef4710f34962e759b0fe365d18601e8d273e84566a86a4493e571a9:Leon
2024-02-16 06:04:35 [WECHATBC_MAIN] : @4572d6b4ce52be5943f46ddaa30092453617e0deead46e25adcd392192468367:木木(丽丽）
2024-02-16 06:04:35 [WECHATBC_MAIN] : @22bc664b013d65b2d6ccecdbc9233343:WPS办公助手
2024-02-16 06:04:35 [WECHATBC_MAIN] : @e0e791570ff99854f07bbfff762fab2fededc763d40a051de782437ccf2cc63b:a大白胖
2024-02-16 06:04:35 [WECHATBC_MAIN] : @db2327ece561d15f4aefee0ab78cc09b:海豚网游加速器
2024-02-16 06:04:35 [WECHATBC_MAIN] : @2beaf178e81b8c025f26c8bd7cfd916a74ce0cf82765c507aa384d7e0564f7bf:大月半冉子<span class="emoji emoji1f43e"></span>
2024-02-16 06:04:35 [WECHATBC_MAIN] : @3ae0c8c2d46be03edfafcff15574263288567008bbe7eac1f9c61aaea826f9cf:杰
2024-02-16 06:04:35 [WECHATBC_MAIN] : @138881a8d481d3478c7eded21d73cc60:你的生活我的梦想
2024-02-16 06:04:35 [WECHATBC_MAIN] : @89ccda6b412e5e57dd54758b7a053b75:广东中职菌
2024-02-16 06:04:35 [WECHATBC_MAIN] : @e22eb111a32cc1b191b6f478700b278a81a3ecd29482611120254776df1450f2:hor1z0n
2024-02-16 06:04:35 [WECHATBC_MAIN] : @429c2c55c249553120fa2f5d3fbc9462:浮秀
2024-02-16 06:04:35 [WECHATBC_MAIN] : @85c1bc13b45bf450d8da0515264562de95b40a92153659c24e19fd998a31e491:ㅤ
2024-02-16 06:04:35 [WECHATBC_MAIN] : @30fbef3355bfddb952555d3d5b25ba49:转转
2024-02-16 06:04:35 [WECHATBC_MAIN] : @1f7a6852a653eaa1a4a24916b13f1c317f3d30e9d4a9478df7c5032043ef3a31:玉宇
2024-02-16 06:04:35 [WECHATBC_MAIN] : @caf249cfaa2e6e0472626fc06f8f400bba36f77bdbb775f5edeb948c87eb05c3:🧐
2024-02-16 06:04:35 [WECHATBC_MAIN] : @181be7e35d173784660a45e8692ae7c649538fdeebb922ce136f16c442dee175:太白
2024-02-16 06:04:35 [WECHATBC_MAIN] : @5b71aee72c1d43aab7e2d95f837f5f606fbe623e2abb3dee67afa633f5d427e4:宝藏
2024-02-16 06:04:35 [WECHATBC_MAIN] : @88215086ced0ce754ab7895ad96cc678:7477游戏
2024-02-16 06:04:35 [WECHATBC_MAIN] : @126ac9a8f29337f14b4bf84da7f6142587a5bdef79a94a63a4e5c84abaef7756:Z.
2024-02-16 06:04:35 [WECHATBC_MAIN] : @dde6cfd6bdcc675e76fe0e01c07d453dd2c850ade886426070959aa0ec8f677d:はたけカカシ²⁰¹⁸₀₉₁₅
2024-02-16 06:04:35 [WECHATBC_MAIN] : @5982b1e4f177d337e496a64591b44ee55212773e35c8a970f7e14700384286a0:H
2024-02-16 06:04:35 [WECHATBC_MAIN] : @192b5e4f68f67fcfef9a75135cfd8a3c:汕头人社
2024-02-16 06:04:35 [WECHATBC_MAIN] : @28a315a6e2d41f2c9a3c31c9248bbdb8dcd535274c5c0fc2684c7dfcac66297b:AIm.
2024-02-16 06:04:35 [WECHATBC_MAIN] : @3be981df6d8c1d42d0118dc23134f766:CG游麟网
2024-02-16 06:04:35 [WECHATBC_MAIN] : @6539432f1b28adccb43d701fff1174ebbe5e59155c074e7cc04a96735c00ce62:文人武
2024-02-16 06:04:35 [WECHATBC_MAIN] : @550c99050557e90832f85f343918ced3:熊猫加速器
2024-02-16 06:04:35 [WECHATBC_MAIN] : @60a08e2317b2fb9183c385f4c82dbab88778115f9a9154a6153ccbf83c6145a2:老细肠粉甜品小吃1号店
2024-02-16 06:04:35 [WECHATBC_MAIN] : @5bc2984467caa42b6f8e11e3aee69ff99aa0e5d8bae270523944c0f6f14465f5:Nefia
2024-02-16 06:04:35 [WECHATBC_MAIN] : @3ee6e3ac72c845a0bb64b5c4e3889381d7b43483dcb666e1ac4017c89354f89c:Peter烁
2024-02-16 06:04:35 [WECHATBC_MAIN] : @863aaf1ca1e143c30e9c4993eae9c7fd:Joker.
2024-02-16 06:04:35 [WECHATBC_MAIN] : @1013882f687d5f8c893a5dc072de0421:易博通eSender
2024-02-16 06:04:35 [WECHATBC_MAIN] : @266f6ea964b28740a577d57019fbaa1563c6251a2a9d41636075e02dd9177e7e:广州鑫顺  专做美系单项件
2024-02-16 06:04:35 [WECHATBC_MAIN] : @8335b067ba8dea329220f6bdb49fad37:超人
2024-02-16 06:04:35 [WECHATBC_MAIN] : @00dcbdac185d3fc7695dca1d4286e601:中国青年志愿者
2024-02-16 06:04:35 [WECHATBC_MAIN] : @4925107b15f034230aca699e7d283f5c3fd0d51f38b64c781d0396a47ab0b8c1:独人13
2024-02-16 06:04:35 [WECHATBC_MAIN] : @f8b55a50e7cd3692421c883abd3dc73b59526e8170edc0ddedd8d2a8e14c0ca7:羊妹妹. 💭
2024-02-16 06:04:35 [WECHATBC_MAIN] : @a99875084e01a1068230bde2056ef6f86dbb92ffcd51d29d77c07855c9020bbc:qi
2024-02-16 06:04:35 [WECHATBC_MAIN] : @6a9df4401ccbca7b8efcc0a4442bad27f38c68e7263a4249e9ab24f2fa592108:九
2024-02-16 06:04:35 [WECHATBC_MAIN] : @d7ed727c58dea464ac96177e0b8aeaac732521e0dc4c11c5d9beb1dc7415307c:Huan
2024-02-16 06:04:35 [WECHATBC_MAIN] : @5494ca4ca606f07f84414298b0eff75a72371e6c6c24860df69439abf86c5541:冬天
2024-02-16 06:04:35 [WECHATBC_MAIN] : @c3e6791ca704d9a5321a1a16dc5b3bc14d31f741f6b8f4325724998de8b993b8:/
2024-02-16 06:04:35 [WECHATBC_MAIN] : @ff6547c2a8a71ec769adae7136cf3e3903cb2587b90717f3b0032e45af20823c:-
2024-02-16 06:04:35 [WECHATBC_MAIN] : @7179ec9c05fc6c257f11f53d19c2b76e:热门精彩阅读
2024-02-16 06:04:35 [WECHATBC_MAIN] : @1c4defb07057a6ed15dae3a80a6026ed:布晴LIVEHOUSE酒吧
2024-02-16 06:04:35 [WECHATBC_MAIN] : @8049854eb3ffbe709d8df94b030f7e5e:源码阅读网
2024-02-16 06:04:35 [WECHATBC_MAIN] : @9ad6fcffda3a1716c7b164039f89110265ac0a7d1e01889595d8645a5ee28a00:VIP
2024-02-16 06:04:35 [WECHATBC_MAIN] : @ebee094fa0ae2361a2fdd85f4f20a852541a3c3cb522cb6fdf8a22a64fb1f040:NOBODYLIKESME
2024-02-16 06:04:35 [WECHATBC_MAIN] : @6bbd6897f28b9c93c5d4911b8291e207:辰东
2024-02-16 06:04:35 [WECHATBC_MAIN] : @d91cc87e343eca745853e98f3386e018e2848da38c85913748a87aa019206197:.
2024-02-16 06:04:35 [WECHATBC_MAIN] : @f1e298a81470f39eb3d491951961a78f:情侣CP
2024-02-16 06:04:35 [WECHATBC_MAIN] : @ddc9efbb40fdcf83b74ca9a978293bc0:小呆加速器短租
2024-02-16 06:04:35 [WECHATBC_MAIN] : @38ea2cfedcedb7f0169c2656c257f5216a04a25f87367bf59515f3084b3280d2:陈店长
2024-02-16 06:04:35 [WECHATBC_MAIN] : @45046f531fcf684d539bb690396369bd3b9828d5f9b708efebdbcd3797c34bc4:AA - 手机电脑 回收 出售 维修
2024-02-16 06:04:35 [WECHATBC_MAIN] : @b0eb3ff4a2a42fb5123e634f3f897c9b:特摄资源共享
2024-02-16 06:04:35 [WECHATBC_MAIN] : @0abae20c5299534af0ff3a32ee302063:后浪俱乐部
2024-02-16 06:04:35 [WECHATBC_MAIN] : @5523494c5a59f8255e4ad46bee9cd447040d54c57c9e9d19e46cd18b4dac8a9e:莹^ω^
2024-02-16 06:04:35 [WECHATBC_MAIN] : @51f3483b804dabb5c346fc12521133ddf7d019926ab0f55497bb3cfb0ac0a09e:Sam
2024-02-16 06:04:35 [WECHATBC_MAIN] : @f6edf9bc1751386c26e27b4bda4b102e0518b271f3d09fb86a5c03a927c7741b:Z.🧸
2024-02-16 06:04:35 [WECHATBC_MAIN] : @e6bafdda11706ebc3715949fb5f4a2fa3e2836c6e08b66d26327d562f30ac4b5:...
2024-02-16 06:04:35 [WECHATBC_MAIN] : @1601082b6a403ea504cdde08166fb37b1afac6ae245cbd44a6ebae3c1d26e1da:莹^O^
2024-02-16 06:04:35 [WECHATBC_MAIN] : @18b3e739dc002345f235f35a3707f786:泡泡加速器
2024-02-16 06:04:35 [WECHATBC_MAIN] : @774f3bade10055cf9e0dcf34cf882f1e8b733278f562c5d2342c977be6026e25:木川金
2024-02-16 06:04:35 [WECHATBC_MAIN] : @0edf3d8fae67b1722082ad98d8e1ce64c83326d53c3b77bb63773d361e5bb7a3:<span class="emoji emoji1f6b9"></span>
2024-02-16 06:04:35 [WECHATBC_MAIN] : @7002119d31090727bbe88d056220fe9c:电手
2024-02-16 06:04:35 [WECHATBC_MAIN] : @53e95e9ea38098fd99e7a67139aff326c591f1046af89abb44e94dc153254ca9:鱼莱新鲜小超市
2024-02-16 06:04:35 [WECHATBC_MAIN] : @d4acd304c65915f7e36d589fc240b09dcc5697eb93186f563a802eb334f8ea94:顺风
2024-02-16 06:04:35 [WECHATBC_MAIN] : @c8a77de3be42ca81ffbaa7b60eaadec0c3ec1118364edf28cf405aad8c97398a:董不懂
2024-02-16 06:04:35 [WECHATBC_MAIN] : @890e728b03ce7fabf1aa3626c76a13d45f6f1668cb4bcc560e6d5a345fcbfe82:+🥚
2024-02-16 06:04:35 [WECHATBC_MAIN] : @ccd0e16e41ffddfbd58d4253a40a05f57322f8b4f5eb865726f6614b91b74bde:远晏
2024-02-16 06:04:35 [WECHATBC_MAIN] : @21f5c8a3ca28da23bb7c03a2bd1d1db2246c43c5561f1900110730929354c562:p
2024-02-16 06:04:35 [WECHATBC_MAIN] : @a214503c5917bdf70bed54e5fbc5a6f3ff3048d3179cfd41d3acdc2d7874a9a6:Mog.
2024-02-16 06:04:35 [WECHATBC_MAIN] : @2cb628265d98aa8d8d8f78fc8efe4e307b086d062056b64d974a8033b99528a3:王德发
2024-02-16 06:04:35 [WECHATBC_MAIN] : @6575fd7ff168c07580e6d0681ec982e8921b5a517c7494fc29411dfa4768c2fe:xzt
2024-02-16 06:04:35 [WECHATBC_MAIN] : @0f77341350ffdf5e61e03ba3ee1ea06d6e63b05623fb4b654697ab9e45625717:Oneone
2024-02-16 06:04:35 [WECHATBC_MAIN] : @079dc0a12d53fda99acf74b207df974090ca5cf20c56961ff539a4133076a3e8:Yu鱼.
2024-02-16 06:04:35 [WECHATBC_MAIN] : @0c7034803fa7d218529ad10a2440d57610b86e4fe562bbf7fbc58c9ae19e3146:A_ ZikX.
2024-02-16 06:04:35 [WECHATBC_MAIN] : @82f52fe63eee468bc6d39a84045ee040:吃货特权卡
2024-02-16 06:04:35 [WECHATBC_MAIN] : @d2de63b846859dd0fc5800cb8389b045ab8fac06cb62e1dba42735ab15b0801d:FLIPPED
2024-02-16 06:04:35 [WECHATBC_MAIN] : @6ef6a366b2781e26d177b112d6436f95:黑料BOOM
2024-02-16 06:04:35 [WECHATBC_MAIN] : @f6163106a452853d2de3f75a8dcce95c6fb5f411247c4b85854d0351b996acca:Yuuki
2024-02-16 06:04:35 [WECHATBC_MAIN] : @0d196f4010f402a7caca4718f993cc50:憨憨羊
2024-02-16 06:04:35 [WECHATBC_MAIN] : @c8b74ad80d88408244547dbfc7f0f06c98db44d73b285678b74829d9092ff1cf:韓
2024-02-16 06:04:35 [WECHATBC_MAIN] : @9eaf1a52701c6c5143263121dcb94a21411103e3a481f2c8d3921755e140402b:杰
2024-02-16 06:04:35 [WECHATBC_MAIN] : @4f5a438811abdbc65b8e7d93f5ebedc5d799aae25cbcdc1b74ab431f2a4b8836:今天想我了嘛.
2024-02-16 06:04:35 [WECHATBC_MAIN] : @5b9f14e61e54a7ada32150d8ccdb7f7f4f501328dca6dcb69cbca9a5420129ee:彭老师
2024-02-16 06:04:35 [WECHATBC_MAIN] : @95b2103bb9fb85d236e08adc441620a4:特摄驿站
2024-02-16 06:04:35 [WECHATBC_MAIN] : @095de9a4885484a609c4a9d140401b26a503a0da97c23f9d70f51d89c7a30b66:两英微帮信息推广网1
2024-02-16 06:04:35 [WECHATBC_MAIN] : @42f4085d3ef92e1fc5eb554bbf7f5116:鲁班大叔
2024-02-16 06:04:35 [WECHATBC_MAIN] : @3d363830fe11f93372d7d00725a88bcb:腾洲车行
2024-02-16 06:04:35 [WECHATBC_MAIN] : @b57aa927cbbda296c8f17b44df6c60e619c59492c87bcbca1e7edf7b13495575:汉英
2024-02-16 06:04:35 [WECHATBC_MAIN] : @dbac64c979ddcc4504617102bf7e406d:中国移动10086
2024-02-16 06:04:35 [WECHATBC_MAIN] : @16f5e61fe075f233345b3b280982d8db1f9c07fcffc8d6ac005c4f66a8bc98e1:0.2℃
2024-02-16 06:04:35 [WECHATBC_MAIN] : @1627c8560676f6faa5f608c8fb916d1b40c347433ab0237cad9f487088c6bfd4:以至于
2024-02-16 06:04:35 [WECHATBC_MAIN] : @28346bc1620f04e6a84d0d3913aa15df:Su2
2024-02-16 06:04:35 [WECHATBC_MAIN] : @f2eddee775df4bad5927f4a0550be9ed:抠鼻子Kobez
2024-02-16 06:04:35 [WECHATBC_MAIN] : @73311216b8336c24d739581c7c6596d7:极简博客2022
2024-02-16 06:04:35 [WECHATBC_MAIN] : @11e57daa84d6914f58fd3920afee3bd70111e4a90b364bd6fdd0d34506204912:胖胖的孙某人
2024-02-16 06:04:35 [WECHATBC_MAIN] : @1a022c029c1c88e9750b35137c67d34ae956aff9c9a5922037e0c70c3eeee35f:LIN_HH
2024-02-16 06:04:35 [WECHATBC_MAIN] : @db97064b2d8b84965e0f31477e4423f88f295deea3d7b34a308c95b096e7b74f:ㅤ
2024-02-16 06:04:35 [WECHATBC_MAIN] : @89e10aa2d6070b55e05c72b270437e35:i志愿
2024-02-16 06:04:35 [WECHATBC_MAIN] : @78297f094557be6b07e62670e5d78008eefa06c0af60c2708c27da0b050d3917:sam
2024-02-16 06:04:35 [WECHATBC_MAIN] : @f7206f2c4c2ec301d43cd977ebfaebfafaa696b76bc8f43bc5071f3aa6362ffe:远
2024-02-16 06:04:35 [WECHATBC_MAIN] : @1f9036919e4eb2e9b6ae0663521a7b1a:加一电影
2024-02-16 06:04:35 [WECHATBC_MAIN] : @190f2fc328028bac39767645bbcf712b58311b79bfb28a89bea45aaf5d477a63:A0༒六子༒ （诚信服务）
2024-02-16 06:04:35 [WECHATBC_MAIN] : @bacba41164697c411a4476d39d4fc812:宅猪
2024-02-16 06:04:35 [WECHATBC_MAIN] : @2252a7076ce1c2c6ae100993479c5d3c:外卖卷不停
2024-02-16 06:04:35 [WECHATBC_MAIN] : @11253b44c62dd0013e3f9c4326b6d5785ddc23c30b1d252b66db383bb941a74f:.
2024-02-16 06:04:35 [WECHATBC_MAIN] : @acfa55fd09a88f76311dcc051c3837d461f78c9af6139ec9c314cfc6a9b4e489:泽玲
2024-02-16 06:04:35 [WECHATBC_MAIN] : @0533bacf995b6e2818f3c359635e9789e1fcb92e102ddc4fa9060e1ddf021bc3:借我一秒钟
2024-02-16 06:04:35 [WECHATBC_MAIN] : @d5f48468c7a900cbe19ed90c2070e3afb4e44b02e0126dee7605b63a519ff075:H
2024-02-16 06:04:35 [WECHATBC_MAIN] : @96f87329d9388f4d52ee3b9096bfbe0d:网易UU加速器
2024-02-16 06:04:35 [WECHATBC_MAIN] : @b8607787ff84f40e468a52407cdbf71939dfe01e99bc81ca87682fe03bee669e:福🦆
2024-02-16 06:04:35 [WECHATBC_MAIN] : @81ab5e8a618e6513d1f630ce1dd2d241:中职生
2024-02-16 06:04:35 [WECHATBC_MAIN] : @a03b9656fa5615d0f830fb51ee1bd0d3:外卖券摸摸所
2024-02-16 06:04:35 [WECHATBC_MAIN] : @db1a372287e0d5344871d9567cccedada59d0deabbb135d3bccc6b88e1b08f55:要好好吃饭
2024-02-16 06:04:35 [WECHATBC_MAIN] : @b53dc8f2748928fa05fdd229e09083ca4c59ae0cab4e08397641d102c1584c8b:美宜佳
2024-02-16 06:04:35 [WECHATBC_MAIN] : @ff49dd4a1840a9ff678a55ab91b4121a84a823554f4a864134635562538acf81: 繁華若夢
2024-02-16 06:04:35 [WECHATBC_MAIN] : @a7bd8702ed57bbd7b899f26bc0f06472:卢家妈妈 西餐厨房
2024-02-16 06:04:35 [WECHATBC_MAIN] : @336a2b6bb288a324df9ee80b519b0cc91542a201fe6cc9e342daf179f13913ac:【千浔】Ms.傅
2024-02-16 06:04:35 [WECHATBC_MAIN] : @b1791d8eb93b4138616275dffcfadd8e:耳根
2024-02-16 06:04:35 [WECHATBC_MAIN] : @9ab54255132b9c086d607941bf538ee92749918557aa5d0b7380f50eaa8d8b86:无所谓
2024-02-16 06:04:35 [WECHATBC_MAIN] : @f669e4e301077030bc092475715ca2b06657e6a8a43da11789a7eb5bbc1e557f:<span class="emoji emoji1f631"></span>ི<span class="emoji emoji1f60a"></span>ཽ周晓明
2024-02-16 06:04:35 [WECHATBC_MAIN] : @48d2f348a9b3d348580f8fa12d3f15c9:php中文网教程
2024-02-16 06:04:35 [WECHATBC_MAIN] : @6454f823260912a94aeb71b560f7182786e15a99635be3c67ef451fe04fd0f50:朗月.
2024-02-16 06:04:35 [WECHATBC_MAIN] : @5c0371778fd33014f5f839af53d167051cedb985b1b32f741fc0ee5289f179de:A-河北祝江机床韩冬晓
2024-02-16 06:04:35 [WECHATBC_MAIN] : @43bd30bab44e6859fd076d9d8e41748cd703d3d373f4d2a6d39800bee3fcdd6f:三三
2024-02-16 06:04:35 [WECHATBC_MAIN] : @1516415fcd5c69786c3864282c115271cd9bbda04adfb69de2803e150b4c7f75:小花
2024-02-16 06:04:35 [WECHATBC_MAIN] : @cee85296bd39bc52bf9a7cd273bcf1e7:潮职校园通
2024-02-16 06:04:35 [WECHATBC_MAIN] : @625e9803836b02079097045d8adbe2df25a71efd5939965912a68895148c2f4c:懒人
2024-02-16 06:04:35 [WECHATBC_MAIN] : @3d786a0359938dd53fcc059387d88abc:广东建院
2024-02-16 06:04:35 [WECHATBC_MAIN] : @f0daeb054ba9711aedc511df52343cdd15f1a0aec150ccb8e949789d221a5cf9:Rime
2024-02-16 06:04:35 [WECHATBC_MAIN] : @b4604b0231ff4693a8f9471d168e7a6f4bb4a87ec8a8f0ed86a93e25058048c2:滥情g.
2024-02-16 06:04:35 [WECHATBC_MAIN] : @46b5039fc0e56916dbcb124695d841ba:志愿者
2024-02-16 06:04:35 [WECHATBC_MAIN] : @151cc215e6cd483058c0bf9d8b59e2fd72b0f31c6d7ce73473c5cc2e6fb95df2:白云飞（只二维码收米）
2024-02-16 06:04:35 [WECHATBC_MAIN] : @0c0b6f25a314c190865a58545366585d1fc92fcfa3d441bbf3ac44801b770eac:黑夜诗未
2024-02-16 06:04:35 [WECHATBC_MAIN] : @a9e868ed824f6b3846269b90cbde5d3519024725ec830f38f6205e609eaa0531:鱼七七
2024-02-16 06:04:35 [WECHATBC_MAIN] : @83c1ef08557289b112a0555483f9c5e418cd49a4dd092acc291fa083b1a03096:　　　　　　　　
2024-02-16 06:04:35 [WECHATBC_MAIN] : @972383d1ffbc1a363c39943b9ddbc42d:电脑那些事儿
2024-02-16 06:04:35 [WECHATBC_MAIN] : @cf32fdce5b79a9a778496b342b4a2b9f3ea2f4eec0845e6b6bf81b8bc5758762:Cory
2024-02-16 06:04:35 [WECHATBC_MAIN] : @a2eaf4f9d6b671b20af8fe9dab898d4579088aaff98fe549c9fea01cf5e50ac9:A 中联电讯   郑灿伟
2024-02-16 06:04:35 [WECHATBC_MAIN] : @d567a7be1359e1aaae5bbca1eef2900d27886d8f10fc9f172d7137b14aab4445:兄弟酥面店13322746671
2024-02-16 06:04:35 [WECHATBC_MAIN] : @fb36ade41271729164d78e65296195f9:该账号已冻结
2024-02-16 06:04:35 [WECHATBC_MAIN] : @dd8426e9375e47e08c46a311f2f4662b9087a47d56e58db062ab4d269672e719:觅雪班导
2024-02-16 06:04:35 [WECHATBC_MAIN] : @391d0e84aedcf7c138950c46aaa7b287:泓记
2024-02-16 06:04:35 [WECHATBC_MAIN] : @222e81226cde97f8764785431f8db79f9909e6ac1b2e396e39d5ffcd75b926dd:Jeff
2024-02-16 06:04:35 [WECHATBC_MAIN] : @baec83b3c15eab6240510f0bfc0947de9f2be80f436235e4181b932667fc90cc:老爷保佑
2024-02-16 06:04:35 [WECHATBC_MAIN] : @93d43f6b74926e469e908611d21b34c33a7252d3d49bfff06d323dd01c2e1c21:JW<span class="emoji emoji1f42f"></span>
2024-02-16 06:04:35 [WECHATBC_MAIN] : @118e182b16e746b59280c28139c9b2419e779bb3a7ece15e69cf2153f34ba87d:彬
2024-02-16 06:04:35 [WECHATBC_MAIN] : @ec1ca33c3e4ed83f86ebf58383abcb537b7c8d1886da9d68fcf1dbbdaa9c08a9:小鹅
2024-02-16 06:04:35 [WECHATBC_MAIN] : @e458d43103abbad5fa2c287a686540d743be1731372c34fad801867fbbe422f4:aJin
2024-02-16 06:04:35 [WECHATBC_MAIN] : @1cb06edaef2c43954119bc11c5621bf4759f873a86321040be85d3953919f040:。。。。。
2024-02-16 06:04:35 [WECHATBC_MAIN] : @a2323c82f86a09c4460027d78b2faa19d35b816ed8048e4f3a44d7a90a4c5fcd:寿～
2024-02-16 06:04:35 [WECHATBC_MAIN] : @9a3eade59eb5afb74cb7194ea0da0d9eaff4394701811768594baf42ce6ff687:你滴男妈妈
2024-02-16 06:04:35 [WECHATBC_MAIN] : @f405c4b7caf095d36e224efa11466bd3:zl     <span class="emoji emoji1f4a6"></span>
2024-02-16 06:04:35 [WECHATBC_MAIN] : @7b15782dcf69193cdc1668d66a14f75484eff0940af91e5a7298234ba66fd38e:BLUE
2024-02-16 06:04:35 [WECHATBC_MAIN] : @7a0b501e8a977a7f3dd03d374b5a79f96f68c571891f6ad039187cb038e80ebf:陆景桓
2024-02-16 06:04:35 [WECHATBC_MAIN] : @4747fa62a4277b923138bb9ce9807bb12b82c57ca21e71cc36c95c034317161f:xh
2024-02-16 06:04:35 [WECHATBC_MAIN] : @a8c755730d22db76f7938bed3dca5f786397031fadd2fc8268048be16b08df4e:江尚
2024-02-16 06:04:35 [WECHATBC_MAIN] : @c5ef14ef095eb4534725102630d65ad3:蒸汽游戏
2024-02-16 06:04:35 [WECHATBC_MAIN] : @65d76b936e4b553bd2c61ee34194abbc8bf69429c945e3c826f608d1f2a815fa:小宝
2024-02-16 06:04:35 [WECHATBC_MAIN] : @891aab4021c77753c5c3167e09ccb80c206a618f19d969a6f707d3e46a1eb062:汉宫
2024-02-16 06:04:35 [WECHATBC_MAIN] : @7d5fef135d3f10b4df21e59f3d6b532f:别算科技
2024-02-16 06:04:35 [WECHATBC_MAIN] : @4e2ceb34364d74805eceaae4b6f72ecd:微信支付
2024-02-16 06:04:35 [WECHATBC_MAIN] : @dafa3d6ce717f1bab827b75114ee209d8e1698c0a6d8ced33672cfcd0092564f:汕頭15815040195
2024-02-16 06:04:35 [WECHATBC_MAIN] : @9e29fa9d7063f51040e20953e1f4745f:异次元APP软件
2024-02-16 06:04:35 [WECHATBC_MAIN] : @60e8f556d6cd833b0904150022cbfd37:互联网品牌官
2024-02-16 06:04:35 [WECHATBC_MAIN] : @c02bde836cb4c96c051cdc0813a666d44a914366b8e0750ceec7fc323c355a36:芜湖
2024-02-16 06:04:35 [WECHATBC_MAIN] : @bfd87e0fe9d26a2608bdfe42019e1740:韦一同说
2024-02-16 06:04:35 [WECHATBC_MAIN] : @3d19e8934dc485f95f9439d31a48076a9116a819b1744dabddc0fd44f3467f85:A春3悠慧多多<span class="emoji emoji1f389"></span>
2024-02-16 06:04:35 [WECHATBC_MAIN] : @aacecc42e5161d3aff69fba5063e7db7da09fa8003fd0bfb594eeadfd773b1eb:二友照相馆（总店）
2024-02-16 06:04:35 [WECHATBC_MAIN] : @83a257518e7231223be73335d28d536b:腾讯成长守护
2024-02-16 06:04:35 [WECHATBC_MAIN] : @279f6dfcda09a76558a60bd9638f43b8b7a81ac6a757decd59b5138cd11d6f81:Cc
2024-02-16 06:04:35 [WECHATBC_MAIN] : @6b0509b94abe099684b68e1dd16c9b1b:小星星资料库
2024-02-16 06:04:35 [WECHATBC_MAIN] : @45e314493ca74097985594adebd7fffdd71cb32dea29c82b7ce82d3cdfd037c9:K.
2024-02-16 06:04:35 [WECHATBC_MAIN] : @53be399520f6880727d9ea666585d4f38e10fb4960e8a8d4117f13a0aa6a4e1f:啦啦啦啦
2024-02-16 06:04:35 [WECHATBC_MAIN] : @430f0501f29d73bc63a49601166eba59a178d023d1a440a36f8dee2a28ad14e1:木迁
2024-02-16 06:04:35 [WECHATBC_MAIN] : @0bcbe4759db8d2ccda6e85fc1cf8f9d69de8e869940ced1f45e459abfb98e606:🥷
2024-02-16 06:04:35 [plugin-loader] : 载入了 1 个插件
2024-02-16 06:04:35 [WECHATBC_MAIN] : 启动控制台...
2024-02-16 06:04:35 [WECHATBC_MAIN] : Message(msgId=8163685659264979980, fromUserName=@b16ccfa714050a00dc608973f395c8af5b1a2da147b1d70cc26a685eac941a52, toUserName=@b16ccfa714050a00dc608973f395c8af5b1a2da147b1d70cc26a685eac941a52, msgType=TextMsg, content=, status=3, imgStatus=1, createTime=1708034674, voiceLength=0, playLength=0, fileName=, fileSize=, mediaId=, url=, appMsgType=0, statusNotifyCode=11, statusNotifyUserName=, recommendInfo=RecommendInfo(userName=, nickName=, qqNum=0, province=, city=, content=, signature=, alias=, scene=0, verifyFlag=0, attrStatus=0, sex=0, ticket=, opCode=0), forwardFlag=0, appInfo=AppInfo(appId=, type=0), hasProductId=0, ticket=, imgHeight=0, imgWidth=0, subMsgType=0, newMsgId=8163685659264979980, oriContent=, encryFileName=)
2024-02-16 06:04:35 [SYNC-CHECK] : [msg type] TextMsg
2024-02-16 06:04:35 [SYNC-CHECK] : z>z : 
2024-02-16 06:04:43 [WECHATBC_MAIN] : 总块大小:1
