2024-02-15 23:05:26 [WECHATBC_MAIN] : 已扫描二维码，请确认登陆
2024-02-15 23:05:37 [WECHATBC_MAIN] : 已确认登陆
2024-02-15 23:05:39 [WECHATBC_MAIN] : 已取得登录信息:
2024-02-15 23:05:39 [WECHATBC_MAIN] : BaseRequest(uin=281175185, sid=N8czyHMU+mAKtLAk, skey=@crypt_c1a555a6_285ac636a83a55ac296b5029fbac98fe, deviceId=e299664028315697, dataTicket=gScam9Yb9CDB4692/yfH4Zji, passTicket=X9W06DYogPBAdW0209iPwwQ575gWkndupzdpiyRf3%2FgeEXxtDU1Jfp%2FPONcS0CqGIB8C9dl6OIRrLmyGdmpqOQ%3D%3D, authTicket=CIsBELS5qsoCGoABBgskUXZO4hi6UjN8Z5mEC9w9xx1lbpKOD1Eoo/dbogUxlQbXGQ5WHfo6F1yhVjnp92taIewrtY8gDgxD6OWPxG2Vsc5CtCaM6Ci2oB/kFsS4MYtpuA626aTZY6JaNM6VnPYjjDSMMFI+KCpe/xAkCqIFOdT4EwiPkmJ/wX0/OWE=, initCookie=[wxuin=281175185; expires=Fri, 16 Feb 2024 03:05:39 GMT; domain=wx2.qq.com; path=/; secure, wxsid=N8czyHMU+mAKtLAk; expires=Fri, 16 Feb 2024 03:05:39 GMT; domain=wx2.qq.com; path=/; secure, wxloadtime=1708009539; expires=Fri, 16 Feb 2024 03:05:39 GMT; domain=wx2.qq.com; path=/; secure, mm_lang=zh_CN; expires=Fri, 16 Feb 2024 03:05:39 GMT; domain=wx2.qq.com; path=/; secure, wxuin=281175185; expires=Fri, 16 Feb 2024 03:05:39 GMT; domain=qq.com; path=/; secure, webwx_data_ticket=gScam9Yb9CDB4692/yfH4Zji; expires=Fri, 16 Feb 2024 03:05:39 GMT; domain=qq.com; path=/; secure, webwxuvid=b0c1512a3960be8895dbe4551510255dcec25a82fa71e828639b90e64165e3b6cd21e2480b8370bc6615e1f80f4401ee; expires=Sun, 12 Feb 2034 15:05:39 GMT; domain=wx2.qq.com; path=/; secure, webwx_auth_ticket=CIsBELS5qsoCGoABBgskUXZO4hi6UjN8Z5mEC9w9xx1lbpKOD1Eoo/dbogUxlQbXGQ5WHfo6F1yhVjnp92taIewrtY8gDgxD6OWPxG2Vsc5CtCaM6Ci2oB/kFsS4MYtpuA626aTZY6JaNM6VnPYjjDSMMFI+KCpe/xAkCqIFOdT4EwiPkmJ/wX0/OWE=; expires=Sun, 12 Feb 2034 15:05:39 GMT; domain=wx2.qq.com; path=/; secure])
2024-02-15 23:05:40 [WECHATBC_MAIN] : 已初始化微信信息:
2024-02-15 23:05:40 [WECHATBC_MAIN] : 用户信息:
2024-02-15 23:05:40 [WECHATBC_MAIN] : Contact(uin=281175185, userName=@21575ce454374e0c4d27d6b52e9abd78e577b00262e1b5bc42c014a53af9af75, nickName=z, headImgUrl=/cgi-bin/mmwebwx-bin/webwxgeticon?seq=1991613469&username=@21575ce454374e0c4d27d6b52e9abd78e577b00262e1b5bc42c014a53af9af75&skey=@crypt_c1a555a6_285ac636a83a55ac296b5029fbac98fe, contactFlag=0, memberCount=0, memberList=null, remarkName=, hideInputBarFlag=0, sex=1, signature=已换微信 meteor1913103, verifyFlag=0, ownerUin=0, pyInitial=, pyQuanPin=, remarkPYInitial=, remarkPYQuanPin=, starFriend=0, appAccountFlag=0, statues=0, attrStatus=0, province=null, city=null, alias=null, snsFlag=257, uniFriend=0, displayName=null, chatRoomId=0, keyWord=null, encryChatRoomId=null, isOwner=0)
2024-02-15 23:05:42 [WECHATBC_MAIN] : 联系人列表数量: 315
2024-02-15 23:05:42 [WECHATBC_MAIN] : @4a767307dd4799705002dc624d396a30:广东建院
2024-02-15 23:05:42 [WECHATBC_MAIN] : @f14c67b8e1fe93f97f053315eb974e21c5d6edb77c0e4239c258d7d493e52e64:陆景桓
2024-02-15 23:05:42 [WECHATBC_MAIN] : @5bb62d7903472564bc8ab841cdff627b09d19d005f5ee9896371967447bc11eb:远
2024-02-15 23:05:42 [WECHATBC_MAIN] : @afd7ee76d4f78427006a562328ca23a73274f3415e3edd38912bfd280372e940:A_ ZikX.
2024-02-15 23:05:42 [WECHATBC_MAIN] : @b2ab40fe01748b2fba4534c9d3b05d882f4db63f5e398042ca22976d4052d3de:小鹅
2024-02-15 23:05:42 [WECHATBC_MAIN] : @b6c93874870ab4b802d1493a5055d43377b7bc4912bd26db3c0e36f8e512e787:计划师-可心
2024-02-15 23:05:42 [WECHATBC_MAIN] : @f1f4efe08b40729e3c870fea6c596db1:中职生
2024-02-15 23:05:42 [WECHATBC_MAIN] : @fb55bc8fe9b07d92c496455a3734dc9754c449cfc739a8ad0191a351a4ecf3d7:🧐
2024-02-15 23:05:42 [WECHATBC_MAIN] : @3c530a330c516a30602cc04f7ef3afe493a947e5b71712d14c06391d827bbfb1:碎星辰<span class="emoji emoji1f1e81f1f3"></span>
2024-02-15 23:05:42 [WECHATBC_MAIN] : @ab9c854fcaad21a95202a996d5c9daca77de08fc04759df13ca4dc6e681bd8a9:.
2024-02-15 23:05:42 [WECHATBC_MAIN] : @6087459423e1617ec7888f23c50c6700:NS大玩家
2024-02-15 23:05:42 [WECHATBC_MAIN] : @71613f74e6f41918c0ff477a473c1e11:小智LOGO
2024-02-15 23:05:42 [WECHATBC_MAIN] : @db6c631ce204468966fd84e1654e06b2:浮秀
2024-02-15 23:05:42 [WECHATBC_MAIN] : @b844a316d25327f5fe37b68f1a2a9d9d8f171d3e0a7dc28e9ef317f9cd924ac2:橘ne
2024-02-15 23:05:42 [WECHATBC_MAIN] : @854db3c6859c02b5984cbc68038bf8663d9931569eed925f15302334378b8d9e:　　　　　　　　
2024-02-15 23:05:42 [WECHATBC_MAIN] : @2de67c7434f2bd5a9b8c8ec831816d74ebefe7b550168da66592c92a7ec67434:顾玖
2024-02-15 23:05:42 [WECHATBC_MAIN] : @d0db346ffa6ad46aec346a1919444c50:7477游戏
2024-02-15 23:05:42 [WECHATBC_MAIN] : @93ad11027f90964fd6648e71be7be36c779bf74c5399d3af9654ca831263698a:Leon
2024-02-15 23:05:42 [WECHATBC_MAIN] : @ed166793445f9f3be5e8ef3805878b77:热门精彩阅读
2024-02-15 23:05:42 [WECHATBC_MAIN] : @f68c52559fcf9f6b93f53cf7f9d9f7adc8a3a1aad7f78adfb28723e398aa0982:光星网咖 (营业中）
2024-02-15 23:05:42 [WECHATBC_MAIN] : @5559553f61c55b85edf678a2340b382c:小呆加速器短租
2024-02-15 23:05:42 [WECHATBC_MAIN] : @cf41f1ce1f8bc5620da97b4073dd9613dc7b14e6be420337ed46d497e7a9301e:彭老师
2024-02-15 23:05:42 [WECHATBC_MAIN] : @b79bf480154e913e389f5f375ca306f9591d8e58a51c338cc4ed244bfef721f7:滥情g.
2024-02-15 23:05:42 [WECHATBC_MAIN] : @8efe50070a1392264757e25ab0658acd077ce3081defc9c3ef8c8eaf2a63972b:Yuuki
2024-02-15 23:05:42 [WECHATBC_MAIN] : @a635445a3f591602a45374930c7fa2a3:小李万事屋
2024-02-15 23:05:42 [WECHATBC_MAIN] : @5d4848a0a79f7697c52211f6a1bce758054c5323c1c0f3d6905e3715c3a43ae0:广州鑫顺  专做美系单项件
2024-02-15 23:05:42 [WECHATBC_MAIN] : @ceb9d980bce604f689351ca1e4e55660a3b09402b35c1e1c206848148909176e:0.2℃
2024-02-15 23:05:42 [WECHATBC_MAIN] : @4e8965576f3af66698688c80682d369c:互联网品牌官
2024-02-15 23:05:42 [WECHATBC_MAIN] : @1bdf5c1e747c38b5d7d696d030746f0136b8d2c4c365c71646b255f51ad98e57:觅雪班导
2024-02-15 23:05:42 [WECHATBC_MAIN] : @17b7d65c12c4bb2e881e12aa4a200c92:电手
2024-02-15 23:05:42 [WECHATBC_MAIN] : @d734d7a11c29ed06e7d4adcbb034ad15bbc16075a232c839765fc12daeb8bcd6:木木(丽丽）
2024-02-15 23:05:42 [WECHATBC_MAIN] : @ed78de54e4faff670847bb40400262a8:布晴LIVEHOUSE酒吧
2024-02-15 23:05:42 [WECHATBC_MAIN] : @69c52ce7a360c686a1173ea87983f204f637cc98b45a1d3f31b75969efddc472:湘橋春漲
2024-02-15 23:05:42 [WECHATBC_MAIN] : @d2891e69eecc07236a78ff9118ac81fd:怪谈胖胖女
2024-02-15 23:05:42 [WECHATBC_MAIN] : @88948c086a75a2d1e97b1bb133064fa5:wsice_肆
2024-02-15 23:05:42 [WECHATBC_MAIN] : @d40cf684c5b3c8bbb8a11f8072655c161d57922d8837298c53036af71b6a9bd0:标顶洞人🌝
2024-02-15 23:05:42 [WECHATBC_MAIN] : @468cbba00ffa9c0f263c8a2ae26acb34:广东建院消息
2024-02-15 23:05:42 [WECHATBC_MAIN] : @c28a9e3884ef88549051723e606252bd95b5028cbe639fde1bad72423da4a1bd:只手摘星辰
2024-02-15 23:05:42 [WECHATBC_MAIN] : @7e41f76ba5e689a339b22988de2b69d7f338922946824ad98de74e111c4937c8:G
2024-02-15 23:05:42 [WECHATBC_MAIN] : @21f21a5d3ccabfc95323d247ea42034e1a3369a53f39df772eaeea8ef866726d:ᥫᩣ.
2024-02-15 23:05:42 [WECHATBC_MAIN] : @d88e37814e6e4307100460f3a9e47f14d9f945907f501b4339c906470b6dba5f:榴莲
2024-02-15 23:05:42 [WECHATBC_MAIN] : @e2040146a088530f48db1e6b4c8de6f20582e2d9b100b7dfdbd852cd126a8ee8:FLIPPED
2024-02-15 23:05:42 [WECHATBC_MAIN] : @25919a268101d82b2c6567f8f804b5661a5127957444ada22cbd54e23769b0ec:Mog.
2024-02-15 23:05:42 [WECHATBC_MAIN] : @e99e3fa7a9c3a53df06570ad38b04983:奇妙加速器
2024-02-15 23:05:42 [WECHATBC_MAIN] : @0ac43df7f240576dc1558586880899ce:i志愿
2024-02-15 23:05:42 [WECHATBC_MAIN] : @ba81ee3c96cbd4e95b32186e22daad0bf600bc1ae379ed9e3eb7520ac439925d:Sherry
2024-02-15 23:05:42 [WECHATBC_MAIN] : @7403564e511c8fb66dce6a24c387824e:特摄资源共享
2024-02-15 23:05:42 [WECHATBC_MAIN] : @9954fa39f41dae701c52bc23686b383f:三叔软件
2024-02-15 23:05:42 [WECHATBC_MAIN] : @d8cad34d0d52add928c415da837ea0e3c7078beabf9344f8fb0b4aa6047f11e9:.
2024-02-15 23:05:42 [WECHATBC_MAIN] : @f95b09863df1e8a12c401d4f8fb5bc93e4b18938012951d0be68425d915d6399:Coast（2.1号放假-2.19上班）
2024-02-15 23:05:42 [WECHATBC_MAIN] : @d87812ce3c63938509e15f741592ce96e475ea31c6a248d468c6004402372a85:Cc
2024-02-15 23:05:42 [WECHATBC_MAIN] : @921830a117a63bc46878d2456f6217f24cb0be197cac3dc54768a50fce00c1b8:大月半冉子<span class="emoji emoji1f43e"></span>
2024-02-15 23:05:42 [WECHATBC_MAIN] : @40f41e8251c79050153611f820e3535e8cbe1994d2aeb36d83f924736f0801d0:江尚
2024-02-15 23:05:42 [WECHATBC_MAIN] : @31e28cf2c35217e5dff2a2346476a4c9:汕头人社
2024-02-15 23:05:42 [WECHATBC_MAIN] : @ca8998b6f87bd671dd47597ffbc70ed3842868fb13c687bf09ac17c6c6f9d9e4:H
2024-02-15 23:05:42 [WECHATBC_MAIN] : @1d83642d07c25b56ae89c6362e98af6df9fd556434f45b340c11803a6316017a:Yu鱼.
2024-02-15 23:05:42 [WECHATBC_MAIN] : @2ad67af76a187c532c75f848213d3d6c1ed5b5e8ba8c8b8735614b9ae0145e5d:22
2024-02-15 23:05:42 [WECHATBC_MAIN] : @a6cf21ec7843ef6564cb9d02084b8500f16cd055f0f329c4269c8c2872ca3c56:  
2024-02-15 23:05:42 [WECHATBC_MAIN] : @2663720751705996a7c54ca48d4cf473e8aebe16a31d50dbcfd30d1966e7ae15:-
2024-02-15 23:05:42 [WECHATBC_MAIN] : @b120ccf53d433e7ab01258f6569e8924:异次元APP软件
2024-02-15 23:05:42 [WECHATBC_MAIN] : @52ea2f9ba69a96c337d93f15822a4d4c:易博通eSender
2024-02-15 23:05:42 [WECHATBC_MAIN] : @a9efbceb622a431550874308eef664b586a0644404820b03a2a08364381319d5:sam
2024-02-15 23:05:42 [WECHATBC_MAIN] : @7f424d86d08ebf59e0a2f17465718a42:GoLink加速器
2024-02-15 23:05:42 [WECHATBC_MAIN] : @01205824f44fc0d499d9f56669653aceae41d52e53bc69cae608d76c4d7c5464:a大白胖
2024-02-15 23:05:42 [WECHATBC_MAIN] : @33688be6bc7cb34fd453a476311dabc6:中国青年志愿者
2024-02-15 23:05:42 [WECHATBC_MAIN] : @c9831925e9d38098a4063a08f3f52a0f2ccef53f2f8f42456be9182f19623d94:ᯤ⁶ᴳ
2024-02-15 23:05:42 [WECHATBC_MAIN] : @0bafeb6be8853650e0fa95a12a61c3415d0c11022d218ae717f894b91bdc78f3:Ljh🤩
2024-02-15 23:05:42 [WECHATBC_MAIN] : @6531b3a6b9acee9e2cb72777bd78d9eb:熊猫加速器
2024-02-15 23:05:42 [WECHATBC_MAIN] : @c71bd368b0e3c4f8f9f0735834e0ba1e:潮职校园通
2024-02-15 23:05:42 [WECHATBC_MAIN] : @68848b7ce6c392da960ede8fc43814593a209f028a5d2c36a762220932c1d7aa:岁月无声
2024-02-15 23:05:42 [WECHATBC_MAIN] : @5feb3f7ae1638a67a5e0cb139a1037c9:外卖卷不停
2024-02-15 23:05:42 [WECHATBC_MAIN] : @83adf4128c8a6127eaf878dbf674337747e8c23e23d7625d7b559adb98569f0b:沉默的小羊羔子
2024-02-15 23:05:42 [WECHATBC_MAIN] : @dbef4e9cce675cd7fe41c093693cbb76ca6daf96a06408e17d520ba38aa02b35:月<span class="emoji emoji1f377"></span>
2024-02-15 23:05:42 [WECHATBC_MAIN] : @cccb4d802f6322b31586455f267ab691:转转
2024-02-15 23:05:42 [WECHATBC_MAIN] : @37aa8156d965a43cef80196f577571ef4ae2aff8842ede31f8a3befc89f275d5:木川金
2024-02-15 23:05:42 [WECHATBC_MAIN] : @f5779785136a9f7ff4060fa32842011f829d9f010c8b4023178798291a0423a6:陈店长
2024-02-15 23:05:42 [WECHATBC_MAIN] : @205e98bf9ef30fd6430d977e17b6c6045a85202e2c8b4f45f57d64603d4a4c7d:黑夜诗未
2024-02-15 23:05:42 [WECHATBC_MAIN] : @e5089f8b37d2d542bb85a97a3ad74adb6b4810a0453b85e47a9939fea155d5f1:冬天
2024-02-15 23:05:42 [WECHATBC_MAIN] : @2c699366792cddd1d993e245378f03436f03977abd3a0c1a480cb5bd6e371479:娇的名
2024-02-15 23:05:42 [WECHATBC_MAIN] : @3cc8de171d819c79220f7657e02a6c3a5376719b4287199ed2c0427b5d5c88a5:微笑的高圆圆
2024-02-15 23:05:42 [WECHATBC_MAIN] : @b72a6d6d8bf03e0ae2b41046e745e45393632b8548d51776c6313ba3d7544c35:振袖秋风问红叶
2024-02-15 23:05:42 [WECHATBC_MAIN] : @551303f570168cbadde9598520bc8789929657891eef0e2c687bfafe7f192cca:<span class="emoji emoji1f6b9"></span>
2024-02-15 23:05:42 [WECHATBC_MAIN] : @55d2d4cbe1dd26b3db33f855ed23d508b559b6af279fdd6a5a0ee9fef31772dc:两英微帮信息推广网1
2024-02-15 23:05:42 [WECHATBC_MAIN] : @9880e6e61043b9ff57716dc5779b54ac720b2ca0392e84323e7c9569b5e8146d:泽玲
2024-02-15 23:05:42 [WECHATBC_MAIN] : @35e4cd3b828b4e0b12a357b8aad7010e28329815b3b58ccd31248e4395f51c87:春雪
2024-02-15 23:05:42 [WECHATBC_MAIN] : @2c463435e7657718c95b93d604e40cb9df262034fbfdf49e2615b054ec95115d:ིྀ
2024-02-15 23:05:42 [WECHATBC_MAIN] : @82119e6d9f0f4bc9df04ca613560a325848f9ae590fa206a1d561a3bacf8031e:Nefia
2024-02-15 23:05:42 [WECHATBC_MAIN] : @db521c3cc8aa230dc68f1cfced9c971f3b318cf94ba654bfe04730492d2216f2:Arun丶
2024-02-15 23:05:42 [WECHATBC_MAIN] : @d27814fc5e19f0cd388611b3d1bddefa336e1fdeee0816b36b4c8e7b8b512f82:广东青年
2024-02-15 23:05:42 [WECHATBC_MAIN] : @345f1a57deebc23998e3366ef0eed33a:泓记
2024-02-15 23:05:42 [WECHATBC_MAIN] : @d9357c873ffeca4ee5f6af43feb28f716cc3077e7a42cb485b5e6b2c7223afef:利
2024-02-15 23:05:42 [WECHATBC_MAIN] : @a104169ab05037e5143b5a6582d88625a7c86bf79060231d950ea75c4d474e1e:Blank077
2024-02-15 23:05:42 [WECHATBC_MAIN] : @122a9001561d5a71b214ae38239c801a841d44de90afad86795b583658d8e02a:A-河北祝江机床韩冬晓
2024-02-15 23:05:42 [WECHATBC_MAIN] : @28e185cb5df08536c67e2f83d7028630:别算科技
2024-02-15 23:05:42 [WECHATBC_MAIN] : @ac60f0a7fb64b4eb0e0a7957560fc42b014ddcce253ff85346656fc0f243a6dc:发财小掌柜<span class="emoji emoji1f4a1"></span>
2024-02-15 23:05:42 [WECHATBC_MAIN] : @c3c16fa5fb12473c36513c709ae61c6a7bcb18b4f4ea1e6bdef9b7ad646bed23:白云飞（只二维码收米）
2024-02-15 23:05:42 [WECHATBC_MAIN] : @7444af7ddf2df2d5ba855f4ea2018bb3afbdd615ec616d1afe4da76a8d462c2c:sun
2024-02-15 23:05:42 [WECHATBC_MAIN] : @7c27ef87dad975cad777aa12ad02774ed73e25355dead207120d628d3fc2dc1e:（～_～）
2024-02-15 23:05:42 [WECHATBC_MAIN] : @eb645e4e95d1376f1461040e4a2a24b498d16f6a7d985b9f648f99fe246f12b8:p
2024-02-15 23:05:42 [WECHATBC_MAIN] : @35781afa3343efaf3059fb766805a82a:海豚网游加速器
2024-02-15 23:05:42 [WECHATBC_MAIN] : @c5e9bd75c6e6805f2a4c143a677dedb084d1523b36065b6d92983f09bb114acf:鱼七七
2024-02-15 23:05:42 [WECHATBC_MAIN] : @c849a3ec6aa295b0212253fdc06531ac41036a1ab1e5db710612b94f80f5f2a0:Boy。
2024-02-15 23:05:42 [WECHATBC_MAIN] : @a2b0ee5ff624c353e22ed638934ae73b:京东白条
2024-02-15 23:05:42 [WECHATBC_MAIN] : @7a68a160bdf0380fd0cda6bffe55affc99825778316028ad0f0f4f31f3508f5f:汉英
2024-02-15 23:05:42 [WECHATBC_MAIN] : @894af311993351cb216bc2113ac0f25e9b52d3d34d73401bf1914a06763ba8d5:K.
2024-02-15 23:05:42 [WECHATBC_MAIN] : @5c1627e243b50b70d366a59ca4e4f108:琪琪
2024-02-15 23:05:42 [WECHATBC_MAIN] : @64fb2ae6d373c2dcafc17369da6ec33a5cefb27f65644e6a173ef39f6e6ed937:橙
2024-02-15 23:05:42 [WECHATBC_MAIN] : @8db996ed5815972532f8ca16e40cedb2794bc207ebd064c77e151c7388413368:VIP
2024-02-15 23:05:42 [WECHATBC_MAIN] : @75b5d54452a625b18e5b380724eccfdff9124cb199816c99845765be9ec10547:意粥.edu
2024-02-15 23:05:42 [WECHATBC_MAIN] : @74f6ac3410cc6f3406c3dad480f82b4beed3021b50ea195c046661ad60f9e8f2:AOO࿐努尔 诚信经营 花呗金融
2024-02-15 23:05:42 [WECHATBC_MAIN] : @6fd59541f0395217a11444c612bcf32e:微信支付
2024-02-15 23:05:42 [WECHATBC_MAIN] : @96ceb5eaa1224595b9d796bca12f158ef3813e5700a28af51ff9a31aa95214f7:远晏
2024-02-15 23:05:42 [WECHATBC_MAIN] : @9ade72e70831e15f43ed436c2da84695c74c90e46fc7ff1a98cebda0ef072e4e:白胡子
2024-02-15 23:05:42 [WECHATBC_MAIN] : @93e731ac90b5050a831dc44d78fdea03:Su2
2024-02-15 23:05:42 [WECHATBC_MAIN] : @a6d83ff6ddd525fb3a0b45736d83d60a05816923be05bf6ad81d80527201a3d6:<span class="emoji emoji1f631"></span>ི<span class="emoji emoji1f60a"></span>ཽ周晓明
2024-02-15 23:05:42 [WECHATBC_MAIN] : @ebfd3b9f316e67e9af065d7283084efe0b0b82978e7bd20d35845f339c1990ed:老爷保佑
2024-02-15 23:05:42 [WECHATBC_MAIN] : @d17309d142871281d8e308e0521fac7717875278465dd1481d6540a4e1f32ada:Sleeeeping
2024-02-15 23:05:42 [WECHATBC_MAIN] : weixin:微信团队
2024-02-15 23:05:42 [WECHATBC_MAIN] : @0e6a18bbd5995cd0d7193fedaee9587df7d89901dc8451c9a508491f8805af10: 繁華若夢
2024-02-15 23:05:42 [WECHATBC_MAIN] : @e0476031b5ff0c5c600a141a74a735dd6f35ff57547d337b8068c64cb18ce4ff:Aloha
2024-02-15 23:05:42 [WECHATBC_MAIN] : @73b28c01e42ee9c877243b80202b74f3e12f7017afa6084bda548a22e5afd46c:【千浔】Ms.傅
2024-02-15 23:05:42 [WECHATBC_MAIN] : @57d3530659fea2bb7e8ba385aaac4f05:外卖券摸摸所
2024-02-15 23:05:42 [WECHATBC_MAIN] : @017ffaec91ba19fe538a180b95157143e39e2a6e8d4f59cbc6af0549f2b40f30:兄弟酥面店13322746671
2024-02-15 23:05:42 [WECHATBC_MAIN] : @da76968248ad847ffd1b770d9b969ccd99c828b90b59050297dfbf3a3d1c0f7f:SuriYan
2024-02-15 23:05:42 [WECHATBC_MAIN] : @dd295ad692b2fdf7ea8d5bcd9616a73926d9a930cc07ce09f95299d79342e5eb:<span class="emoji emoji1f525"></span>
2024-02-15 23:05:42 [WECHATBC_MAIN] : @2c95ea0f8f0ed11e2abf668799d03d10d548dad7c4a58cd5a05586228454e362:区冠贤
2024-02-15 23:05:42 [WECHATBC_MAIN] : @c849fbb5b09ce421a6ada79b494b75d463e4e2c3e1b63063f68fe1f84e263fda:H
2024-02-15 23:05:42 [WECHATBC_MAIN] : @5b55ec7a987ce32a225b0dcc755ae012:志愿者
2024-02-15 23:05:42 [WECHATBC_MAIN] : @2bcb669031bf802d8aedf4fb703fd878:php中文网教程
2024-02-15 23:05:42 [WECHATBC_MAIN] : @240e4360063aed4c7fb654fd4b863ae217ee7fce769dc7dae01d12601cc9c9e8:汕頭15815040195
2024-02-15 23:05:42 [WECHATBC_MAIN] : @816cc05923ab564169a0af4d09b300cb58b3126ec5f345d03e6c29e93707b8ee:Nachanka
2024-02-15 23:05:42 [WECHATBC_MAIN] : @ab118774c2e3f0d4d5d6c6721e18656ed49dc989662ac837fb68b1ad9ae86dc8:Peter烁
2024-02-15 23:05:42 [WECHATBC_MAIN] : @8a6c8c904299c37098cbaa4a54e5d42eec6ec513d257754ddecbda76d63a5f03:<span class="emoji emoji1f349"></span>
2024-02-15 23:05:42 [WECHATBC_MAIN] : @28dfa085d17683820b8940fdab2055ff:抠鼻子Kobez
2024-02-15 23:05:42 [WECHATBC_MAIN] : @2ea849a7bb29755d9bc7cde55b035c877b419484f195fbecd74f6ce528cf13ef:群管理
2024-02-15 23:05:42 [WECHATBC_MAIN] : @5fbecf3a561ae4ba5b6dc1acdd194433b69408d5ecc93b269bfca96e9b01fb0e:O.o
2024-02-15 23:05:42 [WECHATBC_MAIN] : @3c1de20cac6793f433f1d10cdd0a7724:宅猪
2024-02-15 23:05:42 [WECHATBC_MAIN] : @7cd04137b56224a8971ebbfdbe1537c0:外卖有多少
2024-02-15 23:05:42 [WECHATBC_MAIN] : @d0feb9fd3c6b88cf9a2cf01e661e4a56c3bb39481647c3b36c252cc8c273d539:xzt
2024-02-15 23:05:42 [WECHATBC_MAIN] : @caee5dace99cd18c818c7e260512642c5e0225efb6d1fb3b8c957c9c1ad61004:小宝
2024-02-15 23:05:42 [WECHATBC_MAIN] : @956358eac0ea093528a3d323c6448272:小星星资料库
2024-02-15 23:05:42 [WECHATBC_MAIN] : @b19e8bc974dd89cd078a2865527f6abdf8fbe2b0cb626a7f25a444fa72b722cf:文人武
2024-02-15 23:05:42 [WECHATBC_MAIN] : @3af0fb4d7cc10477983ff7828fa6c24a7d6b5830e46f0ca330087babe9987825:。。。。。
2024-02-15 23:05:42 [WECHATBC_MAIN] : @1867a1bc00defb8e7cd2f044d6d3d03b621c0efe25b94b117351fd1491aaa49d:莹^O^
2024-02-15 23:05:42 [WECHATBC_MAIN] : @2e824f52fd3ffcb7e525582bfabf7de99a5676af83e35b7ec8e88ed5dac5e2e8:ㅤ
2024-02-15 23:05:42 [WECHATBC_MAIN] : @aed0e9568598dcd4b292376b24f0c3e59982fc68253f70858f85c0617c591481:はたけカカシ²⁰¹⁸₀₉₁₅
2024-02-15 23:05:42 [WECHATBC_MAIN] : @5bf945b56210c0defadb334a5d3877daed4449b379dcdadd2feca7394062d86c:Huan
2024-02-15 23:05:42 [WECHATBC_MAIN] : @4a95bbd9d6e5ed1b17c5b89d2721573a:天蚕土豆
2024-02-15 23:05:42 [WECHATBC_MAIN] : @a4f0cead56e1ce55a82e2a4cf748c22ad0c3bca6cae276da26b735605469e18c:你滴男妈妈
2024-02-15 23:05:42 [WECHATBC_MAIN] : @e8ee74f7d4abca11c444a30e279a19ff1fb5eb8f06270230c44ad3794dbd38c5:aJin
2024-02-15 23:05:42 [WECHATBC_MAIN] : @4dd2962f841a21a48902915bf62543676e61260c6af1bb96838ca4b8af4f8524:Rime
2024-02-15 23:05:42 [WECHATBC_MAIN] : @a55941bf49e943e76f69d0e5790c040c:该账号已注销
2024-02-15 23:05:42 [WECHATBC_MAIN] : @a48cd8b4e8da916ec2e74767f4f472a00e398ab3edb5f314f0fceed7232f5fc9:JW<span class="emoji emoji1f42f"></span>
2024-02-15 23:05:42 [WECHATBC_MAIN] : @a66e14cddbc7afea9c797c53c11facefd00c89188a02b071f574ed9d325df7a1:樱桃🍒
2024-02-15 23:05:42 [WECHATBC_MAIN] : @0d9e368ff735db46dd89c0a7457b1d5b:拼多多
2024-02-15 23:05:42 [WECHATBC_MAIN] : @9e2ab7e03845ad02bd1b2678d20ff076:治愈读白
2024-02-15 23:05:42 [WECHATBC_MAIN] : @5afecb7774241c03cae006e24b8ef16b:魂之乐享
2024-02-15 23:05:42 [WECHATBC_MAIN] : @b1186d8827c745fd3759fe06f5100f83786fb87c2d1d26dfeaa056ed7f91a91f:卡哇伊
2024-02-15 23:05:42 [WECHATBC_MAIN] : @304a7673231c9fce6c88bf9b9f82b73e3d2a20bd07b41c46754022cd5dab6fc4:qi
2024-02-15 23:05:42 [WECHATBC_MAIN] : @d1aacc86dca3b3f416d7ecaade9ce83f:广东中职菌
2024-02-15 23:05:42 [WECHATBC_MAIN] : @814b6599e10821a3c8c596bd865802f102a3667720fa2c6d0cd3202ed2095bac:SOYU
2024-02-15 23:05:42 [WECHATBC_MAIN] : @85a6286279f591147f1bc5fc9f173c053698828226b2e9d965a72a66c28de452:杰
2024-02-15 23:05:42 [WECHATBC_MAIN] : @e0dad7d64edd8b70f3cb22cfae32f7fe579b4a2304f9e90656553c3f24e0d00d:胖胖的孙某人
2024-02-15 23:05:42 [WECHATBC_MAIN] : @acb8d06bed2601e9012e3a6f090625e503e9eb3cd0434a2b8b0a160afb44d0f4:ღ火炎焱燚ꦼ
2024-02-15 23:05:42 [WECHATBC_MAIN] : @f9df0caeb091e4ecf98543d615d7f89223987d1b9c50b234c8166da9eb8830b7:芜湖
2024-02-15 23:05:42 [WECHATBC_MAIN] : @a888f4787c0c9a33130714b0da651d7f9a796d88fa0c433d0c35037e4b56658e:山海
2024-02-15 23:05:42 [WECHATBC_MAIN] : @4089bf735ec90d9151c3e779bed01e7232777d04c0c731b54f9fef7eb8d343c7:wuli
2024-02-15 23:05:42 [WECHATBC_MAIN] : @26822751b60a6c594cb7c0541f2e91d80bd8176f2089970d674adb38db3408a1:九
2024-02-15 23:05:42 [WECHATBC_MAIN] : @c4ed2e452d3211051489af76b070fad9:憨憨羊
2024-02-15 23:05:42 [WECHATBC_MAIN] : @baec5930683f5e95365a30a657be1de49c15a66258af27a25f61703381218e1b:懒人
2024-02-15 23:05:42 [WECHATBC_MAIN] : @31892b3d3658e586e27169324690f24d8a209e4a50d2a6bdf154dd7314983368:A春3悠慧多多<span class="emoji emoji1f389"></span>
2024-02-15 23:05:42 [WECHATBC_MAIN] : @fee9ae146e038c42cbaf658eca64dc6e1b2aca1ac1c3e6f3c1f49ae0d604ea6d:AA - 手机电脑 回收 出售 维修
2024-02-15 23:05:42 [WECHATBC_MAIN] : @052953693eaf15ec653f5873d802dd423637c83c5e48ff21a1372c5e199bea54:皮蛋
2024-02-15 23:05:42 [WECHATBC_MAIN] : @0137744bada9dd5244efe3c18186312ba82a0faa5557506aab97b532598a6cb8:₀₃.
2024-02-15 23:05:42 [WECHATBC_MAIN] : @142b79b0610b9e969734934f52c1b6811691dfb0baaade002bfce82993c25959:木迁
2024-02-15 23:05:42 [WECHATBC_MAIN] : @48c24c46b0073c4d179d7fbb164a6985b2ceced84fdae6d2ac271f3e4da112cc:.
2024-02-15 23:05:42 [WECHATBC_MAIN] : @e7839f1539fd9b1998ed6d935ac99d01cfa18455c46e927e29f3b61fa2a666d0:若瞳君子
2024-02-15 23:05:42 [WECHATBC_MAIN] : @12426be8516564665a89126be772efb6a20bc1996e30fb576cce05bfb96ba782:.ayu
2024-02-15 23:05:42 [WECHATBC_MAIN] : @37adb47f5d38f378c418786648db85b2:源码阅读网
2024-02-15 23:05:42 [WECHATBC_MAIN] : @df50044f30dc01aa66bf983d95796fe730d21518067401147f69c032900ffdb7:1
2024-02-15 23:05:42 [WECHATBC_MAIN] : @2f0ce3565e294b36782ba2481aae962f6e44f2effe20ee7345a66c50d9c25af8:/
2024-02-15 23:05:42 [WECHATBC_MAIN] : @b1c3db5d8f7fb184dcd951820f40479274b9b0b837be102b95944e588e5b7b47:失忆
2024-02-15 23:05:42 [WECHATBC_MAIN] : @af6c157b2b90e5d86c560559a1a61c59:蒸汽游戏
2024-02-15 23:05:42 [WECHATBC_MAIN] : @7f44f0927f8beb75430549317bc29df3ac664dd003dbaece6ce194a9eba8fcf2:小花
2024-02-15 23:05:42 [WECHATBC_MAIN] : @cc0ffe10f440a6df4423edbd7b992ff1:极简博客2022
2024-02-15 23:05:42 [WECHATBC_MAIN] : @0686e31162dabd94103628f4617143a82ad6cd4ad71a62c2f8cbead675d99f5a:祈
2024-02-15 23:05:42 [WECHATBC_MAIN] : @dacdcbdb8ec86023c8a26258380d758de5e2c61dd7082b881bdb2aa9c63920c9:Z.
2024-02-15 23:05:42 [WECHATBC_MAIN] : @cf317b701b827123d3702a4e20c8a444940f4e6864c36525e81720e5e1eb5371:培
2024-02-15 23:05:42 [WECHATBC_MAIN] : @1c542f85e1d08ff6b34e95f644cbb3a043b5b2be22c05a383f6173d0e324711f:木讷
2024-02-15 23:05:42 [WECHATBC_MAIN] : @f0ac434420fa6e5dc9058d822c2b9e1b:便利店艺术家
2024-02-15 23:05:42 [WECHATBC_MAIN] : @74b6918d36f8f217e5747841b01d0f45:情侣CP
2024-02-15 23:05:42 [WECHATBC_MAIN] : @609f60960a1eafd04cca926d6a96475b5a0095e0931306e84e86db8c9749177d:NOBODYLIKESME
2024-02-15 23:05:42 [WECHATBC_MAIN] : @ce81f351aaa49c29c0675c4b31af929d0f5117d5f207d24d62204eeaa79220e1:...
2024-02-15 23:05:42 [WECHATBC_MAIN] : @b46e1dbc3b064e8cf1e706cbaea6cb6c09e5e9741ab2950f9e47af06f2d26490:2z
2024-02-15 23:05:42 [WECHATBC_MAIN] : @04efce5c8a9811b7d1f72fabf2df63c784252d5494c032bb2136bdf3a2546330:韓
2024-02-15 23:05:42 [WECHATBC_MAIN] : @1f88459333bb7d00e8d97a316fad1726:卢家妈妈 西餐厨房
2024-02-15 23:05:42 [WECHATBC_MAIN] : @aaa936a75217e0c9032680d3afe9d235317a51f75d25e0205f84eea198758fd3:啦啦啦啦
2024-02-15 23:05:42 [WECHATBC_MAIN] : @1c339922e16c380c9452b0b779f9b7ccc40d09b41c3e8b75b9620091771a395b:hor1z0n
2024-02-15 23:05:42 [WECHATBC_MAIN] : @a341dbff9b897a3084f6eb3816a6c57c:zl     <span class="emoji emoji1f4a6"></span>
2024-02-15 23:05:42 [WECHATBC_MAIN] : @f4ade2811a73f50dc841fff24cebc613b1c732046ae1c40df45b774bdc73fe3b:-
2024-02-15 23:05:42 [WECHATBC_MAIN] : @7500a68acb35d82045ba5b39e5e0cd30b41b7670d31ab0608f754e1e10f7300f:羊妹妹. 💭
2024-02-15 23:05:42 [WECHATBC_MAIN] : @548fa4e352441439d69fbe6235b8bdf1:黑料BOOM
2024-02-15 23:05:42 [WECHATBC_MAIN] : @b73837c7fc215d77e9ac42efd24c5e2f1bdc91197eaee02484ff49856356f23c:曦热
2024-02-15 23:05:42 [WECHATBC_MAIN] : @529ddd563ca93664b2fdafdf4c2c3fed9ea65e8d2dc4a1d9d712f424683c439f:玉宇
2024-02-15 23:05:42 [WECHATBC_MAIN] : @dd232f08eade4177f953442b383effaaf6f9e4472a52ac355059bebf3dad8a0e:威廉
2024-02-15 23:05:42 [WECHATBC_MAIN] : @6ca744be3f271a7f84e5e7ff9d02c900:你的生活我的梦想
2024-02-15 23:05:42 [WECHATBC_MAIN] : @cf1b4e91727e1527d453b5e0f11d267bfe3a0a48de71560b7f06f25528593c2a:独人13
2024-02-15 23:05:42 [WECHATBC_MAIN] : @425fb88e6a0827b5ee4a827a8604ac16a5ad0006f4e07248fe1fb54a8c558e10:A㍿࿐黑人校⃣長⃣ゝ诚信服务
2024-02-15 23:05:42 [WECHATBC_MAIN] : @cc85de84348d22cbbcd44538bacf02d2:辰东
2024-02-15 23:05:42 [WECHATBC_MAIN] : @29c450e0b0f98f19974061d4b8c65b7fbaa8d0a4e288c70aa8fd6d901b20490a:h.
2024-02-15 23:05:42 [WECHATBC_MAIN] : @6a1ee3657d22c1c11bd7c3937f872692:WPS办公助手
2024-02-15 23:05:42 [WECHATBC_MAIN] : @30cc9a5b3865ea4695879b520d034bff4566de12c43abf32ba51f158ca39f660:BLUE
2024-02-15 23:05:42 [WECHATBC_MAIN] : @b365bbb6ff27d9b72b54aa7951bf7054e6cffca1ac18c1a77972f3b6b1f2626d:好运常在
2024-02-15 23:05:42 [WECHATBC_MAIN] : @c4daf119d474cc5fd4636c85f081e246953dad8533b5a4d3f85ad1712cfcfa70:等一下七月
2024-02-15 23:05:42 [WECHATBC_MAIN] : @5f59baaafa0fa445e46fecfb0c02cb6c79f9829020b80fb019a9118d79c2f0fd:今天想我了嘛.
2024-02-15 23:05:42 [WECHATBC_MAIN] : @d9eb61869f0f15ad233420e078522a6cf8de638a87033f5ee82bd67da2205966:A 中联电讯   郑灿伟
2024-02-15 23:05:42 [WECHATBC_MAIN] : @9eb81419e5a5d4e390398a6b8b79c672c2d720e58bb8a059e8b9e87fd45507fe:！
2024-02-15 23:05:42 [WECHATBC_MAIN] : @b18768ecbaf0eb7d5935ababcd360ed300e38441006ab8b2fa7c24b5c0e33c92:彬
2024-02-15 23:05:42 [WECHATBC_MAIN] : @977a4df4b7742edb111b30034633adca3cbf0d8ad3661d334e5d3eb9001404b3:以至于
2024-02-15 23:05:42 [WECHATBC_MAIN] : @9b14ff793bbada883c1420715717c2d642c59dcb1a39438b3576a8f0cdc89396:<span class="emoji emoji1f361"></span><span class="emoji emoji1f361"></span>
2024-02-15 23:05:42 [WECHATBC_MAIN] : @f23742272c0aac8273be5d29dfb46598e3264bc3f32396ffab67e837d7d4ddde:Jeff
2024-02-15 23:05:42 [WECHATBC_MAIN] : @21b564929807366147b34a1ec6cb0aa67c499461d0d85b9455e0324ec77201b9:借我一秒钟
2024-02-15 23:05:42 [WECHATBC_MAIN] : @7b5fe90fdc771379dec2cb1b23186d4f7ea9cb92c61693250d2266da0922390a:buo
2024-02-15 23:05:42 [WECHATBC_MAIN] : @5665d7c43856dc2a40fce4ba9e057511b68c8b1162a0269e681a32f704285cad:莹^O^
2024-02-15 23:05:42 [WECHATBC_MAIN] : @2160f5300b071856f5ca0406c32d613de35441c06f547d557eca9eb2b552e52a:ㅤ
2024-02-15 23:05:42 [WECHATBC_MAIN] : @5f7787f55779e6d7bac047b8b748db4e880b24f142bd119a9cb2728669ba01a8:AIm.
2024-02-15 23:05:42 [WECHATBC_MAIN] : @1ecc4e0fecf05b3b4520c8a2ccb1dc08b0e634a0eff8f28f4a70c0ab49500118:DLx
2024-02-15 23:05:42 [WECHATBC_MAIN] : @52a92acb41bdc0007e31fce6a1b41f2e224cec5d1ae3a6005a55334629e82c56:+🥚
2024-02-15 23:05:42 [WECHATBC_MAIN] : @67c9709448d6a7cedfc3778dc19bf14e:网易UU加速器
2024-02-15 23:05:42 [WECHATBC_MAIN] : @4e0417bddc075ab07478ddd4076bbf0ea5bd04c12074571086cb3482fc0c03c0:星光
2024-02-15 23:05:42 [WECHATBC_MAIN] : @85f8526da4452e512b8971c2b8c5767e176a60808b4d3e7dfd2d0580529bb281:ㅤ
2024-02-15 23:05:42 [WECHATBC_MAIN] : @beadf42875b0c77fb781c03423c3b01dbd4fbf6b056ebd862ab2310e9e043c59:早川秋
2024-02-15 23:05:42 [WECHATBC_MAIN] : @87777148b02087d68c162fa04c86678ff96ecc7f91439730e5dea5e57d0011eb:老细肠粉甜品小吃1号店
2024-02-15 23:05:42 [WECHATBC_MAIN] : @a38744f49260426bb4580cf214fab53e:agiso自动发货
2024-02-15 23:05:42 [WECHATBC_MAIN] : @fc2cca33192f757f863ad41a60546b8c4144a91d0fd4af108f01ddb54d08dd56:二友照相馆（总店）
2024-02-15 23:05:42 [WECHATBC_MAIN] : @149a578b4b857672a1391b869c550219:泡泡加速器
2024-02-15 23:05:42 [WECHATBC_MAIN] : @98272a665fefb422f86f35155f805d08027fdf639b1ba0f339da06484ef217a3:Diss8c豆
2024-02-15 23:05:42 [WECHATBC_MAIN] : @36407c9073da7040212ded175a7b6cb46f928e9a8ee37e83ec0d61f00fd8b7a3:FyG
2024-02-15 23:05:42 [WECHATBC_MAIN] : @e68a3893ec4c142e2ecb815611b85162:老廖
2024-02-15 23:05:42 [WECHATBC_MAIN] : @fb7e8e363ad00da48297cad3239c436c:耳根
2024-02-15 23:05:42 [WECHATBC_MAIN] : @02f897540640782db9a60f9f061bc5e7740872fddb653519930f03b7bc7a0ef0:三三
2024-02-15 23:05:42 [WECHATBC_MAIN] : @0808a0a009d8a876129c3ffd8ac206b255eb7d6a19b559fa40ef675331c6ef2a:-
2024-02-15 23:05:42 [WECHATBC_MAIN] : @6dfffa5a618d51529bcaff308fcd732faae6d63bcfa617385e171ff371369c2c:<span class="emoji emoji1f525"></span>Sparks
2024-02-15 23:05:42 [WECHATBC_MAIN] : @@e08a9333b3a0d877790b39b05842a6cdaf4027ef7dd38ff709f889e6f60a4451:森鶴教堂<span class="emoji emoji26ea"></span>
2024-02-15 23:05:42 [WECHATBC_MAIN] : @5a10520f989bd25cc81613b33e9a6716fd43328acc3bdbaa9811b3ae67820632:AT
2024-02-15 23:05:42 [WECHATBC_MAIN] : @4dd15c3569f234fcb6207febe417a6770d03d1881144aad3877bc78fd0f3556b:拉勾为什么要上吊
2024-02-15 23:05:42 [WECHATBC_MAIN] : @13b6e89619bd2034a172f1d56f2a7e84ffbd3cbfa03075ad0f1396d9862598d9:C.
2024-02-15 23:05:42 [WECHATBC_MAIN] : @80c50eef0466876025fc33e457e25f2575dff5e0592e9b7787d86d256a731f62:鱼莱新鲜小超市
2024-02-15 23:05:42 [WECHATBC_MAIN] : @76b1a7c42cde594aeb9d7484f4b9ad96a020749295373f539e3d82b7e34207e2:董不懂
2024-02-15 23:05:42 [WECHATBC_MAIN] : @02d152bb886faf9c0a42417df086bad1:腾讯成长守护
2024-02-15 23:05:42 [WECHATBC_MAIN] : @24a6017e2a9c40e04592a73e979277eeb2a947810ffffdbd308168a214783d64:美宜佳
2024-02-15 23:05:42 [WECHATBC_MAIN] : @4f7e4859c2d18b4b10a781b51775b087848a3909fe45dc5fab2bc5328a16e4ef:笙歌十里
2024-02-15 23:05:42 [WECHATBC_MAIN] : @78dd4538f795996092a6c27210ee4c5fab0421d96c8b00d6b353e4fb29c63dcf:Cory
2024-02-15 23:05:42 [WECHATBC_MAIN] : @c47320b10c3935704791af1cbe16da7ae93271d4613bb73a1779c8c5fe606385:Rebirth
2024-02-15 23:05:42 [WECHATBC_MAIN] : @3e3ce01f9a71c6b16a5124761173621ebe76ddf417c2ec275c85d303a91a8bc3:垚
2024-02-15 23:05:42 [WECHATBC_MAIN] : @1973ec4f17359d8e76f237507c06b312:腾洲车行
2024-02-15 23:05:42 [WECHATBC_MAIN] : @7cf92e097e8cf726aa168c46b8602043:平面设计狮
2024-02-15 23:05:42 [WECHATBC_MAIN] : @b61b5d99d25d62d8ac039e0e5350cd2b63462b6e30b971591d11bb321bc4db05:欣妍
2024-02-15 23:05:42 [WECHATBC_MAIN] : @dce00ba92b4ca67e4e1554f790fd303aa5b8b03b9c82bddc3d9fa87df478a6ae:🥷
2024-02-15 23:05:42 [WECHATBC_MAIN] : @160d8567dca7c252eb02c4756478bc90:吃货特权卡
2024-02-15 23:05:42 [WECHATBC_MAIN] : @b00b3e06553d61e0837709d736a0d9180ff7a84c5cb65becea5d035372f67ada:Solitude.
2024-02-15 23:05:42 [WECHATBC_MAIN] : @9ba351198bef78d95701ce284e813ca0:该账号已冻结
2024-02-15 23:05:42 [WECHATBC_MAIN] : @94dd1c0d627d41da3f73f7970a4d6ecd966749b81f975685247a170db9d19966:！
2024-02-15 23:05:42 [WECHATBC_MAIN] : @c637006f99f588672eda0c0743e68335941832b7ff81075b5fd31115398bff41:xh
2024-02-15 23:05:42 [WECHATBC_MAIN] : @2019de7fda89ce04db724c68948459001338b1184e7b54583502c6a6050582cf:A0༒六子༒ （诚信服务）
2024-02-15 23:05:42 [WECHATBC_MAIN] : @94339b3d8e45d5cdc6cf3bfa65d2d39ae50e1e915700b4e0b7d9d8eb3f97ba90:zzzsh
2024-02-15 23:05:42 [WECHATBC_MAIN] : @6c983113b3b52b5969e9017baf1b7f3fc2ded796275b54a4e130d44ee52464a9:宝藏
2024-02-15 23:05:42 [WECHATBC_MAIN] : @15ceddad04d162cff697f5188b2a17bb:电脑那些事儿
2024-02-15 23:05:42 [WECHATBC_MAIN] : @013060ae4e34df5cf2d233856a94cb590e03150d49f43502ed3ea62eef2fbc96:晚风
2024-02-15 23:05:42 [WECHATBC_MAIN] : @95683220600b0f68a3678703f4d9a3d4356813e7298b05266da3b6c982130ccc:楠浅ꫛꫀꪝ
2024-02-15 23:05:42 [WECHATBC_MAIN] : @d2e9f6ce9242c7c707f52ba2ec1c61fe553980beeae5dbd42bbee08300b1a02f:无所谓
2024-02-15 23:05:42 [WECHATBC_MAIN] : @23469cdce0d70d9f0ca492e7ca68e4b1:沐沐热喵
2024-02-15 23:05:42 [WECHATBC_MAIN] : @f6b808c43180bb44af61aac64aee9810:加一电影
2024-02-15 23:05:42 [WECHATBC_MAIN] : @79bd2c4550dcc810e5e0f33457082a5082b1cc1b5559979fe42a2997a817308a:福🦆
2024-02-15 23:05:42 [WECHATBC_MAIN] : @f0b10ac3c207c39583a2ee689508389f1c3cbfb6e9017b1335ed92d6b3820df6:太白
2024-02-15 23:05:42 [WECHATBC_MAIN] : @0acc8352703d090a4ad6f5c2ab24df47b506f5c034e44ccc1dc4d56c47887498:顺风
2024-02-15 23:05:42 [WECHATBC_MAIN] : @295748218c8362fd4057d934455b6dada5cae70a2adb823fda8c7a7ee84ad847:寿～
2024-02-15 23:05:42 [WECHATBC_MAIN] : @c7e2341672da09f8d5a856146c5b69b3132e73fcf198bf62bb2ca6797caf0027:Z.🧸
2024-02-15 23:05:42 [WECHATBC_MAIN] : @213a7135fd7b9c0bc126b42dd97e41ad:酷猫电竞网咖联盟
2024-02-15 23:05:42 [WECHATBC_MAIN] : @5af5942e4d9eefea73f53b0dbcfdd8740a2477d43ec1bb56404de982847a3eaf:LIN_HH
2024-02-15 23:05:42 [WECHATBC_MAIN] : @b5027d373d4e371aee00d617a7bb3818:平颉机械设备13223903675
2024-02-15 23:05:42 [WECHATBC_MAIN] : @35e1220142487b3f1eb0cc0fe7d9be4bfa0008843777001824e5cb21bb1f34c5:瘾
2024-02-15 23:05:42 [WECHATBC_MAIN] : @0acaa403cdc9cf0a6bfbdab177c8e3632f1f8d05dcfe780fa4598a6b9878d2ef:平平歌(ᇂ ㉨ ᇂ)
2024-02-15 23:05:42 [WECHATBC_MAIN] : @91d4364731c04e59b8aa35f335656db1db32319ac55d2d7a82850588a6fff153:汉宫
2024-02-15 23:05:42 [WECHATBC_MAIN] : @6a76c8680f3ed281779fb0eddd1a429d:鲁班大叔
2024-02-15 23:05:42 [WECHATBC_MAIN] : @f367726be725cf58f10d3730be851344101cdf85bc51ee7c2e1c169c28583052:安逸
2024-02-15 23:05:42 [WECHATBC_MAIN] : @03245f70b10fb8b6d47b55e89b2b07643e610ef613c13bd492a5fc6fd5c2b1b0:D。
2024-02-15 23:05:42 [WECHATBC_MAIN] : @8f486f852f734635a0dc52ec51b557f143233e9ee1773b9f0d1d52aecbbcf332:听岛屿.
2024-02-15 23:05:42 [WECHATBC_MAIN] : @eb134274df602c1503ab190533fc00ef:Joker.
2024-02-15 23:05:42 [WECHATBC_MAIN] : @963e377a26582c44befa39bd97e945310b9557d918242c930dc442cab314c8c9:王德发
2024-02-15 23:05:42 [WECHATBC_MAIN] : @96094961d7bccc7d04b06cb145f02d36:韦一同说
2024-02-15 23:05:42 [WECHATBC_MAIN] : @b1dd1eb3eba1ec9d2cd4a2afa202dc734460ef2bce84d74bfbc8fb1324ef17b0:怎么取一个正常点的名字
2024-02-15 23:05:42 [WECHATBC_MAIN] : @e5cfea9a66cc24818883feb6d340c5e1:特摄驿站
2024-02-15 23:05:42 [WECHATBC_MAIN] : @2964dd89e43d5df6efe97128e6976282:小木生活观
2024-02-15 23:05:42 [WECHATBC_MAIN] : @b62f0ece4d34444d32502d805b8656066e62b5ff2ec2e583c621bcba7c9758d9:干净
2024-02-15 23:05:42 [WECHATBC_MAIN] : @9238261e3ddf2574ac9d4e724a155c0a:后浪俱乐部
2024-02-15 23:05:42 [WECHATBC_MAIN] : @016e8fb4718e1d4193a5aa86d7780792ba71862a471094d59eeab90095590ef5:要好好吃饭
2024-02-15 23:05:42 [WECHATBC_MAIN] : @89470ac82ad5bc021d224d6967dfddce210e47fe97bb73f9114c3efc68a01905:熊大
2024-02-15 23:05:42 [WECHATBC_MAIN] : @7340c5759bf728ecb24d374a47e1816620903b3240527ef59fbaebf5cc342203:香奈儿<span class="emoji emoji1f42d"></span>
2024-02-15 23:05:42 [WECHATBC_MAIN] : @ec2656a5556118a7fb66ceb2f3f6d01df7e48a00c30999c56915a30ee2337c01:莹^ω^
2024-02-15 23:05:42 [WECHATBC_MAIN] : @ebad786ff95591edb6b60de7c3cd2482:CG游麟网
2024-02-15 23:05:42 [WECHATBC_MAIN] : @27fb4e9373fff1fcf81bcd9c36bbc5effade3febb2753f4cdd842d2875cfc512:Jammer
2024-02-15 23:05:42 [WECHATBC_MAIN] : @5efa029ea849951d57a9059eeffc89c8c71a190c7e3e0e10004c9987cf46b5de:北
2024-02-15 23:05:42 [WECHATBC_MAIN] : @d38601aaf30cd3231edf3c0fe71284302c225741c5beffd3a8eed0a2d1e6db9f:XOYUFI
2024-02-15 23:05:42 [WECHATBC_MAIN] : @a2924578c77d9fc8ede7de3e362c456f:余熙小灶
2024-02-15 23:05:42 [WECHATBC_MAIN] : @@27a9c81b0ed4b5475b6a767d0f39c01bcab413dff859576b96d658a2b891ba79:z,zzzsh
2024-02-15 23:05:42 [WECHATBC_MAIN] : @f72621323c3459b0f5027b8e15d5bd04:超人
2024-02-15 23:05:42 [WECHATBC_MAIN] : @6a2cdcb0cfd7b2b32c34b6c7538bf3a03a28eb4805f0cbf24e8599f9c7175a51:杰
2024-02-15 23:05:42 [WECHATBC_MAIN] : @c53ea1900b2b23b60b58b90355bfb248:中国移动10086
2024-02-15 23:05:42 [WECHATBC_MAIN] : @4396eb16962f481b68966a4898ed39c9109279b5133ccbe5d574f30600fdc2d4:大海我的故乡
2024-02-15 23:05:42 [WECHATBC_MAIN] : @ea74a26b91d5aeb42d487bcec894fe471285cd71473ee5101722c3a2bd5c245d:扬狗爱cc🌬
2024-02-15 23:05:42 [WECHATBC_MAIN] : @b9f4db7bb6b080d0faeb1a796e072e2889793021b69c1fd1dc7f1c4da58e3861:朗月.
2024-02-15 23:05:42 [WECHATBC_MAIN] : @7ecb7d5e9dc00280d48c6a6ac1ba6e14b7ff1fb73aeb849d528c777adb391129:譚咏麟
2024-02-15 23:05:42 [WECHATBC_MAIN] : @30405d3c50113514feea17494566b8741a46d92398525b408ccf178ffb558c11:Sam
2024-02-15 23:05:42 [WECHATBC_MAIN] : @a4b6c175d5476bf289dab93945ebff5d0525e1f21a8bb49cc10b6102eed03e74:Oneone
2024-02-15 23:05:42 [plugin-loader] : 载入了 1 个插件
2024-02-15 23:05:42 [WECHATBC_MAIN] : 启动控制台...
2024-02-15 23:05:43 [SYNC-CHECK] : Message(msgId=8769566652771764079, fromUserName=@21575ce454374e0c4d27d6b52e9abd78e577b00262e1b5bc42c014a53af9af75, toUserName=@@27a9c81b0ed4b5475b6a767d0f39c01bcab413dff859576b96d658a2b891ba79, msgType=51, content=, status=3, imgStatus=1, createTime=1708009542, voiceLength=0, playLength=0, fileName=, fileSize=, mediaId=, url=, appMsgType=0, statusNotifyCode=2, statusNotifyUserName=@@27a9c81b0ed4b5475b6a767d0f39c01bcab413dff859576b96d658a2b891ba79, recommendInfo=RecommendInfo(userName=, nickName=, qqNum=0, province=, city=, content=, signature=, alias=, scene=0, verifyFlag=0, attrStatus=0, sex=0, ticket=, opCode=0), forwardFlag=0, appInfo=AppInfo(appId=, type=0), hasProductId=0, ticket=, imgHeight=0, imgWidth=0, subMsgType=0, newMsgId=8769566652771764079, oriContent=, encryFileName=)
2024-02-15 23:05:43 [SYNC-CHECK] : z>z,zzzsh说: 
2024-02-15 23:05:43 [SYNC-CHECK] : Message(msgId=1440873978369185086, fromUserName=@21575ce454374e0c4d27d6b52e9abd78e577b00262e1b5bc42c014a53af9af75, toUserName=@21575ce454374e0c4d27d6b52e9abd78e577b00262e1b5bc42c014a53af9af75, msgType=51, content=, status=3, imgStatus=1, createTime=1708009542, voiceLength=0, playLength=0, fileName=, fileSize=, mediaId=, url=, appMsgType=0, statusNotifyCode=11, statusNotifyUserName=, recommendInfo=RecommendInfo(userName=, nickName=, qqNum=0, province=, city=, content=, signature=, alias=, scene=0, verifyFlag=0, attrStatus=0, sex=0, ticket=, opCode=0), forwardFlag=0, appInfo=AppInfo(appId=, type=0), hasProductId=0, ticket=, imgHeight=0, imgWidth=0, subMsgType=0, newMsgId=1440873978369185086, oriContent=, encryFileName=)
2024-02-15 23:05:43 [SYNC-CHECK] : z>z说: 
2024-02-15 23:05:47 [SYNC-CHECK] : closed
2024-02-15 23:05:47 [SYNC-CHECK] : 在尝试异步获取消息时遇到了一个错误
