2024-02-15 23:35:42 [WECHATBC_MAIN] : 已扫描二维码，请确认登陆
2024-02-15 23:35:56 [WECHATBC_MAIN] : 已确认登陆
2024-02-15 23:35:57 [WECHATBC_MAIN] : 已取得登录信息:
2024-02-15 23:35:57 [WECHATBC_MAIN] : BaseRequest(uin=281175185, sid=sovrSD79bn1cDdO6, skey=@crypt_c1a555a6_3079eaa6ddd4a2e4b3e93ff609c468e5, deviceId=e108353360682123, dataTicket=gScMWGPvGYSySIjXElm3mBxK, passTicket=z0zxvHPCCVP0FIB2yLPzEBkcibCqrdV8tR43mP0%2B6CI002FbsDxWUj6SxKChwfzb%2BcXXBLvZart9uM4bhJV5vw%3D%3D, authTicket=CIsBELS6zvQDGoABDkQRCJ2wTd6Iu4y7FC82Ktw9xx1lbpKOD1Eoo/dbogWAszssev8yaOU/EHx9GpSh3h2lHWJ1W39rtgxhAkpXpecDLn9nkvpRZsASPOxf0l7KnlKHg2lrGQ/uRHW++mKHGQT/YCEvReNjGBzeh9L7o6IFOdT4EwiPkmJ/wX0/OWE=, initCookie=[wxuin=281175185; expires=Fri, 16 Feb 2024 03:35:57 GMT; domain=wx2.qq.com; path=/; secure, wxsid=sovrSD79bn1cDdO6; expires=Fri, 16 Feb 2024 03:35:57 GMT; domain=wx2.qq.com; path=/; secure, wxloadtime=1708011357; expires=Fri, 16 Feb 2024 03:35:57 GMT; domain=wx2.qq.com; path=/; secure, mm_lang=zh_CN; expires=Fri, 16 Feb 2024 03:35:57 GMT; domain=wx2.qq.com; path=/; secure, wxuin=281175185; expires=Fri, 16 Feb 2024 03:35:57 GMT; domain=qq.com; path=/; secure, webwx_data_ticket=gScMWGPvGYSySIjXElm3mBxK; expires=Fri, 16 Feb 2024 03:35:57 GMT; domain=qq.com; path=/; secure, webwxuvid=b0c1512a3960be8895dbe4551510255dbceaf153c66d4002cfcb599d23e67d9244b766cebe6e3e6522d58bb4bc6bcd9a; expires=Sun, 12 Feb 2034 15:35:57 GMT; domain=wx2.qq.com; path=/; secure, webwx_auth_ticket=CIsBELS6zvQDGoABDkQRCJ2wTd6Iu4y7FC82Ktw9xx1lbpKOD1Eoo/dbogWAszssev8yaOU/EHx9GpSh3h2lHWJ1W39rtgxhAkpXpecDLn9nkvpRZsASPOxf0l7KnlKHg2lrGQ/uRHW++mKHGQT/YCEvReNjGBzeh9L7o6IFOdT4EwiPkmJ/wX0/OWE=; expires=Sun, 12 Feb 2034 15:35:57 GMT; domain=wx2.qq.com; path=/; secure])
2024-02-15 23:35:58 [WECHATBC_MAIN] : 已初始化微信信息:
2024-02-15 23:35:58 [WECHATBC_MAIN] : 用户信息:
2024-02-15 23:35:58 [WECHATBC_MAIN] : Contact(uin=281175185, userName=@ae9c5ce58f170f964bc34e67b9054cce5c59cf3b7b109641fd83ad63a851913c, nickName=z, headImgUrl=/cgi-bin/mmwebwx-bin/webwxgeticon?seq=804334155&username=@ae9c5ce58f170f964bc34e67b9054cce5c59cf3b7b109641fd83ad63a851913c&skey=@crypt_c1a555a6_3079eaa6ddd4a2e4b3e93ff609c468e5, contactFlag=0, memberCount=0, memberList=null, remarkName=, hideInputBarFlag=0, sex=1, signature=已换微信 meteor1913103, verifyFlag=0, ownerUin=0, pyInitial=, pyQuanPin=, remarkPYInitial=, remarkPYQuanPin=, starFriend=0, appAccountFlag=0, statues=0, attrStatus=0, province=null, city=null, alias=null, snsFlag=257, uniFriend=0, displayName=null, chatRoomId=0, keyWord=null, encryChatRoomId=null, isOwner=0)
2024-02-15 23:36:00 [WECHATBC_MAIN] : 联系人列表数量: 315
2024-02-15 23:36:00 [WECHATBC_MAIN] : @1a9e520cafa2a7a87d1d43649918996832578af1a002e7a7174281ccf15d667a:！
2024-02-15 23:36:00 [WECHATBC_MAIN] : @abdbdd827964c8181beda2bb12449707d5c2d38d12c5fb1d38d7617188fb7a5c:Rebirth
2024-02-15 23:36:00 [WECHATBC_MAIN] : @1dc333afea025418d50c654282c5414bbca240e8a019c3405898ee730716fa5c:太白
2024-02-15 23:36:00 [WECHATBC_MAIN] : @1862f825a837c78d851f2ed343825e90dda45a289fe40e0192d29f9e2ac85859:振袖秋风问红叶
2024-02-15 23:36:00 [WECHATBC_MAIN] : @e9ff0e6e205912a3acbdefa8cca8356e0952a91933f04bc75a8261ce68529878:-
2024-02-15 23:36:00 [WECHATBC_MAIN] : @91d4f900a9ff11d7ab5a55e68a3d74dffc9b08f433464cbff72fe361ad46bd7a:ㅤ
2024-02-15 23:36:00 [WECHATBC_MAIN] : @ee67b1cb498a7128352079aec94d0d16c794c91dfb7690b66f932ea9d3259a6b:碎星辰<span class="emoji emoji1f1e81f1f3"></span>
2024-02-15 23:36:00 [WECHATBC_MAIN] : @453fd1c417c2d60640d76366f241bffc340c60c23aeaf458a41f87876f31fce3:文人武
2024-02-15 23:36:00 [WECHATBC_MAIN] : @a43b88f1ee718d7459737aa72607ea16:奇妙加速器
2024-02-15 23:36:00 [WECHATBC_MAIN] : @c6c5aba44e1e1f04e2df6da6b4b71748f4af7f76a452191087c0a57393f7b3f0:O.o
2024-02-15 23:36:00 [WECHATBC_MAIN] : @5b255e9217841188346c06343ba5955748d03e6f71662d1f9227e2b96523d5fa:北
2024-02-15 23:36:00 [WECHATBC_MAIN] : @be4efb7db55a3afda2a4f77f7519447ce87be5b62f9551ec044bbd3dd0675723:C.
2024-02-15 23:36:00 [WECHATBC_MAIN] : @1a47c40e390d00653a35d173ff886685:WPS办公助手
2024-02-15 23:36:00 [WECHATBC_MAIN] : @94ab434c0e0c2cfe2e8f7c17da727438ec0952b8b238c19d06b7b7dcb9649033:汉英
2024-02-15 23:36:00 [WECHATBC_MAIN] : @124749322db165c3c1e419a3f962bb80:互联网品牌官
2024-02-15 23:36:00 [WECHATBC_MAIN] : @733dc5f78c9ab2a9790372a18e8c3468b4f761a306901ec45857aa8d8cbe000e:两英微帮信息推广网1
2024-02-15 23:36:00 [WECHATBC_MAIN] : @5c900fe31c60596a5535b9668fcf0440622f5fe2eed7d65e208ef7bff14f77e9:Peter烁
2024-02-15 23:36:00 [WECHATBC_MAIN] : @a2295fa5bc455298d5f0e47d0584cee79755618b213d1f02d4ad41bd6d27e14f:彬
2024-02-15 23:36:00 [WECHATBC_MAIN] : @5d6da1c9608c1a45c762a9ffe786cea8:志愿者
2024-02-15 23:36:00 [WECHATBC_MAIN] : @fc9e29d4b774e08e4ed4ac4f52f2b0a7:天蚕土豆
2024-02-15 23:36:00 [WECHATBC_MAIN] : @28a0afbeff3d446186e63fd3bd28b017af93c6869d8bb0d51757ca2a798d5bd1:拉勾为什么要上吊
2024-02-15 23:36:00 [WECHATBC_MAIN] : @c11047ba32b2e5341430a0d7aae29b90:广东中职菌
2024-02-15 23:36:00 [WECHATBC_MAIN] : @9c97aea280fe96605d0594614a395c4c:便利店艺术家
2024-02-15 23:36:00 [WECHATBC_MAIN] : @5fb7af1b01e906325719b5e9b389fc3b79360a8fc51ee73b22a824d2f7aab68c:SuriYan
2024-02-15 23:36:00 [WECHATBC_MAIN] : @c5052fac4ea2ae7ecc28c779cec882dab885842c003101e849a0f13834b276b4:熊大
2024-02-15 23:36:00 [WECHATBC_MAIN] : @15ddb52e9246f01b9de82b8ba406a5c528969f68b7c7d281980adc3b813f8035:玉宇
2024-02-15 23:36:00 [WECHATBC_MAIN] : @3c406072de3f11633db82704329aa238e52acece4b2cc439ead77c5afd087cc7:ღ火炎焱燚ꦼ
2024-02-15 23:36:00 [WECHATBC_MAIN] : @e9529ab29803b17319d38a661978507b:中国移动10086
2024-02-15 23:36:00 [WECHATBC_MAIN] : @938666cc0ca7545e1ee4f673ceb3a0c8c6aa5659175d8a3755ec97b156e62dbf:.
2024-02-15 23:36:00 [WECHATBC_MAIN] : @f0cfe671e2c3d85076c0d6f73730ff82138b0badeca78dca462e806dd2df4d5a:好运常在
2024-02-15 23:36:00 [WECHATBC_MAIN] : @32a669af9427f40e53caa1687c4a99c88a6cc72949dddf8018ccb1f13e9870ba:曦热
2024-02-15 23:36:00 [WECHATBC_MAIN] : @80b340c03a107447808af801fbfb37a8db0a61c72631aa589b1c9ac898880a62:皮蛋
2024-02-15 23:36:00 [WECHATBC_MAIN] : @412cdb91ad3b62b913c9303401246752e34201e082f9f9dc57e6ad0bb549628d:DLx
2024-02-15 23:36:00 [WECHATBC_MAIN] : @26fe09986de355ece5e93ffb552921fd10e3535f8a746eb590ed42674d861bb4:G
2024-02-15 23:36:00 [WECHATBC_MAIN] : @a85ca0f19024add93cef35b33cce9fe88aac17bcd9b232f946e6b5c4acecafd8:₀₃.
2024-02-15 23:36:00 [WECHATBC_MAIN] : @c13ceda273a389c46544d646d8700c4e2c6171692f87621e6ba79d6baf72b0cc:樱桃🍒
2024-02-15 23:36:00 [WECHATBC_MAIN] : @2eecf3f4a256658115398a1ed6e526615e5548b2b138ee219cd5f18d215842a5: 繁華若夢
2024-02-15 23:36:00 [WECHATBC_MAIN] : @e76c2a1695aca8efa057351440c3fa8707ba5e95b29d9277bebb27e8117a70cc:-
2024-02-15 23:36:00 [WECHATBC_MAIN] : @51aa535d7977e224d3dc0506a903eef6057a5dd6937af547a1e6c9f629573466:群管理
2024-02-15 23:36:00 [WECHATBC_MAIN] : @deea1102d06995befbbcf2ddb3a58f9ac3e84b8f42fe87167f51594829dcb8dc:Rime
2024-02-15 23:36:00 [WECHATBC_MAIN] : @286412e9e13f24433ae721809f435bb9e886f0b8e952deca177173e9207576f5:.
2024-02-15 23:36:00 [WECHATBC_MAIN] : @f1f5fd13a27bb5b86cef1fc69fc5cb34:源码阅读网
2024-02-15 23:36:00 [WECHATBC_MAIN] : @daf56c9426eb9e0566eadf6dcb7f4d53:酷猫电竞网咖联盟
2024-02-15 23:36:00 [WECHATBC_MAIN] : @f9f55cca0f7b1873c911d31a61621bc71fcf328cfa409606618c51e2bc478977:<span class="emoji emoji1f6b9"></span>
2024-02-15 23:36:00 [WECHATBC_MAIN] : @da724c86533e835b9282a9b01004f646daa771db9cfa3dcafe6326d39f79f577:等一下七月
2024-02-15 23:36:00 [WECHATBC_MAIN] : @5dbe263f69220ba9ec7a56d408a3ab6e16330a37d54a2fa9e58a80b221a55344:晚风
2024-02-15 23:36:00 [WECHATBC_MAIN] : @c182fcab14420b7898d4a45a89c253e1:小李万事屋
2024-02-15 23:36:00 [WECHATBC_MAIN] : @6cb45263f20f897443f28a72cb2ea741:熊猫加速器
2024-02-15 23:36:00 [WECHATBC_MAIN] : @2e085ff3d2f5cd52b9878c7ff170b9dde06b011aa895e0ef63f9e6da69a2714d:a大白胖
2024-02-15 23:36:00 [WECHATBC_MAIN] : @7be86d64ab1a311648a5700f946f3dbe:拼多多
2024-02-15 23:36:00 [WECHATBC_MAIN] : @85c1ecfd855e4e433bcf34db6bdcd3a248b3566e64a7ecfa0a77d15066b3ea0d:莹^O^
2024-02-15 23:36:00 [WECHATBC_MAIN] : @6a3933085e7b22330be9ad8c718d631831118dc456b947a73aec6357d2e33813:光星网咖 (营业中）
2024-02-15 23:36:00 [WECHATBC_MAIN] : @33e061384f9f961e0a93c6fc4ef3b36e32a774efdd2a029517b7bf96d32c8b64:ིྀ
2024-02-15 23:36:00 [WECHATBC_MAIN] : @60b06417fa5de3eebb0b6d1ca5f0faadcb0141f34d0cfc8a21bbb1002500debe:早川秋
2024-02-15 23:36:00 [WECHATBC_MAIN] : @0f96429a42968b2612d9948e12fb98e9:wsice_肆
2024-02-15 23:36:00 [WECHATBC_MAIN] : @9d5654269b2cb6ea1d26985d660686b2569c654bc3851e6d8b111858d1600b43:觅雪班导
2024-02-15 23:36:00 [WECHATBC_MAIN] : @625a32af1142b0b2f4de350539ebc3eebd523561e4d8e589cb8343d0b564802b:榴莲
2024-02-15 23:36:00 [WECHATBC_MAIN] : @b6fb9870fd2948cf51d514026c5d40f2c14b14b8146a7ac91de6dbf543ff1cfb:美宜佳
2024-02-15 23:36:00 [WECHATBC_MAIN] : @07b8e0246149293737a71c6851c3a866626dbca8cc91caf863fe7e0dd195b60c:莹^O^
2024-02-15 23:36:00 [WECHATBC_MAIN] : @d2e227f3b0f4bdc48781cc99e586d8a8e275e99ef23fc505d9cf8e4f0e808f83:泽玲
2024-02-15 23:36:00 [WECHATBC_MAIN] : @666ca0bf7cd9e12798905d6f70fa7353d8709c54739f3569d840efdb46d01083:Arun丶
2024-02-15 23:36:00 [WECHATBC_MAIN] : @43f7a86eb8856f60624d04bbf5e8a3823ff06bd49ffbc4aaaea586b1d3bc36da:A_ ZikX.
2024-02-15 23:36:00 [WECHATBC_MAIN] : @d32b8db6b856a0f02d4ea7de223b1de013ff7a005ebb81de6819adc2c10ed84c:Cc
2024-02-15 23:36:00 [WECHATBC_MAIN] : @0eeb97ecabb69cf569194f489cd757aa7fa92de4fc670638c7a291dc9228a128:Sherry
2024-02-15 23:36:00 [WECHATBC_MAIN] : @@9460c59a79842b35cfd96520611e89be3fbdbdaf6b60e11640db1e678cb66373:森鶴教堂<span class="emoji emoji26ea"></span>
2024-02-15 23:36:00 [WECHATBC_MAIN] : @5db8081c98c9cf5b16608bff10b86f3878c570999f72a8786cb27c05fc18b52f:BLUE
2024-02-15 23:36:00 [WECHATBC_MAIN] : @c8686039b37509266e825f1379fbd73b:汕头人社
2024-02-15 23:36:00 [WECHATBC_MAIN] : @a9bd63cb17cf33b5593171e7055a87c9697cba856c558bb5df29056244a0d0ce:莹^ω^
2024-02-15 23:36:00 [WECHATBC_MAIN] : @fb0fbb3d278b2a3daeee2aca2a3c7e5028716b676c82beec52ee552a2a39f906:干净
2024-02-15 23:36:00 [WECHATBC_MAIN] : @15c0cba57b3f097e76364285a3186d2017a81ba9a7884f11f2a7ff91309e384e:zzzsh
2024-02-15 23:36:00 [WECHATBC_MAIN] : @e9dc72083eef3acb741416b6ac936613a8232fb880a25a372606bfac74534f21:小鹅
2024-02-15 23:36:00 [WECHATBC_MAIN] : @9c637b70c7e017d476da891d7bf0eb9264cbd953d6b9ee6c53baff8292a61c1e:小花
2024-02-15 23:36:00 [WECHATBC_MAIN] : @89a2c8fe539ddf5d0a4fe4712de98aa2230ea0c801a5f61d6f6897f418d57969:ᯤ⁶ᴳ
2024-02-15 23:36:00 [WECHATBC_MAIN] : @aede136a7ceabc5b1fe82598feaddda883db9685d0fbb8ca521a622b52cef988:🥷
2024-02-15 23:36:00 [WECHATBC_MAIN] : @cdc066d80f568cf4e2542025e9999ce8:宅猪
2024-02-15 23:36:00 [WECHATBC_MAIN] : @73f434251713d016bc36532f3a1795cc:zl     <span class="emoji emoji1f4a6"></span>
2024-02-15 23:36:00 [WECHATBC_MAIN] : @@1b1007797be83121bf675f82096da7bf35ea18606ef7bb3c091db7826a521fe4:z,zzzsh
2024-02-15 23:36:00 [WECHATBC_MAIN] : @f46586df03167eab938f845147a4948938b7d0d5ef9b96e69167bae04e5455c3:兄弟酥面店13322746671
2024-02-15 23:36:00 [WECHATBC_MAIN] : @82fc9681871d31aade48d10af6955e81c8e962f9124d6949f64fea9895d93924:只手摘星辰
2024-02-15 23:36:00 [WECHATBC_MAIN] : @e35d8ebf30ecf9fbdafd35a1e165275e3955d5ea03dab42c7891ecf0b94c9577:<span class="emoji emoji1f631"></span>ི<span class="emoji emoji1f60a"></span>ཽ周晓明
2024-02-15 23:36:00 [WECHATBC_MAIN] : @3275a363807ba1febe5e399ed682ca7f:憨憨羊
2024-02-15 23:36:00 [WECHATBC_MAIN] : @63802fbb35d61e91013aa36c22d099a1edd7708c34636b9e9aa91c68a81ece0a:<span class="emoji emoji1f349"></span>
2024-02-15 23:36:00 [WECHATBC_MAIN] : @03e433a0044da16c275f0c1567c8552c4786d4f1911a4e911cbc397687bc12ef:若瞳君子
2024-02-15 23:36:00 [WECHATBC_MAIN] : @53d383276283f0093fd10ab5b0880380b79f9ba6e2f61796afdd6f191e278e24:杰
2024-02-15 23:36:00 [WECHATBC_MAIN] : @51ddee27b84767d15da0e4b72aebd974bf454f208b4605e232ca6c4cf7ea2340:白胡子
2024-02-15 23:36:00 [WECHATBC_MAIN] : @c0076a30700c8353a7d0d62286a519983b09a23d6acf0445127b90359396cbc3:欣妍
2024-02-15 23:36:00 [WECHATBC_MAIN] : @5e87d49823fb55bbed845cb337ba1f1c0e6067056b5018f72effaa6f0b88e171:A-河北祝江机床韩冬晓
2024-02-15 23:36:00 [WECHATBC_MAIN] : @ae33073e6cd35a38ce8b1210bae788917e3bd2085379719ee1e0906d3509e685:韓
2024-02-15 23:36:00 [WECHATBC_MAIN] : @d1802418a5cf4400a9e59cf060df055d:7477游戏
2024-02-15 23:36:00 [WECHATBC_MAIN] : @581bf475c235be7b647b6e2d1849530d:卢家妈妈 西餐厨房
2024-02-15 23:36:00 [WECHATBC_MAIN] : @d91eddb727567a1817d0e8978df4bdd7ce8217ddafc48bcf93c3414c952d7e49:.ayu
2024-02-15 23:36:00 [WECHATBC_MAIN] : @91240f239628ddb8a06d1234012e0b55:热门精彩阅读
2024-02-15 23:36:00 [WECHATBC_MAIN] : @83b8a043d3c5480007f02179277637804f0303ef59b4d36f62e2a99180f20e1e:董不懂
2024-02-15 23:36:00 [WECHATBC_MAIN] : @2669ecacf4b983115f1d9ecdec24e804d34faa4079f552ea8a4e6ff03505bd67:Boy。
2024-02-15 23:36:00 [WECHATBC_MAIN] : @48d4c209b8818cfb27f97b2cea8d987c:鲁班大叔
2024-02-15 23:36:00 [WECHATBC_MAIN] : @12400c7195cfa4f03d99be2732a59e18625c83c690e898d415dd0e47a73b5b7e:老细肠粉甜品小吃1号店
2024-02-15 23:36:00 [WECHATBC_MAIN] : @0173a5af587a314f386cc3c27dbb30ee:该账号已注销
2024-02-15 23:36:00 [WECHATBC_MAIN] : @cd3f77ca5af5b9e20b3ed878832c1aed:怪谈胖胖女
2024-02-15 23:36:00 [WECHATBC_MAIN] : @6af63a0909352bfe34093a1cc5dd481b:京东白条
2024-02-15 23:36:00 [WECHATBC_MAIN] : @86a251a3dfe9e072c907f61d97e8f586b12ddac34751ff3238eaade88e4408e7:芜湖
2024-02-15 23:36:00 [WECHATBC_MAIN] : @73e3c79bc412a582e47ef74770b9c411f46caaa461ca7827321eb3dff143a494:要好好吃饭
2024-02-15 23:36:00 [WECHATBC_MAIN] : @2acdf975b52b9c024b32bed0cc161f49f9fcf90e62397d07f30595f17e5c8869:VIP
2024-02-15 23:36:00 [WECHATBC_MAIN] : @204aa2cecffb264f16e7d5a0954767d8:浮秀
2024-02-15 23:36:00 [WECHATBC_MAIN] : @1944c5bad7bea430a9d9a521356739f250a02e166b5932a347cce6f77709c959:娇的名
2024-02-15 23:36:00 [WECHATBC_MAIN] : @cee2e8c0a7f6afaf59411a9ce350ed07e964ff9b812d783bca02fed5a1ba5f33:鱼莱新鲜小超市
2024-02-15 23:36:00 [WECHATBC_MAIN] : @7fa5c563e8c0a564742211d3c0ce8211:魂之乐享
2024-02-15 23:36:00 [WECHATBC_MAIN] : @7aa4b41317bf3356ca414d993696a80cdf67781158e1d3c07799035692f9c50b:wuli
2024-02-15 23:36:00 [WECHATBC_MAIN] : @4fdd0679704782096f0fcd7edf17158c115c2eabb1f0547b81886be42897b3dd:Diss8c豆
2024-02-15 23:36:00 [WECHATBC_MAIN] : @f4d775b976f770439f750870aaad25ef:外卖卷不停
2024-02-15 23:36:00 [WECHATBC_MAIN] : @3451a8b412d239bbb4ec2b1cb19ba964:异次元APP软件
2024-02-15 23:36:00 [WECHATBC_MAIN] : weixin:微信团队
2024-02-15 23:36:00 [WECHATBC_MAIN] : @e5f66bb59b912ccca5bdab016813531ab71bb89a20dec90f090cb01e430a32ce:2z
2024-02-15 23:36:00 [WECHATBC_MAIN] : @7afc503d03e64f6e2c1d5e103baaed2150b7cf95a1b8bc263b468a21fa086c18:培
2024-02-15 23:36:00 [WECHATBC_MAIN] : @d53ae998aff786b2c5b553fdf8671c01:沐沐热喵
2024-02-15 23:36:00 [WECHATBC_MAIN] : @30b09b845bc57328116184e16c118287cade139371947c9a573295d568092759:hor1z0n
2024-02-15 23:36:00 [WECHATBC_MAIN] : @a31b97db07c2bbc2e1c5ada5ba8cd6c8:蒸汽游戏
2024-02-15 23:36:00 [WECHATBC_MAIN] : @ac1b037b6579372b3a55517aae3523ad2f641f28edd9199eb87cc4471ac6fde6:月<span class="emoji emoji1f377"></span>
2024-02-15 23:36:00 [WECHATBC_MAIN] : @dd110d40ce56911fa44968e6429bb3fd:小智LOGO
2024-02-15 23:36:00 [WECHATBC_MAIN] : @951d6049a74898d8605c006f722f783e591540ecae68dc92b7cf6ace096bd6ce:【千浔】Ms.傅
2024-02-15 23:36:00 [WECHATBC_MAIN] : @b5b2cea37a95429addc1e091f9dc081e:平面设计狮
2024-02-15 23:36:00 [WECHATBC_MAIN] : @546d11f4e2eb6aca4a462e44546840417ac8c3efbb71a784f703a8e341c22eee:听岛屿.
2024-02-15 23:36:00 [WECHATBC_MAIN] : @e4ef8086891bc04d9b7f29fa0a39f0c9bfe727c222bc585e0eb66c3f79eab207:Yu鱼.
2024-02-15 23:36:00 [WECHATBC_MAIN] : @0be76b37b32c473409c5ff98c8d329be:辰东
2024-02-15 23:36:00 [WECHATBC_MAIN] : @b7c7feddccda3a031e7719f1d6ae051c5bcf321b2bcf9a701badd5069bc99215:buo
2024-02-15 23:36:00 [WECHATBC_MAIN] : @ebcc9921a6156bfcba2a7b078a4bf6a6:中国青年志愿者
2024-02-15 23:36:00 [WECHATBC_MAIN] : @d7a6e5766cf2e7fb25142825276f279c9d758814991a23b80cbe8d50e4f779ed:发财小掌柜<span class="emoji emoji1f4a1"></span>
2024-02-15 23:36:00 [WECHATBC_MAIN] : @36d505b0c81792b55f0d10f620f5fe16:情侣CP
2024-02-15 23:36:00 [WECHATBC_MAIN] : @942caff4f51d5df06f3a98eda28c51431de4f6477d2e3831afea2284dce81719:安逸
2024-02-15 23:36:00 [WECHATBC_MAIN] : @0f533649c053d973f7afd3cea7c33391:易博通eSender
2024-02-15 23:36:00 [WECHATBC_MAIN] : @5dabed8b686ed842c5390df24c97f9783a531274a9ae549c93c744fe9f0c060f:Oneone
2024-02-15 23:36:00 [WECHATBC_MAIN] : @86fea68b28d09c3d7f86323f0ac841e9d917ab305612381a73654209101875e5:Ljh🤩
2024-02-15 23:36:00 [WECHATBC_MAIN] : @46532cb86a877210cd96c5d81b9653c838e467101914c3362309b64cff7db35a:Z.
2024-02-15 23:36:00 [WECHATBC_MAIN] : @3901a92d187356e322c08ea6f4b17b9f46ab54b5d70f4e29025c3cb339222021:陈店长
2024-02-15 23:36:00 [WECHATBC_MAIN] : @3586f8777ab8b829a8aefc903c3f895f84112c1d82f5bcb61e4ec9d25b60baf8:D。
2024-02-15 23:36:00 [WECHATBC_MAIN] : @f8eb9eabb52b17c30b5b3a36796b276ad9c8db4c9d93fcabca6893351bb42adf:H
2024-02-15 23:36:00 [WECHATBC_MAIN] : @c6079b6617cf7b71a2c75d6727b955d3:电手
2024-02-15 23:36:00 [WECHATBC_MAIN] : @67ed5c96173ed11f2234f809fd980b84782b1d5cd99f01ce321b2da1eb33c447:JW<span class="emoji emoji1f42f"></span>
2024-02-15 23:36:00 [WECHATBC_MAIN] : @b84b885e4b45dcaf12e8b8b2f99d61e41c9a9bd9308772d9270bc1d42fd7eafb:独人13
2024-02-15 23:36:00 [WECHATBC_MAIN] : @054b4146ad71def80d57f1e766a3c1e02b50d0ace136244032ca0273090014e3:星光
2024-02-15 23:36:00 [WECHATBC_MAIN] : @44fb9afadde9a6e4b554e0e28fd454ba:小木生活观
2024-02-15 23:36:00 [WECHATBC_MAIN] : @736cf53b605ccf10e6a8ae8e19caa88c26c2665db745c04d97c66bf3e5fe98fd:胖胖的孙某人
2024-02-15 23:36:00 [WECHATBC_MAIN] : @17fcee2f584e73d78e7de6ed4c87f7becfde0fd419eeee422ff2258fbb6ba201:滥情g.
2024-02-15 23:36:00 [WECHATBC_MAIN] : @ba2e86023c5d390603d9a937f968471f8766d7c588f3923788f217170ceb66bf:AA - 手机电脑 回收 出售 维修
2024-02-15 23:36:00 [WECHATBC_MAIN] : @706e61c5b765bc6a88750cf238db941374dec996a64e1299b141446dada243b1:Coast（2.1号放假-2.19上班）
2024-02-15 23:36:00 [WECHATBC_MAIN] : @e8367d829216dce9d6def4af9225685d:CG游麟网
2024-02-15 23:36:00 [WECHATBC_MAIN] : @2fa4b96b7d669fce3d419a0c4aa1cd63adeedf1922b3b05514d4f17e5fbdd1a9:AIm.
2024-02-15 23:36:00 [WECHATBC_MAIN] : @9d08f5abef35df5f92f06d3250c71e91:该账号已冻结
2024-02-15 23:36:00 [WECHATBC_MAIN] : @00da785156c2af8f3ab7cdec6ec4e9c0:小呆加速器短租
2024-02-15 23:36:00 [WECHATBC_MAIN] : @f6b95b6b1916f4f06f747e765a86edde4a931e4946e1751f1374a8ac8627f100:Nefia
2024-02-15 23:36:00 [WECHATBC_MAIN] : @97932aa49b8b816d3ffc7c50dc7b389426b52b7d5ce523a5aca857240bc74b79:Yuuki
2024-02-15 23:36:00 [WECHATBC_MAIN] : @6b71bc07d680832ff3951f9ade68f9e0afed1fc1f9b249c40fbf86e29848bd7b:彭老师
2024-02-15 23:36:00 [WECHATBC_MAIN] : @f855a1e1ddc71e177823146dd8fbee0133a10920dc71d1d1b8680b44da78d010:！
2024-02-15 23:36:00 [WECHATBC_MAIN] : @b7fbdce1c40aabefbaefc41d89aec7e29368e98d5621839690852ccb9ea8d667:二友照相馆（总店）
2024-02-15 23:36:00 [WECHATBC_MAIN] : @8e00dc141bf16847201e567c0fed6a19:韦一同说
2024-02-15 23:36:00 [WECHATBC_MAIN] : @20e2846986f14ade1b694ea941d2e8564a110ae38224cde5eae7652f68ffd1e7:ㅤ
2024-02-15 23:36:00 [WECHATBC_MAIN] : @741f64890d7ac0500f791864c17e5dc18b066677cebdbb93f95c6625878add45:Cory
2024-02-15 23:36:00 [WECHATBC_MAIN] : @4e0c51bf5fafa760765c047414788444db343aa523930de2d44947d3d918b703:春雪
2024-02-15 23:36:00 [WECHATBC_MAIN] : @ab44ddb2d1950efb0ef6547b487a66b9:超人
2024-02-15 23:36:00 [WECHATBC_MAIN] : @1f3341b50e17cbbbfe388e4027922cc82d1c5a5d4eb6d7c360cfbe9858d9e96b:顾玖
2024-02-15 23:36:00 [WECHATBC_MAIN] : @862a532473742efddb610d71360768143228af248f10bf63dbb3fa1781a94460:汕頭15815040195
2024-02-15 23:36:00 [WECHATBC_MAIN] : @bdc6ddd49eeb2d5a8e3f390067b600ef6de34f9a4cab898f815207f41e75cc4d:瘾
2024-02-15 23:36:00 [WECHATBC_MAIN] : @bd077a8456cf52827fcfdcc05131ae3b9d4f2e6d3619b2eacef7cb70e080f038:  
2024-02-15 23:36:00 [WECHATBC_MAIN] : @3f792c1d82b51cf65245ea62828c71fe5c801844b0a2f7d5dde7a0f7022e084b:NOBODYLIKESME
2024-02-15 23:36:00 [WECHATBC_MAIN] : @d3605ca091dd49786ed54b3002fcdfbd9f1dbed126a6b43761d070dff02dc703:Sam
2024-02-15 23:36:00 [WECHATBC_MAIN] : @19269cb5d3bf7e693ba71ea4f56e78c3:别算科技
2024-02-15 23:36:00 [WECHATBC_MAIN] : @bbb346d7e26edcc203c4bd87f531342d3f42873135e03721b98d9814c5b8b8d8:h.
2024-02-15 23:36:00 [WECHATBC_MAIN] : @c23961ea0b7bce857d0bf54cd2fbbf777f7cdfad36e15872176c3a2315e2a174:Mog.
2024-02-15 23:36:00 [WECHATBC_MAIN] : @a67100f281a992d568c9d509e9ae3dbc:广东建院
2024-02-15 23:36:00 [WECHATBC_MAIN] : @41ad662bc0651c94b948a727736c249390175444aaf30d3fbb184c309f0bb517:Z.🧸
2024-02-15 23:36:00 [WECHATBC_MAIN] : @341f534ba950a87cf7f438d2bea54571:GoLink加速器
2024-02-15 23:36:00 [WECHATBC_MAIN] : @e6ec3fb9508bd77d8a1c5422fdb7b105268a6dae0d60addf729332d0f7c8b909:Aloha
2024-02-15 23:36:00 [WECHATBC_MAIN] : @cc15bf81e9c6ead38491a1949303e3b4:转转
2024-02-15 23:36:00 [WECHATBC_MAIN] : @094ab3dcfacea91a5fe8fc5238f3abff94621ad46eac4080eeb0b4700917cdf2:岁月无声
2024-02-15 23:36:00 [WECHATBC_MAIN] : @cb04c11898fd990a0a6f88cefdcdf44044efd4b2f4aef4636923326326d25fe4:羊妹妹. 💭
2024-02-15 23:36:00 [WECHATBC_MAIN] : @434e1df0b773f4a35ebaf22c01914d16924ab6a108edeb1b3155aaa882d86658:卡哇伊
2024-02-15 23:36:00 [WECHATBC_MAIN] : @c86e8aacc17b82c325f36e59ec624db16d95d307c521cc56150974ad59a0e77e:失忆
2024-02-15 23:36:00 [WECHATBC_MAIN] : @43b6af32402df22bb13d3f6d7c8d8ff754529341c099de0c346752bc7468f1a5:はたけカカシ²⁰¹⁸₀₉₁₅
2024-02-15 23:36:00 [WECHATBC_MAIN] : @2219955d887b97afa062354e22b75b22285b5af31c08335d8f2f0b4ac66c993d:楠浅ꫛꫀꪝ
2024-02-15 23:36:00 [WECHATBC_MAIN] : @e31272544866efd7085deacbff211e09494b8d3e53f8ddbf404393bf3c8824a1:<span class="emoji emoji1f361"></span><span class="emoji emoji1f361"></span>
2024-02-15 23:36:00 [WECHATBC_MAIN] : @a0987e4ea9f0c040ca745da190f7408aca1a1646dac7d09bda0c9cf76e19a0fd:黑夜诗未
2024-02-15 23:36:00 [WECHATBC_MAIN] : @b3be9a4c5222f52bb4dd345f4f04117fe24525381c16d3c66ab37456b435dd72:A㍿࿐黑人校⃣長⃣ゝ诚信服务
2024-02-15 23:36:00 [WECHATBC_MAIN] : @29f8cacdc24ee5e356e6e67b69cf27b39bb970f743aa1688cf65a5c12e8a4f71:A0༒六子༒ （诚信服务）
2024-02-15 23:36:00 [WECHATBC_MAIN] : @ff6a1c46e0b43868e92f985f2bfd1240d0ba46b6a7b3e3e6aa57076eff574459:九
2024-02-15 23:36:00 [WECHATBC_MAIN] : @f54d8fed5061f9d9a24364c064fb431e:琪琪
2024-02-15 23:36:00 [WECHATBC_MAIN] : @b013173a56bf3dc1f45433f602e810a0e68f401e8f2f148c47842864d229c48b:H
2024-02-15 23:36:00 [WECHATBC_MAIN] : @1d45b3d1419a33357648e5289221a36c020f80f9fff66ca8cd4f58d6ad682a1f:SOYU
2024-02-15 23:36:00 [WECHATBC_MAIN] : @838c11a85bc5943edc951e1288b6ee3d4b0d89f756da48101e1b7033ba3eca36:XOYUFI
2024-02-15 23:36:00 [WECHATBC_MAIN] : @de927f26a543ac16f6fcf4b5c8db8b90ee52ad29fd049687dfb94f357610f07d:sam
2024-02-15 23:36:00 [WECHATBC_MAIN] : @80115990793c0e60b94791904651d4c1bf03a70a16c1a5833c3bf123e8fb11d9:利
2024-02-15 23:36:00 [WECHATBC_MAIN] : @50bfeae58eecfee2512c3721acd64a501e7ae17195885df1776ad1296b9d96d9:/
2024-02-15 23:36:00 [WECHATBC_MAIN] : @9e26d6fd52b03c649d8bd2f0694d02b3b9c86d09c851ef3bca1c77ffbbf53d05:-
2024-02-15 23:36:00 [WECHATBC_MAIN] : @789c7b14f8848be4536c14974a347df7fde923128face0c43339757ba3ef53a9:江尚
2024-02-15 23:36:00 [WECHATBC_MAIN] : @0ed831555c1a37f282b6b38ab0eced975450e81d3aa65b7ccc4c7f8637c6fe77:22
2024-02-15 23:36:00 [WECHATBC_MAIN] : @d89bdb1a77d99cf7a0770a8269170ba2858b1fd6ba0ef74d571955e437fb873b:p
2024-02-15 23:36:00 [WECHATBC_MAIN] : @084d03c86e659386afdac1c1326bf48126792d929cdc0de77ca506eacf057595:笙歌十里
2024-02-15 23:36:00 [WECHATBC_MAIN] : @4352466f673e24a254d9374915db11c15e69593d7cec19ce6ad4a08d453bd9cb:大月半冉子<span class="emoji emoji1f43e"></span>
2024-02-15 23:36:00 [WECHATBC_MAIN] : @a3f61951d9456ce0352cf62df61f1b26059551858741fdaeff26beb3fa2f5cc0:懒人
2024-02-15 23:36:00 [WECHATBC_MAIN] : @79994d0d768b84bb48cc9f0026db146c6589cc3beb4fb4b65506dc7904432956:木迁
2024-02-15 23:36:00 [WECHATBC_MAIN] : @00537f8b2f774add5f9d0039646227542038cea6a92c37c2f1d6455b35f0c571:木讷
2024-02-15 23:36:00 [WECHATBC_MAIN] : @49b6073b6a43b7f8511af45a9688268e24f07fba39849dec3d7c54939fb4a2e5:意粥.edu
2024-02-15 23:36:00 [WECHATBC_MAIN] : @2e0e3cb74e68daf7e0cf9eb5c07631ff79650fbf9ce517c0d073ec55e5fa07e2:广州鑫顺  专做美系单项件
2024-02-15 23:36:00 [WECHATBC_MAIN] : @2f4223a4ca346d16540d2997f08ea5d7af88b80960a497ed0df65d73c0a95866:你滴男妈妈
2024-02-15 23:36:00 [WECHATBC_MAIN] : @61364f80385935bdb339d396441a737c:广东建院消息
2024-02-15 23:36:00 [WECHATBC_MAIN] : @5c90135f239be2e6a053bc8822276e6809ae1258fd0f85a34b5bc15bb35214e9:陆景桓
2024-02-15 23:36:00 [WECHATBC_MAIN] : @ad7e1dec308521dda3781fab140069d2:电脑那些事儿
2024-02-15 23:36:00 [WECHATBC_MAIN] : @3a77936e81cab1f6902d18c588d72ed9:抠鼻子Kobez
2024-02-15 23:36:00 [WECHATBC_MAIN] : @130454a3ac58866795035c10024c9ef5e4c3fb0598604862fcf9a7de64672e90:Solitude.
2024-02-15 23:36:00 [WECHATBC_MAIN] : @cd4aea7d5abaa037827b5f39b1bcb670c678d4fc3794e9929cb52093ef1fc717:小宝
2024-02-15 23:36:00 [WECHATBC_MAIN] : @9ca9e868a9e9fe5d546188c13105244b:泓记
2024-02-15 23:36:00 [WECHATBC_MAIN] : @9247047ae0c3cf6e8977d6c25124dc840862c4f579dc4e9ee0c633a4726f5aa7:🧐
2024-02-15 23:36:00 [WECHATBC_MAIN] : @04ce2e83c883624f5ec08a30c511b143810b6b4913d10f17220e3e99b2331631:Jammer
2024-02-15 23:36:00 [WECHATBC_MAIN] : @76182b5f74f0b4078478805cbec5e580005d676e2e4df8bb75d1e4180e1ff0f8:橙
2024-02-15 23:36:00 [WECHATBC_MAIN] : @04d250f32fc1d363118b9e44866a6604ef7c1be49f58d2df544320ab1fc91f70:...
2024-02-15 23:36:00 [WECHATBC_MAIN] : @b0b52a924353f0da1dcc84f21cc93d86:微信支付
2024-02-15 23:36:00 [WECHATBC_MAIN] : @95aa7a51227e4401430794f20ae6c54f:布晴LIVEHOUSE酒吧
2024-02-15 23:36:00 [WECHATBC_MAIN] : @22b6247063a7744bd202e0df3cbea9a14702bb70c10986e9cddd49ea011d0e74:Nachanka
2024-02-15 23:36:00 [WECHATBC_MAIN] : @c9f1424818d6e32cc3dfb1f95a1a1870bfef6fafff054363f6c577984722f853:以至于
2024-02-15 23:36:00 [WECHATBC_MAIN] : @8970a957d1af435517ad789748f9e1492966d976935877175b93c9c4b3e38e86:垚
2024-02-15 23:36:00 [WECHATBC_MAIN] : @4b71a096bc3b42816c8d3dbe97422b9edbc975d39469f7ff9e6da19c9a8067b2:　　　　　　　　
2024-02-15 23:36:00 [WECHATBC_MAIN] : @1f9989d1a55344d6fadfce9260229fb69b8fa819549aa28399ab00c24ee90209:湘橋春漲
2024-02-15 23:36:00 [WECHATBC_MAIN] : @8c9b4aff6457a9c82c7f70e59a5011c1c65bff4fc28283c627c2b910fbe56af2:福🦆
2024-02-15 23:36:00 [WECHATBC_MAIN] : @0dfb5372a051f476bf01fed067c65a92:腾讯成长守护
2024-02-15 23:36:00 [WECHATBC_MAIN] : @334fedb5b933f28d7d0405f89efe5f4e:小星星资料库
2024-02-15 23:36:00 [WECHATBC_MAIN] : @acad04c689d50af96270b525717822438ef43bf8cc4cd96856543e9017b0067e:0.2℃
2024-02-15 23:36:00 [WECHATBC_MAIN] : @c531dd6731685a6baee14eaa98f607cb:中职生
2024-02-15 23:36:00 [WECHATBC_MAIN] : @958dd890f4724c5be100783db5182bab34c65fed29e599e52c318322bb69922c:啦啦啦啦
2024-02-15 23:36:00 [WECHATBC_MAIN] : @91be0562c7c1d08d24d48704017d9cb5c0aaeb408666c8ecdfb7100f674ed5ee:老爷保佑
2024-02-15 23:36:00 [WECHATBC_MAIN] : @3e3f52fd159632e667732f5d9a327991d446326796fdb47e0737cc23e2f258c7:FLIPPED
2024-02-15 23:36:00 [WECHATBC_MAIN] : @89bab6aa10c9297a936d8a07df7f28ff1876dafd8ab334d4b24cbb20416948b7:威廉
2024-02-15 23:36:00 [WECHATBC_MAIN] : @2ab1fc652c9d0ec601d50140483e3932:腾洲车行
2024-02-15 23:36:00 [WECHATBC_MAIN] : @5dc759bcbf28177c299df4a74579739f2336cace2aa78d73f5692cee24c3b425:无所谓
2024-02-15 23:36:00 [WECHATBC_MAIN] : @24a28af747e23b0b89d064c2698ed452:外卖券摸摸所
2024-02-15 23:36:00 [WECHATBC_MAIN] : @44033b4326c382fe84e56d6b997ad1c3b08cd768a33885bc8583a34420850286:木川金
2024-02-15 23:36:00 [WECHATBC_MAIN] : @9f56785645d43fa00ee6b4bb68766f5c55fd6ae2a001bef328e370485ba49eae:计划师-可心
2024-02-15 23:36:00 [WECHATBC_MAIN] : @c721e4bb7363b32646bcc2e51ceee5ece9f5fabe919ed54bb591ce00ab27f22f:扬狗爱cc🌬
2024-02-15 23:36:00 [WECHATBC_MAIN] : @3a181cbafe1646f634f1f947cd44bc8f4e4abe5a80a9b067ad22819c19cacc09:qi
2024-02-15 23:36:00 [WECHATBC_MAIN] : @93651ad162810681ac004b7ec97ca3ad63f00e3590af3be450d3b7eb15601692:白云飞（只二维码收米）
2024-02-15 23:36:00 [WECHATBC_MAIN] : @1212c525664109eca91a71f3526882e753aa4b0371d35c5d4d2864cfd3b991ea:平平歌(ᇂ ㉨ ᇂ)
2024-02-15 23:36:00 [WECHATBC_MAIN] : @940c8ce32e3743c82c0a1775a297e50494cb8d54977a428ff390291b7460391c:微笑的高圆圆
2024-02-15 23:36:00 [WECHATBC_MAIN] : @95db84087fb73483366306a3daa28685b65e1666d5cf68b6bfce18c5a743aa49:朗月.
2024-02-15 23:36:00 [WECHATBC_MAIN] : @f95d63c2ebcc99066f2fdade048b5f2c:后浪俱乐部
2024-02-15 23:36:00 [WECHATBC_MAIN] : @964dd1715c62fa0e076e8695c884bb1d:耳根
2024-02-15 23:36:00 [WECHATBC_MAIN] : @b27cf7640d7de1f00a06aa749e64fb40:特摄资源共享
2024-02-15 23:36:00 [WECHATBC_MAIN] : @4340e0cca46a9d41b59a1b6be5a464c1d76725acd8b5bc02f5a9b103a5dce07e:木木(丽丽）
2024-02-15 23:36:00 [WECHATBC_MAIN] : @98c070ab76d94c52fd2e602983373a55:极简博客2022
2024-02-15 23:36:00 [WECHATBC_MAIN] : @441bdc9f10d62d26f9ec6b0c2e8f1b3fa447ac1087a96c289fdd9b3f68e81c0e:橘ne
2024-02-15 23:36:00 [WECHATBC_MAIN] : @94eadf44f1aa13d0ccfcb745558d7bf9:网易UU加速器
2024-02-15 23:36:00 [WECHATBC_MAIN] : @17788bb6d15b6cfe0e5ed9fa1227c29d4a18cf96e65de9294976e97e17a99287:远晏
2024-02-15 23:36:00 [WECHATBC_MAIN] : @ff21ad332bac9c5e82225cdc31fc9e42:吃货特权卡
2024-02-15 23:36:00 [WECHATBC_MAIN] : @179a969d929eaf3c30008bea198f318845dc8d14d3d04f55e775c726ecc944fe:大海我的故乡
2024-02-15 23:36:00 [WECHATBC_MAIN] : @1b8503e8f509c14b1573000d601ac7ceb73d865bc3112fb92dbf9ba5bafccea7:广东青年
2024-02-15 23:36:00 [WECHATBC_MAIN] : @998a5163d61f98e63437f1e75420b720620fc5ded92779ed81ce35c934294532:借我一秒钟
2024-02-15 23:36:00 [WECHATBC_MAIN] : @e81f8b81f577b13d28176a0d06d9aa32b3cf4efb79aa0d14f007da0f84bb1c60:AOO࿐努尔 诚信经营 花呗金融
2024-02-15 23:36:00 [WECHATBC_MAIN] : @218553b6fe05e43245f705c0443235b8:NS大玩家
2024-02-15 23:36:00 [WECHATBC_MAIN] : @62c8d3cbe026f6b90116c374d7a3d3f4c94658f73875ed1e0d502757164c8462:宝藏
2024-02-15 23:36:00 [WECHATBC_MAIN] : @7129800e0c5b270b391c2535858573f07f5c5e4a6f006d3de482d1768ca61db5:香奈儿<span class="emoji emoji1f42d"></span>
2024-02-15 23:36:00 [WECHATBC_MAIN] : @9cf347e6e65f9436f19dd29fc30dc88d:老廖
2024-02-15 23:36:00 [WECHATBC_MAIN] : @8d1e02d282ef1e56538f2a7fb77e03b3:黑料BOOM
2024-02-15 23:36:00 [WECHATBC_MAIN] : @48657ac89fd0785baa7077b8be856f9201695a355618e8295936c68bdeb11821:杰
2024-02-15 23:36:00 [WECHATBC_MAIN] : @896106be15a97d12b50742df0363b9c9c7763bd02b9786030443de385e683130:ㅤ
2024-02-15 23:36:00 [WECHATBC_MAIN] : @391e38fb7195cb284c09f529a555ae55510015770a9f5c8e44fef86002ab0252:祈
2024-02-15 23:36:00 [WECHATBC_MAIN] : @0f2dad710e956aed59f1477a7c8f3923:你的生活我的梦想
2024-02-15 23:36:00 [WECHATBC_MAIN] : @d3679a00bf443de1a1e56d4a2c1f31dd22c0bb2fdff08ff5e385ab8bf3506f36:（～_～）
2024-02-15 23:36:00 [WECHATBC_MAIN] : @1ae90ce56867a5d014148191af646b17ced8e90db1aea5e97ac92d8afca68001:王德发
2024-02-15 23:36:00 [WECHATBC_MAIN] : @f48ab099fc998dd9e2d6956ee8127014b689dc5d9e2fbe3f95bd47bc925a8a8d:山海
2024-02-15 23:36:00 [WECHATBC_MAIN] : @b0715421fef1e9446bd5f846b2865776:特摄驿站
2024-02-15 23:36:00 [WECHATBC_MAIN] : @5b31f009e041fdc036d7c0d874471e10:php中文网教程
2024-02-15 23:36:00 [WECHATBC_MAIN] : @b193adcd069c7c6704d31239f19bb0e70e3a8f0620c9c6a0757470dea9590ccc:区冠贤
2024-02-15 23:36:00 [WECHATBC_MAIN] : @ca8799323f756300d97c242a4b6ac147685f257bf4867542a57060af760147c4:今天想我了嘛.
2024-02-15 23:36:00 [WECHATBC_MAIN] : @110e8c1a3b17ebe4dcbdd9ef1f77f833ee9177aa540a5907b422e622013b3f4c:怎么取一个正常点的名字
2024-02-15 23:36:00 [WECHATBC_MAIN] : @7bcb5cde8bbf05dc3f61db49e0060cbe8d426ad4c7f1e923c4335e19b23002ea:汉宫
2024-02-15 23:36:00 [WECHATBC_MAIN] : @6c6bdeb432ea5c810ce6a1334d32402127e0c212e41f4d7b2d28b6b8377a3077:三三
2024-02-15 23:36:00 [WECHATBC_MAIN] : @eb13a93074de20d68eb007f09848edca:潮职校园通
2024-02-15 23:36:00 [WECHATBC_MAIN] : @fe02ce0e48f56b79047faa0fab4ed84633509875fa4928eadf80dcb056ca8e8d:AT
2024-02-15 23:36:00 [WECHATBC_MAIN] : @6e9843234e32ab7c0c9f7e0a76224d6d968e5cb2b7bb2d051fa8a93274b8a7c6:ᥫᩣ.
2024-02-15 23:36:00 [WECHATBC_MAIN] : @e3aceb59b3c0c27417d35a3ef8e624da9c8a638f0406127c6744b4d4cca25c2f:冬天
2024-02-15 23:36:00 [WECHATBC_MAIN] : @a9ec7ed8af39285678dc56d1ad73b6ca39b53b349520886fe36f22e35472a33d:Jeff
2024-02-15 23:36:00 [WECHATBC_MAIN] : @8f327fc4577154433e2c99e510f1060dcbf55a6fec3f8186896994c7ecc6cfeb:A春3悠慧多多<span class="emoji emoji1f389"></span>
2024-02-15 23:36:00 [WECHATBC_MAIN] : @18e26a816e861eff36343a437f9fd711de996b1c0dbd5c1196942a73258422d2:Leon
2024-02-15 23:36:00 [WECHATBC_MAIN] : @8264971430d59a329936a53b78cd773855e926bd0242fa704936bd5c8ab4fdfb:K.
2024-02-15 23:36:00 [WECHATBC_MAIN] : @d21b77bb0be17965fed2ca4ed667f75c68c55a1a32891a77c0fcc0dcda8f7411:Huan
2024-02-15 23:36:00 [WECHATBC_MAIN] : @bbfa2acc8f9b3ef721ebfc7ecc693ade:海豚网游加速器
2024-02-15 23:36:00 [WECHATBC_MAIN] : @110d8434cd09506f5578369a38676026:三叔软件
2024-02-15 23:36:00 [WECHATBC_MAIN] : @43ff21a4282a1af1b01fc17a94d9058f:i志愿
2024-02-15 23:36:00 [WECHATBC_MAIN] : @6f0d652a84cfddbdc25523e6092c2b56:治愈读白
2024-02-15 23:36:00 [WECHATBC_MAIN] : @fd47dbcdb6bf17f53d0f423eabe45e40845556faa655d8e4feb82ce19ad984c0:Blank077
2024-02-15 23:36:00 [WECHATBC_MAIN] : @9964bd549b5d8c06f83b7d55139ae9fe1e21e7377d846d48c94493817fceadc4:顺风
2024-02-15 23:36:00 [WECHATBC_MAIN] : @faf3555dfb3bc18e3844494e5dd429b746917bc4a3a1898607d22f4a9bfb878f:xzt
2024-02-15 23:36:00 [WECHATBC_MAIN] : @3208dc2d0dd033f5dc50be2d48a497f1abe8dafb4ddbfb13e97784dbeeb7bdfb:譚咏麟
2024-02-15 23:36:00 [WECHATBC_MAIN] : @b97fad27288d3633a893d39b83f88427218ba6888a20d880f4c97ef0bf6f8441:寿～
2024-02-15 23:36:00 [WECHATBC_MAIN] : @1fc7844571595c959faa1f00823caf0dd7ab931ad151c69bfa5ff459876b6093:+🥚
2024-02-15 23:36:00 [WECHATBC_MAIN] : @e915db8601e51460e29d4c71ae373c55309170f6c83bcb4e8cd229b61e99561d:沉默的小羊羔子
2024-02-15 23:36:00 [WECHATBC_MAIN] : @1e230add02c58daa048c9e937f42f72dfa4e96263ae9396cb7952adeda0abdd1:xh
2024-02-15 23:36:00 [WECHATBC_MAIN] : @18173d9e1ba3d63a7968952f3fc68c856f2577ea5ced0baa91c7967c0b55fe39:aJin
2024-02-15 23:36:00 [WECHATBC_MAIN] : @8166e05f06cccf05e730a8a5fa060215d52764f5f8ae463cbef603958ba4c6ea:<span class="emoji emoji1f525"></span>
2024-02-15 23:36:00 [WECHATBC_MAIN] : @152622f146739d19d2c64b8e203a6ed6:Joker.
2024-02-15 23:36:00 [WECHATBC_MAIN] : @12fd5b9336fe9cfae041800c354cc89d:余熙小灶
2024-02-15 23:36:00 [WECHATBC_MAIN] : @28c41946c9d0884ddba929912433301fccc4d77814734e65d5b2804be721af01:鱼七七
2024-02-15 23:36:00 [WECHATBC_MAIN] : @e07c3d9b84f844b2cec394c0cc8f41635a37a829b5a456cf04ad695740bde07d:远
2024-02-15 23:36:00 [WECHATBC_MAIN] : @5a9fbe2b650f28e6900109fb1e40e269:Su2
2024-02-15 23:36:00 [WECHATBC_MAIN] : @4e99968e0af9b4624d8414de0864c9dc:外卖有多少
2024-02-15 23:36:00 [WECHATBC_MAIN] : @00b9be15cb015be9d7b33b72d624b7d4:加一电影
2024-02-15 23:36:00 [WECHATBC_MAIN] : @31640daf5a7cb8e2ba8b4924128c0efb5778a02d7b6c1afe5c73ed012753998b:.
2024-02-15 23:36:00 [WECHATBC_MAIN] : @317172d1191133ba2d5472fb0d11dd4b22cf6afa724f75b889353809b9252ea3:标顶洞人🌝
2024-02-15 23:36:00 [WECHATBC_MAIN] : @4b7b859f4b2c27fe9f84631c88aac115:agiso自动发货
2024-02-15 23:36:00 [WECHATBC_MAIN] : @54886cd75e497b98dac83e2f98a0d6e3433fee6e609f8501f610d2ece61a2b7e:。。。。。
2024-02-15 23:36:00 [WECHATBC_MAIN] : @07ea3fed4cb0aec216b5bf7aacfdcbdc6ae00dddc8270f2b5fcff0bef4104285:sun
2024-02-15 23:36:00 [WECHATBC_MAIN] : @46430edd76e8526574b9f7a6498bb52bc23365560948522a4c85e6577c0414cb:Sleeeeping
2024-02-15 23:36:00 [WECHATBC_MAIN] : @2b30a12df3ffb508cb7821722d87ae3df236f390eeae56b709c4389e349c196c:FyG
2024-02-15 23:36:00 [WECHATBC_MAIN] : @b1a0d0e41776ac97b5083570039a88967e7031e9eb1c09a7fb42591633ea91ce:1
2024-02-15 23:36:00 [WECHATBC_MAIN] : @55b08c66b6cb8e96bd13c34c55448e562e49b35840737116253c328b4e27041e:<span class="emoji emoji1f525"></span>Sparks
2024-02-15 23:36:00 [WECHATBC_MAIN] : @d6fe4f0ff982a4e95b055529c4512d15:平颉机械设备13223903675
2024-02-15 23:36:00 [WECHATBC_MAIN] : @13a261de22df3eab5ffc904a15987828:泡泡加速器
2024-02-15 23:36:00 [WECHATBC_MAIN] : @12e503e029f63b9a82c78cec2023f79bbdf8257594429bba3d2e53a85ef722e5:A 中联电讯   郑灿伟
2024-02-15 23:36:00 [WECHATBC_MAIN] : @793f154ff7b77965117d9827f9a3672cb9296053e63d378fd950536b0bea2791:LIN_HH
2024-02-15 23:36:00 [plugin-loader] : 载入了 1 个插件
2024-02-15 23:36:00 [WECHATBC_MAIN] : 启动控制台...
2024-02-15 23:36:01 [SYNC-CHECK] : Unknown idx: 51
2024-02-15 23:36:01 [SYNC-CHECK] : 在尝试异步获取消息时遇到了一个错误
