2024-02-17 03:59:06 [WECHATBC_MAIN] : 已扫描二维码，请确认登陆
2024-02-17 03:59:16 [WECHATBC_MAIN] : 已确认登陆
2024-02-17 03:59:17 [WECHATBC_MAIN] : 已取得登录信息:
2024-02-17 03:59:17 [WECHATBC_MAIN] : BaseRequest(uin=281175185, sid=w731W+hXw5kFJNy5, skey=@crypt_c1a555a6_37c137fceb06f2e7fab91963d1874e43, deviceId=e326034401897897, dataTicket=gSfm84BBbU3PBNnOwXugCOj1, passTicket=SDNlHMnHu09J1DoZdfFBK33wkT1n4tJ9diF6q4GVShHQlqlHYM6MluGZbMgoMNr1T7fdE2id1MaFYgWXoG3aQg%3D%3D, authTicket=CIsBEK7TqtEOGoABi9Kb3DbkOvRLJ2jNtXEff9w9xx1lbpKOD1Eoo/dbogXCaqEAHcLm9IeYGrW3v6iZz9yZ3/N33Ofmzs6LWwpYv1R5sVHN82zM+ABrANWPgZv2MSBsRkK4a+8+oDY7jujg79ihe39neHKAzeXe9yPPVqIFOdT4EwiPkmJ/wX0/OWE=, initCookie=[wxuin=281175185; expires=Sat, 17 Feb 2024 07:59:17 GMT; domain=wx2.qq.com; path=/; secure, wxsid=w731W+hXw5kFJNy5; expires=Sat, 17 Feb 2024 07:59:17 GMT; domain=wx2.qq.com; path=/; secure, wxloadtime=1708113557; expires=Sat, 17 Feb 2024 07:59:17 GMT; domain=wx2.qq.com; path=/; secure, mm_lang=zh_CN; expires=Sat, 17 Feb 2024 07:59:17 GMT; domain=wx2.qq.com; path=/; secure, wxuin=281175185; expires=Sat, 17 Feb 2024 07:59:17 GMT; domain=qq.com; path=/; secure, webwx_data_ticket=gSfm84BBbU3PBNnOwXugCOj1; expires=Sat, 17 Feb 2024 07:59:17 GMT; domain=qq.com; path=/; secure, webwxuvid=b0c1512a3960be8895dbe4551510255d7dfa496f69e66e12dfe68b148ac7b08547e549a6c30e6e2b725ff3591a869a39; expires=Mon, 13 Feb 2034 19:59:17 GMT; domain=wx2.qq.com; path=/; secure, webwx_auth_ticket=CIsBEK7TqtEOGoABi9Kb3DbkOvRLJ2jNtXEff9w9xx1lbpKOD1Eoo/dbogXCaqEAHcLm9IeYGrW3v6iZz9yZ3/N33Ofmzs6LWwpYv1R5sVHN82zM+ABrANWPgZv2MSBsRkK4a+8+oDY7jujg79ihe39neHKAzeXe9yPPVqIFOdT4EwiPkmJ/wX0/OWE=; expires=Mon, 13 Feb 2034 19:59:17 GMT; domain=wx2.qq.com; path=/; secure])
2024-02-17 03:59:19 [WECHATBC_MAIN] : 已初始化微信信息:
2024-02-17 03:59:19 [WECHATBC_MAIN] : 用户信息:
2024-02-17 03:59:19 [WECHATBC_MAIN] : Contact(weChatClient=null, uin=281175185, userName=@27e60d5114d8a63cc6f92b55f084c3482114b5ab1cd2dc33e91376fb654c698c, nickName=z, headImgUrl=/cgi-bin/mmwebwx-bin/webwxgeticon?seq=417188320&username=@27e60d5114d8a63cc6f92b55f084c3482114b5ab1cd2dc33e91376fb654c698c&skey=@crypt_c1a555a6_37c137fceb06f2e7fab91963d1874e43, contactFlag=0, memberCount=0, memberList=null, remarkName=, hideInputBarFlag=0, sex=1, signature=已换微信 meteor1913103, verifyFlag=0, ownerUin=0, pyInitial=, pyQuanPin=, remarkPYInitial=, remarkPYQuanPin=, starFriend=0, appAccountFlag=0, statues=0, attrStatus=0, province=null, city=null, alias=null, snsFlag=257, uniFriend=0, displayName=null, chatRoomId=0, keyWord=null, encryChatRoomId=null, isOwner=0)
2024-02-17 03:59:20 [WECHATBC_MAIN] : 联系人列表数量: 316
2024-02-17 03:59:20 [WECHATBC_MAIN] : @3950bfbc63ccd23c3d19b3952ece470e7388c813d05fd9790679df6287070f75:Peter烁
2024-02-17 03:59:20 [WECHATBC_MAIN] : @339fe5d4d8a78bcfe550128254c28167c7b639c29c7dc8d10b06e425a7634f73:a大白胖
2024-02-17 03:59:20 [WECHATBC_MAIN] : @117293162d6df4bfbdb382948bc9739e9233fd85622ac74cdfd1ef3a618fe177:ིྀ
2024-02-17 03:59:20 [WECHATBC_MAIN] : @40683a3068554b6eda03f67969a90d25d52562e927db9a8dcfe85d0b03e6dc4b:好运常在
2024-02-17 03:59:20 [WECHATBC_MAIN] : @76567f359c190c0b5033ac729654d2bc:GoLink加速器
2024-02-17 03:59:20 [WECHATBC_MAIN] : @acc2845d57c6e85bd9c25198ca4107f06b7b6dab0465d739d87eeb6cf9cf9f6c:小花
2024-02-17 03:59:20 [WECHATBC_MAIN] : @c02cd8e8dbda7026af519edb1f6039e73d42d2e653bf84f619eee176c5a2f4ac:汕頭15815040195
2024-02-17 03:59:20 [WECHATBC_MAIN] : @f88493de3aa483ae164cc5538e0cbd8f207e1cfd41557f28f9e6a60cf9c2d519:A-河北祝江机床韩冬晓
2024-02-17 03:59:20 [WECHATBC_MAIN] : @b8eed2ae461fe25026f0325090e16f0bdfe445b03d1ca7bd3363edff11c2a4bb:Diss8c豆
2024-02-17 03:59:20 [WECHATBC_MAIN] : @12fbcbd165d0157b432d1ab64438a4b6d9707e7db7d5501f7158e09b8471e42f:威廉
2024-02-17 03:59:20 [WECHATBC_MAIN] : @93edfd8b4746684bba43534a802a260af79825a543f27d446be18a120bddce5e:K.
2024-02-17 03:59:20 [WECHATBC_MAIN] : @23cd5b754b77e67243b54d7e0619db3847d7d2757f04392ae7a112bdd6fc99c4:！
2024-02-17 03:59:20 [WECHATBC_MAIN] : @151ae3a6f830708df7649cae53c80645edb913b95bd3e67e8438baac617c0c02:Aloha
2024-02-17 03:59:20 [WECHATBC_MAIN] : @d05919895761b8c69a9b451a5c2f1ecbd196c875cfe4bc1bdc5f03fc07c356df:はたけカカシ²⁰¹⁸₀₉₁₅
2024-02-17 03:59:20 [WECHATBC_MAIN] : @edb4f2f981bbd89777c803719500998b121d8c97b3359b66d47f37a198f7dc57:滥情g.
2024-02-17 03:59:20 [WECHATBC_MAIN] : @4345e5d8c6b99ee897dc36a8abb4ca9d391d13f9a4e6ffed0a36bfeb8db4460b:大海我的故乡
2024-02-17 03:59:20 [WECHATBC_MAIN] : @9a245bfd8da6963d660b1ed066f68044:酷猫电竞网咖联盟
2024-02-17 03:59:20 [WECHATBC_MAIN] : @be2d5307b5f8f334509b9dfe15754488:蒸汽游戏
2024-02-17 03:59:20 [WECHATBC_MAIN] : @af8afc1e4085ca1d492bec636c5f0ca9e2321917c15d1eff6813d709ef5a9ea3:Sherry
2024-02-17 03:59:20 [WECHATBC_MAIN] : @d40f01ff3c0f83c5b9c5e71ba4064509db905cf2ddece3efeb915780d9427bc2:LIN_HH
2024-02-17 03:59:20 [WECHATBC_MAIN] : @606382998bc16d1c387cf99fb656fcf88db76c594892a2b4533fcd4be3580096:A春3悠慧多多<span class="emoji emoji1f389"></span>
2024-02-17 03:59:20 [WECHATBC_MAIN] : @2bf78976cca214343eed58d088771366100dae940ddfe8694f69e83050e3a039:若瞳君子
2024-02-17 03:59:20 [WECHATBC_MAIN] : @fdbf6d853bc2be00e05bd9ca4e1ea5b43e0be366c82520e8fceabc0b3c48db21:Blank077
2024-02-17 03:59:20 [WECHATBC_MAIN] : @a37337b0de2730b6f2b45679817d9520e907efe3713969e37650503aa9be5972:sun
2024-02-17 03:59:20 [WECHATBC_MAIN] : @6d18c9beba5814911b22894bfff6f87395381ae48806d8eff0b043925eb0762c:🧐
2024-02-17 03:59:20 [WECHATBC_MAIN] : @d6cdf6702375c3ce47df1a86fc476984b8fee245de2109b6731482c090de9119:早川秋
2024-02-17 03:59:20 [WECHATBC_MAIN] : @267671052f4f4df516e47c14bcf25f8effd58e2037b2cc6c647096106ce4be5c:熊大
2024-02-17 03:59:20 [WECHATBC_MAIN] : @84ed33e38f038674789c4f718c7bde44:耳根
2024-02-17 03:59:20 [WECHATBC_MAIN] : @bd01377778d483e15f8734c3bf1da1662c5d863e7cb1a06abefd4556a17b4290:董不懂
2024-02-17 03:59:20 [WECHATBC_MAIN] : @2c03e8465d8f56e54ee591e55f4e65b1d346acefff1944a3f3af3f0ca3d36741:皮蛋
2024-02-17 03:59:20 [WECHATBC_MAIN] : @327778f10f38363ef93557069b4f3c203ce1f27e0bdf4f50ee21622966ec663a:区冠贤
2024-02-17 03:59:20 [WECHATBC_MAIN] : @cb29bf5933a093ac727af7dfc7b96d333e3cf2edf0d3a53991741b928a04c1f7:文人武
2024-02-17 03:59:20 [WECHATBC_MAIN] : @ea05d57c68cef536a254262e0fdb5164c54a5d7032f43daa76a4ce6e0251fc41:莹^O^
2024-02-17 03:59:20 [WECHATBC_MAIN] : @b92d315f67c590238b1b5191c7b7f8d192dad096e1fe37fa194ae75f1a87ebdd:失忆
2024-02-17 03:59:20 [WECHATBC_MAIN] : @@60756822b857d6121ad4e68eb368cc68bcae5acd9ad05f37840d59c025cf7e9d:森鶴教堂<span class="emoji emoji26ea"></span>
2024-02-17 03:59:20 [WECHATBC_MAIN] : @00eccd92a7f8eb3144557c00998d918d:泡泡加速器
2024-02-17 03:59:20 [WECHATBC_MAIN] : @e3a2e5a70b52956cca4b31c0603e3ce6:互联网品牌官
2024-02-17 03:59:20 [WECHATBC_MAIN] : @fcb050ebc21b1a1842154e58c7b58930cf71f4de4ea4a98199b2142bbebfa59e:Rebirth
2024-02-17 03:59:20 [WECHATBC_MAIN] : @7dc48bb1d154ef66b22f7c50ff70a6bc1565b0a665fc86f3db3ff4ba262be47f:Oneone
2024-02-17 03:59:20 [WECHATBC_MAIN] : @43c82f09296d792415205af657cf20cb:转转
2024-02-17 03:59:20 [WECHATBC_MAIN] : @9954e62d226e7a73b5d7ff17ec6dbfe654ec770281cb5c2e281cde01f87183b7:橘ne
2024-02-17 03:59:20 [WECHATBC_MAIN] : @caecf06ec9a4c3ed33ef20957aafd1391dccd6f26cf91b8de485b71ce6c23fb0:VIP
2024-02-17 03:59:20 [WECHATBC_MAIN] : @1363750bbe0b0177938ecab9faa501f3f3b41553ef76e5168593ee0fcefdc9d7:广东青年
2024-02-17 03:59:20 [WECHATBC_MAIN] : @afc646c42d2fd016b5369ca90d9fa380:海豚网游加速器
2024-02-17 03:59:20 [WECHATBC_MAIN] : @fbcba0aebdc6ea78aae3e998c7c70056872f28211731e91ddb6d658f34cc4945:卡哇伊
2024-02-17 03:59:20 [WECHATBC_MAIN] : @70588181084041a40c83ac99e66bda09f9acb4d25c9e68943bea00569be99aa2:彬
2024-02-17 03:59:20 [WECHATBC_MAIN] : @155a8273262808184f951fc96979febf98c2592648dff8fb7153c4abf77bac9d:春雪
2024-02-17 03:59:20 [WECHATBC_MAIN] : @64e39e8284a4be3b68d2a251b4fa2024:魂之乐享
2024-02-17 03:59:20 [WECHATBC_MAIN] : @b19cc46b30009b5e82bf8a1c0a0a7a682085552e10d0817497a2850fe4780ec8:娇的名
2024-02-17 03:59:20 [WECHATBC_MAIN] : @c8a00c06a36fce2a9acc19ba71c59427608c82be7e88338414e9337b48d4a716:  
2024-02-17 03:59:20 [WECHATBC_MAIN] : @ffc5ee99132ceae737c4e61f1faf98b2e66e91b1136b6ae1430f72cbbf38d738:湘橋春漲
2024-02-17 03:59:20 [WECHATBC_MAIN] : @c212ed52b5a9ed11c23b597b461a1c3bf16ead1fa7afe0477d0c04ad974f2813:远
2024-02-17 03:59:20 [WECHATBC_MAIN] : @32b9a6bb6defd5462f40ccb25922cfbe988aba44f204ad6bce94399adbdf9646:。。。。。
2024-02-17 03:59:20 [WECHATBC_MAIN] : @f3db55dd9f414c6d34fcfc6302b793b7c8719a98b976197e7d6c4e2f4a8e1802:Cory
2024-02-17 03:59:20 [WECHATBC_MAIN] : @10b553ff37cde176c276e9a75132ef15:易博通eSender
2024-02-17 03:59:20 [WECHATBC_MAIN] : @bf7e0a46bfb736942edf32eef88b17d8:电脑那些事儿
2024-02-17 03:59:20 [WECHATBC_MAIN] : @29d3a242b4bc53c10c6fbf8e0e12f8b62f832103aeebd9e49681e4244c5a29fc:拉勾为什么要上吊
2024-02-17 03:59:20 [WECHATBC_MAIN] : @f4ba54771e37cdf5e1c10fb52076380ddef10323dd5cfbd240d1a73c6599e927:2z
2024-02-17 03:59:20 [WECHATBC_MAIN] : @5a4bf7ac88f63e33fabdb79b9614afc8e04a1056b74a8e041539bbd6fe97280e:buo
2024-02-17 03:59:20 [WECHATBC_MAIN] : @267162ac20c8116301d5a14cb43676d0da9515a746ddf708d606df1f48a3ef44:美宜佳
2024-02-17 03:59:20 [WECHATBC_MAIN] : @f2b417d593af541e4873115de4d67a8880f769560369c2a8aff50e2ab47983df:芜湖
2024-02-17 03:59:20 [WECHATBC_MAIN] : @4417eb09f6d2dd7e4f05c2b692701df99bd8342aa22b41362912ecedade0c7b3:木木(丽丽）
2024-02-17 03:59:20 [WECHATBC_MAIN] : @4e11e71040d9d6a4eb70156dee30b3bc:热门精彩阅读
2024-02-17 03:59:20 [WECHATBC_MAIN] : @37e993169749186f1df83ea58d608f91742130c41057265d9ab531347780aed5:冬天
2024-02-17 03:59:20 [WECHATBC_MAIN] : @f2ea0f60daf1ae64aeda05a5433eee82aeb24606cbf3d668156b6fa66c6de171:　　　　　　　　
2024-02-17 03:59:20 [WECHATBC_MAIN] : @84fc7c33950993f05d4a42a5670d2e233146a2a8d408566edb0b649bedc9be2f:干净
2024-02-17 03:59:20 [WECHATBC_MAIN] : @b152a9d186b7ec2e6f53fc1df518748c070ba58ac7c48b856e8b12cece68a7f4:啦啦啦啦
2024-02-17 03:59:20 [WECHATBC_MAIN] : @fd56c72e89066004d985fed6184ea4d5:治愈读白
2024-02-17 03:59:20 [WECHATBC_MAIN] : @a074dad9953dc41eaf93f9329c2b56a36377fec1e5378ade3c44a919251169e1:.
2024-02-17 03:59:20 [WECHATBC_MAIN] : @1a10a37cad56cee15c6bbf4c8d604cd9525e30fb603eea5221db3c8b9580e9c3:ㅤ
2024-02-17 03:59:20 [WECHATBC_MAIN] : @1bf89543fcfee5222c3910e7266526e3f4772bc8b8b1b2761a72fbbdc6417c7d:只手摘星辰
2024-02-17 03:59:20 [WECHATBC_MAIN] : @73d4daa343cfb75feb5cc373de1b9cc7e15536793e14ed704dcd2c7a16d9342d:福🦆
2024-02-17 03:59:20 [WECHATBC_MAIN] : @a434c42ab4797f95896d09a84a4c1844fd0c879079877c757f653c3c1fbe21f6:Yu鱼.
2024-02-17 03:59:20 [WECHATBC_MAIN] : @fe8a434cb1c1c8c68f423c305ed36c12:便利店艺术家
2024-02-17 03:59:20 [WECHATBC_MAIN] : @ef3b83fb433211126a9c541348d9f374117cc75da07b8df7cce4e41f9ee65262:黑夜诗未
2024-02-17 03:59:20 [WECHATBC_MAIN] : @d8f64e555440a580e7417c1df1a9e09e42f737a40efdc87c022c7a99b8aebb6a:广州鑫顺  专做美系单项件
2024-02-17 03:59:20 [WECHATBC_MAIN] : @891ae184a7d2f1eaac0c742a41a57c07:agiso自动发货
2024-02-17 03:59:20 [WECHATBC_MAIN] : @7a8202fb720f67cef86bc6fb48ff3c76469676acf434712b8882d84680835591:玉宇
2024-02-17 03:59:20 [WECHATBC_MAIN] : @ff7e42c3d2e3bfffda4a24070f7933bd851406243a117700a2c591dfceb7b860:H
2024-02-17 03:59:20 [WECHATBC_MAIN] : @0468e8ff0df34d0308dc60edcff16fff823ed18cc1b0865bdcaebc74a62b1e6a:XOYUFI
2024-02-17 03:59:20 [WECHATBC_MAIN] : @84b12c4e0b4b0da6d81780260e4fd089414f5fd15abab61e5c9238895081dbb3:C.
2024-02-17 03:59:20 [WECHATBC_MAIN] : @a815c81d4d73399e1c0d68489eaf597d6a64653930896df55b5d451c1fab4542:莹^O^
2024-02-17 03:59:20 [WECHATBC_MAIN] : @45ab1208c6608b040f22568c3cfbaa9513d0928e8afe54a1245363b38b29a66f:远晏
2024-02-17 03:59:20 [WECHATBC_MAIN] : @fa5b700f68e7117cef1da92f199c7ee850960f7837021414b6b457c2fcfda1fe:碎星辰<span class="emoji emoji1f1e81f1f3"></span>
2024-02-17 03:59:20 [WECHATBC_MAIN] : @6a8494ca73dfd9640e9bc8f60889e042c176ca49f76a709c00c9e8278d21c398:xh
2024-02-17 03:59:20 [WECHATBC_MAIN] : @2cfd1d1002deb83aaf45defa6eb378ae:志愿者
2024-02-17 03:59:20 [WECHATBC_MAIN] : @8a31ba72ca9452e775fcbac593886e0c04030c236888f5caecac9378b725e41d:Nefia
2024-02-17 03:59:20 [WECHATBC_MAIN] : @064b8f5590b138d10da93aeffb18531bab7797ed97bf1ab6aafc8595ecd6ed2f:汉英
2024-02-17 03:59:20 [WECHATBC_MAIN] : @5342c5094f52181cb66e3a70f1ed44766e34d44ecb6712840de9c4b00e25084a:Jammer
2024-02-17 03:59:20 [WECHATBC_MAIN] : @223de71ae92af0815d37c420cc8e18b70b3f5cc3dc4033f269ef79fc9de66074:Cc
2024-02-17 03:59:20 [WECHATBC_MAIN] : @f8ad71e56b547ab4e1ed9d81c004d0e1bde9fb38c40c20fb0c38889a1f8ca89f:顺风
2024-02-17 03:59:20 [WECHATBC_MAIN] : @37ae99b60bb306b554f529601d5b3f4e:天蚕土豆
2024-02-17 03:59:20 [WECHATBC_MAIN] : @7e76d3f3f1e442a21a266b9cd1836775a2f3e5534340e323e3ffa0b5af2699fe:莹^ω^
2024-02-17 03:59:20 [WECHATBC_MAIN] : @2d5cad1067e512139b5b0a81f67e8e6c7bcb82bf32bb28dab90a378b22845c20:朗月.
2024-02-17 03:59:20 [WECHATBC_MAIN] : @da71d32725e13c595fbc7945f990741710be13f0633391e74998b1e14660031f:NOBODYLIKESME
2024-02-17 03:59:20 [WECHATBC_MAIN] : @20d87de4ec499fcbd65b1ede6cf5f3d5:拼多多
2024-02-17 03:59:20 [WECHATBC_MAIN] : @b4001aaf5748784e6c91ae0955d7d8adceaca8ca2d8e0d69ba959e0928a28ca1:山海
2024-02-17 03:59:20 [WECHATBC_MAIN] : @1ed165a6b215660298876ea883a03bb6:京东白条
2024-02-17 03:59:20 [WECHATBC_MAIN] : @a0186d22ea20ac6022d9b484c4db2035c4fa44787e3bbc03251e0b5257ef5b26:振袖秋风问红叶
2024-02-17 03:59:20 [WECHATBC_MAIN] : @f6ad883946826c48da7add299eb96bce:怪谈胖胖女
2024-02-17 03:59:20 [WECHATBC_MAIN] : @279fcf577c707d3fb2a236c6052f8fa4:源码阅读网
2024-02-17 03:59:20 [WECHATBC_MAIN] : @199a634b00f71329476e46d506f70a89:情侣CP
2024-02-17 03:59:20 [WECHATBC_MAIN] : @@4b2013c0db431c340fac0b74a80cb55406b1c77d6d9fbeb6b6863677198a092b:z,zzzsh
2024-02-17 03:59:20 [WECHATBC_MAIN] : @67cd8b9efc99c5dcfa7548a35603485178c647c22f9d7249e9244181a394de2d:王德发
2024-02-17 03:59:20 [WECHATBC_MAIN] : @1729d2587e4c82ca07846c2852217f2bcaf7bc1f2b60cd211a8406793daac542:曦热
2024-02-17 03:59:20 [WECHATBC_MAIN] : @9d563af12de940a4f8582b96a8316e655f937e8069ca56a3efc15beafaf3b8fa:p
2024-02-17 03:59:20 [WECHATBC_MAIN] : @7c3c72c867a4ade6a27666564d2fc8ab02fea016d0b6bed4343d2453d230c807:...
2024-02-17 03:59:20 [WECHATBC_MAIN] : @b073a46c1da293b3cce522103ee3f1243790417262e0ea850ee523a424923e81:-
2024-02-17 03:59:20 [WECHATBC_MAIN] : @4ed90a34f38d8cf572dd0c88964f392f:小呆加速器短租
2024-02-17 03:59:20 [WECHATBC_MAIN] : @5d1326bd11c10ca6f24f8e131a092444fd6a0e8e30d3e78d1ce4c5fa3d9c3653:星光
2024-02-17 03:59:20 [WECHATBC_MAIN] : @7d209c8aacf9efe5189127f07d3e85d39fb5f506490ffe5d233f2bb7c170be9c:借我一秒钟
2024-02-17 03:59:20 [WECHATBC_MAIN] : @47e5d7df16b5e83e70d30caac24ec824f0cce2aaef22d155c029dc88f60b257d:Boy。
2024-02-17 03:59:20 [WECHATBC_MAIN] : @a1ec926da4f1cf12edfbc66481c2bdd2:你的生活我的梦想
2024-02-17 03:59:20 [WECHATBC_MAIN] : @6461e9676c1cd943607afdf5d12e868736a3c0e529b0a126c544680659518604:鱼七七
2024-02-17 03:59:20 [WECHATBC_MAIN] : @cae1381ebcb92c30267f4c79e9931c0615917574f6b35dd5b07e794669db7eeb:寿～
2024-02-17 03:59:20 [WECHATBC_MAIN] : @fd9a47faf06d33538f846a7434b45fa5cba5024afa122f7a7ae74fc18556fe93:二友照相馆（总店）
2024-02-17 03:59:20 [WECHATBC_MAIN] : @3f63286919b8d5c7e1937a9ad32fed490fde50e019433697b305bdf6ebd8deda:<span class="emoji emoji1f525"></span>
2024-02-17 03:59:20 [WECHATBC_MAIN] : @bc525af428c5ba42569f4df5463b3bcd2c55a4227791cd9069052bdb7a5d92d5:Z.🧸
2024-02-17 03:59:20 [WECHATBC_MAIN] : @666f997d24e6c12e5ff7a7aaa6c965e90a5e577f448049ed9c09b385be4c5015:顾玖
2024-02-17 03:59:20 [WECHATBC_MAIN] : @4922494c9d2248d8c6ddf24118cc37c1ff54c4fca67189103ad17e73074015e7:欣妍
2024-02-17 03:59:20 [WECHATBC_MAIN] : @97676bd8bce36c14c34b38e205eb3bfa249814bbb805312be7cf29a8629fae8c:无所谓
2024-02-17 03:59:20 [WECHATBC_MAIN] : @8e5f78519e33afdf56d222d1cfbeb57e95a77972cc7dfb2132307a1321d1b15b:.
2024-02-17 03:59:20 [WECHATBC_MAIN] : @7693b0cfe4b3d44e369136bcc8b4a036d02a365e1cc3da883f8cd528df2f7ca9:太白
2024-02-17 03:59:20 [WECHATBC_MAIN] : @7650735adf809ae4250725d58dee5297b61cb36dc16a9674668af2dec954a82e:AIm.
2024-02-17 03:59:20 [WECHATBC_MAIN] : @12ab3074cfc6091f56cbe50a5fefad478e3478b0d67ddd1e0a56115a4203c4d5:1
2024-02-17 03:59:20 [WECHATBC_MAIN] : @e7ba3aba3278e6194938ba72bff089bf621679df1745b95d8bf5ed36fceb7543:懒人
2024-02-17 03:59:20 [WECHATBC_MAIN] : @5b61eec00e796bc8dd8ea0de988dbcc002ba901d4b804c2dd279e1c75f2ee7ec:笙歌十里
2024-02-17 03:59:20 [WECHATBC_MAIN] : @e7a57142aa2aeec82cc8f34f5bb9c5bb9aa29975a16ae56d40010f2ff70db9c1:韓
2024-02-17 03:59:20 [WECHATBC_MAIN] : @b36ea995b79d8605a2fd41b5305c182043a91ac1855ee058753d679a44af1a11:Mog.
2024-02-17 03:59:20 [WECHATBC_MAIN] : @63f82fb0f40acb21706aa8cc6e923d88119e475f2c9eb50e9bc6478c59e84481:ㅤ
2024-02-17 03:59:20 [WECHATBC_MAIN] : weixin:微信团队
2024-02-17 03:59:20 [WECHATBC_MAIN] : @f39b99964aef395610f4555ab0a378197f6c47a10f774fa1876c3ace3adf860b:Arun丶
2024-02-17 03:59:20 [WECHATBC_MAIN] : @aeff7ea6abbe8209642a84dcfc7551d7:汕头人社
2024-02-17 03:59:20 [WECHATBC_MAIN] : @e818551ad42d3d1bd6dddb551459a761:后浪俱乐部
2024-02-17 03:59:20 [WECHATBC_MAIN] : @f3997c9b6a11cab5b49b183d5c818047:外卖券摸摸所
2024-02-17 03:59:20 [WECHATBC_MAIN] : @0d05823b46121784d91838c3e1a455c4:CG游麟网
2024-02-17 03:59:20 [WECHATBC_MAIN] : @1008cbecd5424312d577a15a5db40625ad5b17c869c7e28e9a30b46add3b08c7:老爷保佑
2024-02-17 03:59:20 [WECHATBC_MAIN] : @99f0ee8edca007d74386f46c9bac6728d62e9f637eab0f59f21e29fdc0f4f71e:兄弟酥面店13322746671
2024-02-17 03:59:20 [WECHATBC_MAIN] : @d7607382a3470e006dcc75f096470e87:奇妙加速器
2024-02-17 03:59:20 [WECHATBC_MAIN] : @29b326c85960819eeb06e22deb9ef2d44aa3fc5bfa4b9fe22946534e14318125:aJin
2024-02-17 03:59:20 [WECHATBC_MAIN] : @4f37419702adca56a6fd7e6d04bce3312bb578f0366022ad26fdef6e2343ee57:鱼莱新鲜小超市
2024-02-17 03:59:20 [WECHATBC_MAIN] : @61f14b9693a0c99c3b0a9fe4c6d02b80:i志愿
2024-02-17 03:59:20 [WECHATBC_MAIN] : @3f708c98a780658619b24e0c5bdfc9e9:Joker.
2024-02-17 03:59:20 [WECHATBC_MAIN] : @d05b9ba5405a804b73b517345a4f41f966a694cf3249f4bdadf0c2cdd57b360b:Solitude.
2024-02-17 03:59:20 [WECHATBC_MAIN] : @71505ec5f316a3488c244f0ce8edbe267d68bbd4f412f89f1375400a4218fff5:O.o
2024-02-17 03:59:20 [WECHATBC_MAIN] : @5e4433c614dd1a0fd20f8124a43736986211ce876c6f696f61ec653d286f12c4:安逸
2024-02-17 03:59:20 [WECHATBC_MAIN] : @77531d5c9944f505ab4417b72efca051ec3b743b9d15b60bec1bdc2f1fcd2774:BLUE
2024-02-17 03:59:20 [WECHATBC_MAIN] : @126b82febe94b139241861551138621d8e6360115dc36fa660d4cbddbd6b66cc:今天想我了嘛.
2024-02-17 03:59:20 [WECHATBC_MAIN] : @ded7b93455ad92ccf5daf518f112ef612186e51f75a20492414ace4593a000cb:觅雪班导
2024-02-17 03:59:20 [WECHATBC_MAIN] : @0a08e79e68bf792cc8e0a33d69bbc3f8db799aeb5e329bb1e4bf1272498fb488:/
2024-02-17 03:59:20 [WECHATBC_MAIN] : @379c42d9af2170f8d8cdcb474e73081ec5df3ac876eb5ba0190b0517af8d59ed:譚咏麟
2024-02-17 03:59:20 [WECHATBC_MAIN] : @5ef54f05accd3a3527940ce0e7c2576e:黑料BOOM
2024-02-17 03:59:20 [WECHATBC_MAIN] : @a8c06873b4940ecb1db59b33341d8edb3810db5925c99d616d7b551883d0bded:Leon
2024-02-17 03:59:20 [WECHATBC_MAIN] : @544539bcfc1c4a2bb23cb33f742f0820:吃货特权卡
2024-02-17 03:59:20 [WECHATBC_MAIN] : @3620855646ce0bb6ee966eadee372ad2:宅猪
2024-02-17 03:59:20 [WECHATBC_MAIN] : @a1a26a19988b830acca78719fcc0efcd1b874b03568e451aa9cf66b45a70bcd7:胖胖的孙某人
2024-02-17 03:59:20 [WECHATBC_MAIN] : @8587c27bb4999c404aa46a85d6526b97a9d9046c616de96ae1f980873fd62405:Ljh🤩
2024-02-17 03:59:20 [WECHATBC_MAIN] : @41283add9e7a4a0d73b004fc81b51c826f2519d4cb6779e3311eb127bdc042c5:泽玲
2024-02-17 03:59:20 [WECHATBC_MAIN] : @a8bd8a9c55431544882440af189a297ff289076ab050d97bb126f8ff84792bc8:祈
2024-02-17 03:59:20 [WECHATBC_MAIN] : @2bd6d52449a2a06e56b98d8b8394f0c2:wsice_肆
2024-02-17 03:59:20 [WECHATBC_MAIN] : @388d4ca9bbae994344047d2881400e4de0e6c8e3dcd2d3aa4a549ac4f889a61e:陆景桓
2024-02-17 03:59:20 [WECHATBC_MAIN] : @dfc233a1f02ec912d5afbbf96043239f:熊猫加速器
2024-02-17 03:59:20 [WECHATBC_MAIN] : @dd7fd06a1b7a4de82f4b190662eb877d02e72a1d5f98bd4a8cfdf6aa61ed9544:晚风
2024-02-17 03:59:20 [WECHATBC_MAIN] : @fe7c93f0a16739d41e0b2d4a6317d56d:中国青年志愿者
2024-02-17 03:59:20 [WECHATBC_MAIN] : @598c4f978a0ff2e0966e4d5764c20b86:加一电影
2024-02-17 03:59:20 [WECHATBC_MAIN] : @b51242bb1cf026f24925d6e2e888520d06cbf529e3879a9d57bb4556b71a8a63:两英微帮信息推广网1
2024-02-17 03:59:20 [WECHATBC_MAIN] : @c2e3b82d2af3ca9b52b1543ac6020627236d6a9ff682db508671f62c9d185694:怎么取一个正常点的名字
2024-02-17 03:59:20 [WECHATBC_MAIN] : @7008f4a556ef6df2c415c2b51f9612b4cc0aecd5b2e0efbd6243fc4e4c8d0fa5:AOO࿐努尔 诚信经营 花呗金融
2024-02-17 03:59:20 [WECHATBC_MAIN] : @4b2acd61450622363582787cfa8b91c86ecdb26acb4cf62eb4277059b1f39b87:A0༒六子༒ （诚信服务）
2024-02-17 03:59:20 [WECHATBC_MAIN] : @ebb4498e43ccf894f7afbf6c702b4c3e6b009d9c7f2ac7fc17b80bf23a6a3e4f:FLIPPED
2024-02-17 03:59:20 [WECHATBC_MAIN] : @e5621b1a3f1cbc0ab1f901423497ea49:憨憨羊
2024-02-17 03:59:20 [WECHATBC_MAIN] : @621ba9528f9092f5a093ee77a4714d6a:三叔软件
2024-02-17 03:59:20 [WECHATBC_MAIN] : @dfb07f2076233b72f10b36f76a3ba242:极简博客2022
2024-02-17 03:59:20 [WECHATBC_MAIN] : @d1d1cdb2a1b1f40ec98c982f7ea17c0b0fc44599d48efde8bc35cfd515b42fe4:！
2024-02-17 03:59:20 [WECHATBC_MAIN] : @64c276418b81a5829163b16fb3f36c97e7055ec0b84fbdffefea6202a5096b9d:你滴男妈妈
2024-02-17 03:59:20 [WECHATBC_MAIN] : @a52cc2b1750b0cfd0816acd857728022:浮秀
2024-02-17 03:59:20 [WECHATBC_MAIN] : @3118a77be1eb9586c26abeeccb549b0e:7477游戏
2024-02-17 03:59:20 [WECHATBC_MAIN] : @f35e3805b6849e5cf2e7ba268de57913:Su2
2024-02-17 03:59:20 [WECHATBC_MAIN] : @@c24abc630c9827ae0489df7b0ec208ef04db94104fc61a0551aeb9f12db41db8:振森鸟的秘密
2024-02-17 03:59:20 [WECHATBC_MAIN] : @54b97f344ba148158fb1a37465fc76d661b52b7e34881325af86207a670e580c:白胡子
2024-02-17 03:59:20 [WECHATBC_MAIN] : @bebdb84391041106b864d4704764a41d:鲁班大叔
2024-02-17 03:59:20 [WECHATBC_MAIN] : @a4b72a0bb7a91b4a98a455c5bd393b938b3140f373aa0dbfaf927259d61c5fff:等一下七月
2024-02-17 03:59:20 [WECHATBC_MAIN] : @9d0441b72ffadd1d534b10fbd5791559:微信支付
2024-02-17 03:59:20 [WECHATBC_MAIN] : @110b526c51859d7c94326c3456555cdf0f8618076c5b05fff511eaf3e76fcb01:独人13
2024-02-17 03:59:20 [WECHATBC_MAIN] : @b42034a89e527810cdeb7fcffa28224b125ae28159a60b17725b1e8b8484cfce:平平歌(ᇂ ㉨ ᇂ)
2024-02-17 03:59:20 [WECHATBC_MAIN] : @2ab42c13e41fa44d2d120b25636b36d4:腾洲车行
2024-02-17 03:59:20 [WECHATBC_MAIN] : @30f343798c7fc0a8622e498ae189973051f02eb7f797ead6303375fdb77867f4:+🥚
2024-02-17 03:59:20 [WECHATBC_MAIN] : @3f17a1907cdaa059b347205f83dee521:特摄驿站
2024-02-17 03:59:20 [WECHATBC_MAIN] : @f0668f1c2fae7124624624e96748fac1:辰东
2024-02-17 03:59:20 [WECHATBC_MAIN] : @240b2d0487dabcf3457f381b9a78e13888ce5de47c831a71315d8b9d6136d4f9:ᯤ⁶ᴳ
2024-02-17 03:59:20 [WECHATBC_MAIN] : @1b5f7529976c420d9535400ecd5e8925f20299c417a347344bd24dd08aad68af:-
2024-02-17 03:59:20 [WECHATBC_MAIN] : @9269a8193d41f75dd9afce5ec795d3cf9e89bb1811045064bbb98050c57760bb:₀₃.
2024-02-17 03:59:20 [WECHATBC_MAIN] : @ec420933e9f7ab45dd30a9d3becafecd:该账号已冻结
2024-02-17 03:59:20 [WECHATBC_MAIN] : @41b197dee629b820a75cd0f1fa214b67:超人
2024-02-17 03:59:20 [WECHATBC_MAIN] : @42659d5832f46258655489833a39b7ba:别算科技
2024-02-17 03:59:20 [WECHATBC_MAIN] : @599057d7e8c157e32c73c1337320eb49:泓记
2024-02-17 03:59:20 [WECHATBC_MAIN] : @5d05be743a34b59454ced07c5c9ab004:外卖有多少
2024-02-17 03:59:20 [WECHATBC_MAIN] : @6fa8b6f6f0820af31f50d49416e66289368fb8821a7d4d622e4576b02ff53ee0:岁月无声
2024-02-17 03:59:20 [WECHATBC_MAIN] : @f8a21ba4ece961c2fd37b358d3dfd116:异次元APP软件
2024-02-17 03:59:20 [WECHATBC_MAIN] : @48092f00e78ce92c262db3a733c0f2f78f938cc20f7c47e48b52fc73aea397eb:wuli
2024-02-17 03:59:20 [WECHATBC_MAIN] : @5adc18cb17915de6c4d8f1dbbf26527a35d9a375794af6408d3883c1212c2b39:沉默的小羊羔子
2024-02-17 03:59:20 [WECHATBC_MAIN] : @baf6f75e0816d4b692db5598d52b7e4c5faaa896559882ca1c552dfe619b999c:DLx
2024-02-17 03:59:20 [WECHATBC_MAIN] : @0e9afabad49fb8556ada23115376d1530b608ff3473ec20912197c3262ac7fa2:h.
2024-02-17 03:59:20 [WECHATBC_MAIN] : @4904802299364213062bb9529af4dfd2:广东建院消息
2024-02-17 03:59:20 [WECHATBC_MAIN] : @72898464033318f467b1e4821c8ea20cd2ea7aa368b7b6787509eb8d81a9b918:标顶洞人🌝
2024-02-17 03:59:20 [WECHATBC_MAIN] : @0eba5e0f1db03c3a4f9e527e56deccc5babbd25f7ad535dd5b7b729dd2ec4dba:D。
2024-02-17 03:59:20 [WECHATBC_MAIN] : @d7451a046fdd793d59c38a93608bf0a410787703bbe112ea00423de7ff92c050:Coast（2.1号放假-2.19上班）
2024-02-17 03:59:20 [WECHATBC_MAIN] : @da9d5c4d1d5bd152fc7784214df5862d:网易UU加速器
2024-02-17 03:59:20 [WECHATBC_MAIN] : @d5a1c58f497cfbdf8a2b687db4e337d319038b2c17cba0a5e19ec135ea11667b:杰
2024-02-17 03:59:20 [WECHATBC_MAIN] : @0f5294d108f73c8bf1f943e2e21a01c908d25632e3baa9230e32677bccd0f80e:扬狗爱cc🌬
2024-02-17 03:59:20 [WECHATBC_MAIN] : @92f24a5c28b00e330001906be634d81fac3fcafd525531d375bc5ed76b3dc7ed:G
2024-02-17 03:59:20 [WECHATBC_MAIN] : @9dfe490fb032e907f02c9a18e2a53dec9e27126a3209a0cce4dfeeab719fd743:Jeff
2024-02-17 03:59:20 [WECHATBC_MAIN] : @ab8aa7b0f6dd855c233809225e539154ed2117ed70ea27c1dc4ffcff321f99b1:H
2024-02-17 03:59:20 [WECHATBC_MAIN] : @fd46698ff5a7ab5f00932479750f4e7f82a8342e61ffcd0b5f5084d597611b6a:宝藏
2024-02-17 03:59:20 [WECHATBC_MAIN] : @3f658bdc101ac162620b19a02fd3a9bdd2a0fcedb65d24bd1c2beaeac5173044:Sleeeeping
2024-02-17 03:59:20 [WECHATBC_MAIN] : @b76340cd14b4e0e6cc90f320439cd591743ed9c033abec1e2d08a59c27dda6fb:培
2024-02-17 03:59:20 [WECHATBC_MAIN] : @a8f0bc46b2ee9590bea8d5d06e15196a:zl     <span class="emoji emoji1f4a6"></span>
2024-02-17 03:59:20 [WECHATBC_MAIN] : @c0d59f38e7a8ef56a04b6609a053ac58ca3b78b5ef41193f77b33c9f80513f59:JW<span class="emoji emoji1f42f"></span>
2024-02-17 03:59:20 [WECHATBC_MAIN] : @0ef55e1899fa634a0ee0e25ab990fa57dc8559f242fc7262069f8f9002d5202d:（～_～）
2024-02-17 03:59:20 [WECHATBC_MAIN] : @0b21af5b9fce3acc66da8780ea89d8b24e31371f2ae3ae2c39ec4767287de453:SOYU
2024-02-17 03:59:20 [WECHATBC_MAIN] : @cd586c8f85536fb57a1952e83007d6ad6ec127ebb1d296d7eedc217d39928190:-
2024-02-17 03:59:20 [WECHATBC_MAIN] : @46ea1fc6a29406d7122409381e577df457045b7c9c942f4e08101ef60ec12c35:AA - 手机电脑 回收 出售 维修
2024-02-17 03:59:20 [WECHATBC_MAIN] : @2caccee1a572d3dbc2567f23cd626a116671aefccb1b3b9ee5299455e67f051c:木川金
2024-02-17 03:59:20 [WECHATBC_MAIN] : @3eef3f1d0b63ee45975a3e706cabad0bc7054798ce3a1dd87c57dbd6162a4bb6:Charih 🍤
2024-02-17 03:59:20 [WECHATBC_MAIN] : @679efe4f70a22d955fb54117ec8735e1:腾讯成长守护
2024-02-17 03:59:20 [WECHATBC_MAIN] : @ba87d8e4fb6d0c80b2e6ea75d080e0ec8e5db6cf5ef7cbeeb21429417f87cc83:Z.
2024-02-17 03:59:20 [WECHATBC_MAIN] : @d39b612dd62fb80c3ca162879aad24c1:余熙小灶
2024-02-17 03:59:20 [WECHATBC_MAIN] : @7275c2e0731761b8ec0b43f7db2c88705fd39db88f24a0e73831a09cb91c428e:橙
2024-02-17 03:59:20 [WECHATBC_MAIN] : @8f0ab17b8c915c1460602a9bf42aaf05f1eb268681b87dd29b8f423a67a5af7e:白云飞（只二维码收米）
2024-02-17 03:59:20 [WECHATBC_MAIN] : @b69556d155bbb33d7d3c87a1de996821b7fb21db37a9b13041da4f2c496ffe2b:利
2024-02-17 03:59:20 [WECHATBC_MAIN] : @7924bb2606d92253177e85895125150f:中国移动10086
2024-02-17 03:59:20 [WECHATBC_MAIN] : @d96af4f06d9e836090a323b906b6f405f7930ce07cf3148cab76f3251111e64e:Nachanka
2024-02-17 03:59:20 [WECHATBC_MAIN] : @8a438a590a845361d716a0fb79aba2503df01323248cfc3ad43292a194f55472:楠浅ꫛꫀꪝ
2024-02-17 03:59:20 [WECHATBC_MAIN] : @8454925c64115bc8d10a8f06456ebd7a2db8ae266580179471cd475a85762e7d:22
2024-02-17 03:59:20 [WECHATBC_MAIN] : @3c004a99f30cdf0840c1717e450d2885:卢家妈妈 西餐厨房
2024-02-17 03:59:20 [WECHATBC_MAIN] : @035736a945c0633c23334270688385150d0035f1021a94a748ba314770c48417:小宝
2024-02-17 03:59:20 [WECHATBC_MAIN] : @c43d8636d46b49a4ebe1e46efe585105:抠鼻子Kobez
2024-02-17 03:59:20 [WECHATBC_MAIN] : @ee26f3fecff52290b5a6f90ebe419331689e7b53d609d1f3b23dd91df698ee2d:垚
2024-02-17 03:59:20 [WECHATBC_MAIN] : @00367ce4a08e5ac7687d3a2a826428386e0cf59531552720e461b50c80002ea5:A 中联电讯   郑灿伟
2024-02-17 03:59:20 [WECHATBC_MAIN] : @84d1685772e5a3f8e5dc24029c15fb8ee8fe8ab7bb09bfbfa7151e750f16b21a:【千浔】Ms.傅
2024-02-17 03:59:20 [WECHATBC_MAIN] : @26704dd3e8d3e34fe66635fe70e0fcd598f7050de24ada911993dee5c8cc494f:老细肠粉甜品小吃1号店
2024-02-17 03:59:20 [WECHATBC_MAIN] : @75c67cf32d26dbfc2bb9d30a36b3972abd5059f85b6148311527427a7b43e572:Rime
2024-02-17 03:59:20 [WECHATBC_MAIN] : @89f5664d4756b77d3d1efb7bfbcf4a9365675b45520069103d016b9d517c77c9:ㅤ
2024-02-17 03:59:20 [WECHATBC_MAIN] : @14ff62efdc93a9f339d018672f9b768c80df55521462cee4013f2cf9d6a7f33a:大月半冉子<span class="emoji emoji1f43e"></span>
2024-02-17 03:59:20 [WECHATBC_MAIN] : @662cf1058f7c45925101ef8a436434506552dec0d10a398e9b40ed9ac18b21e0:以至于
2024-02-17 03:59:20 [WECHATBC_MAIN] : @f355d65e97a814a2457f07b972fa72570d8db0ca2b4f4e377978e97c1e8f6e5d:.
2024-02-17 03:59:20 [WECHATBC_MAIN] : @dd90f14366dc2928971c4dc62a0dacdcef3f4c8eefb2ab839002e875ac90d74b:FyG
2024-02-17 03:59:20 [WECHATBC_MAIN] : @35a49647b1a535f950c8ca9247c84a5e2b25619203efd13d997431a787578b5e:九
2024-02-17 03:59:20 [WECHATBC_MAIN] : @fa119d3d983d07477e7aba89bfffa115300158761e2ae26b2dd15b7898474a6a:ᥫᩣ.
2024-02-17 03:59:20 [WECHATBC_MAIN] : @40fa698fa409fcf6eac1a6ec296bc93d05c2360ece02b9cdc8f5d90ebf0a2420:羊妹妹. 💭
2024-02-17 03:59:20 [WECHATBC_MAIN] : @8b75782507449beec18be67a34fec513:沐沐热喵
2024-02-17 03:59:20 [WECHATBC_MAIN] : @68da74de9228d11bc0d2f6ee00f28cf2:NS大玩家
2024-02-17 03:59:20 [WECHATBC_MAIN] : @fb9855ccf4c37ee017f16a08e7d4abd879b7225f33ff2c0c6f6b59561b360bd4:hor1z0n
2024-02-17 03:59:20 [WECHATBC_MAIN] : @74980ea2d644d3b310cd94503b0634c598b6802ae8c531c48ca487775c659c3f:<span class="emoji emoji1f361"></span><span class="emoji emoji1f361"></span>
2024-02-17 03:59:20 [WECHATBC_MAIN] : @c22d329ccf0c8298deea720e5cf9edcf:平面设计狮
2024-02-17 03:59:20 [WECHATBC_MAIN] : @a96f881013c6cae0833dcb5e5c5438f3c0b4c11ebc71498506f051116b753858:听岛屿.
2024-02-17 03:59:20 [WECHATBC_MAIN] : @7f45a647e2924db063db9df7984d004b6f445cea3a125fab1b0d93ae978f34c2:微笑的高圆圆
2024-02-17 03:59:20 [WECHATBC_MAIN] : @eb5e65008f14d84d3ca92b6ba7d49dfff0dcd7459b06d7e9add055ab5ae3264d:木迁
2024-02-17 03:59:20 [WECHATBC_MAIN] : @edfa54b701c9759162621aee476f6db4ae716fbfaf2204abe2035fba1fc3e945: 繁華若夢
2024-02-17 03:59:20 [WECHATBC_MAIN] : @93dc465fd9493833230ed2ef62cf1393:布晴LIVEHOUSE酒吧
2024-02-17 03:59:20 [WECHATBC_MAIN] : @59cdd6c7f6567c7bce5fb7e2d6df59a9:小星星资料库
2024-02-17 03:59:20 [WECHATBC_MAIN] : @20e5dff08eddd297d14242d1c86c7f0a1bdc3ea4f14155c16fb782758fad2971:彭老师
2024-02-17 03:59:20 [WECHATBC_MAIN] : @315e6cc6b046e72e5f5d8fac9992ffbdc5219b1042024c6301db3dfd1d2b9662:qi
2024-02-17 03:59:20 [WECHATBC_MAIN] : @a5ad1025a24b0e59ce922209b1285f9998a49ee08b50052208b89e1e0629906e:xzt
2024-02-17 03:59:20 [WECHATBC_MAIN] : @9a48d2d3ef17f029254281782f2005ed0356b4ae0b1a03166c97c52fc90f2299:SuriYan
2024-02-17 03:59:20 [WECHATBC_MAIN] : @bb2b68688980a504ad14ac3e5a915092:小李万事屋
2024-02-17 03:59:20 [WECHATBC_MAIN] : @1fe5be8269d7061107d08d292b8ab58b240d88f28ebc547c9ff5a4b81b9c9a60:群管理
2024-02-17 03:59:20 [WECHATBC_MAIN] : @9853ad952f4f9c63b25018a4fb36274a:php中文网教程
2024-02-17 03:59:20 [WECHATBC_MAIN] : @fe51b7f2ffde11b851f6774474ba1b31:小智LOGO
2024-02-17 03:59:20 [WECHATBC_MAIN] : @c338c95bcb13e0de542b7df60f16405f:广东建院
2024-02-17 03:59:20 [WECHATBC_MAIN] : @3973c4dc58b89430866dff0649052c13:小木生活观
2024-02-17 03:59:20 [WECHATBC_MAIN] : @889873e72e9792fa2849728c8db58876bccd10b549d42d9e9070f01c79c89699:计划师-可心
2024-02-17 03:59:20 [WECHATBC_MAIN] : @2b0d554bae8f54d7690567147731c75c3e64c3849758026bc2280fa5be2c1b71:Huan
2024-02-17 03:59:20 [WECHATBC_MAIN] : @f2da8d1ca7f878ea4fc046ca45c7aac167a022b278795fe60b23f3ec7f083f21:<span class="emoji emoji1f349"></span>
2024-02-17 03:59:20 [WECHATBC_MAIN] : @12467ed8ca0b18dee2c829a8e243a451:该账号已注销
2024-02-17 03:59:20 [WECHATBC_MAIN] : @fea17962044d44fd540ca0100ffdfbab33324500cc738ad877e658427be5fc72:北
2024-02-17 03:59:20 [WECHATBC_MAIN] : @e84f5fb7004d3ce3de37422f40c003ce98553b5a9187396a57fcd39c991de134:瘾
2024-02-17 03:59:20 [WECHATBC_MAIN] : @8be73454c3cf20859b820d20d78453c26728771deda1190d702042ff46b00fe2:A_ ZikX.
2024-02-17 03:59:20 [WECHATBC_MAIN] : @d1bd11e4c113bcf168b0c3cf53e64b2ea0eebbfcc96843130039f7de21ddbe6a:<span class="emoji emoji1f631"></span>ི<span class="emoji emoji1f60a"></span>ཽ周晓明
2024-02-17 03:59:20 [WECHATBC_MAIN] : @fd611084e893e3751ade8462b8ece122fe0149bbf18ba729c13ef111dcd272a3:ღ火炎焱燚ꦼ
2024-02-17 03:59:20 [WECHATBC_MAIN] : @c34d9b14be18229fefe1bae667c6ce8a410bab42d65073029a7c6230678a983c:zzzsh
2024-02-17 03:59:20 [WECHATBC_MAIN] : @35b499a4ce5bad488d10c65a7021aa476f014a7651775f10e57df40cc8548789:0.2℃
2024-02-17 03:59:20 [WECHATBC_MAIN] : @e4a4277ad6c9ec6f7ff1cba42fd21b7c:平颉机械设备13223903675
2024-02-17 03:59:20 [WECHATBC_MAIN] : @5a40bd2d0d5d04c34a7b2495fda6ddcf293b6c17a6ed4a1474c964d93235f0ac:🥷
2024-02-17 03:59:20 [WECHATBC_MAIN] : @85e910b2e63fc1d905107862ca718506c3553fe5e3456e5f635e30f58a71b855:汉宫
2024-02-17 03:59:20 [WECHATBC_MAIN] : @9392aeb42703bf6c5a39dd7f661cba5f692fa4eeda4d637e7d2a92b93a7a2886:AT
2024-02-17 03:59:20 [WECHATBC_MAIN] : @cdc3a8596f2671a3340b5140f14a71822ef6d4821882d226298f295ba6b2145d:意粥.edu
2024-02-17 03:59:20 [WECHATBC_MAIN] : @14ad678a484134c796778682177208971953b1b59d36b3ee7a15b34f28dff744:木讷
2024-02-17 03:59:20 [WECHATBC_MAIN] : @79ea980b47d60292b3cdd22fe69f9340c12581b9116212051f4487c1cfe4effe:光星网咖 (营业中）
2024-02-17 03:59:20 [WECHATBC_MAIN] : @6a7c81d83e17e25196b589e49d779480:电手
2024-02-17 03:59:20 [WECHATBC_MAIN] : @fd136d634412ab123050a1c42f1c0351:韦一同说
2024-02-17 03:59:20 [WECHATBC_MAIN] : @c6ae4fbc55b2b3d6a3766617a60cca87:特摄资源共享
2024-02-17 03:59:20 [WECHATBC_MAIN] : @e3954fdb5725ec4ed67c3fe8681ecc4078bba696ab65153299cd4f8ee3a8db58:榴莲
2024-02-17 03:59:20 [WECHATBC_MAIN] : @d8b505a0aa1c3bf6c0348bd328537995:外卖卷不停
2024-02-17 03:59:20 [WECHATBC_MAIN] : @7cd51d95d18ed071e71c8ee2c1baa163:WPS办公助手
2024-02-17 03:59:20 [WECHATBC_MAIN] : @e097449e38c4cca8ff02605897483648:老廖
2024-02-17 03:59:20 [WECHATBC_MAIN] : @1422737839ff7725bddbeb3e45a35773a6822d09c2a8acbf7b77c15c9c575219:陈店长
2024-02-17 03:59:20 [WECHATBC_MAIN] : @973cb81d06014cc3b938017051223223:潮职校园通
2024-02-17 03:59:20 [WECHATBC_MAIN] : @218f9ed8acd5f67c510627fcf5a3d6008f263339284a97384678bb8e9afa3c59:江尚
2024-02-17 03:59:20 [WECHATBC_MAIN] : @803a1d4684062d2b413442b8388c5014:琪琪
2024-02-17 03:59:20 [WECHATBC_MAIN] : @e6b092fd68db33f07f73cb5008679f8ca1c2638f56253d5ea1f2f6b9b85d04bb:.ayu
2024-02-17 03:59:20 [WECHATBC_MAIN] : @09ad5d728db11ced81943896bf1942109626ef083f13aec58172f3818b6a206a:Sam
2024-02-17 03:59:20 [WECHATBC_MAIN] : @201fca6b4c29e19d5c6018a093f11cf6a77135feff9aa364455f6ef1c9e3956c:杰
2024-02-17 03:59:20 [WECHATBC_MAIN] : @e0daf5cb3c5b08702b036c1ee4118fa64411104413266c6b6a827507f4513050:sam
2024-02-17 03:59:20 [WECHATBC_MAIN] : @83b3311b0e36d73263596392b65af5369cb22ba586614e41f8ac85af37e59595:三三
2024-02-17 03:59:20 [WECHATBC_MAIN] : @70be71555184ca1e70d35df964e41b68:广东中职菌
2024-02-17 03:59:20 [WECHATBC_MAIN] : @f73144b92f225583adf2af5976269c2a8a66cfc74b2df76f5ebc04a73c068ab1:香奈儿<span class="emoji emoji1f42d"></span>
2024-02-17 03:59:20 [WECHATBC_MAIN] : @771e41181763b870e343992b15e7b7498696f0360647341953e8a6aaf959c3b3:月<span class="emoji emoji1f377"></span>
2024-02-17 03:59:20 [WECHATBC_MAIN] : @c94d05303d1d74f404ee8384e4b71334ba3ea517d91f3ff8f7c013f1e08e433b:小郑
2024-02-17 03:59:20 [WECHATBC_MAIN] : @8f49b5b6af583d0f93b765d58dceb05661a463ca519e96164ad67150845d419a:A㍿࿐黑人校⃣長⃣ゝ诚信服务
2024-02-17 03:59:20 [WECHATBC_MAIN] : @ab005ffb5917a91502f9ad2cce8a904692216111272b9542b173da725f0b71d0:小鹅
2024-02-17 03:59:20 [WECHATBC_MAIN] : @5e83240d0889f3aa7afe5eaa32c8ec1082092f0e1cfb0f223ec58beccd7e07bd:<span class="emoji emoji1f525"></span>Sparks
2024-02-17 03:59:20 [WECHATBC_MAIN] : @402aa33df91266034768655f8b89ead7e07e627552cb0b3b7b7c9a12519ced3c:<span class="emoji emoji1f6b9"></span>
2024-02-17 03:59:20 [WECHATBC_MAIN] : @5abdfdb687bd60f81417320c7e7ecae0c7a03197275c46de849cdecc43351834:要好好吃饭
2024-02-17 03:59:20 [WECHATBC_MAIN] : @3d513228b2fa78bfdac40d46770f37f6:中职生
2024-02-17 03:59:20 [WECHATBC_MAIN] : @d68435d310298fa81c0e6831c5318225ef9d2f24536f5ecd30f41e056cc65ce2:Yuuki
2024-02-17 03:59:20 [plugin-loader] : 载入了 1 个插件
2024-02-17 03:59:20 [WECHATBC_MAIN] : 启动控制台...
2024-02-17 03:59:21 [WECHATBC_MAIN] : Message(msgId=1126635824877503979, fromUserName=@27e60d5114d8a63cc6f92b55f084c3482114b5ab1cd2dc33e91376fb654c698c, toUserName=@27e60d5114d8a63cc6f92b55f084c3482114b5ab1cd2dc33e91376fb654c698c, msgType=TextMsg, content=, status=3, imgStatus=1, createTime=1708113561, voiceLength=0, playLength=0, fileName=, fileSize=, mediaId=, url=, appMsgType=0, statusNotifyCode=11, statusNotifyUserName=, recommendInfo=RecommendInfo(userName=, nickName=, qqNum=0, province=, city=, content=, signature=, alias=, scene=0, verifyFlag=0, attrStatus=0, sex=0, ticket=, opCode=0), forwardFlag=0, appInfo=AppInfo(appId=, type=0), hasProductId=0, ticket=, imgHeight=0, imgWidth=0, subMsgType=0, newMsgId=1126635824877503979, oriContent=, encryFileName=)
2024-02-17 03:59:21 [SYNC-CHECK] : [msg type] TextMsg
2024-02-17 03:59:21 [SYNC-CHECK] : z>z : 
2024-02-17 03:59:23 [WECHATBC_MAIN] : Message(msgId=9110741119375243464, fromUserName=@@60756822b857d6121ad4e68eb368cc68bcae5acd9ad05f37840d59c025cf7e9d, toUserName=@27e60d5114d8a63cc6f92b55f084c3482114b5ab1cd2dc33e91376fb654c698c, msgType=TextMsg, content=来点烧鸡, status=3, imgStatus=1, createTime=1708113562, voiceLength=0, playLength=0, fileName=, fileSize=, mediaId=, url=, appMsgType=0, statusNotifyCode=0, statusNotifyUserName=, recommendInfo=RecommendInfo(userName=, nickName=, qqNum=0, province=, city=, content=, signature=, alias=, scene=0, verifyFlag=0, attrStatus=0, sex=0, ticket=, opCode=0), forwardFlag=0, appInfo=AppInfo(appId=, type=0), hasProductId=0, ticket=, imgHeight=0, imgWidth=0, subMsgType=0, newMsgId=9110741119375243464, oriContent=, encryFileName=)
2024-02-17 03:59:23 [SYNC-CHECK] : [msg type] TextMsg
2024-02-17 03:59:23 [SYNC-CHECK] : 森鶴教堂<span class="emoji emoji26ea"></span>>z : 来点烧鸡
2024-02-17 03:59:29 [com.meteor.wechatbc.impl.fileupload.FileChunkUploader] : [downloaded_video.mp4] 1 / 13
2024-02-17 03:59:29 [com.meteor.wechatbc.impl.fileupload.FileChunkUploader] : [downloaded_video.mp4] 2 / 13
2024-02-17 03:59:29 [com.meteor.wechatbc.impl.fileupload.FileChunkUploader] : [downloaded_video.mp4] 3 / 13
2024-02-17 03:59:30 [com.meteor.wechatbc.impl.fileupload.FileChunkUploader] : [downloaded_video.mp4] 4 / 13
2024-02-17 03:59:30 [com.meteor.wechatbc.impl.fileupload.FileChunkUploader] : [downloaded_video.mp4] 5 / 13
2024-02-17 03:59:30 [com.meteor.wechatbc.impl.fileupload.FileChunkUploader] : [downloaded_video.mp4] 6 / 13
2024-02-17 03:59:30 [com.meteor.wechatbc.impl.fileupload.FileChunkUploader] : [downloaded_video.mp4] 7 / 13
2024-02-17 03:59:31 [com.meteor.wechatbc.impl.fileupload.FileChunkUploader] : [downloaded_video.mp4] 8 / 13
2024-02-17 03:59:31 [com.meteor.wechatbc.impl.fileupload.FileChunkUploader] : [downloaded_video.mp4] 9 / 13
2024-02-17 03:59:31 [com.meteor.wechatbc.impl.fileupload.FileChunkUploader] : [downloaded_video.mp4] 10 / 13
2024-02-17 03:59:31 [com.meteor.wechatbc.impl.fileupload.FileChunkUploader] : [downloaded_video.mp4] 11 / 13
2024-02-17 03:59:32 [com.meteor.wechatbc.impl.fileupload.FileChunkUploader] : [downloaded_video.mp4] 12 / 13
2024-02-17 03:59:35 [com.meteor.wechatbc.impl.fileupload.FileChunkUploader] : [downloaded_video.mp4] 13 / 13
2024-02-17 03:59:35 [com.meteor.wechatbc.impl.fileupload.FileChunkUploader] : UploadResponse(baseResponse=BaseResponse(Ret=0, ErrMsg=), mediaId=@crypt_7d66a62e_7c91c16c6e82015cca08e5e1adc2fdc6131f2fd5c898ca36b3e7bba85bc5c40d72e4d49a3e13bea3c207363e5abe45ecd670de5155ec4d68922555a4e6cdc1142be827b8d045772c3efa75c02ca370d486bb58b6a6fe1c3b4cf38f7b213ab22db90c34b1bf07448bcd0e34350b600a7a2a7aa4038bf999b325abb89262a79e3d88125e3d7ff666f3625ad2ff6a5cdd597c3a0f9bb62fc7c3665c0f02bfe0c1af7fd60d409d4d5751c66448d1497f5c325733a991619fc730d76a69517bd166534b4a7b72a6343265f964d76d906685646f260a14234140e06b6cf60450200ef8714aa9ac29986c7a426cb8b9f3bb6f3123e9d32fa5056c9265fcea47dc9722723aed88a56b9f70d6d860c8c68fa240fdde443e57b8b32cba98dac225ee90c628, startPos=1173612, cdnThumbImgHeight=640, cdnThumbImgWidth=368, encryFileName=downloaded%5Fvideo%2Emp4)
2024-02-17 03:59:42 [WECHATBC_MAIN] : Message(msgId=8203378636738751995, fromUserName=@@60756822b857d6121ad4e68eb368cc68bcae5acd9ad05f37840d59c025cf7e9d, toUserName=@27e60d5114d8a63cc6f92b55f084c3482114b5ab1cd2dc33e91376fb654c698c, msgType=TextMsg, content=来点烧鸡, status=3, imgStatus=1, createTime=1708113582, voiceLength=0, playLength=0, fileName=, fileSize=, mediaId=, url=, appMsgType=0, statusNotifyCode=0, statusNotifyUserName=, recommendInfo=RecommendInfo(userName=, nickName=, qqNum=0, province=, city=, content=, signature=, alias=, scene=0, verifyFlag=0, attrStatus=0, sex=0, ticket=, opCode=0), forwardFlag=0, appInfo=AppInfo(appId=, type=0), hasProductId=0, ticket=, imgHeight=0, imgWidth=0, subMsgType=0, newMsgId=8203378636738751995, oriContent=, encryFileName=)
2024-02-17 03:59:42 [SYNC-CHECK] : [msg type] TextMsg
2024-02-17 03:59:42 [SYNC-CHECK] : 森鶴教堂<span class="emoji emoji26ea"></span>>z : 来点烧鸡
2024-02-17 03:59:44 [com.meteor.wechatbc.impl.fileupload.FileChunkUploader] : [downloaded_video.mp4] 1 / 3
2024-02-17 03:59:45 [com.meteor.wechatbc.impl.fileupload.FileChunkUploader] : [downloaded_video.mp4] 2 / 3
2024-02-17 03:59:47 [com.meteor.wechatbc.impl.fileupload.FileChunkUploader] : [downloaded_video.mp4] 3 / 3
2024-02-17 03:59:47 [com.meteor.wechatbc.impl.fileupload.FileChunkUploader] : UploadResponse(baseResponse=BaseResponse(Ret=0, ErrMsg=), mediaId=@crypt_122ebf97_a2c8784417419605e3ab32242ef5594844c7e7c387ecb19e28a118caa88e4232f2048f9e21a962f126c89e3972ab23199ddfa472b16d19d8ec2fcfa417ec53eecef59e7966c4e2625da5464f585d34c1f2fee77a191c61260793d4123943990c0aa0dc42328ab71c6a777d3c8ea010524782052a5759eba723eb63743850b251b3ce53097f954af7c6af418df1a33864c4f7a56791d4cc1a0a94e19cdd636144718f19dde725a77b364906aaba1d07d833c65dcaf86b1b3e8ebf5199309178970a2e7d2314923a3d2d58ec77ed55cf37fcde1cdeec98dd55d0d1a64bf58bebd23595f6a6b121aebdf653ac013925851886054cf7aca6c6d7b32d1b30065686615e795155f237a74b7ee4101c7a373f444280f00bd55f5afcb83fede51e02c9c4, startPos=334665, cdnThumbImgHeight=640, cdnThumbImgWidth=368, encryFileName=downloaded%5Fvideo%2Emp4)
2024-02-17 04:00:07 [WECHATBC_MAIN] : Message(msgId=614497317769426611, fromUserName=@@60756822b857d6121ad4e68eb368cc68bcae5acd9ad05f37840d59c025cf7e9d, toUserName=@27e60d5114d8a63cc6f92b55f084c3482114b5ab1cd2dc33e91376fb654c698c, msgType=TextMsg, content=来点烧鸡, status=3, imgStatus=1, createTime=1708113607, voiceLength=0, playLength=0, fileName=, fileSize=, mediaId=, url=, appMsgType=0, statusNotifyCode=0, statusNotifyUserName=, recommendInfo=RecommendInfo(userName=, nickName=, qqNum=0, province=, city=, content=, signature=, alias=, scene=0, verifyFlag=0, attrStatus=0, sex=0, ticket=, opCode=0), forwardFlag=0, appInfo=AppInfo(appId=, type=0), hasProductId=0, ticket=, imgHeight=0, imgWidth=0, subMsgType=0, newMsgId=614497317769426611, oriContent=, encryFileName=)
2024-02-17 04:00:07 [SYNC-CHECK] : [msg type] TextMsg
2024-02-17 04:00:07 [SYNC-CHECK] : 森鶴教堂<span class="emoji emoji26ea"></span>>z : 来点烧鸡
2024-02-17 04:00:09 [com.meteor.wechatbc.impl.fileupload.FileChunkUploader] : [downloaded_video.mp4] 1 / 3
2024-02-17 04:00:09 [com.meteor.wechatbc.impl.fileupload.FileChunkUploader] : [downloaded_video.mp4] 2 / 3
2024-02-17 04:00:10 [com.meteor.wechatbc.impl.fileupload.FileChunkUploader] : [downloaded_video.mp4] 3 / 3
2024-02-17 04:00:10 [com.meteor.wechatbc.impl.fileupload.FileChunkUploader] : UploadResponse(baseResponse=BaseResponse(Ret=0, ErrMsg=), mediaId=@crypt_6437e3c6_758f8e9ee184dd6d9edbab9376b964a98b2532c47999c5323f5db687566109ff8a8a9fb04567fe44b7bf62e4135854b99934a1facf26590cc3205442db468ce75f44b97b6f06db9acc0ee4b149b49a3674e8503ec07165f68d1982822beb8885b7e561d25cdbba055bf3a46b05d4b3bc0a497117b08fcb485a9655dca694e6d7fb7ce49db42e06bcf8edde6231657fc57f9eeb7c59e88448a463b9f9d90e076655897e78428be00276bd2dc4a0f58415e67797b2601eb8dc9a54e0f08e6716776dd6ea74f4680b17b6bcd504c23ee085f54d0ed9ed19cbbc1de210bf92b5c2e2cc01b6395bc4d85deb95c67e08b77693ec94278c5de8b9cff690f87a2e6751d91fddfc97e74ff33ce3349ef251b85d15dcf88b73dafe19426d362ba2ba9176bd, startPos=414624, cdnThumbImgHeight=368, cdnThumbImgWidth=640, encryFileName=downloaded%5Fvideo%2Emp4)
2024-02-17 04:00:13 [WECHATBC_MAIN] : Message(msgId=2523742669274576113, fromUserName=@@60756822b857d6121ad4e68eb368cc68bcae5acd9ad05f37840d59c025cf7e9d, toUserName=@27e60d5114d8a63cc6f92b55f084c3482114b5ab1cd2dc33e91376fb654c698c, msgType=TextMsg, content=checkupdate, status=3, imgStatus=1, createTime=1708113612, voiceLength=0, playLength=0, fileName=, fileSize=, mediaId=, url=, appMsgType=0, statusNotifyCode=0, statusNotifyUserName=, recommendInfo=RecommendInfo(userName=, nickName=, qqNum=0, province=, city=, content=, signature=, alias=, scene=0, verifyFlag=0, attrStatus=0, sex=0, ticket=, opCode=0), forwardFlag=0, appInfo=AppInfo(appId=, type=0), hasProductId=0, ticket=, imgHeight=0, imgWidth=0, subMsgType=0, newMsgId=2523742669274576113, oriContent=, encryFileName=)
2024-02-17 04:00:13 [SYNC-CHECK] : [msg type] TextMsg
2024-02-17 04:00:13 [SYNC-CHECK] : 森鶴教堂<span class="emoji emoji26ea"></span>>z : checkupdate
2024-02-17 04:00:15 [WECHATBC_MAIN] : Message(msgId=7473630113071535308, fromUserName=@@60756822b857d6121ad4e68eb368cc68bcae5acd9ad05f37840d59c025cf7e9d, toUserName=@27e60d5114d8a63cc6f92b55f084c3482114b5ab1cd2dc33e91376fb654c698c, msgType=TextMsg, content=来点烧鸡, status=3, imgStatus=1, createTime=1708113615, voiceLength=0, playLength=0, fileName=, fileSize=, mediaId=, url=, appMsgType=0, statusNotifyCode=0, statusNotifyUserName=, recommendInfo=RecommendInfo(userName=, nickName=, qqNum=0, province=, city=, content=, signature=, alias=, scene=0, verifyFlag=0, attrStatus=0, sex=0, ticket=, opCode=0), forwardFlag=0, appInfo=AppInfo(appId=, type=0), hasProductId=0, ticket=, imgHeight=0, imgWidth=0, subMsgType=0, newMsgId=7473630113071535308, oriContent=, encryFileName=)
2024-02-17 04:00:15 [SYNC-CHECK] : [msg type] TextMsg
2024-02-17 04:00:15 [SYNC-CHECK] : 森鶴教堂<span class="emoji emoji26ea"></span>>z : 来点烧鸡
2024-02-17 04:01:09 [WECHATBC_MAIN] : Message(msgId=3995754941709945258, fromUserName=@@60756822b857d6121ad4e68eb368cc68bcae5acd9ad05f37840d59c025cf7e9d, toUserName=@27e60d5114d8a63cc6f92b55f084c3482114b5ab1cd2dc33e91376fb654c698c, msgType=TextMsg, content=无内鬼, status=3, imgStatus=1, createTime=1708113668, voiceLength=0, playLength=0, fileName=, fileSize=, mediaId=, url=, appMsgType=0, statusNotifyCode=0, statusNotifyUserName=, recommendInfo=RecommendInfo(userName=, nickName=, qqNum=0, province=, city=, content=, signature=, alias=, scene=0, verifyFlag=0, attrStatus=0, sex=0, ticket=, opCode=0), forwardFlag=0, appInfo=AppInfo(appId=, type=0), hasProductId=0, ticket=, imgHeight=0, imgWidth=0, subMsgType=0, newMsgId=3995754941709945258, oriContent=, encryFileName=)
2024-02-17 04:01:09 [SYNC-CHECK] : [msg type] TextMsg
2024-02-17 04:01:09 [SYNC-CHECK] : 森鶴教堂<span class="emoji emoji26ea"></span>>z : 无内鬼
2024-02-17 04:01:15 [com.meteor.wechatbc.impl.fileupload.FileChunkUploader] : [89510310_p0_master1200.jpg] 1 / 1
2024-02-17 04:01:15 [com.meteor.wechatbc.impl.fileupload.FileChunkUploader] : UploadResponse(baseResponse=BaseResponse(Ret=0, ErrMsg=), mediaId=@crypt_2d2d610d_c3cc304fc1f0db48422ebd8666a10c04c771b6835e11d30eb8015f19ef4bf4f90b0d3ce1d187f8c1adec4b54b6a88b8f302e42172fa3f36f8c9adada409b3ce7a15a14239ebcc7f7bcffe20821d48332a30f8899f202c372512280ef074ed77f053aa82b0804bd7f585a7214f05178fa0a0b8beaf5e16fabb4adc5f2243022934094a2d20ce2cb6450073af78cc46e910dc314c2940a9f2458c52812acd7d0ac5abc0c28fa3311600999a69371a39192b997f8569ae873ed46c33a37670db43545fc655dd3b8c4dc3d8fc0debadded5e9d43a72462c1d95793bd4f267bbf5f2227aea92f98564fcc3c1f9bda660400d636c8dbe049bfa49941b8bf2b61d0853e5f9df924e8f4e976c06a959bf790272147c8a4db7961a5c69f583a657ea63be2, startPos=420230, cdnThumbImgHeight=100, cdnThumbImgWidth=63, encryFileName=89510310%5Fp0%5Fmaster1200%2Ejpg)
2024-02-17 04:01:15 [WECHATBC_MAIN] : {"Msg":{"ClientMsgId":"1708113675WfLQEl","Content":"","FromUserName":"@27e60d5114d8a63cc6f92b55f084c3482114b5ab1cd2dc33e91376fb654c698c","LocalID":"1708113675WfLQEl","MediaId":"@crypt_2d2d610d_c3cc304fc1f0db48422ebd8666a10c04c771b6835e11d30eb8015f19ef4bf4f90b0d3ce1d187f8c1adec4b54b6a88b8f302e42172fa3f36f8c9adada409b3ce7a15a14239ebcc7f7bcffe20821d48332a30f8899f202c372512280ef074ed77f053aa82b0804bd7f585a7214f05178fa0a0b8beaf5e16fabb4adc5f2243022934094a2d20ce2cb6450073af78cc46e910dc314c2940a9f2458c52812acd7d0ac5abc0c28fa3311600999a69371a39192b997f8569ae873ed46c33a37670db43545fc655dd3b8c4dc3d8fc0debadded5e9d43a72462c1d95793bd4f267bbf5f2227aea92f98564fcc3c1f9bda660400d636c8dbe049bfa49941b8bf2b61d0853e5f9df924e8f4e976c06a959bf790272147c8a4db7961a5c69f583a657ea63be2","ToUserName":"@@60756822b857d6121ad4e68eb368cc68bcae5acd9ad05f37840d59c025cf7e9d","Type":"3"},"Scene":0}
2024-02-17 04:01:29 [WECHATBC_MAIN] : Message(msgId=5902840017602008020, fromUserName=@@60756822b857d6121ad4e68eb368cc68bcae5acd9ad05f37840d59c025cf7e9d, toUserName=@27e60d5114d8a63cc6f92b55f084c3482114b5ab1cd2dc33e91376fb654c698c, msgType=TextMsg, content=？, status=3, imgStatus=1, createTime=1708113688, voiceLength=0, playLength=0, fileName=, fileSize=, mediaId=, url=, appMsgType=0, statusNotifyCode=0, statusNotifyUserName=, recommendInfo=RecommendInfo(userName=, nickName=, qqNum=0, province=, city=, content=, signature=, alias=, scene=0, verifyFlag=0, attrStatus=0, sex=0, ticket=, opCode=0), forwardFlag=0, appInfo=AppInfo(appId=, type=0), hasProductId=0, ticket=, imgHeight=0, imgWidth=0, subMsgType=0, newMsgId=5902840017602008020, oriContent=, encryFileName=)
2024-02-17 04:01:29 [SYNC-CHECK] : [msg type] TextMsg
2024-02-17 04:01:29 [SYNC-CHECK] : 森鶴教堂<span class="emoji emoji26ea"></span>>z : ？
2024-02-17 04:01:31 [WECHATBC_MAIN] : Message(msgId=2463627040892812398, fromUserName=@@60756822b857d6121ad4e68eb368cc68bcae5acd9ad05f37840d59c025cf7e9d, toUserName=@27e60d5114d8a63cc6f92b55f084c3482114b5ab1cd2dc33e91376fb654c698c, msgType=TextMsg, content=来点烧鸡, status=3, imgStatus=1, createTime=1708113690, voiceLength=0, playLength=0, fileName=, fileSize=, mediaId=, url=, appMsgType=0, statusNotifyCode=0, statusNotifyUserName=, recommendInfo=RecommendInfo(userName=, nickName=, qqNum=0, province=, city=, content=, signature=, alias=, scene=0, verifyFlag=0, attrStatus=0, sex=0, ticket=, opCode=0), forwardFlag=0, appInfo=AppInfo(appId=, type=0), hasProductId=0, ticket=, imgHeight=0, imgWidth=0, subMsgType=0, newMsgId=2463627040892812398, oriContent=, encryFileName=)
2024-02-17 04:01:31 [SYNC-CHECK] : [msg type] TextMsg
2024-02-17 04:01:31 [SYNC-CHECK] : 森鶴教堂<span class="emoji emoji26ea"></span>>z : 来点烧鸡
2024-02-17 04:01:34 [com.meteor.wechatbc.impl.fileupload.FileChunkUploader] : [downloaded_video.mp4] 1 / 4
2024-02-17 04:01:34 [com.meteor.wechatbc.impl.fileupload.FileChunkUploader] : [downloaded_video.mp4] 2 / 4
2024-02-17 04:01:34 [com.meteor.wechatbc.impl.fileupload.FileChunkUploader] : [downloaded_video.mp4] 3 / 4
2024-02-17 04:01:36 [com.meteor.wechatbc.impl.fileupload.FileChunkUploader] : [downloaded_video.mp4] 4 / 4
2024-02-17 04:01:36 [com.meteor.wechatbc.impl.fileupload.FileChunkUploader] : UploadResponse(baseResponse=BaseResponse(Ret=0, ErrMsg=), mediaId=@crypt_a54c757d_c8f46e6a86e50b9b3f55a3051cd514bdbb9f1699d87450a4ab48b83896a40ed56bec2fcd9abbe2894f32287c5b013f55802aea6b711fdc709007362bf07360aee9c76bfe876f60666650540294608a14392d320952efc067be2d193b7cf593a04187a3f378e622e86c02184f05b2bda6bcd806db9eeb0a64bb61f40aa5cc21a202a6d517556aa3a92dc09ddeaf90834a35dce55bb46ee144a72415406b6a52d510f13013134350c0617710df27c495a1014f518af01d03c9c62ea1d638413d4022056f3502fa5e62af81fc1cec6489e99a0a3294c52130acd05fc3bca2541224daa195efa3789c5c71e350d19f76c02473b26b1759d503531d848f397fbbd5e4d1221bf47cb124adb406949042095361421f621f10eb06f7937bc184bbf29b22, startPos=470185, cdnThumbImgHeight=640, cdnThumbImgWidth=368, encryFileName=downloaded%5Fvideo%2Emp4)
2024-02-17 04:01:41 [WECHATBC_MAIN] : Message(msgId=6793596591350622611, fromUserName=@@60756822b857d6121ad4e68eb368cc68bcae5acd9ad05f37840d59c025cf7e9d, toUserName=@27e60d5114d8a63cc6f92b55f084c3482114b5ab1cd2dc33e91376fb654c698c, msgType=TextMsg, content=无内鬼, status=3, imgStatus=1, createTime=1708113700, voiceLength=0, playLength=0, fileName=, fileSize=, mediaId=, url=, appMsgType=0, statusNotifyCode=0, statusNotifyUserName=, recommendInfo=RecommendInfo(userName=, nickName=, qqNum=0, province=, city=, content=, signature=, alias=, scene=0, verifyFlag=0, attrStatus=0, sex=0, ticket=, opCode=0), forwardFlag=0, appInfo=AppInfo(appId=, type=0), hasProductId=0, ticket=, imgHeight=0, imgWidth=0, subMsgType=0, newMsgId=6793596591350622611, oriContent=, encryFileName=)
2024-02-17 04:01:41 [SYNC-CHECK] : [msg type] TextMsg
2024-02-17 04:01:41 [SYNC-CHECK] : 森鶴教堂<span class="emoji emoji26ea"></span>>z : 无内鬼
2024-02-17 04:01:49 [WECHATBC_MAIN] : Message(msgId=5745406025786454403, fromUserName=@@60756822b857d6121ad4e68eb368cc68bcae5acd9ad05f37840d59c025cf7e9d, toUserName=@27e60d5114d8a63cc6f92b55f084c3482114b5ab1cd2dc33e91376fb654c698c, msgType=TextMsg, content=无内鬼, status=3, imgStatus=1, createTime=1708113708, voiceLength=0, playLength=0, fileName=, fileSize=, mediaId=, url=, appMsgType=0, statusNotifyCode=0, statusNotifyUserName=, recommendInfo=RecommendInfo(userName=, nickName=, qqNum=0, province=, city=, content=, signature=, alias=, scene=0, verifyFlag=0, attrStatus=0, sex=0, ticket=, opCode=0), forwardFlag=0, appInfo=AppInfo(appId=, type=0), hasProductId=0, ticket=, imgHeight=0, imgWidth=0, subMsgType=0, newMsgId=5745406025786454403, oriContent=, encryFileName=)
2024-02-17 04:01:49 [SYNC-CHECK] : [msg type] TextMsg
2024-02-17 04:01:49 [SYNC-CHECK] : 森鶴教堂<span class="emoji emoji26ea"></span>>z : 无内鬼
2024-02-17 04:01:52 [com.meteor.wechatbc.impl.fileupload.FileChunkUploader] : [86588721_p0_master1200.jpg] 1 / 1
2024-02-17 04:01:52 [com.meteor.wechatbc.impl.fileupload.FileChunkUploader] : UploadResponse(baseResponse=BaseResponse(Ret=0, ErrMsg=), mediaId=@crypt_3ff4c10d_526df7d8fe0bb1a917aba44fde7bffaafe2803095c60b5434463f371e95bb57be09408650be3ed7002dd0a3c4f15bfef0a3b5498c3c94264a1c208951373b7e7f1d670517ae9b34d5b3633031960649b660b504543bfafa1ad376532869b96866dd6f052af163d80758d8e5783a39eea151d643ea59bfbda3da14ef28a676dfc91233f6d76ee157f646d241d2a2cc605b544f3c23fb124ff3a983531efcc0b210d54e5aacfa1cce1c7506784a203659a7aee0747e7a71729a3ee9aad4e5e80edf06da233dae5d9d3594894d53f145e1a4f7f5001271e216a722ec4372fc16b5228717d83135fe9928ecee7581ddefc3da03971fd07ebc036c4aef57d8d76d239ead3b4d2430c20c4f7ac38b946a7b0942ee42d26918c09e4205c1bec11bffce3, startPos=519881, cdnThumbImgHeight=100, cdnThumbImgWidth=85, encryFileName=86588721%5Fp0%5Fmaster1200%2Ejpg)
2024-02-17 04:01:52 [WECHATBC_MAIN] : {"Msg":{"ClientMsgId":"17081137124PDYGX","Content":"","FromUserName":"@27e60d5114d8a63cc6f92b55f084c3482114b5ab1cd2dc33e91376fb654c698c","LocalID":"17081137124PDYGX","MediaId":"@crypt_3ff4c10d_526df7d8fe0bb1a917aba44fde7bffaafe2803095c60b5434463f371e95bb57be09408650be3ed7002dd0a3c4f15bfef0a3b5498c3c94264a1c208951373b7e7f1d670517ae9b34d5b3633031960649b660b504543bfafa1ad376532869b96866dd6f052af163d80758d8e5783a39eea151d643ea59bfbda3da14ef28a676dfc91233f6d76ee157f646d241d2a2cc605b544f3c23fb124ff3a983531efcc0b210d54e5aacfa1cce1c7506784a203659a7aee0747e7a71729a3ee9aad4e5e80edf06da233dae5d9d3594894d53f145e1a4f7f5001271e216a722ec4372fc16b5228717d83135fe9928ecee7581ddefc3da03971fd07ebc036c4aef57d8d76d239ead3b4d2430c20c4f7ac38b946a7b0942ee42d26918c09e4205c1bec11bffce3","ToUserName":"@@60756822b857d6121ad4e68eb368cc68bcae5acd9ad05f37840d59c025cf7e9d","Type":"3"},"Scene":0}
2024-02-17 04:01:57 [WECHATBC_MAIN] : Message(msgId=8305009061138477212, fromUserName=@@c24abc630c9827ae0489df7b0ec208ef04db94104fc61a0551aeb9f12db41db8, toUserName=@27e60d5114d8a63cc6f92b55f084c3482114b5ab1cd2dc33e91376fb654c698c, msgType=TextMsg, content=@无所谓 , status=3, imgStatus=1, createTime=1708113716, voiceLength=0, playLength=0, fileName=, fileSize=, mediaId=, url=, appMsgType=0, statusNotifyCode=0, statusNotifyUserName=, recommendInfo=RecommendInfo(userName=, nickName=, qqNum=0, province=, city=, content=, signature=, alias=, scene=0, verifyFlag=0, attrStatus=0, sex=0, ticket=, opCode=0), forwardFlag=0, appInfo=AppInfo(appId=, type=0), hasProductId=0, ticket=, imgHeight=0, imgWidth=0, subMsgType=0, newMsgId=8305009061138477212, oriContent=, encryFileName=)
2024-02-17 04:01:57 [SYNC-CHECK] : [msg type] TextMsg
2024-02-17 04:01:57 [SYNC-CHECK] : 振森鸟的秘密>z : @无所谓 
2024-02-17 04:02:00 [WECHATBC_MAIN] : Message(msgId=7416844494725781419, fromUserName=@@c24abc630c9827ae0489df7b0ec208ef04db94104fc61a0551aeb9f12db41db8, toUserName=@27e60d5114d8a63cc6f92b55f084c3482114b5ab1cd2dc33e91376fb654c698c, msgType=TextMsg, content=你真是饿了, status=3, imgStatus=1, createTime=1708113720, voiceLength=0, playLength=0, fileName=, fileSize=, mediaId=, url=, appMsgType=0, statusNotifyCode=0, statusNotifyUserName=, recommendInfo=RecommendInfo(userName=, nickName=, qqNum=0, province=, city=, content=, signature=, alias=, scene=0, verifyFlag=0, attrStatus=0, sex=0, ticket=, opCode=0), forwardFlag=0, appInfo=AppInfo(appId=, type=0), hasProductId=0, ticket=, imgHeight=0, imgWidth=0, subMsgType=0, newMsgId=7416844494725781419, oriContent=, encryFileName=)
2024-02-17 04:02:00 [SYNC-CHECK] : [msg type] TextMsg
2024-02-17 04:02:00 [SYNC-CHECK] : 振森鸟的秘密>z : 你真是饿了
2024-02-17 04:02:32 [WECHATBC_MAIN] : Message(msgId=5845176031560648910, fromUserName=@@60756822b857d6121ad4e68eb368cc68bcae5acd9ad05f37840d59c025cf7e9d, toUserName=@27e60d5114d8a63cc6f92b55f084c3482114b5ab1cd2dc33e91376fb654c698c, msgType=TextMsg, content=先关一会, status=3, imgStatus=1, createTime=1708113751, voiceLength=0, playLength=0, fileName=, fileSize=, mediaId=, url=, appMsgType=0, statusNotifyCode=0, statusNotifyUserName=, recommendInfo=RecommendInfo(userName=, nickName=, qqNum=0, province=, city=, content=, signature=, alias=, scene=0, verifyFlag=0, attrStatus=0, sex=0, ticket=, opCode=0), forwardFlag=0, appInfo=AppInfo(appId=, type=0), hasProductId=0, ticket=, imgHeight=0, imgWidth=0, subMsgType=0, newMsgId=5845176031560648910, oriContent=, encryFileName=)
2024-02-17 04:02:32 [SYNC-CHECK] : [msg type] TextMsg
2024-02-17 04:02:32 [SYNC-CHECK] : 森鶴教堂<span class="emoji emoji26ea"></span>>z : 先关一会
