2024-02-19 17:22:36 [WECHATBC_MAIN] : 已扫描二维码，请确认登陆
2024-02-19 17:22:48 [WECHATBC_MAIN] : 已确认登陆
2024-02-19 17:22:49 [WECHATBC_MAIN] : 已取得登录信息:
2024-02-19 17:22:49 [WECHATBC_MAIN] : BaseRequest(uin=281175185, sid=uNDwRQIoCHkWdojU, skey=@crypt_c1a555a6_dbc05b1394da555ef9404cc5bf407061, deviceId=e953197332989169, dataTicket=gSdIoTaxR9gVrH+hjF84pIvK, passTicket=YVxunSdLqm7rg5p1zaMvS%2FZRWDf2RNFijF1W9L6Pbqoy3IGyF%2FIolmtUc5eBuyPfi%2B8EJJ9EBR6bbCV8qrqtug%3D%3D, authTicket=CIsBEOzDuscBGoABN3h3QTa3g/YeHZ38iBwvr9w9xx1lbpKOD1Eoo/dbogWSAo/ZaycZ+c97kb4ykyEDujA12hV6q/1DCJ4slSzjDrw4Neswvauwrw0wBXllCCVHN/zkOAbFXq3yJ6H/0hQUjPHCpLixx2b5cqjf/ByHO/jKQ1pVm9ZTP4OUT56kRqo=, initCookie=[wxuin=281175185; expires=Mon, 19 Feb 2024 21:22:49 GMT; domain=wx2.qq.com; path=/; secure, wxsid=uNDwRQIoCHkWdojU; expires=Mon, 19 Feb 2024 21:22:49 GMT; domain=wx2.qq.com; path=/; secure, wxloadtime=1708334569; expires=Mon, 19 Feb 2024 21:22:49 GMT; domain=wx2.qq.com; path=/; secure, mm_lang=zh_CN; expires=Mon, 19 Feb 2024 21:22:49 GMT; domain=wx2.qq.com; path=/; secure, wxuin=281175185; expires=Mon, 19 Feb 2024 21:22:49 GMT; domain=qq.com; path=/; secure, webwx_data_ticket=gSdIoTaxR9gVrH+hjF84pIvK; expires=Mon, 19 Feb 2024 21:22:49 GMT; domain=qq.com; path=/; secure, webwxuvid=b0c1512a3960be8895dbe4551510255d2e516eec874b5245449d7b7f51638f94dbc5aeb9f5fa142e89657d1070ee8332; expires=Thu, 16 Feb 2034 09:22:49 GMT; domain=wx2.qq.com; path=/; secure, webwx_auth_ticket=CIsBEOzDuscBGoABN3h3QTa3g/YeHZ38iBwvr9w9xx1lbpKOD1Eoo/dbogWSAo/ZaycZ+c97kb4ykyEDujA12hV6q/1DCJ4slSzjDrw4Neswvauwrw0wBXllCCVHN/zkOAbFXq3yJ6H/0hQUjPHCpLixx2b5cqjf/ByHO/jKQ1pVm9ZTP4OUT56kRqo=; expires=Thu, 16 Feb 2034 09:22:49 GMT; domain=wx2.qq.com; path=/; secure])
2024-02-19 17:22:50 [WECHATBC_MAIN] : 已初始化微信信息:
2024-02-19 17:22:50 [WECHATBC_MAIN] : 用户信息:
2024-02-19 17:22:50 [WECHATBC_MAIN] : Contact(weChatClient=null, uin=281175185, userName=@52f5eb0c60c30747f35e4d9c51287d1981da9ef645fed2c3a41f78c0c53f1e77, nickName=z, headImgUrl=/cgi-bin/mmwebwx-bin/webwxgeticon?seq=2078316503&username=@52f5eb0c60c30747f35e4d9c51287d1981da9ef645fed2c3a41f78c0c53f1e77&skey=@crypt_c1a555a6_dbc05b1394da555ef9404cc5bf407061, contactFlag=0, memberCount=0, memberList=null, remarkName=, hideInputBarFlag=0, sex=1, signature=已换微信 meteor1913103, verifyFlag=0, ownerUin=0, pyInitial=, pyQuanPin=, remarkPYInitial=, remarkPYQuanPin=, starFriend=0, appAccountFlag=0, statues=0, attrStatus=0, province=null, city=null, alias=null, snsFlag=257, uniFriend=0, displayName=null, chatRoomId=0, keyWord=null, encryChatRoomId=null, isOwner=0)
2024-02-19 17:22:52 [WECHATBC_MAIN] : 联系人列表数量: 317
2024-02-19 17:22:52 [TestPlugin] : 插件载入啦
2024-02-19 17:22:53 [WECHATBC_MAIN] : Message(msgId=7188624228717719597, fromUserName=@52f5eb0c60c30747f35e4d9c51287d1981da9ef645fed2c3a41f78c0c53f1e77, toUserName=@52f5eb0c60c30747f35e4d9c51287d1981da9ef645fed2c3a41f78c0c53f1e77, msgType=TextMsg, content=, status=3, imgStatus=1, createTime=1708334573, voiceLength=0, playLength=0, fileName=, fileSize=, mediaId=, url=, appMsgType=0, statusNotifyCode=11, statusNotifyUserName=, recommendInfo=RecommendInfo(userName=, nickName=, qqNum=0, province=, city=, content=, signature=, alias=, scene=0, verifyFlag=0, attrStatus=0, sex=0, ticket=, opCode=0), forwardFlag=0, appInfo=AppInfo(appId=, type=0), hasProductId=0, ticket=, imgHeight=0, imgWidth=0, subMsgType=0, newMsgId=7188624228717719597, oriContent=, encryFileName=)
2024-02-19 17:22:53 [SYNC-CHECK] : [msg type] TextMsg
2024-02-19 17:22:53 [SYNC-CHECK] : z>z : 
2024-02-19 17:23:33 [WECHATBC_MAIN] : Message(msgId=4150429074275565786, fromUserName=@@ccab877c79b95c144af9f58ee745c24c627433360b4bf78d92901f593c8f05eb, toUserName=@52f5eb0c60c30747f35e4d9c51287d1981da9ef645fed2c3a41f78c0c53f1e77, msgType=ImgEmoteMsg, content=(图片表情), status=3, imgStatus=2, createTime=1708334613, voiceLength=0, playLength=0, fileName=, fileSize=, mediaId=, url=, appMsgType=0, statusNotifyCode=0, statusNotifyUserName=, recommendInfo=RecommendInfo(userName=, nickName=, qqNum=0, province=, city=, content=, signature=, alias=, scene=0, verifyFlag=0, attrStatus=0, sex=0, ticket=, opCode=0), forwardFlag=0, appInfo=AppInfo(appId=, type=0), hasProductId=0, ticket=, imgHeight=252, imgWidth=300, subMsgType=0, newMsgId=4150429074275565786, oriContent=, encryFileName=)
2024-02-19 17:23:33 [SYNC-CHECK] : [msg type] ImgEmoteMsg
2024-02-19 17:23:33 [SYNC-CHECK] : 振森鸟的秘密>z : (图片表情)
2024-02-19 17:24:23 [WECHATBC_MAIN] : Message(msgId=4776662521467323017, fromUserName=@@ccab877c79b95c144af9f58ee745c24c627433360b4bf78d92901f593c8f05eb, toUserName=@52f5eb0c60c30747f35e4d9c51287d1981da9ef645fed2c3a41f78c0c53f1e77, msgType=TextMsg, content=@五吨的舔狗 , status=3, imgStatus=1, createTime=1708334663, voiceLength=0, playLength=0, fileName=, fileSize=, mediaId=, url=, appMsgType=0, statusNotifyCode=0, statusNotifyUserName=, recommendInfo=RecommendInfo(userName=, nickName=, qqNum=0, province=, city=, content=, signature=, alias=, scene=0, verifyFlag=0, attrStatus=0, sex=0, ticket=, opCode=0), forwardFlag=0, appInfo=AppInfo(appId=, type=0), hasProductId=0, ticket=, imgHeight=0, imgWidth=0, subMsgType=0, newMsgId=4776662521467323017, oriContent=, encryFileName=)
2024-02-19 17:24:23 [SYNC-CHECK] : [msg type] TextMsg
2024-02-19 17:24:23 [SYNC-CHECK] : 振森鸟的秘密>z : @五吨的舔狗 
2024-02-19 17:24:37 [WECHATBC_MAIN] : Message(msgId=3301317513961519681, fromUserName=@@ccab877c79b95c144af9f58ee745c24c627433360b4bf78d92901f593c8f05eb, toUserName=@52f5eb0c60c30747f35e4d9c51287d1981da9ef645fed2c3a41f78c0c53f1e77, msgType=ImageMsg, content=(图片), status=3, imgStatus=2, createTime=1708334676, voiceLength=0, playLength=0, fileName=, fileSize=, mediaId=, url=, appMsgType=0, statusNotifyCode=0, statusNotifyUserName=, recommendInfo=RecommendInfo(userName=, nickName=, qqNum=0, province=, city=, content=, signature=, alias=, scene=0, verifyFlag=0, attrStatus=0, sex=0, ticket=, opCode=0), forwardFlag=0, appInfo=AppInfo(appId=, type=0), hasProductId=0, ticket=, imgHeight=120, imgWidth=120, subMsgType=0, newMsgId=3301317513961519681, oriContent=, encryFileName=)
2024-02-19 17:24:37 [SYNC-CHECK] : [msg type] ImageMsg
2024-02-19 17:24:37 [SYNC-CHECK] : 振森鸟的秘密>z : (图片)
2024-02-19 17:24:43 [WECHATBC_MAIN] : Message(msgId=8914641539231675473, fromUserName=@@ccab877c79b95c144af9f58ee745c24c627433360b4bf78d92901f593c8f05eb, toUserName=@52f5eb0c60c30747f35e4d9c51287d1981da9ef645fed2c3a41f78c0c53f1e77, msgType=TextMsg, content=@您已被移出群聊 , status=3, imgStatus=1, createTime=1708334682, voiceLength=0, playLength=0, fileName=, fileSize=, mediaId=, url=, appMsgType=0, statusNotifyCode=0, statusNotifyUserName=, recommendInfo=RecommendInfo(userName=, nickName=, qqNum=0, province=, city=, content=, signature=, alias=, scene=0, verifyFlag=0, attrStatus=0, sex=0, ticket=, opCode=0), forwardFlag=0, appInfo=AppInfo(appId=, type=0), hasProductId=0, ticket=, imgHeight=0, imgWidth=0, subMsgType=0, newMsgId=8914641539231675473, oriContent=, encryFileName=)
2024-02-19 17:24:43 [SYNC-CHECK] : [msg type] TextMsg
2024-02-19 17:24:43 [SYNC-CHECK] : 振森鸟的秘密>z : @您已被移出群聊 
2024-02-19 17:24:45 [WECHATBC_MAIN] : Message(msgId=5812236366903948062, fromUserName=@@ccab877c79b95c144af9f58ee745c24c627433360b4bf78d92901f593c8f05eb, toUserName=@52f5eb0c60c30747f35e4d9c51287d1981da9ef645fed2c3a41f78c0c53f1e77, msgType=ImageMsg, content=(图片), status=3, imgStatus=2, createTime=1708334685, voiceLength=0, playLength=0, fileName=, fileSize=, mediaId=, url=, appMsgType=0, statusNotifyCode=0, statusNotifyUserName=, recommendInfo=RecommendInfo(userName=, nickName=, qqNum=0, province=, city=, content=, signature=, alias=, scene=0, verifyFlag=0, attrStatus=0, sex=0, ticket=, opCode=0), forwardFlag=0, appInfo=AppInfo(appId=, type=0), hasProductId=0, ticket=, imgHeight=120, imgWidth=119, subMsgType=0, newMsgId=5812236366903948062, oriContent=, encryFileName=)
2024-02-19 17:24:45 [SYNC-CHECK] : [msg type] ImageMsg
2024-02-19 17:24:45 [SYNC-CHECK] : 振森鸟的秘密>z : (图片)
2024-02-19 17:25:00 [WECHATBC_MAIN] : Message(msgId=4875611392136029730, fromUserName=@@ccab877c79b95c144af9f58ee745c24c627433360b4bf78d92901f593c8f05eb, toUserName=@52f5eb0c60c30747f35e4d9c51287d1981da9ef645fed2c3a41f78c0c53f1e77, msgType=TextMsg, content=怎么你对鲁迅先生有什么意见吗, status=3, imgStatus=1, createTime=1708334700, voiceLength=0, playLength=0, fileName=, fileSize=, mediaId=, url=, appMsgType=0, statusNotifyCode=0, statusNotifyUserName=, recommendInfo=RecommendInfo(userName=, nickName=, qqNum=0, province=, city=, content=, signature=, alias=, scene=0, verifyFlag=0, attrStatus=0, sex=0, ticket=, opCode=0), forwardFlag=0, appInfo=AppInfo(appId=, type=0), hasProductId=0, ticket=, imgHeight=0, imgWidth=0, subMsgType=0, newMsgId=4875611392136029730, oriContent=, encryFileName=)
2024-02-19 17:25:00 [SYNC-CHECK] : [msg type] TextMsg
2024-02-19 17:25:00 [SYNC-CHECK] : 振森鸟的秘密>z : 怎么你对鲁迅先生有什么意见吗
2024-02-19 17:25:04 [WECHATBC_MAIN] : Message(msgId=7684485882437840422, fromUserName=@@ccab877c79b95c144af9f58ee745c24c627433360b4bf78d92901f593c8f05eb, toUserName=@52f5eb0c60c30747f35e4d9c51287d1981da9ef645fed2c3a41f78c0c53f1e77, msgType=ImgEmoteMsg, content=(图片表情), status=3, imgStatus=2, createTime=1708334704, voiceLength=0, playLength=0, fileName=, fileSize=, mediaId=, url=, appMsgType=0, statusNotifyCode=0, statusNotifyUserName=, recommendInfo=RecommendInfo(userName=, nickName=, qqNum=0, province=, city=, content=, signature=, alias=, scene=0, verifyFlag=0, attrStatus=0, sex=0, ticket=, opCode=0), forwardFlag=0, appInfo=AppInfo(appId=, type=0), hasProductId=0, ticket=, imgHeight=286, imgWidth=300, subMsgType=0, newMsgId=7684485882437840422, oriContent=, encryFileName=)
2024-02-19 17:25:04 [SYNC-CHECK] : [msg type] ImgEmoteMsg
2024-02-19 17:25:04 [SYNC-CHECK] : 振森鸟的秘密>z : (图片表情)
