2024-02-18 06:25:04 [WECHATBC_MAIN] : 已扫描二维码，请确认登陆
2024-02-18 06:25:14 [WECHATBC_MAIN] : 已确认登陆
2024-02-18 06:25:15 [WECHATBC_MAIN] : 已取得登录信息:
2024-02-18 06:25:15 [WECHATBC_MAIN] : BaseRequest(uin=281175185, sid=/unJ5J2MILQVzJWw, skey=@crypt_c1a555a6_e00f48de5f97c13b856e7271f5d83f96, deviceId=e678418529964545, dataTicket=gSeODoAUiADEz22EfJ5GRQnI, passTicket=JslhDtCEHGkZkm5BsDwOMN9857DeZP57yEzV7Z5cnkRryBbLJIoHwGDV%2BwV6qTU26j%2FLMPvZI5pEkKL2KE0OvQ%3D%3D, authTicket=CIsBELC/juwHGoABa5H/lDv89n1e5KHYMXSdMNw9xx1lbpKOD1Eoo/dbogVCP210vDYNcoNUKzD7JWziOJN/QT/GHjOchpE1njO9HGEEaJimWokDcCoLZ7GOubx6KCD9uKAqYilp2cEtucXvwvVUvBWxTkdNq4XkKwB5nqIFOdT4EwiPkmJ/wX0/OWE=, initCookie=[wxuin=281175185; expires=Sun, 18 Feb 2024 10:25:15 GMT; domain=wx2.qq.com; path=/; secure, wxsid=/unJ5J2MILQVzJWw; expires=Sun, 18 Feb 2024 10:25:15 GMT; domain=wx2.qq.com; path=/; secure, wxloadtime=1708208715; expires=Sun, 18 Feb 2024 10:25:15 GMT; domain=wx2.qq.com; path=/; secure, mm_lang=zh_CN; expires=Sun, 18 Feb 2024 10:25:15 GMT; domain=wx2.qq.com; path=/; secure, wxuin=281175185; expires=Sun, 18 Feb 2024 10:25:15 GMT; domain=qq.com; path=/; secure, webwx_data_ticket=gSeODoAUiADEz22EfJ5GRQnI; expires=Sun, 18 Feb 2024 10:25:15 GMT; domain=qq.com; path=/; secure, webwxuvid=b0c1512a3960be8895dbe4551510255d0cc248729e8646ebcdfaecb069b63d376e2eedf6f83f753974282864ac873971; expires=Tue, 14 Feb 2034 22:25:15 GMT; domain=wx2.qq.com; path=/; secure, webwx_auth_ticket=CIsBELC/juwHGoABa5H/lDv89n1e5KHYMXSdMNw9xx1lbpKOD1Eoo/dbogVCP210vDYNcoNUKzD7JWziOJN/QT/GHjOchpE1njO9HGEEaJimWokDcCoLZ7GOubx6KCD9uKAqYilp2cEtucXvwvVUvBWxTkdNq4XkKwB5nqIFOdT4EwiPkmJ/wX0/OWE=; expires=Tue, 14 Feb 2034 22:25:15 GMT; domain=wx2.qq.com; path=/; secure])
2024-02-18 06:25:17 [WECHATBC_MAIN] : 已初始化微信信息:
2024-02-18 06:25:17 [WECHATBC_MAIN] : 用户信息:
2024-02-18 06:25:17 [WECHATBC_MAIN] : Contact(weChatClient=null, uin=281175185, userName=@244e9ca2028aa231daf9c52a73717504b8c787017ecc392a4f94465578374e83, nickName=z, headImgUrl=/cgi-bin/mmwebwx-bin/webwxgeticon?seq=654079645&username=@244e9ca2028aa231daf9c52a73717504b8c787017ecc392a4f94465578374e83&skey=@crypt_c1a555a6_e00f48de5f97c13b856e7271f5d83f96, contactFlag=0, memberCount=0, memberList=null, remarkName=, hideInputBarFlag=0, sex=1, signature=已换微信 meteor1913103, verifyFlag=0, ownerUin=0, pyInitial=, pyQuanPin=, remarkPYInitial=, remarkPYQuanPin=, starFriend=0, appAccountFlag=0, statues=0, attrStatus=0, province=null, city=null, alias=null, snsFlag=257, uniFriend=0, displayName=null, chatRoomId=0, keyWord=null, encryChatRoomId=null, isOwner=0)
2024-02-18 06:25:18 [WECHATBC_MAIN] : 联系人列表数量: 317
2024-02-18 06:25:18 [WECHATBC_MAIN] : @e86690b25986a078db204a66f1f5cbcc1a30e9e5d6685242660dcc3b00951dbc:汉英
2024-02-18 06:25:18 [WECHATBC_MAIN] : @d4f7350d865e67dd3f799cef750d3464:易博通eSender
2024-02-18 06:25:18 [WECHATBC_MAIN] : @d03d92170b1778ee5ec1c8ef1f143d78fe5ee3bacb3a28c2b353d189c79b7531:（～_～）
2024-02-18 06:25:18 [WECHATBC_MAIN] : @0209d7b754f3d85397d343aa384c9957:WPS办公助手
2024-02-18 06:25:18 [WECHATBC_MAIN] : @cc039d88f2c46948e7e44d4ddb114f6696c3b9426d13342b1a569436461c4676:欣妍
2024-02-18 06:25:18 [WECHATBC_MAIN] : @274d259ec97c7e798150c4200d88685809d46920b69f9401e52f6284c5ac6700:Cory
2024-02-18 06:25:18 [WECHATBC_MAIN] : @196ed7296745e2c7684ceb46fff12dfc7cf0367d9e63b4d1d2988c5b554bbbdb:Yuuki
2024-02-18 06:25:18 [WECHATBC_MAIN] : @c4d541032f7c80b49615b983cc292faf41dca869413fbcb3e8faaee18a54b766:sam
2024-02-18 06:25:18 [WECHATBC_MAIN] : @1d4765345ab16aeadf3df21f0c212c57404ce22365649539253895647ed1afa8:胖胖的孙某人
2024-02-18 06:25:18 [WECHATBC_MAIN] : @f1892abb6de18e55fc436677402b62306105690df7cfc1f05f7378d9861070a3:p
2024-02-18 06:25:18 [WECHATBC_MAIN] : @dd282b05b96a3f79134f9ac758c315ff:电脑那些事儿
2024-02-18 06:25:18 [WECHATBC_MAIN] : @714124d058b863583f34c1b685d5d57855512350c7b765869a1d98eb6582e5a9:山海
2024-02-18 06:25:18 [WECHATBC_MAIN] : @ba06f4e2e5ae9199f3cd9b0b94bafafa085622477291820e59001d800f6e0d5f:区冠贤
2024-02-18 06:25:18 [WECHATBC_MAIN] : @16ee1dc5391d735a076b15131639139e:广东中职菌
2024-02-18 06:25:18 [WECHATBC_MAIN] : @33bae6c6e9adbeba0b363ef1a1c459dce96f71385acaac2d09e1bd77aab5a256:拉勾为什么要上吊
2024-02-18 06:25:18 [WECHATBC_MAIN] : @1a6f83bdea15dbb0c485f47499d6173593fac4563d2fe97b425b87270f1a27f9:22
2024-02-18 06:25:18 [WECHATBC_MAIN] : @aec5e3b51ca96247a2aa1316d8f546b6:拼多多
2024-02-18 06:25:18 [WECHATBC_MAIN] : @8fea30661062f729369eb79581627e03d0a09d2832f338bd6f9401147509d9d5:两英微帮信息推广网1
2024-02-18 06:25:18 [WECHATBC_MAIN] : @3e2d006b02b9a4e3e0e14313f4129f8cf864bcac67d869f72250584438b097e0:ღ火炎焱燚ꦼ
2024-02-18 06:25:18 [WECHATBC_MAIN] : @f5dc8b174c03ab36de34587258c88bfd:潮职校园通
2024-02-18 06:25:18 [WECHATBC_MAIN] : @d3ddc8dc74352637d292479b1818fef8c0f5284a7a65afa0eed8bf860809d31a:Charih 🍤
2024-02-18 06:25:18 [WECHATBC_MAIN] : @3d3f3af9b007eb7ae0445043bdba2e8afe68e914038a06a6366964de8118ab60:🥷
2024-02-18 06:25:18 [WECHATBC_MAIN] : @7946a34e7ac92d2bf31b48f636a8f725e53b333acbcb498e917995fc07c7ac32:A0༒六子༒ （诚信服务）
2024-02-18 06:25:18 [WECHATBC_MAIN] : @1cbf42631e5bde00d76e685d36df3cfd1cc6859efde36242815c1b7123e0245b:FLIPPED
2024-02-18 06:25:18 [WECHATBC_MAIN] : @17aa1565812747657ffee9f1f396aa344ffbf629274dd354e167fe98d86e9fb3:莹^O^
2024-02-18 06:25:18 [WECHATBC_MAIN] : @6112d0fb401dafc5cbc0461ea951ebdb05b63d93998fb7bb3e25007bfcf445a0:小鹅
2024-02-18 06:25:18 [WECHATBC_MAIN] : @b6add23388f1de6ee63093da849f2c78995c19505bf7a6efd6a55a37724bc8e3:...
2024-02-18 06:25:18 [WECHATBC_MAIN] : @77c5a6805616de7743fb610baf7983c1bba640463114b281d9b83f7f746db324:啦啦啦啦
2024-02-18 06:25:18 [WECHATBC_MAIN] : @54fc73e291e2cb47ae4d3c13e06d8443ba75e8e8f2f81e115ead42675b6e1219:h.
2024-02-18 06:25:18 [WECHATBC_MAIN] : @a85f9fdfa7f166a1b6fe6e9e695d187648eab53e25fbda3c9ff9427c0af5712f:木讷
2024-02-18 06:25:18 [WECHATBC_MAIN] : @4b4374e4e68cd291d1fdaeaec32318f0a5685b81755508e7d125914204d24b19:扬狗爱cc🌬
2024-02-18 06:25:18 [WECHATBC_MAIN] : @6487589dffb85e5592261824d39c09e1b461c082f92f7dbc018c4cc5fe5e4160:Aloha
2024-02-18 06:25:18 [WECHATBC_MAIN] : @c8afdc6395f8efbc4e20c9f725b7ca3e:情侣CP
2024-02-18 06:25:18 [WECHATBC_MAIN] : @b89814f0fa97b5352acaf271214738d6:转转
2024-02-18 06:25:18 [WECHATBC_MAIN] : @0704683aa0bd0a65e4dd96dea3dd7971:特摄驿站
2024-02-18 06:25:18 [WECHATBC_MAIN] : @836886cc9d594f7ff4ab8d67126d93025eaac51942fd09fd2ae43810efd5b0a8:Jammer
2024-02-18 06:25:18 [WECHATBC_MAIN] : @c54136ba44db7ed0f890ca96c342db7e:熊猫加速器
2024-02-18 06:25:18 [WECHATBC_MAIN] : @0e1484be890ce1fc1dea87c3d671109b:NS大玩家
2024-02-18 06:25:18 [WECHATBC_MAIN] : @37f74fe4659cf59c9670bf34c5d5f78e8650c518d3637deaeb91f5e962a0fd7f:鱼七七
2024-02-18 06:25:18 [WECHATBC_MAIN] : @763ce72a3b4600690aae6becd36bd90479c29cd0eb8a407572ee509ad74a53dd:Rebirth
2024-02-18 06:25:18 [WECHATBC_MAIN] : @2d8a533ad89382f03750ceed4150eae07b876c7f5e7cd7ea33e2a69a195cd7e2:彭老师
2024-02-18 06:25:18 [WECHATBC_MAIN] : @8b71c75bd52e0d1b37b894a9f79490816d1285c5ec16e5d1876e64b61d6a1675:<span class="emoji emoji1f349"></span>
2024-02-18 06:25:18 [WECHATBC_MAIN] : @ada03a52e16de9ded2ddde13fac6753847c291adac3853059c9c49e87cdde248:！
2024-02-18 06:25:18 [WECHATBC_MAIN] : @6a82f36ef64492f85d3b1b2ef5a502fde47072f34a239c3922c2e7e53037e72b:1
2024-02-18 06:25:18 [WECHATBC_MAIN] : @6e7e405c8cb0406e6a4a526afc3d8f23f362a7ecb98c418e1cfc3624b880f8a8:D。
2024-02-18 06:25:18 [WECHATBC_MAIN] : @103f10c96c72d39614f816d4b9faa896e31124e8a7f8ae7ba05911653c8a9192:远
2024-02-18 06:25:18 [WECHATBC_MAIN] : @013447f648637ffbd123125e206b2995:憨憨羊
2024-02-18 06:25:18 [WECHATBC_MAIN] : @f452fcdedad5821e1aeec0149ec18829:小李万事屋
2024-02-18 06:25:18 [WECHATBC_MAIN] : @4db9be378b1d72b9eb788181ade68880ffc8ae5b496a770d72b897cec6c1d02d:Jeff
2024-02-18 06:25:18 [WECHATBC_MAIN] : @1d2809b101795ca41b407fe0f0fe256299554c1f56efaf34746d36df8b15a167:-
2024-02-18 06:25:18 [WECHATBC_MAIN] : @8ca6c1ed00f983449e465602c43e6b6b:后浪俱乐部
2024-02-18 06:25:18 [WECHATBC_MAIN] : @c53b2dfbed06bc90dbabe05d359e30b36bf4828ab0c22df630aa165a0a00e5e0:微笑的高圆圆
2024-02-18 06:25:18 [WECHATBC_MAIN] : @109f809f355df9ba5b7ae1e394b0bdd5:广东建院
2024-02-18 06:25:18 [WECHATBC_MAIN] : @aebe41d9b79cce1c95ef6bcd072872e749129aa455edbebda5aa0d51ab5990c8:buo
2024-02-18 06:25:18 [WECHATBC_MAIN] : @23687ba3e487894c484b4c1c02a0699f6a0342581c043209999ff6f920655ee9:寿～
2024-02-18 06:25:18 [WECHATBC_MAIN] : @01633504893939b435659f51f23571e5:agiso自动发货
2024-02-18 06:25:18 [WECHATBC_MAIN] : @2278d0ffe9629bbecbf68a21b0e858fb:汕头人社
2024-02-18 06:25:18 [WECHATBC_MAIN] : @248ed612e06349fe46be722eebbf932da0745065f3b92d0522997634fa693157:振袖秋风问红叶
2024-02-18 06:25:18 [WECHATBC_MAIN] : @1d2aefea28ed5b223d8047d459f8469254ecff13c9868ba08855dd563c8fa641:ㅤ
2024-02-18 06:25:18 [WECHATBC_MAIN] : @10f3a2027dc8ba04132e786ac97d2cb1d6832d4fa92ed09dd89651bcd6d795cb:AT
2024-02-18 06:25:18 [WECHATBC_MAIN] : @66e7f17b3d5fb12de5a255d8db619b89411d4a5da15648bc6c521fbdb7894542:以至于
2024-02-18 06:25:18 [WECHATBC_MAIN] : @6ee389f81407ea2327d3b5ebc4509573:该账号已冻结
2024-02-18 06:25:18 [WECHATBC_MAIN] : @a25a0585cb43e4d99b54070f9334d47c:天蚕土豆
2024-02-18 06:25:18 [WECHATBC_MAIN] : @c78ec641402654d5d11f250392ccfef49dadd4241b786ad7ff2f3e1b89812f5c:曦热
2024-02-18 06:25:18 [WECHATBC_MAIN] : @ddd7329b0464f4a24433f117d0c139e2:布晴LIVEHOUSE酒吧
2024-02-18 06:25:18 [WECHATBC_MAIN] : @339988957ae04a9adad8b7924450a5d41de365983c0c80e05de4acfec25d3487:觅雪班导
2024-02-18 06:25:18 [WECHATBC_MAIN] : @773b111ea02af80678c8e8bb17174a58690085c99b5c1e869e90ca051d6e13a6:月<span class="emoji emoji1f377"></span>
2024-02-18 06:25:18 [WECHATBC_MAIN] : @7f098b0f0e7c6c6cdbf65650f765f889b08aeb6ff4bed64488388fb861907719:C.
2024-02-18 06:25:18 [WECHATBC_MAIN] : @63a8ee2d7f94e59722c4c84ed6b9f32bc248aedc86e675c3560e83d8ebc37bfd:木迁
2024-02-18 06:25:18 [WECHATBC_MAIN] : @@4cc11d291e9023358658d9dc4613bfbeea1ca15c21434064b87f97428bba4442:z,zzzsh
2024-02-18 06:25:18 [WECHATBC_MAIN] : @030a9c2b6654de982099866d1dd8b4cf201691f81cd50a2c9b3b7ed77934c7e7:.
2024-02-18 06:25:18 [WECHATBC_MAIN] : @a2982e9606194ac3b90cc1e4d51db4ae15d7562abe1676f24986e3f619462e1d:A 中联电讯   郑灿伟
2024-02-18 06:25:18 [WECHATBC_MAIN] : @2acf00a1f88e101e292a12f6efbc331e:抠鼻子Kobez
2024-02-18 06:25:18 [WECHATBC_MAIN] : @26072c1f096a2089b461e4c60815a501:别算科技
2024-02-18 06:25:18 [WECHATBC_MAIN] : @7a2cad337f56b54910bc0ca5ad80a3c6:你的生活我的梦想
2024-02-18 06:25:18 [WECHATBC_MAIN] : @be2387a7de4a17c592f022c94def11b4fc50f5112342bbdeceddcab5342ab385:.
2024-02-18 06:25:18 [WECHATBC_MAIN] : @fad00e531b3fde50091b925cef0e161d:wsice_肆
2024-02-18 06:25:18 [WECHATBC_MAIN] : @ea22358eeee7458f9582937c71a191c6e0ec219f226c1c7e39664dae120c5b02:榴莲
2024-02-18 06:25:18 [WECHATBC_MAIN] : @65ff4ee13e5c19f09e2fc762eeab056f:7477游戏
2024-02-18 06:25:18 [WECHATBC_MAIN] : @897bea8dd4f0f7f78325b6a3ec89ccc7d5a6fbf2ecb5c0741d5ffec61b17025d:安逸
2024-02-18 06:25:18 [WECHATBC_MAIN] : @b55346ccf1a420ce2fec4918969bc399b24744c528afc9cd336d80f512400f75:木川金
2024-02-18 06:25:18 [WECHATBC_MAIN] : @0d157dfc39b4f5ea3bcfb21a4009fd4f:泓记
2024-02-18 06:25:18 [WECHATBC_MAIN] : @5b1623bf5832d76ab866825c3fb12955e1071bb33a4594020bd0712c012d2b4a:qi
2024-02-18 06:25:18 [WECHATBC_MAIN] : @b124c0fef3482c3eb2cffe8dbe8d26d5b6830331104eea24a07ba8ad10c22611:xzt
2024-02-18 06:25:18 [WECHATBC_MAIN] : @386529a886f4a606d96fcca9945e3ac98983fbccfccf5ed2e724b090059d14d8:福🦆
2024-02-18 06:25:18 [WECHATBC_MAIN] : @d0cfc034c2885735c500ff0c5d3a185b:三叔软件
2024-02-18 06:25:18 [WECHATBC_MAIN] : @deadbbdfa51c2e643161250e07ba726f398c17bd075f6d096dcda433ec100199:！
2024-02-18 06:25:18 [WECHATBC_MAIN] : @41bd3b97b157a7aab4be305d613da7f2269d3861b643e35aadee0965512f5403:Boy。
2024-02-18 06:25:18 [WECHATBC_MAIN] : @15c47da589059b2ca9641c4550a87391:平面设计狮
2024-02-18 06:25:18 [WECHATBC_MAIN] : @af54dfaa61cb798c6bc0b19abf2e78aaa07c94fcfddf11c16a822bdc9b393484:培
2024-02-18 06:25:18 [WECHATBC_MAIN] : @54bc3ffb7234fd731b77250ec0196747:浮秀
2024-02-18 06:25:18 [WECHATBC_MAIN] : @d66596269f12d06758bca2f5eb1581113aa8abb86fb673de600e50e868cd8531:Diss8c豆
2024-02-18 06:25:18 [WECHATBC_MAIN] : @11b58945bcaa180e7e7fe46474587fff:京东白条
2024-02-18 06:25:18 [WECHATBC_MAIN] : @a47c8ca6e82c4ebeb543bb05f07b6201bbc561f298c8f1780bd27ac443f3b60b:陆景桓
2024-02-18 06:25:18 [WECHATBC_MAIN] : @@2e06b1e2c2deb099d3513e4a91def8b1e5ceedc84499d66c3045f5b71dd9114c:振森鸟的秘密
2024-02-18 06:25:18 [WECHATBC_MAIN] : @867db4711883116f099960ec32b9521fe922d73da2c0e96a5543f66c39c17f48:Oneone
2024-02-18 06:25:18 [WECHATBC_MAIN] : @3ec1de05e0d7b4beb78bda2069fd0f2cd66115f2e76a88c68ea432b8a0e74a9e:BLUE
2024-02-18 06:25:18 [WECHATBC_MAIN] : @716e633622deb79014f41baccfb471f6:余熙小灶
2024-02-18 06:25:18 [WECHATBC_MAIN] : @3a179ccd08357b415edd7c0b00a711cca20cf14345d6c08353cb4e8f9ee2fa91:Sam
2024-02-18 06:25:18 [WECHATBC_MAIN] : @377c650f79aa6c8f022ca0a2486b24157fe53619b034c8beb6247490843c1c8e:Nefia
2024-02-18 06:25:18 [WECHATBC_MAIN] : @881dcc3beecc128829ef8b5a72b6afef915a67131d3d7c6a08a3ae258778d556:意粥.edu
2024-02-18 06:25:18 [WECHATBC_MAIN] : @234655f42ab5bcd465f02b6d0a5da1e32ce4876201e8008de9f7aa8be765b5ba:Huan
2024-02-18 06:25:18 [WECHATBC_MAIN] : @688732f9921c561bcd3efdf935b91785b387be2521b590ecb4ff954c30e24872:杰
2024-02-18 06:25:18 [WECHATBC_MAIN] : @4bd115c7cc2ac1a453de1dfcff9a51718ad9fbd46c11b7bf9104e27e5fba6db9:JW<span class="emoji emoji1f42f"></span>
2024-02-18 06:25:18 [WECHATBC_MAIN] : @b0b87cd5628c967fd2f9dc8019ac1b83a86f00e662b246f227d74a5542e1534d:橘ne
2024-02-18 06:25:18 [WECHATBC_MAIN] : @3ae71ed3616eeb0c6056e68f7c9e3aa04543d7674f252c65aeb4e1ed84fac82a:FyG
2024-02-18 06:25:18 [WECHATBC_MAIN] : @c7297370cc7dec94a89943b823fbc0518a8ff84d7725210e1a5457b938e444de:羊妹妹. 💭
2024-02-18 06:25:18 [WECHATBC_MAIN] : @7204ce9e87cfa368e50662f6ca0a6a8a:奇妙加速器
2024-02-18 06:25:18 [WECHATBC_MAIN] : @167b573e3bc87101fcb2d22663979c1b65526eb0767486d3b005c4a2c1571aa9:AA - 手机电脑 回收 出售 维修
2024-02-18 06:25:18 [WECHATBC_MAIN] : @9f2f1c539193c6d2b03d0e682cac5aa6e2138698c0f51021841d13740d8e3bf0:若瞳君子
2024-02-18 06:25:18 [WECHATBC_MAIN] : weixin:微信团队
2024-02-18 06:25:18 [WECHATBC_MAIN] : @dc99f9bbe525ddbe7a46cd1cdf4c7748:外卖卷不停
2024-02-18 06:25:18 [WECHATBC_MAIN] : @7eef95fd80d8c7f13e681b391ab4eee9:Joker.
2024-02-18 06:25:18 [WECHATBC_MAIN] : @41e2b33aae19fd9c1faf67e3771972f5:小木生活观
2024-02-18 06:25:18 [WECHATBC_MAIN] : @a181715f8698819ddd249f46155dacf09e8c584dd5ab08bc24554288dd3a1db3:广东青年
2024-02-18 06:25:18 [WECHATBC_MAIN] : @dad93175241ea91268ca21f5f1584a41f67415a0f693c165ab66c5e55115322d:早川秋
2024-02-18 06:25:18 [WECHATBC_MAIN] : @fc3dc76b17540a1cfae9c8417235604af0bdcefa59676132a0cc712cf9dfe682:要好好吃饭
2024-02-18 06:25:18 [WECHATBC_MAIN] : @0026231b34c86010ced7f006b6a168964617afbe5734739420f5cae25005824b:湘橋春漲
2024-02-18 06:25:18 [WECHATBC_MAIN] : @b1287fc2cbd671b5f0e4d14235e94f11c05a82b84c811eeb92b11823544918ad:AOO࿐努尔 诚信经营 花呗金融
2024-02-18 06:25:18 [WECHATBC_MAIN] : @36cf5eb30ebf6bf930d0b42128b6b6b2:中国移动10086
2024-02-18 06:25:18 [WECHATBC_MAIN] : @91382c12a6b37ee2a653ab51b2cf5370e004bdb58620dbd101a7e59af88ebb7d:  
2024-02-18 06:25:18 [WECHATBC_MAIN] : @2af7b4e38bcc5604dac7917baa687392:沐沐热喵
2024-02-18 06:25:18 [WECHATBC_MAIN] : @7aa0b0aa265e5e7c727140345adcae7bed8a396d907d7aaf112cdffb87f32cef:熊大
2024-02-18 06:25:18 [WECHATBC_MAIN] : @56fdc8594c1e2ccfb1597e7fdfb04712c9d7a3bd7caccce8803aa6a04802f915:听岛屿.
2024-02-18 06:25:18 [WECHATBC_MAIN] : @c8f261aef53490ce0515f12f537eb2967bacabb2ab000b3da83a110f2b0851be:娇的名
2024-02-18 06:25:18 [WECHATBC_MAIN] : @b300f3b1c14c15add54b1f9fa5282e24:网易UU加速器
2024-02-18 06:25:18 [WECHATBC_MAIN] : @8b8dbfb79df1f0ea2fcd1ac0c63956d2:极简博客2022
2024-02-18 06:25:18 [WECHATBC_MAIN] : @67bf9aa2f517dc5a0508aa5a549c3910:耳根
2024-02-18 06:25:18 [WECHATBC_MAIN] : @b601b39307a6fe8f813f350681a7ace4a379298f0c49df6dd05b3e3f72c3463f:XOYUFI
2024-02-18 06:25:18 [WECHATBC_MAIN] : @8c3a1feda64ffb186de983aa0629ba67:黑料BOOM
2024-02-18 06:25:18 [WECHATBC_MAIN] : @71f4ad25cde691c1f56680c82b0d6b4567d95e2fba5d6b3610d660b17c7f3a3f:₀₃.
2024-02-18 06:25:18 [WECHATBC_MAIN] : @@01e5851b90dcffde1292211f1c518f92df226d6ca3d1741e04cd56168af3abae:z,广州鑫顺  专做美系单项件,zzzsh
2024-02-18 06:25:18 [WECHATBC_MAIN] : @0eaa155e6e7113846015cd82ef0abaa4bf6558cc917864278640e78ed55da0e1:白胡子
2024-02-18 06:25:18 [WECHATBC_MAIN] : @100862e9149fd174d09c7c6373770494:便利店艺术家
2024-02-18 06:25:18 [WECHATBC_MAIN] : @27eebdf5a394975fba70417aac5c13f8941b364215ab4431702a6f3981396819:-
2024-02-18 06:25:18 [WECHATBC_MAIN] : @55dc2240dbf761e75f3bd4cbf6a580ca:魂之乐享
2024-02-18 06:25:18 [WECHATBC_MAIN] : @f7e0bdc850c4de6f4a35f7568595e71e:琪琪
2024-02-18 06:25:18 [WECHATBC_MAIN] : @d054a3532a2ce701a2671323bca9cce0:鲁班大叔
2024-02-18 06:25:18 [WECHATBC_MAIN] : @795fe1ad8b88d5189d96a338dfbf49ed:加一电影
2024-02-18 06:25:18 [WECHATBC_MAIN] : @64c0d3490f9fa6d8b93a5b31f95449d8:泡泡加速器
2024-02-18 06:25:18 [WECHATBC_MAIN] : @cfea7f86cb10bbd30c04d5f83096f9f51befae02bad4095ea709d0e6bb250057:杰
2024-02-18 06:25:18 [WECHATBC_MAIN] : @8ac0c535b1d02ffbc23da5ce7069957055dfd705021e649af14363bb1fd4e632:鱼莱新鲜小超市
2024-02-18 06:25:18 [WECHATBC_MAIN] : @0b0955aab964db89ac9b59ca4394b578:i志愿
2024-02-18 06:25:18 [WECHATBC_MAIN] : @543cbdbb59ca6da9f3c211a13424dbe2:怪谈胖胖女
2024-02-18 06:25:18 [WECHATBC_MAIN] : @149a10a1b49639458955bbbd7381e1905890f09537194f650e8edb879e1feb70:Peter烁
2024-02-18 06:25:18 [WECHATBC_MAIN] : @92051a7b6ac08d838fbd2d9ce8966d9fdaafdd93da30d5a14c9b19f2bbf95ab1:<span class="emoji emoji1f525"></span>
2024-02-18 06:25:18 [WECHATBC_MAIN] : @3bee0c01e4639af29744515ad198b2b1603b01353ee2ed5770aa8f4a3f445b5e:北
2024-02-18 06:25:18 [WECHATBC_MAIN] : @9584f856c6cfa59f62d78a63e7f91532:热门精彩阅读
2024-02-18 06:25:18 [WECHATBC_MAIN] : @c465c68adeae8329afe6522b155f650b6590cd3c1173202d9aabff4659f3a2d0:泽玲
2024-02-18 06:25:18 [WECHATBC_MAIN] : @5a0f477ba7c17c88e0510cddcc72ea96:小星星资料库
2024-02-18 06:25:18 [WECHATBC_MAIN] : @958a9d522b63394efbb66f8ff3c7d6c52ca55dc96dbefef7c7fb0c988764efff:H
2024-02-18 06:25:18 [WECHATBC_MAIN] : @ef08716f89fd878cf0fddaffc6e16d276f8cbca1c31a92bbc7dbea76874d5d40:ིྀ
2024-02-18 06:25:18 [WECHATBC_MAIN] : @e718457a3a408119e985755972dfe7cc6eaf4d14b17ec1798733ab4d1e4fa61f:卡哇伊
2024-02-18 06:25:18 [WECHATBC_MAIN] : @df368cbdabe81ab01829c65dba523dd4b2f86681c94c2f2653e3e8a0e749bcb7:H
2024-02-18 06:25:18 [WECHATBC_MAIN] : @37b16bb79c81208d6acaf3345fa27e48fafa977f096e2702ada58392fb387706:大海我的故乡
2024-02-18 06:25:18 [WECHATBC_MAIN] : @66198a250ad1ced95aa21be149fc4a25b195646b9a28444cbb14510bbd327feb:干净
2024-02-18 06:25:18 [WECHATBC_MAIN] : @044615c56687e13265ebe6a34586b8c6f8be20e491231a361357b44f2b7de8bf:小宝
2024-02-18 06:25:18 [WECHATBC_MAIN] : @2597d68ce8679aed779525b7e65e1f354b37b8d07d713acb41e578c1dfb7cbec:晚风
2024-02-18 06:25:18 [WECHATBC_MAIN] : @2b4f6c676d3b673e642d4efbc5b8857d45573c0156c41fa136acf7f29eac5308:A㍿࿐黑人校⃣長⃣ゝ诚信服务
2024-02-18 06:25:18 [WECHATBC_MAIN] : @73ab99976a71ca9d56907ecc39af08f6:外卖券摸摸所
2024-02-18 06:25:18 [WECHATBC_MAIN] : @e56c94035649c0b0ece52704b0de4dc0291abb85c4188074ddd390bc5718f8ae:皮蛋
2024-02-18 06:25:18 [WECHATBC_MAIN] : @5c78272dc351484feabdac832524b8b44a6715a3ffea4ac679ebe828ec71baf7:懒人
2024-02-18 06:25:18 [WECHATBC_MAIN] : @61a9fd595495a8063d35f0d44f5bd396:超人
2024-02-18 06:25:18 [WECHATBC_MAIN] : @d8d8ca708f7bab9ae537f3ffa2b2cd64a8ddeb15f7dc4f248e7628baf167c0fc:董不懂
2024-02-18 06:25:18 [WECHATBC_MAIN] : @33286bf96903dfc4a2834233c0759377:吃货特权卡
2024-02-18 06:25:18 [WECHATBC_MAIN] : @cf22c7cfc4b949f8f716e1ffcce5a505523333efc5027e1b9408cbceb5265aae:0.2℃
2024-02-18 06:25:18 [WECHATBC_MAIN] : @604b78a894e5955762aa8689a1b242822b9852ba5d3309738d7d03e01bc141fe:　　　　　　　　
2024-02-18 06:25:18 [WECHATBC_MAIN] : @09986d53982de8b7e3621f5e9ee07e066d8425920ed31d2b8758843d89289720:宝藏
2024-02-18 06:25:18 [WECHATBC_MAIN] : @b221f31ebb30754c96dbab0fe40a0128:互联网品牌官
2024-02-18 06:25:18 [WECHATBC_MAIN] : @f16d94c4bb56f807db199a0443bee54ca7295e403f06f483b291974f18c263f6:Sleeeeping
2024-02-18 06:25:18 [WECHATBC_MAIN] : @c9ea986ee8d3893c5f3825da208261ef31cbdc693c1f56f5f75fb0b525c0f40b:朗月.
2024-02-18 06:25:18 [WECHATBC_MAIN] : @c61ae54cdbeb819efe60a3a5cff6353b6860e6a2b5f34927ca38215722e049e6:Mog.
2024-02-18 06:25:18 [WECHATBC_MAIN] : @0512a9dccbdec5cef84421c60c8e119b072311174df58df84ed7db7c26f6b0af:广州鑫顺  专做美系单项件
2024-02-18 06:25:18 [WECHATBC_MAIN] : @ea04d3909f22a093e0de4dc17337abb6447cb4333c473b869a9896fc96107927:顺风
2024-02-18 06:25:18 [WECHATBC_MAIN] : @3944317c2c4d401d1b39b7edfb658190:特摄资源共享
2024-02-18 06:25:18 [WECHATBC_MAIN] : @d7de3dc52906ab81a990a5278346af284b054f190889017cfcb64b3cdb53eb09:.
2024-02-18 06:25:18 [WECHATBC_MAIN] : @9c5812f2eed2c687f8c2827e30367ff521fc112c010d20d370f730124fe49b13:譚咏麟
2024-02-18 06:25:18 [WECHATBC_MAIN] : @8626a9622a7dccceb0bee6d3416655af:小呆加速器短租
2024-02-18 06:25:18 [WECHATBC_MAIN] : @d1889521a9120ab9d0393974fde8ac93:酷猫电竞网咖联盟
2024-02-18 06:25:18 [WECHATBC_MAIN] : @abfcf92a466ae96b862933d7c164ae35:平颉机械设备13223903675
2024-02-18 06:25:18 [WECHATBC_MAIN] : @bfe56cb86cfdac10a679363822c813cb4b08f558604a27c1c5fc2d38cdb0cfab:Ljh🤩
2024-02-18 06:25:18 [WECHATBC_MAIN] : @@9a1b9e295d4e2e030e1f6747c1fcb32fe3a460e3db98409e59c4c8c40d84e974:森鶴教堂<span class="emoji emoji26ea"></span>
2024-02-18 06:25:18 [WECHATBC_MAIN] : @8a3e35516f3325311d77999808da6c81eeb5e54c14ea600b93e0e6fdc3546e2d:Rime
2024-02-18 06:25:18 [WECHATBC_MAIN] : @e635f1bc872fa81df53948c3d9099935:辰东
2024-02-18 06:25:18 [WECHATBC_MAIN] : @8d443585419393b513eab0f09cf3291400ffdf33642e38f2008bce87ee9fd16c:借我一秒钟
2024-02-18 06:25:18 [WECHATBC_MAIN] : @8b61b52607e3d746d95038e143d51903a683171830e2c51451030fbbbd63af5b:Arun丶
2024-02-18 06:25:18 [WECHATBC_MAIN] : @8d74f43337ae483a75999a6205c9f14d7047e21e1bdcb35ae05396e95e5f5c0a:芜湖
2024-02-18 06:25:18 [WECHATBC_MAIN] : @51176ad891ed0bae30db0f8c20456cd6616633a961a0f2726551864a3e0bb5c6:zzzsh
2024-02-18 06:25:18 [WECHATBC_MAIN] : @9579cd017647fd4549974e081a1a9b3d:该账号已注销
2024-02-18 06:25:18 [WECHATBC_MAIN] : @96abead105fff803df8831f56ad7a786:Su2
2024-02-18 06:25:18 [WECHATBC_MAIN] : @400ac8abaf8108cde5a9514b8236b213f098e56e8fa19f0fd376cd943e63a913:NOBODYLIKESME
2024-02-18 06:25:18 [WECHATBC_MAIN] : @567fddf26fec687203650d9d17dee35487f4716f07fb90189e34ff295ae902c4:莹^ω^
2024-02-18 06:25:18 [WECHATBC_MAIN] : @687e3dbe3284c7bb255c17260117bda2347399df20da20f25b3319c50ffc6c03:<span class="emoji emoji1f6b9"></span>
2024-02-18 06:25:18 [WECHATBC_MAIN] : @1fa8c22c6101bf88b4b7977683fb686eb78bbd82476faf007277eb4bf488bd1c:老爷保佑
2024-02-18 06:25:18 [WECHATBC_MAIN] : @87e9a91aea1a80ba78d680bbb0693ec72f641d22755e8cc0054c760240a16a8a:汕頭15815040195
2024-02-18 06:25:18 [WECHATBC_MAIN] : @b94704497016f50c6e0f81f6e49bcc3e:电手
2024-02-18 06:25:18 [WECHATBC_MAIN] : @64d705033c3a7df16826f09f83a66ffc4c4002a1a06ebbc4a4aef00e4731e1fc:ㅤ
2024-02-18 06:25:18 [WECHATBC_MAIN] : @18ffa0656e8a4d027ea47e14fab506bc:腾讯成长守护
2024-02-18 06:25:18 [WECHATBC_MAIN] : @c4c50daaeafa43f6334432898f47ae6c:异次元APP软件
2024-02-18 06:25:18 [WECHATBC_MAIN] : @331e0f2148a18f516dbe320b7d1306d9504a8d66254e4bc0eb40448f6b7848fd:aJin
2024-02-18 06:25:18 [WECHATBC_MAIN] : @951fe6ec18708d7c006bea3ec2a4b7f93fd9eab33cd126c02ddc31c7ab641480:顾玖
2024-02-18 06:25:18 [WECHATBC_MAIN] : @03493b76908c2358a2211bf1a7ccf0f25f5f6ee87fbaae807a708b91c50b7485:Z.
2024-02-18 06:25:18 [WECHATBC_MAIN] : @1a19b92db378bb11c2c1d3a7641ae46a03e96e2a31db0eaa7f1a240f0cfb468b:沉默的小羊羔子
2024-02-18 06:25:18 [WECHATBC_MAIN] : @876581561229ad7c3432761535f448dfe70b3a67ea53594f2fc2c9a521158406:利
2024-02-18 06:25:18 [WECHATBC_MAIN] : @d4e8f23e5d1a472d6f413da99f190be10ea31883cf14b5a3491569cac92d0175:只手摘星辰
2024-02-18 06:25:18 [WECHATBC_MAIN] : @6b924198c234c285b2ce79ca00b28313f0433dfdec346117981da523fa27060b:九
2024-02-18 06:25:18 [WECHATBC_MAIN] : @0936b7a865e1d6bb230ae27c32c87a47e29a7cd56dcfb63919dc3bad84b5e8ab:<span class="emoji emoji1f361"></span><span class="emoji emoji1f361"></span>
2024-02-18 06:25:18 [WECHATBC_MAIN] : @dfeb2289f7c4a3b8deb4d83f4464bcd2d9eac93a51cd3c061ac3795ded9ef027:太白
2024-02-18 06:25:18 [WECHATBC_MAIN] : @1b094d3b50d0948362053f157c196838d3a797dacf2a601300ea5346395a6710:星光
2024-02-18 06:25:18 [WECHATBC_MAIN] : @eb1ee21a8fa423a75929b4033cb6d0c60a9be8a29a3a1e0658c6f1ad42ec7419:O.o
2024-02-18 06:25:18 [WECHATBC_MAIN] : @75185a8730bc03a5cd77e122f09c536d59f53dc03ab09f821b6eaa0a150f59ee:兄弟酥面店13322746671
2024-02-18 06:25:18 [WECHATBC_MAIN] : @4efdfef4272b171eddc36936d48e350a47a5209df2a7c4b45d0d89e13fcfeded:失忆
2024-02-18 06:25:18 [WECHATBC_MAIN] : @dab59c2bb5a590b9a204b85ebc01c40a:腾洲车行
2024-02-18 06:25:18 [WECHATBC_MAIN] : @2f7b7932ac4f5623ef2acdcf6d6348e923d3c31b3ceac1455b18cd5877eb145d:大月半冉子<span class="emoji emoji1f43e"></span>
2024-02-18 06:25:18 [WECHATBC_MAIN] : @7a042afcd5f66ae941dd383f20c80f92:CG游麟网
2024-02-18 06:25:18 [WECHATBC_MAIN] : @723c4c22fdcc82ae273baa283251973b:GoLink加速器
2024-02-18 06:25:18 [WECHATBC_MAIN] : @d61a82799c3e175b04298ab76c48f1f2dde25a6470714eced488949ce55c5035:Cc
2024-02-18 06:25:18 [WECHATBC_MAIN] : @eca52b40fab2f047048c8a9e305e9603648263c0d675b041ad535cb7ea2dddf3:垚
2024-02-18 06:25:18 [WECHATBC_MAIN] : @22d4916f7660d3e7dcd3c85b3c5ad84d704e932e4a22d81549195a910422a9dd:SOYU
2024-02-18 06:25:18 [WECHATBC_MAIN] : @dffa95539388250c37a9d1608d737e7c4c9ae99913a56e200395b17362efa48e:VIP
2024-02-18 06:25:18 [WECHATBC_MAIN] : @09fff1b2cade2f62d7aab2e49df8da2732f8f2932064d0dc0e1a63769ba1a164:你滴男妈妈
2024-02-18 06:25:18 [WECHATBC_MAIN] : @e7d8cfff8f24149d48c748e5c9b09e38eac3a3bc2416c211a4daa97a924aa304:木木(丽丽）
2024-02-18 06:25:18 [WECHATBC_MAIN] : @a8202329e16810cfd5682ffa482d6c0588f03a4b7aadb30e4fdd19df396716d5:【千浔】Ms.傅
2024-02-18 06:25:18 [WECHATBC_MAIN] : @cc368482ba66746f3614ae492f57362afaa1b0d3a0d003170ecd8eb592916bb0:平平歌(ᇂ ㉨ ᇂ)
2024-02-18 06:25:18 [WECHATBC_MAIN] : @64cfc06fea7bb5e8a3a34341bba00848d40f31b0b0e637892df313061dae23ec:Z.🧸
2024-02-18 06:25:18 [WECHATBC_MAIN] : @dd84dc4a983df6582191c35461514f34:韦一同说
2024-02-18 06:25:18 [WECHATBC_MAIN] : @370499df987cbb5547fdf0cac06214ae2c8a251df5af7e5dd8bfc72c319346d4:SuriYan
2024-02-18 06:25:18 [WECHATBC_MAIN] : @a5b915c0ff1a949369fba9305a468d9d8ecaf3a76dda044839be6c70dae4fcfc:楠浅ꫛꫀꪝ
2024-02-18 06:25:18 [WECHATBC_MAIN] : @f04c9ef59f52d2d8ef5de5046e83228dc28e4e6fc1fe906b6600d265c56f329c:好运常在
2024-02-18 06:25:18 [WECHATBC_MAIN] : @175698e690546da3068daf141482f70c7e7fea224a86f9f84f7d071be83f8781:群管理
2024-02-18 06:25:18 [WECHATBC_MAIN] : @648498500bba5c953cc377f80589c82f80d566bf80c2bedba06038c03ee559c5:/
2024-02-18 06:25:18 [WECHATBC_MAIN] : @39a2cd6d9abb0a8153a66afafe3117dc:海豚网游加速器
2024-02-18 06:25:18 [WECHATBC_MAIN] : @50d28cb44bf84f0ca7e7109701540168df1d000b18968bad0aac556f7738a167:计划师-可心
2024-02-18 06:25:18 [WECHATBC_MAIN] : @5b4186a0f2b25c8faea5ba29d30274dc30caa4d5ec231c8633541603c8d74903:玉宇
2024-02-18 06:25:18 [WECHATBC_MAIN] : @101c4d46bc4f4fe566f99a519f6d478965bf9262e66791468ee67d7f35bfd5d4:橙
2024-02-18 06:25:18 [WECHATBC_MAIN] : @362fffc2e2acf78b9f625dc69bd55e7c3c94eb370dc1619af81f7091482798d3:Nachanka
2024-02-18 06:25:18 [WECHATBC_MAIN] : @28c35dc6692496e0621fbfe4b4e6956535c98ae05c893526b91061f15b427b86:sun
2024-02-18 06:25:18 [WECHATBC_MAIN] : @dbe67eb98f56e8f786d8514a67cbf08eb8dcfa624c76ed605119721a2af8b0d0:汉宫
2024-02-18 06:25:18 [WECHATBC_MAIN] : @b5bb6009662358783cdbb36ff264e052:志愿者
2024-02-18 06:25:18 [WECHATBC_MAIN] : @b4a92e7e082475739b2eeeb5129e28fdc0f6c56cee7bf6f2fa7c2335986d4636:威廉
2024-02-18 06:25:18 [WECHATBC_MAIN] : @1075f49b8c26e06b6a8e1af21a8e6c051c17cc8fe94c79a60b4a3da4dc600786:二友照相馆（总店）
2024-02-18 06:25:18 [WECHATBC_MAIN] : @f9e0786ceca37bc35b45fffb0a5cdff42883059af39ec583ebdccca5f2cfd68a:K.
2024-02-18 06:25:18 [WECHATBC_MAIN] : @4edb24f3062cc7ad508ea34f589987efa6a8e006019f26b2147a8b6db23022f2:春雪
2024-02-18 06:25:18 [WECHATBC_MAIN] : @9ff0d1e182a90e105b0811ca7555f95675e2d31b83b12eb49e984efff88770fe:香奈儿<span class="emoji emoji1f42d"></span>
2024-02-18 06:25:18 [WECHATBC_MAIN] : @ec61385a84af66a6622fa1f2ff759e32cfcb746b0642ca2e3c8b29b74c766358:莹^O^
2024-02-18 06:25:18 [WECHATBC_MAIN] : @3461b092a22160da9f1484d6dcc69e4cc4a492c1cd697da3a38913f16767ac60:A-河北祝江机床韩冬晓
2024-02-18 06:25:18 [WECHATBC_MAIN] : @a296934b8cfa6e3d5c01bb904807ed71:zl     <span class="emoji emoji1f4a6"></span>
2024-02-18 06:25:18 [WECHATBC_MAIN] : @a61fa6f7e91758f638a239b06de625806c191885be021667102e5b1918545ef8:Solitude.
2024-02-18 06:25:18 [WECHATBC_MAIN] : @7f31fcc48662b937cb65d3a3c153a7148af24f5b4184bdbefdb8c1451f03ba6c:瘾
2024-02-18 06:25:18 [WECHATBC_MAIN] : @cc6a77a884da68a43c783026ca399bbc4b8b22dc8d7a9d034e8517ef306dba4b:无所谓
2024-02-18 06:25:18 [WECHATBC_MAIN] : @8b2c28ed151ed03e5f5ee21b863adc664e4f6f069334fccd2f3719179bedef56:滥情g.
2024-02-18 06:25:18 [WECHATBC_MAIN] : @baab19b3a2b38a73ad85ef64d95912be809e61931b26b283a81931784d2c4c42:三三
2024-02-18 06:25:18 [WECHATBC_MAIN] : @e143b94f8dcef88179e0d660de0f7bc49bc9a58a013d4d2d32bbae0eedcdf895:光星网咖 (营业中）
2024-02-18 06:25:18 [WECHATBC_MAIN] : @18e3e3abef5401f1377be64f41930b0a30590eaf3a0ace4dd73c62b511dc2940:+🥚
2024-02-18 06:25:18 [WECHATBC_MAIN] : @a9c03a49b9460cccd5d865ef87a4ea51559e5e45cbde310ea17fd4b49e0fb353:白云飞（只二维码收米）
2024-02-18 06:25:18 [WECHATBC_MAIN] : @d01117a343febdd2f8bd3edae0936f705f3cb89560731460f52249b1888257f9:ᥫᩣ.
2024-02-18 06:25:18 [WECHATBC_MAIN] : @3380c9f38f9da755cf10bad1471dd3d6bfcbfb264f1b0420c299bdc0a3c0c910:陈店长
2024-02-18 06:25:18 [WECHATBC_MAIN] : @826bfbe2b74049e747bd7aedc5c5bd01997a2267b0d11b6a1f00cabff88f2419:笙歌十里
2024-02-18 06:25:18 [WECHATBC_MAIN] : @aadfb79d8218dfd882b5c26e307c9cfd8e77b91fd3277ff5e436ca28c53c000d:美宜佳
2024-02-18 06:25:18 [WECHATBC_MAIN] : @f100e157c88bd32b365a7a66bd03a97e:源码阅读网
2024-02-18 06:25:18 [WECHATBC_MAIN] : @04a209caec3541662a338f14ea865ea1:广东建院消息
2024-02-18 06:25:18 [WECHATBC_MAIN] : @05363ba7a8d163046b860f376a64aac042b441a91482a48e2d205319f706f424:<span class="emoji emoji1f525"></span>Sparks
2024-02-18 06:25:18 [WECHATBC_MAIN] : @68bdbe26fb2f553a0ae4cfe9cd722256a562572432685f075672a7d725012280:冬天
2024-02-18 06:25:18 [WECHATBC_MAIN] : @e6687f7144cbd36c7d8429a78dc9017441e5e8a297af32087535be1b2eca057b:彬
2024-02-18 06:25:18 [WECHATBC_MAIN] : @5d3506891fa48e465adac0c1830170f1:治愈读白
2024-02-18 06:25:18 [WECHATBC_MAIN] : @8e72909a891d783eae1be4e61e327c29494ccaab253e1d70c9960821b72f1bd1:LIN_HH
2024-02-18 06:25:18 [WECHATBC_MAIN] : @39ad61031b88708cc4ce26e5716173d64dc316287b28149c00720e575b95ecd4:はたけカカシ²⁰¹⁸₀₉₁₅
2024-02-18 06:25:18 [WECHATBC_MAIN] : @50f913d06c6949de8b3e9b24ecf587ffc0732056537c8e77202c28686e6dc7af:江尚
2024-02-18 06:25:18 [WECHATBC_MAIN] : @f615054aee664417dc39264534dc0d62:老廖
2024-02-18 06:25:18 [WECHATBC_MAIN] : @319202823b97eb329aa0b1b5967013e0:蒸汽游戏
2024-02-18 06:25:18 [WECHATBC_MAIN] : @0ba13300144e3b1c794294e132d6dd92:中国青年志愿者
2024-02-18 06:25:18 [WECHATBC_MAIN] : @b21e3b8ec82da881bbd5bdf41188cfa50e538ffdda4f8db2225f112ffc878336:-
2024-02-18 06:25:18 [WECHATBC_MAIN] : @07e9eda10a4c1946507ac0cfd30b0f0a817682c89e2bdba800e594b9b4befbcb:Blank077
2024-02-18 06:25:18 [WECHATBC_MAIN] : @aca55260c3d30afea9d4e0943d1220e64d69c3ab23b8b7105c0e19b96e731c0d:Yu鱼.
2024-02-18 06:25:18 [WECHATBC_MAIN] : @9db0807311d1e7fe0b5560016b9ca52d57d36d9d677ea93d0396300ba92d41b1:祈
2024-02-18 06:25:18 [WECHATBC_MAIN] : @9951e4b285492e289c611946ced2476aa27901110226631ef0a806778f4077b2:Coast（2.1号放假-2.19上班）
2024-02-18 06:25:18 [WECHATBC_MAIN] : @ca581f0c10ff383e45d212673075dc60:外卖有多少
2024-02-18 06:25:18 [WECHATBC_MAIN] : @0b0339369d52022f9c64aa480e9ee155357fb45d7e3b09bba36fda94b0c9d577:。。。。。
2024-02-18 06:25:18 [WECHATBC_MAIN] : @bebd923b9b813474cb326289602a0b31405097a8e36e4f9f9ec402ed01faf622:小花
2024-02-18 06:25:18 [WECHATBC_MAIN] : @c028f51ef1a328a2309b4ea2dee923f1:宅猪
2024-02-18 06:25:18 [WECHATBC_MAIN] : @6b00cd77706f6e0fe890afe9ab1ee2a9:卢家妈妈 西餐厨房
2024-02-18 06:25:18 [WECHATBC_MAIN] : @a1bcbd9d35f67168767075b6a41cb28d2ef196d9a709a8ac4d3f9c031ad4c409:.ayu
2024-02-18 06:25:18 [WECHATBC_MAIN] : @9ef3cbb52288b639198aceedbf8a01fc6d7c28c0d27387b682a8d3b309c5ba1e:xh
2024-02-18 06:25:18 [WECHATBC_MAIN] : @8fd7988f599dfb737dc22cf83c0cc9af:中职生
2024-02-18 06:25:18 [WECHATBC_MAIN] : @4a348c162c9b092917cd89245f8aeb1e73d8d53e36a902f7fb4e125028c012d6: 繁華若夢
2024-02-18 06:25:18 [WECHATBC_MAIN] : @90e6e5b5f21d83b1cef04b859972a4cea27671e29cbf77cd89b654d6e2a417e9:韓
2024-02-18 06:25:18 [WECHATBC_MAIN] : @876a66d5a322344bec157dbed05f736031fc8327f4d895f3a99a5d633ad4e80a:今天想我了嘛.
2024-02-18 06:25:18 [WECHATBC_MAIN] : @3b863d6c41ea21d5f8205c551826f06c:小智LOGO
2024-02-18 06:25:18 [WECHATBC_MAIN] : @5e7edd4a12aff9b9a1dbabd4f4c89cce12b8ac67a72d58b233b44a1e31693a7d:黑夜诗未
2024-02-18 06:25:18 [WECHATBC_MAIN] : @d3dcf9b4a94d85d15b8655132cc16563a1e940c718a13298454433b06f61a5a8:<span class="emoji emoji1f631"></span>ི<span class="emoji emoji1f60a"></span>ཽ周晓明
2024-02-18 06:25:18 [WECHATBC_MAIN] : @452d07c1381c3b661191aa2dca93d45555912a6dfa0446049f00f40924a06f67:文人武
2024-02-18 06:25:18 [WECHATBC_MAIN] : @1654fccd0c1bb476f2e4c07ff621de0b34e55e26dfe275f9b29a97d95600a480:怎么取一个正常点的名字
2024-02-18 06:25:18 [WECHATBC_MAIN] : @0fbe54e03fbf0df531b2f21147e4d2609494a7ad7e7ba57f55190430ed96318c:DLx
2024-02-18 06:25:18 [WECHATBC_MAIN] : @bdbef3d5a6e75505e019043328a5400d157501bde33a8d14b6ae7f655bbcb224:远晏
2024-02-18 06:25:18 [WECHATBC_MAIN] : @71a1a796fdbffb0b72e5acae30b5c1618b835d5a69ec01cbce35a8f8befaff84:Sherry
2024-02-18 06:25:18 [WECHATBC_MAIN] : @55f1d47dbe78b7333863648083a2477db369e73d0d1b314af4b2b3c0ea8c8810:hor1z0n
2024-02-18 06:25:18 [WECHATBC_MAIN] : @078cad8d5da8dbfc5d4969b9e60424883135b04edd25f57e5cbdde44abdbfad5:樱桃🍒
2024-02-18 06:25:18 [WECHATBC_MAIN] : @e224f4e248761027615f1f30bb5b176f138489863f47a8ea6b52631088dd368b:独人13
2024-02-18 06:25:18 [WECHATBC_MAIN] : @ff008ca88e46086bb8309eebba305a2417b7b443f3bd00f5897918254ba0aae2:2z
2024-02-18 06:25:18 [WECHATBC_MAIN] : @ee045a00406a2d079477cdb0151db88fbc2b2c0d6f00081c01ef8f80665c8120:Leon
2024-02-18 06:25:18 [WECHATBC_MAIN] : @391fed56660f41ca13fc448ca7a72779e6b3c4ba5e37608fc591bedac9039c75:A_ ZikX.
2024-02-18 06:25:18 [WECHATBC_MAIN] : @e0de844a207de99fb79a2b097bf68ef95a95f76d33835d95fb28bb142141446c:ㅤ
2024-02-18 06:25:18 [WECHATBC_MAIN] : @36e48b0cdaa5449bf7e93f8a17c8dcffdee4e55bac8d148921c391c948880fb7:AIm.
2024-02-18 06:25:18 [WECHATBC_MAIN] : @c3fd847901259a550734f55223297f563f03e2a32231d3726228ff100d8deacf:老细肠粉甜品小吃1号店
2024-02-18 06:25:18 [WECHATBC_MAIN] : @dc9355807e57dae0973fb5269521303b5c44101b9e4991b510bb4ce318498d35:ᯤ⁶ᴳ
2024-02-18 06:25:18 [WECHATBC_MAIN] : @69069871f8b5c96bf61f16b4ec709bc5d1614074f7cc3a0074c02c664a57fc32:A春3悠慧多多<span class="emoji emoji1f389"></span>
2024-02-18 06:25:18 [WECHATBC_MAIN] : @3e3b78bded42d9e2adb2b09dfa19bdf93074671ee15075ac5f20cf886a95adb2:王德发
2024-02-18 06:25:18 [WECHATBC_MAIN] : @885730f1ded3aa69ae2742c5ababf8af51e536d268859499ac390403b9679888:等一下七月
2024-02-18 06:25:18 [WECHATBC_MAIN] : @c13ebc1d5255c87eea4a5fd7197771bf18cd3cbb5200e9186bcae67999b35838:🧐
2024-02-18 06:25:18 [WECHATBC_MAIN] : @ba38c9d499d51670b24e521f6206c4c1007b31b67367da4a1a281fc25f85d5a2:碎星辰<span class="emoji emoji1f1e81f1f3"></span>
2024-02-18 06:25:18 [WECHATBC_MAIN] : @588dd3fd8a2d1e5d3f00b7aa836a5d9b:php中文网教程
2024-02-18 06:25:18 [WECHATBC_MAIN] : @8137604c5910961c5dfd0dec81c12268271dd4a2d2349e3ed4f7c9ad37abaa68:a大白胖
2024-02-18 06:25:18 [WECHATBC_MAIN] : @41002f483a7931f39ac15641dbdc320489a3c4664e70223580916a2694e6c1d5:岁月无声
2024-02-18 06:25:18 [WECHATBC_MAIN] : @42bd2419a55087023e085f8cf081d73b6ee36a60623540b4673eacf861413f02:wuli
2024-02-18 06:25:18 [WECHATBC_MAIN] : @4f664a2a3f04d389b408ed2dceae57cdd98e2bcbc8c0cafd9b153a0fc622e18e:G
2024-02-18 06:25:18 [WECHATBC_MAIN] : @3f140740a986ead5d73989df27e1dd80:微信支付
2024-02-18 06:25:18 [WECHATBC_MAIN] : @93c63c96baa9e1494b85d5c5e3d204aa635ef3f4f08d901547f736843dd6b3e3:标顶洞人🌝
2024-02-18 06:25:18 [CommandManager] : 注册了指令 setu
2024-02-18 06:25:18 [plugin-loader] : 载入了 1 个插件
2024-02-18 06:25:18 [WECHATBC_MAIN] : 启动控制台...
2024-02-18 06:25:19 [WECHATBC_MAIN] : Message(msgId=7032571470801006948, fromUserName=@244e9ca2028aa231daf9c52a73717504b8c787017ecc392a4f94465578374e83, toUserName=@244e9ca2028aa231daf9c52a73717504b8c787017ecc392a4f94465578374e83, msgType=TextMsg, content=, status=3, imgStatus=1, createTime=1708208719, voiceLength=0, playLength=0, fileName=, fileSize=, mediaId=, url=, appMsgType=0, statusNotifyCode=11, statusNotifyUserName=, recommendInfo=RecommendInfo(userName=, nickName=, qqNum=0, province=, city=, content=, signature=, alias=, scene=0, verifyFlag=0, attrStatus=0, sex=0, ticket=, opCode=0), forwardFlag=0, appInfo=AppInfo(appId=, type=0), hasProductId=0, ticket=, imgHeight=0, imgWidth=0, subMsgType=0, newMsgId=7032571470801006948, oriContent=, encryFileName=)
2024-02-18 06:25:19 [SYNC-CHECK] : [msg type] TextMsg
2024-02-18 06:25:19 [SYNC-CHECK] : z>z : 
2024-02-18 06:25:22 [WECHATBC_MAIN] : Message(msgId=8139282404179550129, fromUserName=@@01e5851b90dcffde1292211f1c518f92df226d6ca3d1741e04cd56168af3abae, toUserName=@244e9ca2028aa231daf9c52a73717504b8c787017ecc392a4f94465578374e83, msgType=TextMsg, content=/setu size 48, status=3, imgStatus=1, createTime=1708208721, voiceLength=0, playLength=0, fileName=, fileSize=, mediaId=, url=, appMsgType=0, statusNotifyCode=0, statusNotifyUserName=, recommendInfo=RecommendInfo(userName=, nickName=, qqNum=0, province=, city=, content=, signature=, alias=, scene=0, verifyFlag=0, attrStatus=0, sex=0, ticket=, opCode=0), forwardFlag=0, appInfo=AppInfo(appId=, type=0), hasProductId=0, ticket=, imgHeight=0, imgWidth=0, subMsgType=0, newMsgId=8139282404179550129, oriContent=, encryFileName=)
2024-02-18 06:25:22 [SYNC-CHECK] : [msg type] TextMsg
2024-02-18 06:25:22 [SYNC-CHECK] : z,广州鑫顺  专做美系单项件,zzzsh>z : /setu size 48
2024-02-18 06:25:22 [SYNC-CHECK] : 在尝试异步获取消息时遇到了一个错误
