2024-02-15 23:37:34 [WECHATBC_MAIN] : 已扫描二维码，请确认登陆
2024-02-15 23:37:44 [WECHATBC_MAIN] : 已确认登陆
2024-02-15 23:37:45 [WECHATBC_MAIN] : 已取得登录信息:
2024-02-15 23:37:45 [WECHATBC_MAIN] : BaseRequest(uin=281175185, sid=XG+GlWtSWfJU0ozN, skey=@crypt_c1a555a6_ef6262b3ecd60313ca675540c61c02ca, deviceId=e704625451094807, dataTicket=gSd9giDOMeHI5oRpo2M2O21G, passTicket=rxcfkbjEwm6HuRV58i8xqZitIqovaA6h6owXdtFg1f5RRazPx4%2BLB8drxjkwNwFxHa%2FFVuAx9ldNv%2BIeZQCfMA%3D%3D, authTicket=CIsBELLFhoUFGoAB2Hokx8N53q8sksAb6YG5uNw9xx1lbpKOD1Eoo/dbogWAszssev8yaOU/EHx9GpSh3h2lHWJ1W39rtgxhAkpXpfKT27lPDdfmOnOdKQ//mhdTVNiShLj7k4ryKtTzOtNwpDVikiRRXuRgkk8ZuaNhgqIFOdT4EwiPkmJ/wX0/OWE=, initCookie=[wxuin=281175185; expires=Fri, 16 Feb 2024 03:37:45 GMT; domain=wx2.qq.com; path=/; secure, wxsid=XG+GlWtSWfJU0ozN; expires=Fri, 16 Feb 2024 03:37:45 GMT; domain=wx2.qq.com; path=/; secure, wxloadtime=1708011465; expires=Fri, 16 Feb 2024 03:37:45 GMT; domain=wx2.qq.com; path=/; secure, mm_lang=zh_CN; expires=Fri, 16 Feb 2024 03:37:45 GMT; domain=wx2.qq.com; path=/; secure, wxuin=281175185; expires=Fri, 16 Feb 2024 03:37:45 GMT; domain=qq.com; path=/; secure, webwx_data_ticket=gSd9giDOMeHI5oRpo2M2O21G; expires=Fri, 16 Feb 2024 03:37:45 GMT; domain=qq.com; path=/; secure, webwxuvid=b0c1512a3960be8895dbe4551510255dbceaf153c66d4002cfcb599d23e67d92c315ad1579c18493fb515074f6c2d1c8; expires=Sun, 12 Feb 2034 15:37:45 GMT; domain=wx2.qq.com; path=/; secure, webwx_auth_ticket=CIsBELLFhoUFGoAB2Hokx8N53q8sksAb6YG5uNw9xx1lbpKOD1Eoo/dbogWAszssev8yaOU/EHx9GpSh3h2lHWJ1W39rtgxhAkpXpfKT27lPDdfmOnOdKQ//mhdTVNiShLj7k4ryKtTzOtNwpDVikiRRXuRgkk8ZuaNhgqIFOdT4EwiPkmJ/wX0/OWE=; expires=Sun, 12 Feb 2034 15:37:45 GMT; domain=wx2.qq.com; path=/; secure])
2024-02-15 23:37:46 [WECHATBC_MAIN] : 已初始化微信信息:
2024-02-15 23:37:46 [WECHATBC_MAIN] : 用户信息:
2024-02-15 23:37:46 [WECHATBC_MAIN] : Contact(uin=281175185, userName=@e0656d5f3d919a59021bdffbe1cef4fc3ef9b03d2715ce8553f74cacaf54c481, nickName=z, headImgUrl=/cgi-bin/mmwebwx-bin/webwxgeticon?seq=784869992&username=@e0656d5f3d919a59021bdffbe1cef4fc3ef9b03d2715ce8553f74cacaf54c481&skey=@crypt_c1a555a6_ef6262b3ecd60313ca675540c61c02ca, contactFlag=0, memberCount=0, memberList=null, remarkName=, hideInputBarFlag=0, sex=1, signature=已换微信 meteor1913103, verifyFlag=0, ownerUin=0, pyInitial=, pyQuanPin=, remarkPYInitial=, remarkPYQuanPin=, starFriend=0, appAccountFlag=0, statues=0, attrStatus=0, province=null, city=null, alias=null, snsFlag=257, uniFriend=0, displayName=null, chatRoomId=0, keyWord=null, encryChatRoomId=null, isOwner=0)
2024-02-15 23:37:48 [WECHATBC_MAIN] : 联系人列表数量: 315
2024-02-15 23:37:48 [WECHATBC_MAIN] : @140035bf63e737dd5a6aa0ff8c503befe0917eee4cd73e83653df4211fc05fc2:卡哇伊
2024-02-15 23:37:48 [WECHATBC_MAIN] : @1ac44f59bf071ac6377d27253bccb3777e26c5cef2490056231393696e6247b6:木木(丽丽）
2024-02-15 23:37:48 [WECHATBC_MAIN] : @cf5952be56e7e73f436351c6f653512668f4f5151e0c097e0c075a04cbc782a9:欣妍
2024-02-15 23:37:48 [WECHATBC_MAIN] : @eba5d187e6e5f7f167f0ede159cc79fa:Su2
2024-02-15 23:37:48 [WECHATBC_MAIN] : @8e2a56d05202eae272d9cf61fc1b012c38e80b3333e93729bc66d1dcaec8f717:xh
2024-02-15 23:37:48 [WECHATBC_MAIN] : @4b9a466e5af797821a3fbbfd277b4cd4:拼多多
2024-02-15 23:37:48 [WECHATBC_MAIN] : @9f05b38d2f451d7d41c0cab8678598e868770029473a2f00b0e6fdeecec35210:失忆
2024-02-15 23:37:48 [WECHATBC_MAIN] : @365f20be0b6a2f7cd41ebc99018b8fd24aa8b86880ef0cbd061384b47a3d879c:扬狗爱cc🌬
2024-02-15 23:37:48 [WECHATBC_MAIN] : @151790f4c9b6d5731bc32baf02943493661b53d885355d1604e5d03374666fd2:Nefia
2024-02-15 23:37:48 [WECHATBC_MAIN] : @c1727147e1af33e0aea398b3ac5eef59:情侣CP
2024-02-15 23:37:48 [WECHATBC_MAIN] : @f9072b6783eae84762bc2497480ffd5d1cde2f4500c78d6d7029e107c3e79187:SOYU
2024-02-15 23:37:48 [WECHATBC_MAIN] : @b8be29c2b33ba111e1fa02ac7202ecf4:超人
2024-02-15 23:37:48 [WECHATBC_MAIN] : @4f82162d1fd6aab2057658e3a1c02478a602d6b5a41af51082edafcfcbf0fcac:Sam
2024-02-15 23:37:48 [WECHATBC_MAIN] : @557ebcbc435afdc1cf9af53b1832545e:wsice_肆
2024-02-15 23:37:48 [WECHATBC_MAIN] : @1e17a84fcf2e010fccd87a6efd1c5b12:泓记
2024-02-15 23:37:48 [WECHATBC_MAIN] : @3b0885e9d2f83f636e4a1589c7df1082:布晴LIVEHOUSE酒吧
2024-02-15 23:37:48 [WECHATBC_MAIN] : @64ed4bb9cdc813360d59750fe5a8f437204e222d202f799007d2530909d07c06:NOBODYLIKESME
2024-02-15 23:37:48 [WECHATBC_MAIN] : @dd5a4517b9160d3198c5a376aff39cddc4e4775a7f0670393a6ce079cb9856cf:意粥.edu
2024-02-15 23:37:48 [WECHATBC_MAIN] : @47b6a136f1b3061c88d6ac86a66bb3ea90d8ed48e6f1073c094012c854811a61:白胡子
2024-02-15 23:37:48 [WECHATBC_MAIN] : @a0e61d486a0f69ddfb5e8f0432d784a5e92492d5614bd4d635ab22822342f389:₀₃.
2024-02-15 23:37:48 [WECHATBC_MAIN] : @ec4fe4e8d88fcde4ac7cdfc1adee5eec97332cb68294ef653bf84310f0115a49:a大白胖
2024-02-15 23:37:48 [WECHATBC_MAIN] : @f211045a26a43f85df03119537604206:卢家妈妈 西餐厨房
2024-02-15 23:37:48 [WECHATBC_MAIN] : @7a9f48f21858cf315876199a9cd8d9a0:小木生活观
2024-02-15 23:37:48 [WECHATBC_MAIN] : @c73304474263011bceff82416f1ff98ce7fb9674b1bda0ce74b96333d460eb3e:橘ne
2024-02-15 23:37:48 [WECHATBC_MAIN] : @8e7a53e8da891ddbf0ccbad73ecc986825ef2dace61e9dfacd09e61b979598e1:祈
2024-02-15 23:37:48 [WECHATBC_MAIN] : @67816527106ac3dc285bb52aef39993c:该账号已冻结
2024-02-15 23:37:48 [WECHATBC_MAIN] : @881954a911916134a4bc24596c32e53e1afc7baf070db6362b741cfc541e594b:董不懂
2024-02-15 23:37:48 [WECHATBC_MAIN] : @65b6484826723ca5bf16fb20227ca7ef:熊猫加速器
2024-02-15 23:37:48 [WECHATBC_MAIN] : @8b62e9d1bf66e7ac2bbf0aa74e298c83281b17159d88e05f614107c74aaaf5ea:熊大
2024-02-15 23:37:48 [WECHATBC_MAIN] : @901be6f01eb641a8b32005a42f52dcb58b64addd08607630b7f1925a5d03a055:无所谓
2024-02-15 23:37:48 [WECHATBC_MAIN] : @25650c53ede834bfdd4a6a2edc27aa929d7e245ecfba89b4b76fed41250d8ba9:<span class="emoji emoji1f349"></span>
2024-02-15 23:37:48 [WECHATBC_MAIN] : @c0f1d401dc3de9444b3676c8fdd36fad:腾讯成长守护
2024-02-15 23:37:48 [WECHATBC_MAIN] : @f6b1c25e94ac1e232a0fb0b7777dd22ee12c75597994e052a7928d1b564344f4:SuriYan
2024-02-15 23:37:48 [WECHATBC_MAIN] : @18f390c5df5bbf529227898fc114a15bee36221dd7e9faeeb38ecdc49e656aab:九
2024-02-15 23:37:48 [WECHATBC_MAIN] : @a90be727610a5f2b9b1752d3dc8d41bbf45833622ca0421c7bd55d10e0df98e9:BLUE
2024-02-15 23:37:48 [WECHATBC_MAIN] : @7e040eeaa653c1c1664b717671827e8106dc722c5fe6ac8fa88991450acdc78b:！
2024-02-15 23:37:48 [WECHATBC_MAIN] : @4f3886e82810b917620781cbac4267ae3a380c9aba16b8b4e9893c5d7ca5a5fc:Z.🧸
2024-02-15 23:37:48 [WECHATBC_MAIN] : @bfbf45b685ec6508abe78a118bbaff37203317eb20d4c06dd42b021c844bbe04:はたけカカシ²⁰¹⁸₀₉₁₅
2024-02-15 23:37:48 [WECHATBC_MAIN] : @337c02cd1e303e321dd5be3916ba7c4f8722f8b41ab3ca2ed376f4e4ae8a9004:ㅤ
2024-02-15 23:37:48 [WECHATBC_MAIN] : @66419135fbbedc295f1d6fa3adc7e843:黑料BOOM
2024-02-15 23:37:48 [WECHATBC_MAIN] : @12ee365443585468353c9e915044fa0c:辰东
2024-02-15 23:37:48 [WECHATBC_MAIN] : @41173ac05d55ebb5ba1f394ce9d8c383cb767af0e204048adb20a8238b3d5c1a:-
2024-02-15 23:37:48 [WECHATBC_MAIN] : @0fc6a086549d5b8096b91a1ddacabb56bee3ad3186660a7e7a0a4cd7dabef01a:A0༒六子༒ （诚信服务）
2024-02-15 23:37:48 [WECHATBC_MAIN] : @9d6114719d8142d129fb91d81223e926:该账号已注销
2024-02-15 23:37:48 [WECHATBC_MAIN] : @c108dd88fee6220bede911d6867d2353:外卖卷不停
2024-02-15 23:37:48 [WECHATBC_MAIN] : @c3586adb129217dc4879c7c1ee297e6a:平面设计狮
2024-02-15 23:37:48 [WECHATBC_MAIN] : @f47af4d52da73a9809354924eddcee594aaa397a53b9067f06e55aca3afdc145:只手摘星辰
2024-02-15 23:37:48 [WECHATBC_MAIN] : @5ee0560c807a04f907ff0c6aeae98d1c19f55ea36120e3c092b8396d21de018c:远
2024-02-15 23:37:48 [WECHATBC_MAIN] : @f76d7cb05bbe5a41ba8bf7aa83c619beca6099c8df8e8af8a4bd6c8eca9503e5:Solitude.
2024-02-15 23:37:48 [WECHATBC_MAIN] : @ddf7a7bd0edfd208ad3d6c64124efbaec519745ca0719ffbd5d56848db5829d7:山海
2024-02-15 23:37:48 [WECHATBC_MAIN] : @134a0e3c1e2ce0f7fa558886ad60bcdbdfe73f28952bc52073e4a78855464f10:Arun丶
2024-02-15 23:37:48 [WECHATBC_MAIN] : @8b2937e617f5df2aae1143df6d6aecc6:微信支付
2024-02-15 23:37:48 [WECHATBC_MAIN] : @88bc966ed4971dad2fdbc8774e9ce755:沐沐热喵
2024-02-15 23:37:48 [WECHATBC_MAIN] : @1b869acd4f9ff09177c26609aed34e48:潮职校园通
2024-02-15 23:37:48 [WECHATBC_MAIN] : @d7213f4946b5add9663498ebe31561bff12080d65f8341cc01e3243d32780353:LIN_HH
2024-02-15 23:37:48 [WECHATBC_MAIN] : @08e0c4a5a464f8e3aafc56bbcca21bf29b64868b7bc08b1e8730455b629a433b:韓
2024-02-15 23:37:48 [WECHATBC_MAIN] : @02d0cbb544e8ccf87ca68bd8ea50c8dc:热门精彩阅读
2024-02-15 23:37:48 [WECHATBC_MAIN] : @e32e66a1ba0e664b5abf58962cc32dfb:怪谈胖胖女
2024-02-15 23:37:48 [WECHATBC_MAIN] : @67e2952182531393578fe59e33f78abe086ec83800619d3e7d150ebfe5688eee:（～_～）
2024-02-15 23:37:48 [WECHATBC_MAIN] : @ec9d49b91a2b87f6b6f41cdc31e42ac6a7f2d5ddbc460c5ab8b35aafc751dd22:Yuuki
2024-02-15 23:37:48 [WECHATBC_MAIN] : @7c1e91fbc36884e4e86d9d10e1fd677e98956ce517e95e90ef2985164b45eb3a:wuli
2024-02-15 23:37:48 [WECHATBC_MAIN] : @209f7c0a305e5ced224f4cb9e2734dc662c831900b4c8f40f244123c2c18c9fa:AIm.
2024-02-15 23:37:48 [WECHATBC_MAIN] : @6bcb131f7d9d61481e10f659879a198827dceab5cc381b992b703e849ba776db:H
2024-02-15 23:37:48 [WECHATBC_MAIN] : @e77f458cc21eeb8190d2e24a7944fa569ccd96b690c21c9295adb7c210a1cd89:A春3悠慧多多<span class="emoji emoji1f389"></span>
2024-02-15 23:37:48 [WECHATBC_MAIN] : @dc271d4043c31e6d33e947da9bdd6dcfc6f6999b0e5274930d0b432665c65a86:Ljh🤩
2024-02-15 23:37:48 [WECHATBC_MAIN] : @51408aa8c499f50c22fa3f2f26d494c8:特摄驿站
2024-02-15 23:37:48 [WECHATBC_MAIN] : @b1d986eca6355bd39032376bea661cde:7477游戏
2024-02-15 23:37:48 [WECHATBC_MAIN] : @e3f354d8dd185c26698ef69f98fe6acb:汕头人社
2024-02-15 23:37:48 [WECHATBC_MAIN] : @38de267edc4ee3692b4d34b2f990a0fb862f10357b2aacaf4dbecaa4f5331656:Cory
2024-02-15 23:37:48 [WECHATBC_MAIN] : @b4e9cff3a298bbab97e2806975915c3d48ff11b5504d827b86aa71026cedfe28:垚
2024-02-15 23:37:48 [WECHATBC_MAIN] : @9262572ba1b2444a9d6b759947361ff855cb9a8eb99876b8ffe7e26c9a9d11ca:大月半冉子<span class="emoji emoji1f43e"></span>
2024-02-15 23:37:48 [WECHATBC_MAIN] : @3faac536b898c1140f65526cee1447fb:琪琪
2024-02-15 23:37:48 [WECHATBC_MAIN] : @f91e826f13dcc5a6fa1ae85e5e68273421cdeef574df829be9bc528405ac7af1:芜湖
2024-02-15 23:37:48 [WECHATBC_MAIN] : @19ebe49ee745f24947fe7ba5bf0f5c6c:CG游麟网
2024-02-15 23:37:48 [WECHATBC_MAIN] : @c975ab2ec9e320b5db62ec23a746fd71336b876c7c785330dbd305f60783754b:　　　　　　　　
2024-02-15 23:37:48 [WECHATBC_MAIN] : @53e153125ae96d0ebbbdeba12407e452ad729e20975011e2050f4a4252c497aa:陈店长
2024-02-15 23:37:48 [WECHATBC_MAIN] : @f0e3d2d13e8bcc122f3740653d0b5955ef1ab055380749bae210744a7c69a057:胖胖的孙某人
2024-02-15 23:37:48 [WECHATBC_MAIN] : @b24e9067e764fa39643aeaebad72f4957a1cc5f442e0e3b3183ef10a40b7d7f1:小花
2024-02-15 23:37:48 [WECHATBC_MAIN] : @24566facc437989695d97b9f3d54f17fb37ca31cb7f35e6549818583dbab73c2:G
2024-02-15 23:37:48 [WECHATBC_MAIN] : @8c1fec2111f44924ba81f1647d4a69f95ac23e3a7231fdab5da5fc4ba50b4be6:平平歌(ᇂ ㉨ ᇂ)
2024-02-15 23:37:48 [WECHATBC_MAIN] : @fa1eb0830a8596ace9c9a6a6180417cdc746198e9155affa89704c5c8bf215c7:鱼莱新鲜小超市
2024-02-15 23:37:48 [WECHATBC_MAIN] : @881daf4998c4ff7c58f92f6daaf486a4c05b922a97db37b646c57943421669f2:楠浅ꫛꫀꪝ
2024-02-15 23:37:48 [WECHATBC_MAIN] : @ae2e7ea8eb4607c529bf2371174d07c8:小星星资料库
2024-02-15 23:37:48 [WECHATBC_MAIN] : @5727051a2297f4f66a0f034109ddd86154d581b2bf4f98b3b7c932b01cd5287c:O.o
2024-02-15 23:37:48 [WECHATBC_MAIN] : @8de0e422e0d58c830df32226ef6e086b:中国青年志愿者
2024-02-15 23:37:48 [WECHATBC_MAIN] : @6f2df73add9a184d7e5f10dadbc0576f:别算科技
2024-02-15 23:37:48 [WECHATBC_MAIN] : @4d1d9a2bbb2cd930aa404e104c8216c687787b6017baa5e7026705720c625ab5:C.
2024-02-15 23:37:48 [WECHATBC_MAIN] : @4dabbc508b7fd08920069d7e9c3b97ea415140a39a930dd6792fc856ed34b471:香奈儿<span class="emoji emoji1f42d"></span>
2024-02-15 23:37:48 [WECHATBC_MAIN] : @e28c37b6aaf81786df73d33aa9a76392062d844c7fba41738f0b796189f96c1c:皮蛋
2024-02-15 23:37:48 [WECHATBC_MAIN] : @30b9ac7ba2f9ba354192a5969cf29dd3:广东建院
2024-02-15 23:37:48 [WECHATBC_MAIN] : @c0bc92333940b3f7ae2fac461f8c37500008e86d083b717fee2edbe084762b78:太白
2024-02-15 23:37:48 [WECHATBC_MAIN] : @c02492c32565e309632f233d0233b3c96e3638fbeb42c11334c71856ebde1357:干净
2024-02-15 23:37:48 [WECHATBC_MAIN] : @82fcfed030624fef9f5d326f1bc5f43e:中国移动10086
2024-02-15 23:37:48 [WECHATBC_MAIN] : @2f8eabd760d8cea746c2b443ef0008c1:宅猪
2024-02-15 23:37:48 [WECHATBC_MAIN] : @33874c7f4c7f3b345ad970173e7dfcc11f8618a6267ad56c668323a7f8488f11:ㅤ
2024-02-15 23:37:48 [WECHATBC_MAIN] : @d669d2c37da864c9d52908742ea574e03af14b78e87c5727d01f548f327680ba:朗月.
2024-02-15 23:37:48 [WECHATBC_MAIN] : @c2ee513d3f39c7b446dc9af8865c712a:电脑那些事儿
2024-02-15 23:37:48 [WECHATBC_MAIN] : @f70fcf387921d96d4da28bb6b4dc5796:加一电影
2024-02-15 23:37:48 [WECHATBC_MAIN] : @41195a351e03fdd3e2467034a336ad46:腾洲车行
2024-02-15 23:37:48 [WECHATBC_MAIN] : @7bd4ad30186cbd6e75691bc5826a71ab:吃货特权卡
2024-02-15 23:37:48 [WECHATBC_MAIN] : @a56969c2bc97e33b90d40cf705e461f64ef60675e2dd2fdc235d7ad3b15294d7:老细肠粉甜品小吃1号店
2024-02-15 23:37:48 [WECHATBC_MAIN] : @7c757444e561a1387a17afbc2a6bd9c30b9dc23abc8f77e09cb0e613e4c0020f:借我一秒钟
2024-02-15 23:37:48 [WECHATBC_MAIN] : @29284ec45da6ed52d08863465cb1f87d3cd190f99ca362ed00b7dc692fd0e2cf:Oneone
2024-02-15 23:37:48 [WECHATBC_MAIN] : @85f7ee7c39af290b7e8973b345e5445125179c0ca32844e919f0cc8f175ebbb6:王德发
2024-02-15 23:37:48 [WECHATBC_MAIN] : @2b5c61cc5067ee85a684857a4964d79fc2b289b1d0722878e96ccfbe219e24a5:区冠贤
2024-02-15 23:37:48 [WECHATBC_MAIN] : @1b9dcccfd2012c1abf8cbb8f27943cbcd7690c393964ff5ced7d7fc0e4b59feb:A_ ZikX.
2024-02-15 23:37:48 [WECHATBC_MAIN] : @92ba5665993f2f67a116ba9706bfe98597c715fc417981fe272957a3e39afd77:汉英
2024-02-15 23:37:48 [WECHATBC_MAIN] : @44924719567dff04630d216fe984449c:浮秀
2024-02-15 23:37:48 [WECHATBC_MAIN] : @1d095039b4856a7dd8ab6a9613e72edab76b3ff524295d9280f99c1e6f3f3950:冬天
2024-02-15 23:37:48 [WECHATBC_MAIN] : weixin:微信团队
2024-02-15 23:37:48 [WECHATBC_MAIN] : @a6f704e128d33450f703d2793bb22104c05426f0a85414e10346128b2ef43081:sam
2024-02-15 23:37:48 [WECHATBC_MAIN] : @8b61103f9af152e8bdfeb047de8f515567314c583f04c1612a55139a8146b3fc:福🦆
2024-02-15 23:37:48 [WECHATBC_MAIN] : @4da3d7b0dfc1181f1e7a84753686a6f08aef6e0a908b062f3050ba48f8cccb5c:Leon
2024-02-15 23:37:48 [WECHATBC_MAIN] : @2bee507629417e9e7afbfbcdbdc2018c:电手
2024-02-15 23:37:48 [WECHATBC_MAIN] : @ba392d15aee46afe6a470ac02dc651f7:WPS办公助手
2024-02-15 23:37:48 [WECHATBC_MAIN] : @be4bb789aa7cfef811f58caaf86e86ffdacae19d2b81e4f26ad3f7226051649b:Mog.
2024-02-15 23:37:48 [WECHATBC_MAIN] : @5b7821baf1e2d70ec959be1a0966c5733936878ffddf547eeec2624f431408ce:文人武
2024-02-15 23:37:48 [WECHATBC_MAIN] : @95ab979e905204a4a69e2ac5b4a59e956c32bc6959631534a2966724319af432:.
2024-02-15 23:37:48 [WECHATBC_MAIN] : @f05bafd05a17e71958a8961934b3f1bc:小智LOGO
2024-02-15 23:37:48 [WECHATBC_MAIN] : @d3076ad57b8f9e8b9d0a039f4afbaee55b183ad7b0f527beeb8f9eb24c94b7c6:Huan
2024-02-15 23:37:48 [WECHATBC_MAIN] : @bdede8fa5e5332f53d9b77f7a04c43c46063f5a521b3593f355a38ae778a019a:老爷保佑
2024-02-15 23:37:48 [WECHATBC_MAIN] : @24c9f10278ba39e6e8e71f3074e21ed64ebd2d2ae4c37bce5fcacbdd73345148:汕頭15815040195
2024-02-15 23:37:48 [WECHATBC_MAIN] : @2405e3d2250e93bfdd1ec931137aba8eee8288e0feed45480ec9fecfa87f5b29:威廉
2024-02-15 23:37:48 [WECHATBC_MAIN] : @08527e3e480aa7d9a27ed84d94c02c8c986d7623ba3a6129b98705c36b31ecb6:沉默的小羊羔子
2024-02-15 23:37:48 [WECHATBC_MAIN] : @0bd10a87c51c3a5420b532cbfbea928747485bbca0562acff3e8e665c0eb69a4:木川金
2024-02-15 23:37:48 [WECHATBC_MAIN] : @148a64bdf169ac46a1594932bfc04fe10f21032488af87e46224a556509a7532:Yu鱼.
2024-02-15 23:37:48 [WECHATBC_MAIN] : @3c2cb74192fda575914c6dc74a4a1b61b879f30781cd805cadb229b0a27bff71:微笑的高圆圆
2024-02-15 23:37:48 [WECHATBC_MAIN] : @10603b4a35fd52ea01ea4a293aef7777:海豚网游加速器
2024-02-15 23:37:48 [WECHATBC_MAIN] : @b519263aa39c26fad80141768d1acf89dc8a054e4c351e056b54a9d4132f9634:Sleeeeping
2024-02-15 23:37:48 [WECHATBC_MAIN] : @bd596cdc6b6b9c574c6b96c73dd31953634d1fce2c0e72b89df8df7208313c3a:Rebirth
2024-02-15 23:37:48 [WECHATBC_MAIN] : @5bd5b1344a95d41838a6b8d2b88e7142:互联网品牌官
2024-02-15 23:37:48 [WECHATBC_MAIN] : @c1574a65811b33d97446331042e49165:极简博客2022
2024-02-15 23:37:48 [WECHATBC_MAIN] : @f40804c2303b19ff53c660aaa779ec599f8ccfe2bbde8a248452b4b82dbece18:JW<span class="emoji emoji1f42f"></span>
2024-02-15 23:37:48 [WECHATBC_MAIN] : @b13d1749556dcb91fafe79c87815aa828846f60d36b5dac1bbb8f423386ee75f:黑夜诗未
2024-02-15 23:37:48 [WECHATBC_MAIN] : @9a045a9ee6002501518b6c5ac8b217f0c7671867bf4bfb44cfe6a25ba5e802f8:sun
2024-02-15 23:37:48 [WECHATBC_MAIN] : @cd245ea4f2488c343f35d0b1004d428b40e505cb25a375393886c1eaa90643b6:木迁
2024-02-15 23:37:48 [WECHATBC_MAIN] : @341d32e0481c6d82076a44551d53cbb09fba1115a73b8d53a3c00c40673076fa:等一下七月
2024-02-15 23:37:48 [WECHATBC_MAIN] : @da0e772308513dfa9ae04b4e1ff6c00bf8b73c5e3ca672efb5ee5d283d474a22:以至于
2024-02-15 23:37:48 [WECHATBC_MAIN] : @f13ed69fd4f85a209f224534356a6b8d93ff0f6123837d20a57c6022ebbe5cd1:橙
2024-02-15 23:37:48 [WECHATBC_MAIN] : @c9b2bc64a0eee15296440f250084e5d9:便利店艺术家
2024-02-15 23:37:48 [WECHATBC_MAIN] : @03d46ed23b5688f1da62563e5c3340a4a3023e2378fdba6fe64896a0df35c012:AA - 手机电脑 回收 出售 维修
2024-02-15 23:37:48 [WECHATBC_MAIN] : @4f4288b3e6e5ec6101998157cf88ac147893c71aa4caf1caac7c8d8a36079449:。。。。。
2024-02-15 23:37:48 [WECHATBC_MAIN] : @89685d0407ee369301b9b5ad40a63f537b547cf1abb8747f3620b4b43ca6fc3d:小宝
2024-02-15 23:37:48 [WECHATBC_MAIN] : @9e8d2ceb89d1590f076720f847911ce4f0d43cb53d8d3bc64b431f66f1b5eeb7:笙歌十里
2024-02-15 23:37:48 [WECHATBC_MAIN] : @428bed56b660f680cee4322bacc13e522bcd310415c748d8b490d702f2ebafe3:FLIPPED
2024-02-15 23:37:48 [WECHATBC_MAIN] : @1b3aac067227e4e3f839f263b87a64c3bf8ec1e428fe9396fc887856b2e93faa:Cc
2024-02-15 23:37:48 [WECHATBC_MAIN] : @bb33498a6e4b135839eeec7d9c5f2883:GoLink加速器
2024-02-15 23:37:48 [WECHATBC_MAIN] : @c0ff10c93963ffa462a3bc8cbb8bb62ec619812768c44d6acdb7052386152592:/
2024-02-15 23:37:48 [WECHATBC_MAIN] : @f4bcbdfa70f8622d4fa6a706fd44cfe6132fb6190e192787b708679e86e9412e:发财小掌柜<span class="emoji emoji1f4a1"></span>
2024-02-15 23:37:48 [WECHATBC_MAIN] : @9c8a207ce8df2db46aaa05b4a5e7184f37aa1db4283c467243ef72b1c7a0711c:AOO࿐努尔 诚信经营 花呗金融
2024-02-15 23:37:48 [WECHATBC_MAIN] : @1bbd57d555273c3a1c80f8501e5072acd7a2aa90bf8750f9d70c5f04c8c8ab07:湘橋春漲
2024-02-15 23:37:48 [WECHATBC_MAIN] : @58192132581a953a0f1b67edf20bba3e4189ff1f3d87f77300f3ad271c79af3e:【千浔】Ms.傅
2024-02-15 23:37:48 [WECHATBC_MAIN] : @a14296c7d966b3e3a8d3ca43dee8b4925e811993e92f492e8d8df4aaa2a6bb0f:要好好吃饭
2024-02-15 23:37:48 [WECHATBC_MAIN] : @23d2b2bed43da4d07f2ca8b3e91d8e32df14a05b311264329f6f383d4fa24498:二友照相馆（总店）
2024-02-15 23:37:48 [WECHATBC_MAIN] : @e1c225925b092d671be48a4d27295a589d751455245d94cb59c4fa49a3f44599:A 中联电讯   郑灿伟
2024-02-15 23:37:48 [WECHATBC_MAIN] : @5ca3b0cb20d47378aa2ba898076d9e02038c2cf8ea5e7e5889297529b205a3d7:听岛屿.
2024-02-15 23:37:48 [WECHATBC_MAIN] : @2c3bc9db7e261a5718512b6d1a6023fc270fcc731e00f1427963a32bb69a3cd3:.
2024-02-15 23:37:48 [WECHATBC_MAIN] : @ccb77c95a99776936d7e80f9d4f3d25f:治愈读白
2024-02-15 23:37:48 [WECHATBC_MAIN] : @@385cd6a6209c449d1088d0a211cf32a98d62f688db6b4b3f9e3cf5f16ea50d29:森鶴教堂<span class="emoji emoji26ea"></span>
2024-02-15 23:37:48 [WECHATBC_MAIN] : @f24ac85f5a55a8ec09e8c24f498e532ca087fbf7bbf94dcc028c4f765764f7e7:群管理
2024-02-15 23:37:48 [WECHATBC_MAIN] : @debdf7632a8f76335fee7ace930cd8cb0136482c3f26a43e4fdfb55516d86cc6:玉宇
2024-02-15 23:37:48 [WECHATBC_MAIN] : @3e0770b57afa24a8bc808e9494810061f7b13bf7033e44c1724ce3245b31be18:buo
2024-02-15 23:37:48 [WECHATBC_MAIN] : @b33a86bedc0833ea8a1db701eb4cf977:i志愿
2024-02-15 23:37:48 [WECHATBC_MAIN] : @64d4e3fda89d3b633ca9fb5d3149cb45:易博通eSender
2024-02-15 23:37:48 [WECHATBC_MAIN] : @7e1d6644e5755067a4b6a9e3dc88a91b:php中文网教程
2024-02-15 23:37:48 [WECHATBC_MAIN] : @4f189e878ce0e0d289bf86faaece3066:异次元APP软件
2024-02-15 23:37:48 [WECHATBC_MAIN] : @c9ba88cb8628f53567dd598ec3ec549e511dd61d0a5f1b7f2a41c2df1e85a3e5:若瞳君子
2024-02-15 23:37:48 [WECHATBC_MAIN] : @fd14ea3b70c3fa437418f1c0b0713d46576e155340d78b79afca741c29299bf7:VIP
2024-02-15 23:37:48 [WECHATBC_MAIN] : @c7d5bc2d59cdfa1e41bf0e9c6d942098323002ddcb5c7914d02a426390fa956b:<span class="emoji emoji1f6b9"></span>
2024-02-15 23:37:48 [WECHATBC_MAIN] : @abdaef487049059a7ebd44ac542b5fd9422cbd8cc5771dd1680f785efeddb2ad:早川秋
2024-02-15 23:37:48 [WECHATBC_MAIN] : @21ba882db8612037fd655d2ad6756366236fe3c3f0bf41691be838f96964f655:XOYUFI
2024-02-15 23:37:48 [WECHATBC_MAIN] : @1ab353569abc4e8db1e9f43e27df9270:源码阅读网
2024-02-15 23:37:48 [WECHATBC_MAIN] : @4802b245fd4d07db25296eae22b11ebd5908eb802644f0a1d2fac00643fff18e:A㍿࿐黑人校⃣長⃣ゝ诚信服务
2024-02-15 23:37:48 [WECHATBC_MAIN] : @297f92f9a85b6938df73a3e00a4c62e6274245140be96427bd21f658aa3aa9ab:Rime
2024-02-15 23:37:48 [WECHATBC_MAIN] : @85510ca44fff571211756b147c52c9c5bc706a5eb49b93b50b6d60d76e1e26ea:ིྀ
2024-02-15 23:37:48 [WECHATBC_MAIN] : @1427bbc8cb61ebf09eb9512def5f56622aa3d1ae602999d5356bdc42603fb52b:.ayu
2024-02-15 23:37:48 [WECHATBC_MAIN] : @562bc6ccd6d90ba92b1f4705b878179bcfbb14dbee58b68f02ff426f52293f26:Sherry
2024-02-15 23:37:48 [WECHATBC_MAIN] : @68a86348e166fd0cdf94cb3e2fbe69cacf14abaa80a26c84d41ff88cbfd3f21d:22
2024-02-15 23:37:48 [WECHATBC_MAIN] : @5582a7ff9fc361c850b5e0d516786b4b:zl     <span class="emoji emoji1f4a6"></span>
2024-02-15 23:37:48 [WECHATBC_MAIN] : @6c3b23c7e563dcdcc515b337d158adbf05755c2f8cd3a10f68f19170aae38884:莹^O^
2024-02-15 23:37:48 [WECHATBC_MAIN] : @b3077bf670fb31d8fd4da67425e20512fc045a81214770d792133a0e4c6d32d9:江尚
2024-02-15 23:37:48 [WECHATBC_MAIN] : @330007cfb741251173186c43b13013a6f4383ec327ad56982730e502255c2cdf:Boy。
2024-02-15 23:37:48 [WECHATBC_MAIN] : @943c2904f02c81585129e5ab88ebc22330d056dab8cebe7a7673c5b01c664e87:DLx
2024-02-15 23:37:48 [WECHATBC_MAIN] : @c390d1946abcf8aa6909e19c87a0df81a149897d0369ed02a3840556380aa519: 繁華若夢
2024-02-15 23:37:48 [WECHATBC_MAIN] : @fe8ff34e71493a0abf07dad55ad075645fc3f16302b703666b9649725a139d8b:qi
2024-02-15 23:37:48 [WECHATBC_MAIN] : @95b5083c2f99192e0aefd4b0e5e14b77f6f2e7758336e0bb8bdfe29dbe8d39d9:怎么取一个正常点的名字
2024-02-15 23:37:48 [WECHATBC_MAIN] : @a062282d751429faeffb6d56f2e7e0dae3b103263496097576b4c4e1ca786320:Jammer
2024-02-15 23:37:48 [WECHATBC_MAIN] : @35d46b2aeeb967c4006602b5005321d0:你的生活我的梦想
2024-02-15 23:37:48 [WECHATBC_MAIN] : @fc21ebd30dbc71fc5df0448dce4a3f2fb19a453af5c069419c9a01c02b1b4ec8:1
2024-02-15 23:37:48 [WECHATBC_MAIN] : @efdc0a0f4c2b0f86db59d85769b83e2e:广东建院消息
2024-02-15 23:37:48 [WECHATBC_MAIN] : @a1987d1d78d58e7dcaaa29cc934ee3a1:魂之乐享
2024-02-15 23:37:48 [WECHATBC_MAIN] : @cddcaf8eca6b0c44d0a452ed9f330d80c6a068378b014795356edef7d13320e9:远晏
2024-02-15 23:37:48 [WECHATBC_MAIN] : @17303b232d3751f719689ff22481c9b2a3f9e9558aaa8ac7a99bbc57ab4135dc:杰
2024-02-15 23:37:48 [WECHATBC_MAIN] : @87e24e065182a65c21c8ddaaebfd23db811484315c4e7f0c7cd0c9d7619ea671:泽玲
2024-02-15 23:37:48 [WECHATBC_MAIN] : @d8f3917df454ac6e634db988f6182e97944667f46f38c90cd5a97e38f67cb316:杰
2024-02-15 23:37:48 [WECHATBC_MAIN] : @749f5f7321c60962185a147991415fb8305366db4f39c372aa667524da1af80f:娇的名
2024-02-15 23:37:48 [WECHATBC_MAIN] : @96a3b2a21c3113b9053f4656fc675429fcbfb015417488176fabbd3245fafa9f:木讷
2024-02-15 23:37:48 [WECHATBC_MAIN] : @6fbadf10e974ebe31536b41ea78ba5da3c173049c72598f70e18c65d7e7d64e3:计划师-可心
2024-02-15 23:37:48 [WECHATBC_MAIN] : @9d9431c3f2bddc199facb300a11573709a0b8ad7a75830319a03ef6c19e0d8d8:莹^O^
2024-02-15 23:37:48 [WECHATBC_MAIN] : @f1084fa36e0d102b49e47b73a40e4b69:京东白条
2024-02-15 23:37:48 [WECHATBC_MAIN] : @3a369e4bb330060f4d0e5c2adf940818:外卖券摸摸所
2024-02-15 23:37:48 [WECHATBC_MAIN] : @41f114ff7682297088f5d0a6802df2f2:余熙小灶
2024-02-15 23:37:48 [WECHATBC_MAIN] : @0f1f055c0495ea5bcb545c418a42f41ff7fb117cac2d0dbfc6aa5947d5621bf5:曦热
2024-02-15 23:37:48 [WECHATBC_MAIN] : @d2735260e7b7ed95b3934cc2252615e9d719db5b6fa6a3e3ec0b8ba60d443555:2z
2024-02-15 23:37:48 [WECHATBC_MAIN] : @99c1e214c8615e5d131a999e04e2d4bfc909e5a307abba9b0b25ae001740a243:Blank077
2024-02-15 23:37:48 [WECHATBC_MAIN] : @05472813c127ffcbbb50c54508fbdc6e93c5a9e1a41c60e482fac59eabccacfd:🥷
2024-02-15 23:37:48 [WECHATBC_MAIN] : @35aebd9fca4fc1cc18f7f7bf2bb7d0043cb3b34473715e78defaa07d364ad45a:两英微帮信息推广网1
2024-02-15 23:37:48 [WECHATBC_MAIN] : @d8b5dd7f44c479808b6652f1089de259fcd8e47ca062abe6b8a38acf55be0f18:K.
2024-02-15 23:37:48 [WECHATBC_MAIN] : @19c015ff740fbf57027b5f60325ebbf2541a6ba53a9b52d2596e20eff9a5a367:啦啦啦啦
2024-02-15 23:37:48 [WECHATBC_MAIN] : @7a09cee2d9c01bfa3d5134495f95cb19:泡泡加速器
2024-02-15 23:37:48 [WECHATBC_MAIN] : @3a584fa471667de2a9578b58441b9c125f7daeda2f9be4df4632176763f2d065:滥情g.
2024-02-15 23:37:48 [WECHATBC_MAIN] : @aac7199dd006f139d1eebef8aa0cf37d:老廖
2024-02-15 23:37:48 [WECHATBC_MAIN] : @abce9397dc1a779a0ad0d12b959adf6a7f156517397ded7385504a8b6b1edfde:🧐
2024-02-15 23:37:48 [WECHATBC_MAIN] : @52401868e95674631be74fd800a309413e99c9900919c715342dd12b643e4cf9:振袖秋风问红叶
2024-02-15 23:37:48 [WECHATBC_MAIN] : @ef9dcde4f64ca4ad8b4b8c454d8fb754d527b9b97741a78066c367bb003f6c1b:！
2024-02-15 23:37:48 [WECHATBC_MAIN] : @10d599c47efcab1f28534c2dd1ee4a2b3286925b65e441a49b0175c063edb901:-
2024-02-15 23:37:48 [WECHATBC_MAIN] : @46b5afb05f58c94fac6c59b55e24db3d:网易UU加速器
2024-02-15 23:37:48 [WECHATBC_MAIN] : @5933002b7a5ce5adf312510afc3166929d8b347f711eccfd1af9442621d20498:兄弟酥面店13322746671
2024-02-15 23:37:48 [WECHATBC_MAIN] : @2eff54e777a88446fa6568bb64a8eed277abe319579ee194c4169608b1a9a54a:碎星辰<span class="emoji emoji1f1e81f1f3"></span>
2024-02-15 23:37:48 [WECHATBC_MAIN] : @268ddb367df65d696f9ef524fb00ce384d69295d1fa0280b726e28779aa8e3d3:利
2024-02-15 23:37:48 [WECHATBC_MAIN] : @8ac7318befc2f88164f47ef1fe08c1d0fc1e894166446b94f7cbbf9c2078e637:晚风
2024-02-15 23:37:48 [WECHATBC_MAIN] : @57dffe17a8b1d980b4c9146152070560:NS大玩家
2024-02-15 23:37:48 [WECHATBC_MAIN] : @88dfc1db2eeacd1b608217514a5afb8717127fc38c01adbbacd733e2f953e3be:aJin
2024-02-15 23:37:48 [WECHATBC_MAIN] : @8aa815c4a627aafe21f1e1f81289efcf68f04e21149c60625ad27fc29f8b7691:广州鑫顺  专做美系单项件
2024-02-15 23:37:48 [WECHATBC_MAIN] : @520c0ba3987ea05fd654be239ed3da1d28e6cbdff1105f3ba5defcd9bb25013b:zzzsh
2024-02-15 23:37:48 [WECHATBC_MAIN] : @bdae980e0da0d99ac4912b760db2340c6e7411c1f4ccc31502b300a04ffd5d1a:榴莲
2024-02-15 23:37:48 [WECHATBC_MAIN] : @ea03138bc7a0ba6d707a32fdeab34ac0:后浪俱乐部
2024-02-15 23:37:48 [WECHATBC_MAIN] : @22dd3ca0b6f49fe3fac77dda73ffff25bee7eef38417697884b8b943cfd03ff8:你滴男妈妈
2024-02-15 23:37:48 [WECHATBC_MAIN] : @9ae5ba26030bf4fa1681137ce1c04f63:Joker.
2024-02-15 23:37:48 [WECHATBC_MAIN] : @a9e93a406e853ca5f09e75e3b82255a1:耳根
2024-02-15 23:37:48 [WECHATBC_MAIN] : @6ee0edcaabbf4337834246bf693965e800e386d2a20fee2fa537496321814bbe:今天想我了嘛.
2024-02-15 23:37:48 [WECHATBC_MAIN] : @f293616de54b713ace23bfb53e509ea986f1cbe5cc7dc620496c809d30c2e6f7:广东青年
2024-02-15 23:37:48 [WECHATBC_MAIN] : @1fe3300b55274e43c219813c042b9f106e4e28c1936dc04f68c34a2357e1ede2:Aloha
2024-02-15 23:37:48 [WECHATBC_MAIN] : @6ac861649eb2c363e9f22e004791d2de22f36ae6867393c531537ad18326161a:三三
2024-02-15 23:37:48 [WECHATBC_MAIN] : @ed3fd715052c93b346c9de50d6bc7c38:天蚕土豆
2024-02-15 23:37:48 [WECHATBC_MAIN] : @3dc2442281a9aaefe7af36d2462805e6d95736b2c2b07f8c2ff0193a595da71a:ᯤ⁶ᴳ
2024-02-15 23:37:48 [WECHATBC_MAIN] : @540076c39904dc3c3eaec912f6297c6beb4a131fcd91a4b3c6d022737552e7b2:ᥫᩣ.
2024-02-15 23:37:48 [WECHATBC_MAIN] : @4e0d5b67dff73ede50fe3335afcbd008dce42adaca19a8154dff7b4b00c62ff0:<span class="emoji emoji1f525"></span>Sparks
2024-02-15 23:37:48 [WECHATBC_MAIN] : @d8baf173589cf701ddccc840237c9d9b88d8d129b774ae761ac7c7725b3a741a:顺风
2024-02-15 23:37:48 [WECHATBC_MAIN] : @3f8548be8fa3266ab9aecafcc53258d75ceb4e74a3c1286e7a4a3b4843d77951:拉勾为什么要上吊
2024-02-15 23:37:48 [WECHATBC_MAIN] : @eecad56982343e4dce94b140d7b96a22e3e283f79b0c315390a97426fa53a434:...
2024-02-15 23:37:48 [WECHATBC_MAIN] : @6e6d82f559a262e040cd5ef48590d906b86ad50bb291177d5b5dd615cc3cd9be:AT
2024-02-15 23:37:48 [WECHATBC_MAIN] : @42b5184f5a23bd17fa6fe041ca3d1bb81724a55d4c81de9fda1df41bee9e0837:宝藏
2024-02-15 23:37:48 [WECHATBC_MAIN] : @81a0c4c2568c77f947c0ab28ea0998b1:agiso自动发货
2024-02-15 23:37:48 [WECHATBC_MAIN] : @cd6c7faaf2f3313ac51b113e53f40a398d9e343bb90b7cb64b39e00bb3d21dff:H
2024-02-15 23:37:48 [WECHATBC_MAIN] : @cac606dc774caa95209225765ee2886c2c94e1ceb3df0b5427351ea7a68a064a:独人13
2024-02-15 23:37:48 [WECHATBC_MAIN] : @919e4cd5069f6244bde2600f30f4dc294d1fd8cced1c577593e098c04c69fd9c:樱桃🍒
2024-02-15 23:37:48 [WECHATBC_MAIN] : @ad5b9405c5bd5d21f3fdd66f5fcd619353941f19dd72c335ffd2521a476db8e8:Peter烁
2024-02-15 23:37:48 [WECHATBC_MAIN] : @ab8689540170d16c07c0cc24ed239b42584caad89b92cfc72cc0576737da255f:莹^ω^
2024-02-15 23:37:48 [WECHATBC_MAIN] : @64b0a3418712ff03836ef0836b2090aec499b3a456d98969a62b94cd2713b85e:Jeff
2024-02-15 23:37:48 [WECHATBC_MAIN] : @f69b9fab75f4da64703b369809d06b6c:广东中职菌
2024-02-15 23:37:48 [WECHATBC_MAIN] : @8d2de76b1056d80500aaa9951a779b81a0248c416bc02416d07b98d3a59e5f36:星光
2024-02-15 23:37:48 [WECHATBC_MAIN] : @79345b192345f3c1e082eb9b16fac884b0509fb6bc1a07f03917ace856a05974:0.2℃
2024-02-15 23:37:48 [WECHATBC_MAIN] : @163b929b223653e54dd83f5a2700be37:转转
2024-02-15 23:37:48 [WECHATBC_MAIN] : @98a37f1843a30b4e1c7be354c0259c3b2e8d6169ba1f2fcfa373523e7cbb3fec:汉宫
2024-02-15 23:37:48 [WECHATBC_MAIN] : @f7cb6a7305cad5fe10055f89989af1ac95fa88bd7a2fbcf03f3a78ca3c9c259d:ㅤ
2024-02-15 23:37:48 [WECHATBC_MAIN] : @ae53211387ac6e83db898b94c935cd42:三叔软件
2024-02-15 23:37:48 [WECHATBC_MAIN] : @0c28838e1dee77f2fb77179fae35032160176a49bebba85c5f387c3ab970c469:譚咏麟
2024-02-15 23:37:48 [WECHATBC_MAIN] : @@aa09a8a9282484057cb046cc54d5d5a7baf803cde430348c666e18ae736f8513:z,zzzsh
2024-02-15 23:37:48 [WECHATBC_MAIN] : @748730594346156e3e080b00c47a22eb:平颉机械设备13223903675
2024-02-15 23:37:48 [WECHATBC_MAIN] : @d2cd913c379db9b2cd52533688635858444797d3d275b82279408e17bddc9155:羊妹妹. 💭
2024-02-15 23:37:48 [WECHATBC_MAIN] : @609342bfea15eb2acd7079227676e655e2128506ecdaa582a350016e98253c5a:培
2024-02-15 23:37:48 [WECHATBC_MAIN] : @cb57b2f3ef2f505fd54310b88e39e3e8cdf75297941db1f02c3682b8076b06d5:瘾
2024-02-15 23:37:48 [WECHATBC_MAIN] : @9b630f9a962b06e4e8c48c0bc0984b70faceb3811f99b72e79ac922874d313d5:<span class="emoji emoji1f361"></span><span class="emoji emoji1f361"></span>
2024-02-15 23:37:48 [WECHATBC_MAIN] : @bf00ba905421ced67b9a26ac66dad6634214fcb6d15188da9e18bc63ade517c1:光星网咖 (营业中）
2024-02-15 23:37:48 [WECHATBC_MAIN] : @598f9f4dc6cb1f224cf20bb527106a65:中职生
2024-02-15 23:37:48 [WECHATBC_MAIN] : @e44534f9b668922d7dde8a34a692bb22adc09e3a386c2221b9e07e72780de004:月<span class="emoji emoji1f377"></span>
2024-02-15 23:37:48 [WECHATBC_MAIN] : @b2894364e5584de8a31f7c3ef12a468ae52fb5e7b70ef9d60e28ef6f24c7979d:-
2024-02-15 23:37:48 [WECHATBC_MAIN] : @1e3e66dcc13bc705efc870cdc11e09d4:鲁班大叔
2024-02-15 23:37:48 [WECHATBC_MAIN] : @588b479d67ea14c77beadca18d711aa031fc33619cde0c6f41cdebfdf52c91be:.
2024-02-15 23:37:48 [WECHATBC_MAIN] : @07e254694b1d56e8997eab07ff1e1cb3bfe86f59093043f16d91400cb7d04b03:<span class="emoji emoji1f631"></span>ི<span class="emoji emoji1f60a"></span>ཽ周晓明
2024-02-15 23:37:48 [WECHATBC_MAIN] : @ae468564173493f9c001dbe77c464695562f51ac3b3dcc43bfbd93b15c4fea8d:标顶洞人🌝
2024-02-15 23:37:48 [WECHATBC_MAIN] : @035aa08ae0cb5e7537869611084481099a807cd8a3714f359365901c63c62d45:彬
2024-02-15 23:37:48 [WECHATBC_MAIN] : @2891525e4b8ac1d256c16719db13b7eced1298f6ccd75d6c30fe1345ce4126e3:Coast（2.1号放假-2.19上班）
2024-02-15 23:37:48 [WECHATBC_MAIN] : @ff0cd5075e6bf96fc7c3e70322c5ac6d01af2fceecea63a8e9936d140f2fe796:<span class="emoji emoji1f525"></span>
2024-02-15 23:37:48 [WECHATBC_MAIN] : @c1d262721ab3de0765b787ad26bb6029e2f84da362c55b37af180e152efce28f:安逸
2024-02-15 23:37:48 [WECHATBC_MAIN] : @06dca14595ea313908636ba469ae88a9:外卖有多少
2024-02-15 23:37:48 [WECHATBC_MAIN] : @96c40e434e95cc92ee829d9013ca7cde:特摄资源共享
2024-02-15 23:37:48 [WECHATBC_MAIN] : @ec9fd22a7ada7582358ee5d1c89bebc5f90870f8acf441108bcb50e45dfb23a3:小鹅
2024-02-15 23:37:48 [WECHATBC_MAIN] : @e285406959f0acc61bf5048655a23ad9a1184a89e88a357e3b8040986f9b508e:FyG
2024-02-15 23:37:48 [WECHATBC_MAIN] : @fbda3892235ca4440927cb407663f888bb642f3d4dfbe09bb23ac68959662138:h.
2024-02-15 23:37:48 [WECHATBC_MAIN] : @366cc8542be25bcc18742883901571c99c4d424d5e29d9c1c838e8ecfb90fd31:美宜佳
2024-02-15 23:37:48 [WECHATBC_MAIN] : @b2e1d48b0d8c5c36671c17b27e8b65a9:酷猫电竞网咖联盟
2024-02-15 23:37:48 [WECHATBC_MAIN] : @fb796206d7590611a6ce7ac9e3594a86:志愿者
2024-02-15 23:37:48 [WECHATBC_MAIN] : @2282fa525ee23aacf006b95970119c37:小呆加速器短租
2024-02-15 23:37:48 [WECHATBC_MAIN] : @74be1b720e8d269b3899d577c7e85a8f3a9eca6756782c283de840fa2bf3fbd4:寿～
2024-02-15 23:37:48 [WECHATBC_MAIN] : @87f39a696aa57899e2a508f941b60f7095f44448eaba2bb28ca466e0f55ef480:鱼七七
2024-02-15 23:37:48 [WECHATBC_MAIN] : @200da895ff1a3978b7fdc4731da22aaf9bbea88b83891f84eb8b457c1ba08d45:岁月无声
2024-02-15 23:37:48 [WECHATBC_MAIN] : @ec4abfba32d36b88ea1842b77436d697:蒸汽游戏
2024-02-15 23:37:48 [WECHATBC_MAIN] : @4dca6ab2bbf5eac7af11ea206d3559ec235a4a8d66412d5dc38e43ed599bd968:北
2024-02-15 23:37:48 [WECHATBC_MAIN] : @4e5d38466932d38248a78ef3bc619cad949a89f86d0f98ceca7e8b3a54e52a38:彭老师
2024-02-15 23:37:48 [WECHATBC_MAIN] : @1f25ecc45b9d7082967856e0e6e8d16ad00fbedb213d8fa4d6c9a5b998fd8845:大海我的故乡
2024-02-15 23:37:48 [WECHATBC_MAIN] : @710977fd46c0a9ab2d796451900235ccb8cf6100343d9bbdd8400064f523b635:懒人
2024-02-15 23:37:48 [WECHATBC_MAIN] : @8bdca64926d0167c6913b303fe9120d4e01e3ec80e19b832e7ccaa13bf86a8d8:Z.
2024-02-15 23:37:48 [WECHATBC_MAIN] : @6c58e1765e478e2137cc32c219c18fbf:抠鼻子Kobez
2024-02-15 23:37:48 [WECHATBC_MAIN] : @70286d51f4f1137210c9bf026f0f674fd4ca40ddb6074ef6b5458fec3247d502:+🥚
2024-02-15 23:37:48 [WECHATBC_MAIN] : @f69f2311aeb0bd97f5362ae8dc99766b82941957e8d8ec0a6e2f63437bfd39da:  
2024-02-15 23:37:48 [WECHATBC_MAIN] : @e4f5d37a1c5caa6444d9077d774e76786f0c86a6de6e59e35ff338de75f3719c:春雪
2024-02-15 23:37:48 [WECHATBC_MAIN] : @e5a27dd477710430de345f1cfa650942:韦一同说
2024-02-15 23:37:48 [WECHATBC_MAIN] : @1f42d2d4b2b215d1f89321422dfa52b42218e56c5d3191b1dfeb46a896b4c2af:觅雪班导
2024-02-15 23:37:48 [WECHATBC_MAIN] : @dc04e1f9203811be2e8e3d3b0f009e26991909eec49310c581a208895bd18838:xzt
2024-02-15 23:37:48 [WECHATBC_MAIN] : @3f9511ba56797aa4268ca0fd2432ada7:小李万事屋
2024-02-15 23:37:48 [WECHATBC_MAIN] : @68605046bd12dd06f1b493124554d2fcc764c96d2d8b40484ed943fb9966ea72:Nachanka
2024-02-15 23:37:48 [WECHATBC_MAIN] : @d1bcc08af08b37089b4faec9a2d6fe31:奇妙加速器
2024-02-15 23:37:48 [WECHATBC_MAIN] : @c5bfea4381610c9b168989d067187493967beec5278b168d0a82e6e167edc068:Diss8c豆
2024-02-15 23:37:48 [WECHATBC_MAIN] : @9c88c7d60accd71af9228169ef58e66ba88f0450ae34e63dc7bf1588c287f4da:陆景桓
2024-02-15 23:37:48 [WECHATBC_MAIN] : @a014e4fe369d587891142828c5839ff2f7aa9772d7d349b8d1a84379a8bd005d:好运常在
2024-02-15 23:37:48 [WECHATBC_MAIN] : @a077d87cdad8904bef79a05eea023a55:憨憨羊
2024-02-15 23:37:48 [WECHATBC_MAIN] : @5e54e4f7a63a67f2d30660c138693ee6239518f6147d2a2483557bcc24003d67:p
2024-02-15 23:37:48 [WECHATBC_MAIN] : @26d0e65155a4524537785cc094381c95c40840bcecac3eb0046a805bef2e9cf4:A-河北祝江机床韩冬晓
2024-02-15 23:37:48 [WECHATBC_MAIN] : @3b51f503c8d0c7a917b6bdb1d6ccfd9ea57293f9fc25d84457ca57deebdc9406:顾玖
2024-02-15 23:37:48 [WECHATBC_MAIN] : @a3a0b3531519d6d775f46c7ed6380fd2b54f498a2274fe92d7264844b260ca47:ღ火炎焱燚ꦼ
2024-02-15 23:37:48 [WECHATBC_MAIN] : @b0614bab9e677d9dcd409e54d9ec0ae3358cdc02811c5934695819b69a271289:白云飞（只二维码收米）
2024-02-15 23:37:48 [WECHATBC_MAIN] : @2292dae5133459cfa2c2fcd77041ef58d1258cb89221f03b61d8e5098ca0764d:D。
2024-02-15 23:37:48 [WECHATBC_MAIN] : @8bc90fb299b518f66ca7cb0e94f860787e397cd8e07eefe28059360b7ea9d861:hor1z0n
2024-02-15 23:37:48 [plugin-loader] : 载入了 1 个插件
2024-02-15 23:37:48 [WECHATBC_MAIN] : 启动控制台...
2024-02-15 23:37:49 [SYNC-CHECK] : [msg type] TextMsg
2024-02-15 23:37:49 [SYNC-CHECK] : z>z : 
2024-02-15 23:37:54 [SYNC-CHECK] : [msg type] TextMsg
2024-02-15 23:37:54 [SYNC-CHECK] : z>森鶴教堂<span class="emoji emoji26ea"></span> : 
2024-02-15 23:38:15 [SYNC-CHECK] : [msg type] TextMsg
2024-02-15 23:38:15 [SYNC-CHECK] : z,zzzsh>z : 1
2024-02-15 23:38:19 [SYNC-CHECK] : [msg type] TextMsg
2024-02-15 23:38:19 [SYNC-CHECK] : z,zzzsh>z : &lt;msg&gt;&lt;emoji fromusername = "xxx" tousername = "xxx" type="2" idbuffer="media:0_0" md5="134b39d688f9755f9ea6ff6798cd39e3" len = "44886" productid="" androidmd5="134b39d688f9755f9ea6ff6798cd39e3" androidlen="44886" s60v3md5 = "134b39d688f9755f9ea6ff6798cd39e3" s60v3len="44886" s60v5md5 = "134b39d688f9755f9ea6ff6798cd39e3" s60v5len="44886" cdnurl = "http://vweixinf.tc.qq.com/110/20401/stodownload?m=134b39d688f9755f9ea6ff6798cd39e3&amp;amp;filekey=30440201010430302e02016e0402535a04203133346233396436383866393735356639656136666636373938636433396533020300af56040d00000004627466730000000131&amp;amp;hy=SZ&amp;amp;storeid=323032323031323032303235333130303034376666383132393765373037373436313838303930303030303036653031303034666231&amp;amp;ef=1&amp;amp;bizid=1022" designerid = "" thumburl = "" encrypturl = "http://vweixinf.tc.qq.com/110/20402/stodownload?m=eed97e7b19e253de92763bacf024b85c&amp;amp;filekey=30440201010430302e02016e0402535a04206565643937653762313965323533646539323736336261636630323462383563020300af60040d00000004627466730000000131&amp;amp;hy=SZ&amp;amp;storeid=323032323031323032303235333130303035343132623132393765373037373436313838303930303030303036653032303034666232&amp;amp;ef=2&amp;amp;bizid=1022" aeskey= "210c5ee3138e450787d14f2c9553bac8" externurl = "http://vweixinf.tc.qq.com/110/20403/stodownload?m=c1df17ec22cea85cbc7a0ff243e0c573&amp;amp;filekey=3043020101042f302d02016e0402535a0420633164663137656332326365613835636263376130666632343365306335373302024ca0040d00000004627466730000000131&amp;amp;hy=SZ&amp;amp;storeid=323032323031323032303235333130303036316433303132393765373037373436313838303930303030303036653033303034666233&amp;amp;ef=3&amp;amp;bizid=1022" externmd5 = "244face2688234168f00d7864979956c" width= "640" height= "579" tpurl= "" tpauthkey= "" attachedtext= "" attachedtextcolor= "" lensid= "" emojiattr= "" linkid= "" desc= "" &gt;&lt;/emoji&gt; &lt;/msg&gt;
