2024-02-18 07:03:27 [WECHATBC_MAIN] : 已扫描二维码，请确认登陆
2024-02-18 07:03:38 [WECHATBC_MAIN] : 已确认登陆
2024-02-18 07:03:39 [WECHATBC_MAIN] : 已取得登录信息:
2024-02-18 07:03:39 [WECHATBC_MAIN] : BaseRequest(uin=281175185, sid=Lx71anWIAwbNu7PU, skey=@crypt_c1a555a6_4080b9a8320c8e0213e252ccad6bcfc7, deviceId=e845049888683687, dataTicket=gScjYL7FxA+NPdj4cm/E4x4P, passTicket=tOuRxUPB0aMReKNZO5I4uwFHiNfoJP%2BgnpOguk%2FxVZ7SzIzg9yLV%2BQcOzm3oj0CkzbfAaXhkdhzQAuRfE6U08Q%3D%3D, authTicket=CIsBEMTG/sYOGoABm7HBnYxazVa+JC6sLeghutw9xx1lbpKOD1Eoo/dbogVAJhkodkskbOazdMbTnxq1fhV4rZYikQgRFrPZwZT45UYJzY7OOmf5DywbCJJ/dPMPxJ7maMYbotrS8WvglzwYMnrE7L+8z7YU62wifvU70qIFOdT4EwiPkmJ/wX0/OWE=, initCookie=[wxuin=281175185; expires=Sun, 18 Feb 2024 11:03:38 GMT; domain=wx2.qq.com; path=/; secure, wxsid=Lx71anWIAwbNu7PU; expires=Sun, 18 Feb 2024 11:03:38 GMT; domain=wx2.qq.com; path=/; secure, wxloadtime=1708211018; expires=Sun, 18 Feb 2024 11:03:38 GMT; domain=wx2.qq.com; path=/; secure, mm_lang=zh_CN; expires=Sun, 18 Feb 2024 11:03:38 GMT; domain=wx2.qq.com; path=/; secure, wxuin=281175185; expires=Sun, 18 Feb 2024 11:03:38 GMT; domain=qq.com; path=/; secure, webwx_data_ticket=gScjYL7FxA+NPdj4cm/E4x4P; expires=Sun, 18 Feb 2024 11:03:38 GMT; domain=qq.com; path=/; secure, webwxuvid=b0c1512a3960be8895dbe4551510255d42a23f363af78feb27e44244358b549c7f74598547acd9a322a2fee027cae801; expires=Tue, 14 Feb 2034 23:03:38 GMT; domain=wx2.qq.com; path=/; secure, webwx_auth_ticket=CIsBEMTG/sYOGoABm7HBnYxazVa+JC6sLeghutw9xx1lbpKOD1Eoo/dbogVAJhkodkskbOazdMbTnxq1fhV4rZYikQgRFrPZwZT45UYJzY7OOmf5DywbCJJ/dPMPxJ7maMYbotrS8WvglzwYMnrE7L+8z7YU62wifvU70qIFOdT4EwiPkmJ/wX0/OWE=; expires=Tue, 14 Feb 2034 23:03:38 GMT; domain=wx2.qq.com; path=/; secure])
2024-02-18 07:03:40 [WECHATBC_MAIN] : 已初始化微信信息:
2024-02-18 07:03:40 [WECHATBC_MAIN] : 用户信息:
2024-02-18 07:03:40 [WECHATBC_MAIN] : Contact(weChatClient=null, uin=281175185, userName=@508428331b1f2bc4ec18fe1372bb6719435c49aa06414be61db406492a313a9b, nickName=z, headImgUrl=/cgi-bin/mmwebwx-bin/webwxgeticon?seq=2122063642&username=@508428331b1f2bc4ec18fe1372bb6719435c49aa06414be61db406492a313a9b&skey=@crypt_c1a555a6_4080b9a8320c8e0213e252ccad6bcfc7, contactFlag=0, memberCount=0, memberList=null, remarkName=, hideInputBarFlag=0, sex=1, signature=已换微信 meteor1913103, verifyFlag=0, ownerUin=0, pyInitial=, pyQuanPin=, remarkPYInitial=, remarkPYQuanPin=, starFriend=0, appAccountFlag=0, statues=0, attrStatus=0, province=null, city=null, alias=null, snsFlag=257, uniFriend=0, displayName=null, chatRoomId=0, keyWord=null, encryChatRoomId=null, isOwner=0)
2024-02-18 07:03:42 [WECHATBC_MAIN] : 联系人列表数量: 317
2024-02-18 07:03:42 [WECHATBC_MAIN] : @efb47192d3edd81a6a5ffa92875d12f01e8672ac069bc6bf8f56483a2d8df8af:欣妍
2024-02-18 07:03:42 [WECHATBC_MAIN] : @eb85fca32d8548d400a15ed9f1ebbe14e32536a86edb2607b786c89e9407e911:懒人
2024-02-18 07:03:42 [WECHATBC_MAIN] : @05cc8d2a960f1a2bcaec8d787399c20170074ce969ca6af1bcf97288bd60b73a:ㅤ
2024-02-18 07:03:42 [WECHATBC_MAIN] : @8ed41248bcc86211b1a2fd6453b6133e:京东白条
2024-02-18 07:03:42 [WECHATBC_MAIN] : @ed149c820d1c689d116721867b959d6f:酷猫电竞网咖联盟
2024-02-18 07:03:42 [WECHATBC_MAIN] : @@0b1dc1b7e93b0ca8979d6eb4b43d1385b9457a063ee3b0d2498e9ed4349fdb6b:森鶴教堂<span class="emoji emoji26ea"></span>
2024-02-18 07:03:42 [WECHATBC_MAIN] : @21fcd84aa994c1cd53f94b274a61317983a7ed383d78a2121a11cffa11ba7981:。。。。。
2024-02-18 07:03:42 [WECHATBC_MAIN] : @b8ff5a0963fd378029d74279ba0a7830:Su2
2024-02-18 07:03:42 [WECHATBC_MAIN] : @8b08170ffcbf4cc54b2d9a2a2b060b94:zl     <span class="emoji emoji1f4a6"></span>
2024-02-18 07:03:42 [WECHATBC_MAIN] : @9665b6adbe353c96dbcaf870d58623c852342c78962a357f5eb624215ac40980:香奈儿<span class="emoji emoji1f42d"></span>
2024-02-18 07:03:42 [WECHATBC_MAIN] : @25e4c7f8b45d123030edcf52aad99bbe:电脑那些事儿
2024-02-18 07:03:42 [WECHATBC_MAIN] : @9e4f11cc7ab8a265e3f3ae3c79a513d37f868c2573d9d6452e6b279c1f11d37b:ㅤ
2024-02-18 07:03:42 [WECHATBC_MAIN] : @aca90e73e247037c6263568a62ce435d7f5e7dc067dca8733656addd03fe8d15:Sam
2024-02-18 07:03:42 [WECHATBC_MAIN] : @703cedb8efae80dbfdf5bf5e07820fd4:CG游麟网
2024-02-18 07:03:42 [WECHATBC_MAIN] : @700496c2a622dcf204d59a1d6172bb6abff0d7e4f36ff946ee63fc9b0d3b7457:岁月无声
2024-02-18 07:03:42 [WECHATBC_MAIN] : @4ed595f938fb1248c3b0c2f975790b6440ae4f7447d21aaeaf6dd4abe62b671f:计划师-可心
2024-02-18 07:03:42 [WECHATBC_MAIN] : @183e90a35a1ac44cbe291403e3d9957149c84d0261d555e243b569ca422fddd0:Ljh🤩
2024-02-18 07:03:42 [WECHATBC_MAIN] : @cebe7413992a8cf3e7b482277692c544c938b575641962617168ba47ea708ab2:Arun丶
2024-02-18 07:03:42 [WECHATBC_MAIN] : @4647351164fa80b17272632866acc32c3682bd8c515e33fb2ff6f5edae2ddd44:木川金
2024-02-18 07:03:42 [WECHATBC_MAIN] : @@fd27515520f64b2506512ad8e9798c97676ecf8bfa65e928d1bebd9cdfe8cf8d:z,广州鑫顺  专做美系单项件,zzzsh
2024-02-18 07:03:42 [WECHATBC_MAIN] : @06f79d877241eaaeb25172686dbc062963091c6b353a365c0578ddc667055990:小鹅
2024-02-18 07:03:42 [WECHATBC_MAIN] : @1874e322ddb2a50f89f0ac1af9def39a1c6c8d54cbebe4d1fd136be85efece8b:若瞳君子
2024-02-18 07:03:42 [WECHATBC_MAIN] : @da9cc576de6af5e160b682f0213c6658:微信支付
2024-02-18 07:03:42 [WECHATBC_MAIN] : @c339d0b34409b5078d35ff5f6292d790258dce761d01fd0f48a5ddd38c5b4d1b:威廉
2024-02-18 07:03:42 [WECHATBC_MAIN] : @7f9d55fa9e1794c183bcb76ff41ef29666f1db2c1e96f7722f918ab6b148615c:a大白胖
2024-02-18 07:03:42 [WECHATBC_MAIN] : @2d1f82743769dfd2a21e455aeb7828705f4894edeb11d9732aab3e2c18f611c3:Rebirth
2024-02-18 07:03:42 [WECHATBC_MAIN] : @71b9e2cc2c42b3551aceeacfa14392de53550035ba2e9eff0f1d625d22fc364f:XOYUFI
2024-02-18 07:03:42 [WECHATBC_MAIN] : @bd8b94d8457748cc76c8c97f70858bcf43c26d4c488bd737559e60f9db0cb13e:三三
2024-02-18 07:03:42 [WECHATBC_MAIN] : @407ba026a0a12fc6dafacecefb3f0d27:特摄资源共享
2024-02-18 07:03:42 [WECHATBC_MAIN] : @07dfffa5910db44bef33ce425fbb3f7e:泓记
2024-02-18 07:03:42 [WECHATBC_MAIN] : @12ba14fc333fbecebf99f53eca06d6b537e93673c02e5ae723c1c64255497e41:A 中联电讯   郑灿伟
2024-02-18 07:03:42 [WECHATBC_MAIN] : @ee7a24722f2bf0873742c6f4505817729de6205d792de1b56eae478f6e1afb84:北
2024-02-18 07:03:42 [WECHATBC_MAIN] : @a675953c10aeb3ffecacc37abcf1a04a632b6358ee722263e9230a08e7d30f95:NOBODYLIKESME
2024-02-18 07:03:42 [WECHATBC_MAIN] : @0d5d1649c435b93edea5702903d0e865:小星星资料库
2024-02-18 07:03:42 [WECHATBC_MAIN] : @8e70bb743743c8c00281c309df56252363d339540c07867a2ed175146cb1eea9:Aloha
2024-02-18 07:03:42 [WECHATBC_MAIN] : @b8cadc055b4e34cc6f114a997ed6a5dc5e0d1bd6d16aabdd43c90c64e0570e32:独人13
2024-02-18 07:03:42 [WECHATBC_MAIN] : @60b9e6f4122214d23ed2b69d2acabea65bb2dc967c82c6330b76764e62716a9e:利
2024-02-18 07:03:42 [WECHATBC_MAIN] : @@307623e3100d4acd1f2956607acb5b58db2dae8543a54a9f25debf45fced7999:振森鸟的秘密
2024-02-18 07:03:42 [WECHATBC_MAIN] : @d25aaecd33e342a9492c242e1d2a99e53e91e3ce1846d4c55326ad8ade529a7f:Sherry
2024-02-18 07:03:42 [WECHATBC_MAIN] : @5e2bc42cb7897e36b3a3496a125a5c172e09fd84c1af252095751708821a1ca7:彭老师
2024-02-18 07:03:42 [WECHATBC_MAIN] : @28103f6673a677d05a79c42f54b0bb4963c195813673cb89b4ddb1010348a5b6:胖胖的孙某人
2024-02-18 07:03:42 [WECHATBC_MAIN] : @dac913c5b94ef6821edd83f1d0e34c4817e8609dcac1702c317141df7f4b923c:芜湖
2024-02-18 07:03:42 [WECHATBC_MAIN] : @61bde89c1f94d99084b35d74ecf7ca2d69977b5d4b790c6617dc80bf3f5e0d29:干净
2024-02-18 07:03:42 [WECHATBC_MAIN] : @966387ccfad086acfe085e924e3dc04f646907b74ed9d01723fa5980fd813b48:陆景桓
2024-02-18 07:03:42 [WECHATBC_MAIN] : @9de607f71ccdb34f354668b5a9192ab5:网易UU加速器
2024-02-18 07:03:42 [WECHATBC_MAIN] : @92df8837d5406e2031a8f1600dcebab4479fff36dc7fede58fdd66a9acdad41d:Cc
2024-02-18 07:03:42 [WECHATBC_MAIN] : @6dc73a6f7145e73a7dc37d5dd4badee2:奇妙加速器
2024-02-18 07:03:42 [WECHATBC_MAIN] : @ebb7025ba6487cd5e965fe4644fa17b061cc554cb79d38f75fc2b59d1c8df49e:冬天
2024-02-18 07:03:42 [WECHATBC_MAIN] : @94f2b6cdbb14be019441c91889d82db18c28f24e05b02214b807ec6955d7d326:Solitude.
2024-02-18 07:03:42 [WECHATBC_MAIN] : @c8a7a5771a8320d811c73401166b3f6d:小智LOGO
2024-02-18 07:03:42 [WECHATBC_MAIN] : @9a7168d64dea95cf32c19cdac66de04f3e239d857cbb641f408adf387265746c:曦热
2024-02-18 07:03:42 [WECHATBC_MAIN] : @28654489dc91fe6294363d606117585820e5ebd8a74135ce70a195f032dedf2d:Diss8c豆
2024-02-18 07:03:42 [WECHATBC_MAIN] : @b2dbfae3c30875708f1e4762f9b02f38:外卖有多少
2024-02-18 07:03:42 [WECHATBC_MAIN] : @a94b3be991cb2fba58fecf5a122f05264a7edbd9c95c6063a7704907fc7647d3:文人武
2024-02-18 07:03:42 [WECHATBC_MAIN] : @f190f4922507a36b34ad7a075abf483a072bd9a0124ced0ca1ba3f162d2e8b53:垚
2024-02-18 07:03:42 [WECHATBC_MAIN] : @1c9776ae2aa01975d8080e6e0df222a536a2d8ab4aa2f79e812bd9bd83e7f950:ღ火炎焱燚ꦼ
2024-02-18 07:03:42 [WECHATBC_MAIN] : @5227f65d3e0a265f279940f64197f0ce9d3d1f162a0748e643872aee1fddc4b5:1
2024-02-18 07:03:42 [WECHATBC_MAIN] : @cb84d67600920d691e5311f1760a0a166936339c774817b0a84c0dbdaedd06ed:22
2024-02-18 07:03:42 [WECHATBC_MAIN] : @f86537121aea630268f333d71d10b6ddfd60272429b3c74deee44b76e2ff52e6:老细肠粉甜品小吃1号店
2024-02-18 07:03:42 [WECHATBC_MAIN] : @a3dcef2fe8a1b7d56f8651815229950a8baaed69a96be0dbb10dec0cc476600f:大海我的故乡
2024-02-18 07:03:42 [WECHATBC_MAIN] : @08a1d2b16b9fe91bcf05a50b79bf8a8c9eb500d9d8d2ec1c9cc1a07024670223:<span class="emoji emoji1f6b9"></span>
2024-02-18 07:03:42 [WECHATBC_MAIN] : @67272181c8f8bc7cc154c2487168134b4668dcad3161de99c41e8aefe52ffd3e:ᯤ⁶ᴳ
2024-02-18 07:03:42 [WECHATBC_MAIN] : @4c8f641bc76d47f3a2b761c89d9cd9251176b1aa9ae3600f1cf1a02e170e92af:₀₃.
2024-02-18 07:03:42 [WECHATBC_MAIN] : @ea8aec460014a230eb7f37d11cbdac463a130231572708e165726508faaea029:榴莲
2024-02-18 07:03:42 [WECHATBC_MAIN] : @6861de68abef78f9580a7d795875505de2eab6a616af4edffc87892a4f243fe7:沉默的小羊羔子
2024-02-18 07:03:42 [WECHATBC_MAIN] : @b99cf99777e4c894c84f92cc2b6dbc3a:熊猫加速器
2024-02-18 07:03:42 [WECHATBC_MAIN] : @d559101b879534f8488cb2c13aa004eda6a250fdd2909a9716c8f3c150b0187e:ᥫᩣ.
2024-02-18 07:03:42 [WECHATBC_MAIN] : @65bf19fff1dccf9ce44066810d78e09b7fd6725c1751ccefc39576cd5c008bba:意粥.edu
2024-02-18 07:03:42 [WECHATBC_MAIN] : @2e973849ef715edfaff05214adc21155cd1b6f1b3fdbc425d982940e7fb11cff:　　　　　　　　
2024-02-18 07:03:42 [WECHATBC_MAIN] : @a2ac77e3cdfff07781052919e3664a4917e079a6d746aeaf09f8c33c4b63443d:AA - 手机电脑 回收 出售 维修
2024-02-18 07:03:42 [WECHATBC_MAIN] : @87680aa1a7afbfa6ece828f2699558ba33cfaf3b500414435493d501f8b8b065:JW<span class="emoji emoji1f42f"></span>
2024-02-18 07:03:42 [WECHATBC_MAIN] : @2ca6e3f6a9372a6d541feac52c28dc7c84da77ff6aea0edb7efb746b3c105912:晚风
2024-02-18 07:03:42 [WECHATBC_MAIN] : @aad06a2ef71617a039cf1402fa7b1dc3:中职生
2024-02-18 07:03:42 [WECHATBC_MAIN] : @eb758c9cb32e6ca3efdd0db82dddeabf431d370a785e1e88cbd316411cf34abe:陈店长
2024-02-18 07:03:42 [WECHATBC_MAIN] : @030bb9d007a9afc098b71e50cdca5028:外卖券摸摸所
2024-02-18 07:03:42 [WECHATBC_MAIN] : @fc5aca56f53c7f5d3e82ed1a21b300e06793881c9aa4998d598d4e8281606511:莹^O^
2024-02-18 07:03:42 [WECHATBC_MAIN] : @50202f80426bf103ae4e68e3faf5b0c655e22986ec3af8848c503be7886b4d79:h.
2024-02-18 07:03:42 [WECHATBC_MAIN] : @c37a0147361e33c795481d3cd09a7d78:广东建院消息
2024-02-18 07:03:42 [WECHATBC_MAIN] : @dadc559c06bdd9e0429e4091dd9f0446459054f4524d3bc7b35ab4770b970562:广州鑫顺  专做美系单项件
2024-02-18 07:03:42 [WECHATBC_MAIN] : @422c1ffbe14d543cade52ad6666c4e2032336c5674e7cbfa11d71803a1bc8dcc:彬
2024-02-18 07:03:42 [WECHATBC_MAIN] : @e75e3ee422f2b03d96b6f67808232877bf8b7f36bddc63959b00b31944efe401:.
2024-02-18 07:03:42 [WECHATBC_MAIN] : @@1efe21d0e2ede3b68431c14ed199f4b141de2f04c581256f1579a94e9519a548:z,zzzsh
2024-02-18 07:03:42 [WECHATBC_MAIN] : @6390f1001abe163fb3a6937c23bd25aabeea21f06ad51339bfd1ee274c83aa06:.
2024-02-18 07:03:42 [WECHATBC_MAIN] : @e07203491b68db23d1d4f8bf8ce871200eacb411ac3c077881b5a57887f0bd94:皮蛋
2024-02-18 07:03:42 [WECHATBC_MAIN] : @4867a0ec753d9526e2b07c74e8292809:志愿者
2024-02-18 07:03:42 [WECHATBC_MAIN] : @c29cc9d5996b83f8065d4dbb9a6bb8f578e83e8bc9b353d615b8fe1dc415c18b:A春3悠慧多多<span class="emoji emoji1f389"></span>
2024-02-18 07:03:42 [WECHATBC_MAIN] : @ce706cd7f7273288a885252b77671075:别算科技
2024-02-18 07:03:42 [WECHATBC_MAIN] : @68599797201fc4e6141906543745e8f4450f1324e4ee57737eb8886ff88c9b51:p
2024-02-18 07:03:42 [WECHATBC_MAIN] : @b3c966ddb47d66ca83c9f8062df527fe44cb8ab90cafb596b09aeb30d49b0e17:白云飞（只二维码收米）
2024-02-18 07:03:42 [WECHATBC_MAIN] : @22b426fb5b28aa18da427a4341e2d5fc5da717fcbabad64fa258e77e754b93a6:SOYU
2024-02-18 07:03:42 [WECHATBC_MAIN] : @3c5aa364693e8bef377d8bab6f95fecb52a5eb8150de6498cea6455a8306968d:培
2024-02-18 07:03:42 [WECHATBC_MAIN] : @c3f93df5b041a8005b5bc0e0749ba454f4e5a01f47814347cb2432cf7efd0b25:杰
2024-02-18 07:03:42 [WECHATBC_MAIN] : @4df5e9fcd911bcd2e1759a9f33fd849805f348025b73797004d02b05eacade4a:标顶洞人🌝
2024-02-18 07:03:42 [WECHATBC_MAIN] : @5b2401983ee084620885f5ed9b4b94abfb044ab253168ca0245fc88e9100e4db:wuli
2024-02-18 07:03:42 [WECHATBC_MAIN] : @8a03a29d859d04f28416732f034a96efd74752a473fa9cc7e4424544a635ff38:福🦆
2024-02-18 07:03:42 [WECHATBC_MAIN] : @8cdffb3030796bbe8e35cb2a06b15271:中国移动10086
2024-02-18 07:03:42 [WECHATBC_MAIN] : @10a638b2b1c0833977b5f285a35e9d0f:外卖卷不停
2024-02-18 07:03:42 [WECHATBC_MAIN] : @504de42d00836f5ecdc2acaf08b21674916b33d0d033c2eb622d13cddab993a5:远
2024-02-18 07:03:42 [WECHATBC_MAIN] : @22c88a547c206d6661138ae7607b5e28525a3e72783544c84fb54866aabc4355:AIm.
2024-02-18 07:03:42 [WECHATBC_MAIN] : @13b961d70083cd22cc9bcbc4e090ebf4a2a8e1b5cbab6b76fbaddc522d1445ed:+🥚
2024-02-18 07:03:42 [WECHATBC_MAIN] : @770f6cf7495ca508428ec451744f17af3fa118432bace5deb383761deaf5f112:太白
2024-02-18 07:03:42 [WECHATBC_MAIN] : weixin:微信团队
2024-02-18 07:03:42 [WECHATBC_MAIN] : @e1f25ab023eb1c127af73b0109cc688a1053520196483cad29b9b50aa2566eb7:早川秋
2024-02-18 07:03:42 [WECHATBC_MAIN] : @bc3fecb1a0b30260447c9aae899fe771a77f989e7ae20dbc20a2a945977afe0d:橘ne
2024-02-18 07:03:42 [WECHATBC_MAIN] : @f3b553614b521d2b8e85081fa0582b8fb3923def99aa3c9fd540c72e7e68f540:玉宇
2024-02-18 07:03:42 [WECHATBC_MAIN] : @c57468ecaaea95a6513d39245e2efe2c351827f31b9b92c1afbcf259f8da2df6:H
2024-02-18 07:03:42 [WECHATBC_MAIN] : @751410d63afc05d3b7821bec5b1bd665c6c4215dcef7ca159a178ab4a9b45231:xh
2024-02-18 07:03:42 [WECHATBC_MAIN] : @337de602dc1b9e5fcba41e2fad7d3bbf:吃货特权卡
2024-02-18 07:03:42 [WECHATBC_MAIN] : @afc983fa63394e01d503b5df2351add7a9791ffd5334f10a5d0957c146f8c444:鱼莱新鲜小超市
2024-02-18 07:03:42 [WECHATBC_MAIN] : @1b6b68325027270a25276aab5bb9216f:超人
2024-02-18 07:03:42 [WECHATBC_MAIN] : @aae85629cb552abcbcae97fe4becf6779ce11dc1863df7750ea277d0ff9c886f:瘾
2024-02-18 07:03:42 [WECHATBC_MAIN] : @791e689b90967e00fc4812b2e0316680:热门精彩阅读
2024-02-18 07:03:42 [WECHATBC_MAIN] : @01225c6f1db7da1d96d2749d054a5183:鲁班大叔
2024-02-18 07:03:42 [WECHATBC_MAIN] : @ba2c37fb98c5a91f059381486c9ea634fdc203a1281f4732e0ad982da35df82f:卡哇伊
2024-02-18 07:03:42 [WECHATBC_MAIN] : @2523d9561a9e6de25a4eb676285c937f:GoLink加速器
2024-02-18 07:03:42 [WECHATBC_MAIN] : @b88e5267cf216bf3f2e20031d51c0b54:抠鼻子Kobez
2024-02-18 07:03:42 [WECHATBC_MAIN] : @480bf046c2f5d0012681a0fc2ea8985df75859791f41dc86d4166b0ffc8eacc4:宝藏
2024-02-18 07:03:42 [WECHATBC_MAIN] : @66424992517217f15178d526c2de34464f07cc787b5fefb3557d40494f119e53:FLIPPED
2024-02-18 07:03:42 [WECHATBC_MAIN] : @9eb818608f62c89c3a64da4575b30e154261245eb79894837ebb8588acd5c1f3:韓
2024-02-18 07:03:42 [WECHATBC_MAIN] : @dbed9a01b5ac2a8ccddc23c5c27f8e98c8fbb381535b9afbccccca0235afce47:汕頭15815040195
2024-02-18 07:03:42 [WECHATBC_MAIN] : @209fbc8de8103f4ba72623610a4e8a3071ac5016293c84998d4a8e0bf084fc0b:安逸
2024-02-18 07:03:42 [WECHATBC_MAIN] : @b5ae031ac9a49afd1012021977634d21e22d03e85c80b2ce0c3b133823b65ee4:zzzsh
2024-02-18 07:03:42 [WECHATBC_MAIN] : @baae602ec6071c3bf0352acbd94726e373936cf5f9e83d7e2f630f9e204d0817:碎星辰<span class="emoji emoji1f1e81f1f3"></span>
2024-02-18 07:03:42 [WECHATBC_MAIN] : @b7f1f762d3cd8b8639a9edfb19c83b0de5deb56e9c92781b5e713ffa7bb42b15:Z.
2024-02-18 07:03:42 [WECHATBC_MAIN] : @a160466b2e03248e27a90ff2acfb7ff7844887fe8c5271585efa161fff7a4e86:K.
2024-02-18 07:03:42 [WECHATBC_MAIN] : @9c6764db6e3f929dc4d32ad0b0215395df2f71078a6463c4f447b1542d2e7d68:二友照相馆（总店）
2024-02-18 07:03:42 [WECHATBC_MAIN] : @ad7c399d623d70065c45b06f95d85645cdb40828d075c206ddc0b282c36a97d6:-
2024-02-18 07:03:42 [WECHATBC_MAIN] : @dff7d5ee9ffac8cdbcb7e1fd877f805d:老廖
2024-02-18 07:03:42 [WECHATBC_MAIN] : @9862f96f6e6c742e7100b9543d7885522e125f4e92e5a275587a061596e041c4:（～_～）
2024-02-18 07:03:42 [WECHATBC_MAIN] : @1677eb15c3810022945afb9a766f2f100f78f3926315a637cef2ee179e25d64a:aJin
2024-02-18 07:03:42 [WECHATBC_MAIN] : @32b9219c89f2f25cacea477179111438:易博通eSender
2024-02-18 07:03:42 [WECHATBC_MAIN] : @5a69db446f292f6ec7182e525f505b80afd768b2589ca3a1e302311e43e5b434:樱桃🍒
2024-02-18 07:03:42 [WECHATBC_MAIN] : @2481a899f583381a6b39d0aba2dcd288:憨憨羊
2024-02-18 07:03:42 [WECHATBC_MAIN] : @796875854aa3c46e38bc5ed878ba8bbc:黑料BOOM
2024-02-18 07:03:42 [WECHATBC_MAIN] : @a01dcca378021c6097ef377230504009:怪谈胖胖女
2024-02-18 07:03:42 [WECHATBC_MAIN] : @59737e298b60680701d008a258e470a73cfe41568f6a316dccdf7a7cf63240ce:はたけカカシ²⁰¹⁸₀₉₁₅
2024-02-18 07:03:42 [WECHATBC_MAIN] : @8abf7b02040df4a63d5bbcbeb6b01e11ca4238051ea57e7bd555304ee706a067:<span class="emoji emoji1f361"></span><span class="emoji emoji1f361"></span>
2024-02-18 07:03:42 [WECHATBC_MAIN] : @d7f3e353c72a8f1abd0cc4e300f7723bba5fc322dca63e8a616f179733fab3a6:远晏
2024-02-18 07:03:42 [WECHATBC_MAIN] : @fb951583718a2df5b08686f276f572cf:天蚕土豆
2024-02-18 07:03:42 [WECHATBC_MAIN] : @d97c85f8c5a2bdf772d59926c226fd43:小呆加速器短租
2024-02-18 07:03:42 [WECHATBC_MAIN] : @be1862de5bc5e4f16c0d93967af90be230ba6497ba95282a6def11a275c90531:白胡子
2024-02-18 07:03:42 [WECHATBC_MAIN] : @a47294978ab75d729ee19bb699e58f8ca9239c0c99c0b6e9ee33a72a92ddef07:H
2024-02-18 07:03:42 [WECHATBC_MAIN] : @883b362ac3a4c8085559ff1dddb0bdca1c3ce798b507dfdcfad95bdd5007bd8f:美宜佳
2024-02-18 07:03:42 [WECHATBC_MAIN] : @6f99d45c9ac42d0fe324b0f97da55f515a7d4850de8fa77ad11cd821f7fc6a13:只手摘星辰
2024-02-18 07:03:42 [WECHATBC_MAIN] : @ef01b2c92a622f0db5898e252b7030d9184699762f3d7fa8efc966d58a48102c:Sleeeeping
2024-02-18 07:03:42 [WECHATBC_MAIN] : @f7c1da768583aae3148f5b6dc6aaeb78:极简博客2022
2024-02-18 07:03:42 [WECHATBC_MAIN] : @db7ac2aef3eddbe86fdee68a5be6bae0:浮秀
2024-02-18 07:03:42 [WECHATBC_MAIN] : @0e260c16b7d6ba360424232ed937643f764908f926f6492787f175aff7c5b5c9:xzt
2024-02-18 07:03:42 [WECHATBC_MAIN] : @17eb7787ff746a4fa30472bf301eae265f8f16816b85b1405ab6fdba1a06961e:SuriYan
2024-02-18 07:03:42 [WECHATBC_MAIN] : @1f7997779b85817ef29ec99d3658ec34:NS大玩家
2024-02-18 07:03:42 [WECHATBC_MAIN] : @5433a53f7ac73f756d0c641f3eec7e93:琪琪
2024-02-18 07:03:42 [WECHATBC_MAIN] : @77117ef14806d1c4ee2e0b498726b79b:腾洲车行
2024-02-18 07:03:42 [WECHATBC_MAIN] : @f5a0909d0c73d60756eea035f2d3cd60:广东中职菌
2024-02-18 07:03:42 [WECHATBC_MAIN] : @3e7cc62ae39fc7d9dc98b43ee7af4298:Joker.
2024-02-18 07:03:42 [WECHATBC_MAIN] : @71733bda8f42ba55c8e706916ae6ecb5dd282913a64c56e89ecaa20304a02af6:sun
2024-02-18 07:03:42 [WECHATBC_MAIN] : @c4d7544831670ae50fec9e95717f2d4a22c8d1729148efd48f0361a1b9a57da9:山海
2024-02-18 07:03:42 [WECHATBC_MAIN] : @26a18e62e20400902e42c2d76d0480e9445d6d4472b315089230a7313c31c7cc:FyG
2024-02-18 07:03:42 [WECHATBC_MAIN] : @4d086ef9fca9f609ef79341fc9acde9ee922ce5042423886a4a3c435ebfc9aaa:群管理
2024-02-18 07:03:42 [WECHATBC_MAIN] : @e44955fa4409a5e8fd83fcd0ec98ea8ebe1fa4e6da80e9b9532d8f131bb107fb:扬狗爱cc🌬
2024-02-18 07:03:42 [WECHATBC_MAIN] : @aa16819f104601f492ebb30b210534d33670506221eef1aa7e4f5bafe4dcf330:LIN_HH
2024-02-18 07:03:42 [WECHATBC_MAIN] : @4b141cd0ed0309a43bf2b333b2c583a46a8bd683d73a01b00c8c5401f780f13f:ㅤ
2024-02-18 07:03:42 [WECHATBC_MAIN] : @7691bf3311a4c8c6de0c473878b707ba6194af91ae52d554d392afe7735326e8:等一下七月
2024-02-18 07:03:42 [WECHATBC_MAIN] : @6314b60658687a7f95f9519323025f0cc73e3c181250223dbc2969969f5beced:觅雪班导
2024-02-18 07:03:42 [WECHATBC_MAIN] : @a7e9d67884b647855414a5dd72cce8fa0df5f4d1d514ea1c352d699bfda0cc9c:/
2024-02-18 07:03:42 [WECHATBC_MAIN] : @a9cef5220ea40989b0503c0031cb63f21d5d6bc286189b7f22b6843b60cb5490:笙歌十里
2024-02-18 07:03:42 [WECHATBC_MAIN] : @bb087e0e3251cb4c1ddbc4f3f54f95035c8a277c29bb7abe492e9e020b37d407:.ayu
2024-02-18 07:03:42 [WECHATBC_MAIN] : @334cfb1aa763b20b38fb32f12315db17:源码阅读网
2024-02-18 07:03:42 [WECHATBC_MAIN] : @7be9bef7339a9d976b24c54263ed2529f9a0dc3ceb31a7fd91a455d0f93cce8f:月<span class="emoji emoji1f377"></span>
2024-02-18 07:03:42 [WECHATBC_MAIN] : @8dfe11e3d8f2113315fe222460ffae8a4040aad8b6758b3af2c4a5c85764d141:Nefia
2024-02-18 07:03:42 [WECHATBC_MAIN] : @b27bfce9c7ce31c7d0af31f495eaaabcf9660f932160e61a5d85a8da6216309d:Blank077
2024-02-18 07:03:42 [WECHATBC_MAIN] : @db13ae00caddfe645bed77d803aec693:耳根
2024-02-18 07:03:42 [WECHATBC_MAIN] : @fa09f9deacde86b15e348833f5762b85:wsice_肆
2024-02-18 07:03:42 [WECHATBC_MAIN] : @f49b87b61e41018d757f4ad0e52b746b379c7064a1f2d5a448bfc42f66c4310a:九
2024-02-18 07:03:42 [WECHATBC_MAIN] : @1100f623c002e49d7c4ea4ef33d66adc:广东建院
2024-02-18 07:03:42 [WECHATBC_MAIN] : @b10498139b67f776d743ea3c2443079fbe546a6aa3298aa6c863ca25ed843d8c:<span class="emoji emoji1f525"></span>
2024-02-18 07:03:42 [WECHATBC_MAIN] : @7e82abeb7f60d0a9fb694f6c82a8cba8d954cf94bad916471e5898d6c8da60a6:DLx
2024-02-18 07:03:42 [WECHATBC_MAIN] : @b73e8e48a9dd017ea37bcf527f070c5c110dadf03926a26bf399147ce616dffe:以至于
2024-02-18 07:03:42 [WECHATBC_MAIN] : @dbc8c725a1028c45a07d550e865430cf:电手
2024-02-18 07:03:42 [WECHATBC_MAIN] : @d4b9dedf76883d91380a49c4c00b17a8896267f7cc02fa08700cd18025fe5616:Jammer
2024-02-18 07:03:42 [WECHATBC_MAIN] : @db9998bf3a6d6038b17db9349d0c625f:该账号已冻结
2024-02-18 07:03:42 [WECHATBC_MAIN] : @9d6e4a7ac3109ff02a07111bba651841455f3ad2f93b1639b5424d93b7ee135f:莹^ω^
2024-02-18 07:03:42 [WECHATBC_MAIN] : @6deb3e45269b31eb5baa32bc8e3c0135:后浪俱乐部
2024-02-18 07:03:42 [WECHATBC_MAIN] : @d5cceb1a8dcd297910fd241133fff078998134894c19cc5bd450f77acdb9b072:Charih 🍤
2024-02-18 07:03:42 [WECHATBC_MAIN] : @f022672990b4782ff355c3ea7b1b996fa87df2cb8cdce26049bb9086e44b7eae:-
2024-02-18 07:03:42 [WECHATBC_MAIN] : @0949c6a375fca3ca1e5f96960b39c7e1f68238a080a0682c289cf1bfa0959780:小宝
2024-02-18 07:03:42 [WECHATBC_MAIN] : @cbf1e296d40d16eedc32400ddcf713882f0b2cd12fe3edb34ff6ccd923462e79:sam
2024-02-18 07:03:42 [WECHATBC_MAIN] : @4a2ead8349b8d6e651506601f2dd30c7bf92e5e2c1eb878d519e7e00d375865e:借我一秒钟
2024-02-18 07:03:42 [WECHATBC_MAIN] : @bb4e7eabda79f509df9f6388654ee043ad7546b37dc50adabd884d2010b73e37:鱼七七
2024-02-18 07:03:42 [WECHATBC_MAIN] : @5e300a50035d2c27943ea61c11df267f5014602496a9d3c927dbb4772f1806ea:祈
2024-02-18 07:03:42 [WECHATBC_MAIN] : @eaee9d80d2ff657c8f3f9d66823d8965044d7a4027ab69a23bd86dc5b92dd157:<span class="emoji emoji1f349"></span>
2024-02-18 07:03:42 [WECHATBC_MAIN] : @f6a3c6a00531374b641b7b00732c85fec10255713a32603894910a4ffdd08c11:ིྀ
2024-02-18 07:03:42 [WECHATBC_MAIN] : @92b0fb34439f4c31270d35e3256bb697:特摄驿站
2024-02-18 07:03:42 [WECHATBC_MAIN] : @bd545ac9788aa0fa6aee4a61d17c11ae9ae9c5fdb316f1f549f29cd83e5c426d:老爷保佑
2024-02-18 07:03:42 [WECHATBC_MAIN] : @dd72762cda5a3f24bfa272aa74770bda9e150b7c91e49b4e9516c821bbccf273:微笑的高圆圆
2024-02-18 07:03:42 [WECHATBC_MAIN] : @a0d43ab9ec5dd3f4ae978142b3125600521c2532e567d111c8fd657c6a0553b0:木讷
2024-02-18 07:03:42 [WECHATBC_MAIN] : @17813c436fd59a682b86df5df9d5e8a204686ce9bd603e5ae93435af5e7cb78f:Nachanka
2024-02-18 07:03:42 [WECHATBC_MAIN] : @0dc2f1e5d663b19c562d92c8af126344586b74c13871f5b0b254cce28b75ec30:Cory
2024-02-18 07:03:42 [WECHATBC_MAIN] : @1be52e9f9fa8e8819e3336f65c369843:治愈读白
2024-02-18 07:03:42 [WECHATBC_MAIN] : @efe2910d06ca986a28c7db3f4c90c1464ae523534ecbbf0fa384079fd1244011:湘橋春漲
2024-02-18 07:03:42 [WECHATBC_MAIN] : @4532a637ddbcc88b783b1ad502c0afac:腾讯成长守护
2024-02-18 07:03:42 [WECHATBC_MAIN] : @6d69d00b7ed59a68a9c44e298d017b43:卢家妈妈 西餐厨房
2024-02-18 07:03:42 [WECHATBC_MAIN] : @0b91fa1c2d416a73b5fa258424028b1571f1a8a0a63663ebf0b83d315233c453:AT
2024-02-18 07:03:42 [WECHATBC_MAIN] : @20873b87a8b56b3e53b589d0796178e8043f6ab7438475620e6a27ca31861cc9:A㍿࿐黑人校⃣長⃣ゝ诚信服务
2024-02-18 07:03:42 [WECHATBC_MAIN] : @7e5efe8e939c4ae1db10d9403ec75c1e0a91e60e77c59b1c2a6cfaf896be2c2e:...
2024-02-18 07:03:42 [WECHATBC_MAIN] : @f8ee80bb14c36e876646f1bb4bf87088ac8b3a071290de9b54740f653e8959d2:寿～
2024-02-18 07:03:42 [WECHATBC_MAIN] : @5f8738b095691bfd8c3a0f61e6deae970494a2fe7a2eea07da8efc6d3ab42e0a:！
2024-02-18 07:03:42 [WECHATBC_MAIN] : @b900174a0cf8f2806a83c80eed5dc126849e9854b0cbef460cd5208b96e81e47:杰
2024-02-18 07:03:42 [WECHATBC_MAIN] : @c66b09119b27fd762074eab9677d6630:小木生活观
2024-02-18 07:03:42 [WECHATBC_MAIN] : @de292855e022b2ca81fa3a9ba827f3e8:蒸汽游戏
2024-02-18 07:03:42 [WECHATBC_MAIN] : @3ab6c175208f6231445df271adc79bd129d32a5f38efa42ed608f3f957a7dbbd:振袖秋风问红叶
2024-02-18 07:03:42 [WECHATBC_MAIN] : @8ad5deb95e13f3bad804d85208a5cf8a:宅猪
2024-02-18 07:03:42 [WECHATBC_MAIN] : @4dabd02773c871887e90c722e919948105fc1a5dcf58985d467716a8d4eefde4:D。
2024-02-18 07:03:42 [WECHATBC_MAIN] : @2b96ce3b710a940e76a7e21342c506c067a052d95b51263cad748a09b2aa233f:你滴男妈妈
2024-02-18 07:03:42 [WECHATBC_MAIN] : @2e0c5b81015199c083317f12f9595c65c4a5ed55ffda2131ba2abd66d005a2d8:泽玲
2024-02-18 07:03:42 [WECHATBC_MAIN] : @17f6cd2b3a75d3218587f2ec3dec56ce:情侣CP
2024-02-18 07:03:42 [WECHATBC_MAIN] : @c2592de453bfb735768565bf55303561598fcd3d4088441863a72a3597df0781:O.o
2024-02-18 07:03:42 [WECHATBC_MAIN] : @3ec000e00e67b68106ccd52f5eedff417063e38e9cb8a843462e73ac4bd678a4:橙
2024-02-18 07:03:42 [WECHATBC_MAIN] : @57b71bcc81c039bf93de562dd2fdc159760fc3fbe093698dabb81af635564ce1:Huan
2024-02-18 07:03:42 [WECHATBC_MAIN] : @80dcb32d29fae10954fdfbcfa5acaa82b3583ead475adf755a9afa9b65a92da1: 繁華若夢
2024-02-18 07:03:42 [WECHATBC_MAIN] : @05bb82291f93afe5a993c9d1c6ea230884031e415b4a32160d41a28e5077a577:木木(丽丽）
2024-02-18 07:03:42 [WECHATBC_MAIN] : @67a2ef6a3b02fe2f4f99df172eb2884baccfb9366a11a21ae4fa07999466f98a:汉宫
2024-02-18 07:03:42 [WECHATBC_MAIN] : @e76f00bff2639b4656b07f1e3a4666251493f5957e32875616a68abdaa58d631:2z
2024-02-18 07:03:42 [WECHATBC_MAIN] : @3c1d730f40049f4335ad82e2f759ebaf822be1399127806e1e9eaed0281addbd:  
2024-02-18 07:03:42 [WECHATBC_MAIN] : @0dfa6078f58702d2e4d78716578421c0f5e2a97d1423e2124b51ff9c1767420c:Yu鱼.
2024-02-18 07:03:42 [WECHATBC_MAIN] : @8a5afc115a5770cdf4b0230b8a1f9f849396ffdfc55534aa8e3f499996ff930f:听岛屿.
2024-02-18 07:03:42 [WECHATBC_MAIN] : @04651def1b236bd2368fdadd8ce3257a:该账号已注销
2024-02-18 07:03:42 [WECHATBC_MAIN] : @cc34f2ea834f138821172a3147aa8251:泡泡加速器
2024-02-18 07:03:42 [WECHATBC_MAIN] : @99e683117295eb6d1a527d44a142ff58f4979661bfa7bdc44686545d22af86ca:平平歌(ᇂ ㉨ ᇂ)
2024-02-18 07:03:42 [WECHATBC_MAIN] : @f19dcb9cb82b3be606f3d9448278a80bc1eeffe750a40b2fdffbd2b055ffce47:楠浅ꫛꫀꪝ
2024-02-18 07:03:42 [WECHATBC_MAIN] : @0baa87c82cdc4865d5d66f25da5761f9:沐沐热喵
2024-02-18 07:03:42 [WECHATBC_MAIN] : @f7df2861e02c1c9b66c08a9240b5c594ed5262e212a1e7fcc3a5dc9ad7c865ba:！
2024-02-18 07:03:42 [WECHATBC_MAIN] : @427d5093cfe0ae112212fd7c240dadb5:agiso自动发货
2024-02-18 07:03:42 [WECHATBC_MAIN] : @61aabc2f1af1fc4c399ca09fe848719c:魂之乐享
2024-02-18 07:03:42 [WECHATBC_MAIN] : @9e504fe06293f04a082771d02813d21a8459f038e8e807e9ed7c0bc6470614c8:Yuuki
2024-02-18 07:03:42 [WECHATBC_MAIN] : @7440a29eabb4b1064f41c946fc69b5c382aa4d81d7774acd46d5e9316bd7f056:qi
2024-02-18 07:03:42 [WECHATBC_MAIN] : @34fddb8a984363810ca4ac77c7941c09ec0dd67ec2828f0435426360296e664c:Jeff
2024-02-18 07:03:42 [WECHATBC_MAIN] : @0f4ffcaf8fa3bf32103430bdb090c6408571c5ce080c1fc913ecbb9508dc3396:兄弟酥面店13322746671
2024-02-18 07:03:42 [WECHATBC_MAIN] : @26827d63e13d57829f7f18658738944a:拼多多
2024-02-18 07:03:42 [WECHATBC_MAIN] : @b489c6a2415e88f1394573817649bf81:三叔软件
2024-02-18 07:03:42 [WECHATBC_MAIN] : @802541416b4e4ee09017496b7c83d08b56ee1cca65e6ff907294f29d420c99f8:王德发
2024-02-18 07:03:42 [WECHATBC_MAIN] : @9094fccd2b55f82e7836defe4abfb1cc9f6805e0cf21620934a8ecf59a827efe:BLUE
2024-02-18 07:03:42 [WECHATBC_MAIN] : @5e9186bd124e2b4ab6c6c64e4fce45d80036873fd94cc75a69cdc37b6638e9b6:VIP
2024-02-18 07:03:42 [WECHATBC_MAIN] : @a19f3ee7ea2f03c98145818bccbdd74468f3466bce22165093a39784bdd91dd8:Rime
2024-02-18 07:03:42 [WECHATBC_MAIN] : @0478c0976a2ad6a223028d60b5f41ff3cf157db2f15baef517cf667c70638061:怎么取一个正常点的名字
2024-02-18 07:03:42 [WECHATBC_MAIN] : @155c2c326dd1869dc55c0170601e474a:海豚网游加速器
2024-02-18 07:03:42 [WECHATBC_MAIN] : @b0541ae1ba2c46399e6222477b35c103:汕头人社
2024-02-18 07:03:42 [WECHATBC_MAIN] : @92e583a1fb9b5c57bdbc02b13f63823866f24297ceedb47aa5663c718c0729bf:失忆
2024-02-18 07:03:42 [WECHATBC_MAIN] : @c5dba4a9ce7408855b9625ce83f7be05:互联网品牌官
2024-02-18 07:03:42 [WECHATBC_MAIN] : @9a818522b205e6517aa4c3e971a19d93516f56b3eac19fd2160c656bb9c3e460:A0༒六子༒ （诚信服务）
2024-02-18 07:03:42 [WECHATBC_MAIN] : @5ffe31d0bfe08408ae2f8daeaeddc1bf46ab2b9739e2ecb9f15c2f114252327f:🧐
2024-02-18 07:03:42 [WECHATBC_MAIN] : @2f9a9c0bdd1509cbfe61beddf684cb1bcf64dac4e1c46c68702d4dbe5bba5c80:区冠贤
2024-02-18 07:03:42 [WECHATBC_MAIN] : @5eace3a52e01bb6136d9bdef347ead7d:韦一同说
2024-02-18 07:03:42 [WECHATBC_MAIN] : @22996e48d0838a220b0f39719a4d7b7131716f42e51a8bbcf95ebb694ea1925c:黑夜诗未
2024-02-18 07:03:42 [WECHATBC_MAIN] : @b0508e5277d22b38f52ce682e5452be522b2a5fb0abbe9add29781a2bd143468:0.2℃
2024-02-18 07:03:42 [WECHATBC_MAIN] : @a1301b36d5f858e8c77a2398212aa4faaa785a509dd29601d837b2e44f67a3fd:莹^O^
2024-02-18 07:03:42 [WECHATBC_MAIN] : @b34a4322ed899535b8ff596b8274470f:余熙小灶
2024-02-18 07:03:42 [WECHATBC_MAIN] : @26625a510ff0c00c02ea5de041674c58:潮职校园通
2024-02-18 07:03:42 [WECHATBC_MAIN] : @fc040e14bab58dcbac9c5daf438346e50e2a5ee8c3b578645c70702d1e25413d:星光
2024-02-18 07:03:42 [WECHATBC_MAIN] : @5bd1dd097fa2c405060001b5f39a098aa9448e0aafef756c0cf3e61550b06bc6:<span class="emoji emoji1f525"></span>Sparks
2024-02-18 07:03:42 [WECHATBC_MAIN] : @d2a1637862295c0e9a920fe46ddae8f16dd0f03310f109944e959d80f7b170e9:AOO࿐努尔 诚信经营 花呗金融
2024-02-18 07:03:42 [WECHATBC_MAIN] : @098f4ec66e788d22b29484c38a7d9c37c1a214053e3e9298c83e109a631dc393:汉英
2024-02-18 07:03:42 [WECHATBC_MAIN] : @2187bb998a248184606c62a9fa3c016bf56347c61db52dd95c7d7e5f2d1ad00c:娇的名
2024-02-18 07:03:42 [WECHATBC_MAIN] : @0cf12bc77a0b4aca28ead8848d6c4c81:平颉机械设备13223903675
2024-02-18 07:03:42 [WECHATBC_MAIN] : @325fb793cf3d7d91b64f32aa3f2f7d38d815fcadbb6c4f94261035672b7b4f26:拉勾为什么要上吊
2024-02-18 07:03:42 [WECHATBC_MAIN] : @9ecc566fb11f50eee750cae44d5f5fe13a4cfb0cba3e4ad0278e304fa7dbcbce:董不懂
2024-02-18 07:03:42 [WECHATBC_MAIN] : @0bb4dbc7f37645947124336e613c8dbb921b1eac48fb7ace7622d6c5a34e0135:hor1z0n
2024-02-18 07:03:42 [WECHATBC_MAIN] : @71f585f3806967af12367ba2851071b0f94748ec4269ba0490d35547ed6cffd5:C.
2024-02-18 07:03:42 [WECHATBC_MAIN] : @44ec1a371176dbbc29fa015019b843dcbb3b408f97d2134d3c7b3b285dfed877:Z.🧸
2024-02-18 07:03:42 [WECHATBC_MAIN] : @a87ab22314233aa76705e927ce0c2585:7477游戏
2024-02-18 07:03:42 [WECHATBC_MAIN] : @fd30af14024dfa3ca88a8de8a13c4444225b7aa4bcdb547b172be775200cf950:A_ ZikX.
2024-02-18 07:03:42 [WECHATBC_MAIN] : @7eaef9645c6bd27b4914a8af1b9528b1862e1d1a66daec07ff6265355cc272d5:今天想我了嘛.
2024-02-18 07:03:42 [WECHATBC_MAIN] : @776d3854e89854bdbb2a13d956117115090701271820e040df72caf6cb4af604:顺风
2024-02-18 07:03:42 [WECHATBC_MAIN] : @671dfa241d940f00f4e5e38c2e33924f:转转
2024-02-18 07:03:42 [WECHATBC_MAIN] : @a3def4d3a5a1d1c1a3f8fd16340e7614db2e299686970be60628e2e3b047c521:光星网咖 (营业中）
2024-02-18 07:03:42 [WECHATBC_MAIN] : @fee868c9e6c7e1be665663941f92807665cad472129bec7fb3fc941961ba6e28:<span class="emoji emoji1f631"></span>ི<span class="emoji emoji1f60a"></span>ཽ周晓明
2024-02-18 07:03:42 [WECHATBC_MAIN] : @bcf7d886e181e127c853240fc9899d8701fa15d902042887e8d5284c4a32d3de:Oneone
2024-02-18 07:03:42 [WECHATBC_MAIN] : @8fbd2cbbe4a4ca9dfe83c9239ce47867f0b06ec122ad75042b1a5c8e7f69b905:Leon
2024-02-18 07:03:42 [WECHATBC_MAIN] : @9c9e521e1e3b68aa764b0fd5e8a4af2bdd4ef547b05d431fd39a9c6dc80b5f4e:广东青年
2024-02-18 07:03:42 [WECHATBC_MAIN] : @cc3498e726e7cb9804d83f88c1fefc3bc1888813fb9d0b1c02aac2c3ff7f9d6c:Mog.
2024-02-18 07:03:42 [WECHATBC_MAIN] : @b6ba0471639d887678b69693659078f6dc28ed8cad495bfefd05b7469bb9c822:Peter烁
2024-02-18 07:03:42 [WECHATBC_MAIN] : @59396887caa20b2c4cc55aac9fc54c9824b2c5112bd3ce2e8223956e4ac8f48b:buo
2024-02-18 07:03:42 [WECHATBC_MAIN] : @246e7342cd4f64958400facf09876c08a3506530fa516946d215cdc384a2e988:羊妹妹. 💭
2024-02-18 07:03:42 [WECHATBC_MAIN] : @5023d9007171028b38a36daade2456d0:便利店艺术家
2024-02-18 07:03:42 [WECHATBC_MAIN] : @c5c1d993cefffa99a4a49576227ab252723adecbb656fb2d212517deea59d1f4:Coast（2.1号放假-2.19上班）
2024-02-18 07:03:42 [WECHATBC_MAIN] : @7df678271cb0e012faa734a16bab9729:平面设计狮
2024-02-18 07:03:42 [WECHATBC_MAIN] : @c60fe4a1787b72266906bbbb46a7a4c895c6eb7bc9d9de736e6a355000fb4d9b:无所谓
2024-02-18 07:03:42 [WECHATBC_MAIN] : @661ac4e08e577e4f6054037aadf7ca1006b46f47607e2c58adcd3e1ef208bb92:木迁
2024-02-18 07:03:42 [WECHATBC_MAIN] : @7b03ea9e433bb476174f1b6f6987304a:布晴LIVEHOUSE酒吧
2024-02-18 07:03:42 [WECHATBC_MAIN] : @15743d2c9e6f3dec395489e660fc7b7ea988612e50115f9510fc8e164fe179cb:-
2024-02-18 07:03:42 [WECHATBC_MAIN] : @a930179afe75210429df69e843120ca7:辰东
2024-02-18 07:03:42 [WECHATBC_MAIN] : @4304f10efe331319139f33e94172f51a:中国青年志愿者
2024-02-18 07:03:42 [WECHATBC_MAIN] : @92843f056a30ea6816b5db8ba5438769144cf36b579613446a133220e72eb64c:熊大
2024-02-18 07:03:42 [WECHATBC_MAIN] : @b747703ae50669bea3940ad958f1d5cd:php中文网教程
2024-02-18 07:03:42 [WECHATBC_MAIN] : @c0f648af4b01b3dc2f5cb0f357bb1a05bf7ebc9ba8e4c69ea26b7d59e1503ce0:小花
2024-02-18 07:03:42 [WECHATBC_MAIN] : @d1dc8ef7197b868048270481fc3d5e884eaab95f510e8348d9f25dbd416564e3:大月半冉子<span class="emoji emoji1f43e"></span>
2024-02-18 07:03:42 [WECHATBC_MAIN] : @4e6dce5b7ee269be9b18a9275f5b83c2:小李万事屋
2024-02-18 07:03:42 [WECHATBC_MAIN] : @43cac335098a7523eeac32172571e760bb9218ee5054fdf8427dea750ab79f4a:顾玖
2024-02-18 07:03:42 [WECHATBC_MAIN] : @bd1c080fe7bbc6285a12b0fa7355b8bf1ed87c5b64072a36fa0dc7dcfea12507:两英微帮信息推广网1
2024-02-18 07:03:42 [WECHATBC_MAIN] : @8c02d51e676acd89943dd470afcb1bec7791b14ad71967ae74867ac1b963bcf4:春雪
2024-02-18 07:03:42 [WECHATBC_MAIN] : @bfe7897ebe9c7295f592418396628a6fec21151ec89bc75dab08089269b99267:Boy。
2024-02-18 07:03:42 [WECHATBC_MAIN] : @c6cec9441802a16c02544bfbdcc75ea28260fa5e9bc08e76fddb89b9d20a0535:🥷
2024-02-18 07:03:42 [WECHATBC_MAIN] : @fe33aeb25608979f7cb96a149d246410882ed9650af29f8d2ffc985f07bc4d37:A-河北祝江机床韩冬晓
2024-02-18 07:03:42 [WECHATBC_MAIN] : @5bb01c26ffc99fcd414f59ed40937fd2:i志愿
2024-02-18 07:03:42 [WECHATBC_MAIN] : @efa3bd650e3276a06c0af6014ba28811:加一电影
2024-02-18 07:03:42 [WECHATBC_MAIN] : @2cc7f573aab19f175ce1c49d07ea9c76c8ca12345f6497a78f559ae2bc3ef1ab:江尚
2024-02-18 07:03:42 [WECHATBC_MAIN] : @8ae322476421533f22a1d49f83b5d42e172a97c100eedaef8bde8d497e5003f7:【千浔】Ms.傅
2024-02-18 07:03:42 [WECHATBC_MAIN] : @822172d9b465e0bf39f0c239ee923c0a:异次元APP软件
2024-02-18 07:03:42 [WECHATBC_MAIN] : @10e25d98984946493533cdaffb9bd292636b618008e1548627d51315ccbbfd80:譚咏麟
2024-02-18 07:03:42 [WECHATBC_MAIN] : @e36e56837740d836aa82a8532f4b012e:WPS办公助手
2024-02-18 07:03:42 [WECHATBC_MAIN] : @f1b13b1bfd22710c66e206a49d79ae1bdb6482eb10af7300553e355160b52fd2:好运常在
2024-02-18 07:03:42 [WECHATBC_MAIN] : @b1dfdec16d854e3ed61df04b8ce068c63bf365ca40d3b0f450e889bb7aca5936:G
2024-02-18 07:03:42 [WECHATBC_MAIN] : @b0c38070ab69a6385804c13b0a300470:你的生活我的梦想
2024-02-18 07:03:42 [WECHATBC_MAIN] : @389b222cd2cbc106f4e2b0fe0131fb36334fbdf2bc3a285993d45495a84d7823:啦啦啦啦
2024-02-18 07:03:42 [WECHATBC_MAIN] : @220eb13dfcd582c49247f522e7ed64f7abd261dc298775255bb81348966dfbd3:要好好吃饭
2024-02-18 07:03:42 [WECHATBC_MAIN] : @7422bb76924bc6d4ed0a1470804bdfbe6735e82f93d57f334a9781c60d65bc64:滥情g.
2024-02-18 07:03:42 [WECHATBC_MAIN] : @56713776972541244ebce1c868b5a285301216f12a75c1f60c426f2c6b7175e3:朗月.
2024-02-18 07:03:42 [WECHATBC_MAIN] : @f4502c3e62c5765a49d5c32a0ebf6354892db1331f6f8500dedba4182fe5ebe5:.
2024-02-18 07:03:42 [CommandManager] : 注册了指令 setu
2024-02-18 07:03:42 [plugin-loader] : 载入了 1 个插件
2024-02-18 07:03:42 [WECHATBC_MAIN] : 启动控制台...
2024-02-18 07:03:42 [WECHATBC_MAIN] : Message(msgId=2960003313593530229, fromUserName=@508428331b1f2bc4ec18fe1372bb6719435c49aa06414be61db406492a313a9b, toUserName=@508428331b1f2bc4ec18fe1372bb6719435c49aa06414be61db406492a313a9b, msgType=TextMsg, content=, status=3, imgStatus=1, createTime=1708211022, voiceLength=0, playLength=0, fileName=, fileSize=, mediaId=, url=, appMsgType=0, statusNotifyCode=11, statusNotifyUserName=, recommendInfo=RecommendInfo(userName=, nickName=, qqNum=0, province=, city=, content=, signature=, alias=, scene=0, verifyFlag=0, attrStatus=0, sex=0, ticket=, opCode=0), forwardFlag=0, appInfo=AppInfo(appId=, type=0), hasProductId=0, ticket=, imgHeight=0, imgWidth=0, subMsgType=0, newMsgId=2960003313593530229, oriContent=, encryFileName=)
2024-02-18 07:03:42 [SYNC-CHECK] : [msg type] TextMsg
2024-02-18 07:03:42 [SYNC-CHECK] : z>z : 
2024-02-18 07:03:45 [WECHATBC_MAIN] : Message(msgId=6476865331762016748, fromUserName=@b5ae031ac9a49afd1012021977634d21e22d03e85c80b2ce0c3b133823b65ee4, toUserName=@508428331b1f2bc4ec18fe1372bb6719435c49aa06414be61db406492a313a9b, msgType=TextMsg, content=plmm, status=3, imgStatus=1, createTime=1708211024, voiceLength=0, playLength=0, fileName=, fileSize=, mediaId=, url=, appMsgType=0, statusNotifyCode=0, statusNotifyUserName=, recommendInfo=RecommendInfo(userName=, nickName=, qqNum=0, province=, city=, content=, signature=, alias=, scene=0, verifyFlag=0, attrStatus=0, sex=0, ticket=, opCode=0), forwardFlag=0, appInfo=AppInfo(appId=, type=0), hasProductId=0, ticket=, imgHeight=0, imgWidth=0, subMsgType=0, newMsgId=6476865331762016748, oriContent=, encryFileName=)
2024-02-18 07:03:45 [SYNC-CHECK] : [msg type] TextMsg
2024-02-18 07:03:45 [SYNC-CHECK] : zzzsh>z : plmm
2024-02-18 07:03:48 [com.meteor.wechatbc.impl.fileupload.FileChunkUploader] : [downloaded_video.mp4] 1 / 6
2024-02-18 07:03:49 [com.meteor.wechatbc.impl.fileupload.FileChunkUploader] : [downloaded_video.mp4] 2 / 6
2024-02-18 07:03:49 [com.meteor.wechatbc.impl.fileupload.FileChunkUploader] : [downloaded_video.mp4] 3 / 6
2024-02-18 07:03:49 [com.meteor.wechatbc.impl.fileupload.FileChunkUploader] : [downloaded_video.mp4] 4 / 6
2024-02-18 07:03:49 [com.meteor.wechatbc.impl.fileupload.FileChunkUploader] : [downloaded_video.mp4] 5 / 6
2024-02-18 07:03:50 [com.meteor.wechatbc.impl.fileupload.FileChunkUploader] : [downloaded_video.mp4] 6 / 6
2024-02-18 07:03:50 [com.meteor.wechatbc.impl.fileupload.FileChunkUploader] : UploadResponse(baseResponse=BaseResponse(Ret=0, ErrMsg=), mediaId=@crypt_a903b64c_ff065f5192143120a6e82dc2e75aa14d6686aeabc43feead50fa00b4a187c59d319d09a13b17046e18ecd4de62c1dd64634a0b05e1a69815c1cc76bb6d96aeaec55dc61a3c9ac7b77a696ba0440cc72b4428ae64544eda018bed4cc99068bfb26b4ce4db97bcca41070806cf2b56e8f26ff02a7fb515eab3e0477ce303826850f92634435270ec525e620caf44f9c9f8dadd6bd513d1bc80d2bd86cafcf0ef174bd9ecfabd48e5e21938ed6e3709a572ee912f5f0536477dd755cdc46abb274d56cd922fc1c8a6e2d0b657c8728aa45265a84d881528733a59d1e022a7e78efa0eea774e95c2c2b1755654eef2a48886c86fbe65610d360d835b1c26c13412c4bbf82611024bd3ed2c9ebd1847c4b2de78d9588a1e221325788f0f81484cdb89, startPos=3094326, cdnThumbImgHeight=1280, cdnThumbImgWidth=720, encryFileName=downloaded%5Fvideo%2Emp4)
2024-02-18 07:04:01 [SYNC-CHECK] : 在尝试异步获取消息时遇到了一个错误
2024-02-18 07:04:27 [WECHATBC_MAIN] : Message(msgId=6249191912769386877, fromUserName=@b5ae031ac9a49afd1012021977634d21e22d03e85c80b2ce0c3b133823b65ee4, toUserName=@508428331b1f2bc4ec18fe1372bb6719435c49aa06414be61db406492a313a9b, msgType=TextMsg, content=ldst, status=3, imgStatus=1, createTime=1708211066, voiceLength=0, playLength=0, fileName=, fileSize=, mediaId=, url=, appMsgType=0, statusNotifyCode=0, statusNotifyUserName=, recommendInfo=RecommendInfo(userName=, nickName=, qqNum=0, province=, city=, content=, signature=, alias=, scene=0, verifyFlag=0, attrStatus=0, sex=0, ticket=, opCode=0), forwardFlag=0, appInfo=AppInfo(appId=, type=0), hasProductId=0, ticket=, imgHeight=0, imgWidth=0, subMsgType=0, newMsgId=6249191912769386877, oriContent=, encryFileName=)
2024-02-18 07:04:27 [SYNC-CHECK] : [msg type] TextMsg
2024-02-18 07:04:27 [SYNC-CHECK] : zzzsh>z : ldst
2024-02-18 07:04:33 [com.meteor.wechatbc.impl.fileupload.FileChunkUploader] : [116126784_p0_master1200.jpg] 1 / 2
2024-02-18 07:04:33 [com.meteor.wechatbc.impl.fileupload.FileChunkUploader] : [116126784_p0_master1200.jpg] 2 / 2
2024-02-18 07:04:33 [com.meteor.wechatbc.impl.fileupload.FileChunkUploader] : UploadResponse(baseResponse=BaseResponse(Ret=0, ErrMsg=), mediaId=@crypt_b77a0cd7_f41f30c4a532dfdb681000972cc97bc7637bdfa3557b85d55f6d7d5d6bb89f0b3b6b6f0bda191ac6d41f21099a575b8808819dc6c2c442ec540291a1b9ad9f87107d555990281bfccf4dff4d56f9236cfcbd100cd13f9d898512825998aa03b1a3758049fe1c672921ada1fc372525a543813728946c018392bcf256527edb358b0d6740561abba74df8d9b149ae78791673c104eca7bed3b4ccd6f79a654bc9f4d25d32fa57fb3e2ba02be7decf8f1f2006da3223220409d331c96ebb36980c6849541251dd992fa82d617c43c839e1d99c62218bca9bac31565b46a3d4567ddf436263f099f2396e7520961b42f697f1d5c33c51974dbfde20fb451bb853bcbcba66870bde341e81390056901c0979daf64fa4f4327322f5e4843d07149d94, startPos=707479, cdnThumbImgHeight=100, cdnThumbImgWidth=56, encryFileName=116126784%5Fp0%5Fmaster1200%2Ejpg)
2024-02-18 07:04:33 [WECHATBC_MAIN] : {"Msg":{"ClientMsgId":"1708211073JHsqCR","Content":"","FromUserName":"@508428331b1f2bc4ec18fe1372bb6719435c49aa06414be61db406492a313a9b","LocalID":"1708211073JHsqCR","MediaId":"@crypt_b77a0cd7_f41f30c4a532dfdb681000972cc97bc7637bdfa3557b85d55f6d7d5d6bb89f0b3b6b6f0bda191ac6d41f21099a575b8808819dc6c2c442ec540291a1b9ad9f87107d555990281bfccf4dff4d56f9236cfcbd100cd13f9d898512825998aa03b1a3758049fe1c672921ada1fc372525a543813728946c018392bcf256527edb358b0d6740561abba74df8d9b149ae78791673c104eca7bed3b4ccd6f79a654bc9f4d25d32fa57fb3e2ba02be7decf8f1f2006da3223220409d331c96ebb36980c6849541251dd992fa82d617c43c839e1d99c62218bca9bac31565b46a3d4567ddf436263f099f2396e7520961b42f697f1d5c33c51974dbfde20fb451bb853bcbcba66870bde341e81390056901c0979daf64fa4f4327322f5e4843d07149d94","ToUserName":"@b5ae031ac9a49afd1012021977634d21e22d03e85c80b2ce0c3b133823b65ee4","Type":"3"},"Scene":0}
2024-02-18 07:05:03 [WECHATBC_MAIN] : Message(msgId=2037287255988628593, fromUserName=@b5ae031ac9a49afd1012021977634d21e22d03e85c80b2ce0c3b133823b65ee4, toUserName=@508428331b1f2bc4ec18fe1372bb6719435c49aa06414be61db406492a313a9b, msgType=TextMsg, content=ldsttag=萝莉, status=3, imgStatus=1, createTime=1708211102, voiceLength=0, playLength=0, fileName=, fileSize=, mediaId=, url=, appMsgType=0, statusNotifyCode=0, statusNotifyUserName=, recommendInfo=RecommendInfo(userName=, nickName=, qqNum=0, province=, city=, content=, signature=, alias=, scene=0, verifyFlag=0, attrStatus=0, sex=0, ticket=, opCode=0), forwardFlag=0, appInfo=AppInfo(appId=, type=0), hasProductId=0, ticket=, imgHeight=0, imgWidth=0, subMsgType=0, newMsgId=2037287255988628593, oriContent=, encryFileName=)
2024-02-18 07:05:03 [SYNC-CHECK] : [msg type] TextMsg
2024-02-18 07:05:03 [SYNC-CHECK] : zzzsh>z : ldsttag=萝莉
2024-02-18 07:05:08 [com.meteor.wechatbc.impl.fileupload.FileChunkUploader] : [110348431_p0_master1200.jpg] 1 / 2
2024-02-18 07:05:09 [com.meteor.wechatbc.impl.fileupload.FileChunkUploader] : [110348431_p0_master1200.jpg] 2 / 2
2024-02-18 07:05:09 [com.meteor.wechatbc.impl.fileupload.FileChunkUploader] : UploadResponse(baseResponse=BaseResponse(Ret=0, ErrMsg=), mediaId=@crypt_1bc79750_0791afbcbbf6c4b3d982064b4dd9769212efb8b42828c3f4ece3edbe4ed96438edcfeb63399829876ac433892b0ae5acd0b0985672f9b0247f36c7b7414a461271b4b585e89b21a8a6bc14568165f156002754649c18a96113b05d554e059fc008f8f8c91d1500e1649f31d9168c4060a9ad405539d6a780eaf56cdb0a8761aaf228eac69f51bc70b477fd36b6e46712078442e7be4d835b2e9865899d7c16816b8152f568a74dbcbd9fb181c691910e76daed438fadfe4e8b4e2ecc16a169c3820436e7391ee04f1692a5a7e4598e2635a93b707cbe26a06b86d0a3b9803122ce83ae34de2427034f968cfbd37bb34f5ed75c81a98161521d6bd4a00656f65cc1fccd3aa240e3ff62bac2da5bcae21a9ecdea5ef524aaa3415483a8d72a0608, startPos=1034437, cdnThumbImgHeight=100, cdnThumbImgWidth=65, encryFileName=110348431%5Fp0%5Fmaster1200%2Ejpg)
2024-02-18 07:05:09 [WECHATBC_MAIN] : {"Msg":{"ClientMsgId":"1708211109x9a5CX","Content":"","FromUserName":"@508428331b1f2bc4ec18fe1372bb6719435c49aa06414be61db406492a313a9b","LocalID":"1708211109x9a5CX","MediaId":"@crypt_1bc79750_0791afbcbbf6c4b3d982064b4dd9769212efb8b42828c3f4ece3edbe4ed96438edcfeb63399829876ac433892b0ae5acd0b0985672f9b0247f36c7b7414a461271b4b585e89b21a8a6bc14568165f156002754649c18a96113b05d554e059fc008f8f8c91d1500e1649f31d9168c4060a9ad405539d6a780eaf56cdb0a8761aaf228eac69f51bc70b477fd36b6e46712078442e7be4d835b2e9865899d7c16816b8152f568a74dbcbd9fb181c691910e76daed438fadfe4e8b4e2ecc16a169c3820436e7391ee04f1692a5a7e4598e2635a93b707cbe26a06b86d0a3b9803122ce83ae34de2427034f968cfbd37bb34f5ed75c81a98161521d6bd4a00656f65cc1fccd3aa240e3ff62bac2da5bcae21a9ecdea5ef524aaa3415483a8d72a0608","ToUserName":"@b5ae031ac9a49afd1012021977634d21e22d03e85c80b2ce0c3b133823b65ee4","Type":"3"},"Scene":0}
