2024-02-16 06:10:46 [WECHATBC_MAIN] : 等待扫码中...
2024-02-16 06:11:05 [WECHATBC_MAIN] : 已扫描二维码，请确认登陆
2024-02-16 06:11:16 [WECHATBC_MAIN] : 已确认登陆
2024-02-16 06:11:17 [WECHATBC_MAIN] : 已取得登录信息:
2024-02-16 06:11:17 [WECHATBC_MAIN] : BaseRequest(uin=281175185, sid=9cJhM2+jgPNdGyiE, skey=@crypt_c1a555a6_e5acef6da86feb4c63f237d84211b9c3, deviceId=e801936853944721, dataTicket=gScsTb0CcpgpXve75zwQB7EC, passTicket=8k9rnNMNtIHl%2FHxUqvbjl6YJbjmaoGwKrEPqhlzKtg8e%2B6ejw35qO9NLgleZWefOJZJngZIiDXRlulhC%2BSjwtA%3D%3D, authTicket=CIsBEKnGnpAOGoAB2s1wsCbLCGMb/eR2L4k+X9w9xx1lbpKOD1Eoo/dbogVbpxWM9hSUI1uMZswrWyFyt+o1PpOEtafscITXEoC1zBSJNzUfekwI+SaSxPcb/yvGKWqMhojN6583nNrHbCT2LQ/IcgnZ4VjW+7qMzd0WgKIFOdT4EwiPkmJ/wX0/OWE=, initCookie=[wxuin=281175185; expires=Fri, 16 Feb 2024 10:11:16 GMT; domain=wx2.qq.com; path=/; secure, wxsid=9cJhM2+jgPNdGyiE; expires=Fri, 16 Feb 2024 10:11:16 GMT; domain=wx2.qq.com; path=/; secure, wxloadtime=1708035076; expires=Fri, 16 Feb 2024 10:11:16 GMT; domain=wx2.qq.com; path=/; secure, mm_lang=zh_CN; expires=Fri, 16 Feb 2024 10:11:16 GMT; domain=wx2.qq.com; path=/; secure, wxuin=281175185; expires=Fri, 16 Feb 2024 10:11:16 GMT; domain=qq.com; path=/; secure, webwx_data_ticket=gScsTb0CcpgpXve75zwQB7EC; expires=Fri, 16 Feb 2024 10:11:16 GMT; domain=qq.com; path=/; secure, webwxuvid=b0c1512a3960be8895dbe4551510255dab46272e91e982e4a52ee37e82d8bc6827b8f61dcc975e56fc2cdeabdf11f02e; expires=Sun, 12 Feb 2034 22:11:16 GMT; domain=wx2.qq.com; path=/; secure, webwx_auth_ticket=CIsBEKnGnpAOGoAB2s1wsCbLCGMb/eR2L4k+X9w9xx1lbpKOD1Eoo/dbogVbpxWM9hSUI1uMZswrWyFyt+o1PpOEtafscITXEoC1zBSJNzUfekwI+SaSxPcb/yvGKWqMhojN6583nNrHbCT2LQ/IcgnZ4VjW+7qMzd0WgKIFOdT4EwiPkmJ/wX0/OWE=; expires=Sun, 12 Feb 2034 22:11:16 GMT; domain=wx2.qq.com; path=/; secure])
2024-02-16 06:11:18 [WECHATBC_MAIN] : 已初始化微信信息:
2024-02-16 06:11:18 [WECHATBC_MAIN] : 用户信息:
2024-02-16 06:11:18 [WECHATBC_MAIN] : Contact(uin=281175185, userName=@a108497b7bf1f7bc827e39a9a598eca44b0714e6340850a448e5e472ec45282a, nickName=z, headImgUrl=/cgi-bin/mmwebwx-bin/webwxgeticon?seq=441057341&username=@a108497b7bf1f7bc827e39a9a598eca44b0714e6340850a448e5e472ec45282a&skey=@crypt_c1a555a6_e5acef6da86feb4c63f237d84211b9c3, contactFlag=0, memberCount=0, memberList=null, remarkName=, hideInputBarFlag=0, sex=1, signature=已换微信 meteor1913103, verifyFlag=0, ownerUin=0, pyInitial=, pyQuanPin=, remarkPYInitial=, remarkPYQuanPin=, starFriend=0, appAccountFlag=0, statues=0, attrStatus=0, province=null, city=null, alias=null, snsFlag=257, uniFriend=0, displayName=null, chatRoomId=0, keyWord=null, encryChatRoomId=null, isOwner=0)
2024-02-16 06:11:20 [WECHATBC_MAIN] : 联系人列表数量: 315
2024-02-16 06:11:20 [WECHATBC_MAIN] : @0401117adf92f8bbf25c932d62a746daff3b009dfa8429377b415a47687e3b07:Z.🧸
2024-02-16 06:11:20 [WECHATBC_MAIN] : @ec5c83572d1a9ff2b4d1b7f6a14315e15631da6be052f91ebe07fdca7f8c1d18:白胡子
2024-02-16 06:11:20 [WECHATBC_MAIN] : @0a77daa02f17787b86864e853dae218171ccdf9d9fc06a8cd2ab9ba6a58c94ba:Mog.
2024-02-16 06:11:20 [WECHATBC_MAIN] : @ec46a8ec36d2690264dc368a115712fcbcd85afcde6497cbc0a3246844307c92:榴莲
2024-02-16 06:11:20 [WECHATBC_MAIN] : @e5727d546aaabc494db2b7a47cfc2450dc4ed5292e03e8230416d44d2d364b09:怎么取一个正常点的名字
2024-02-16 06:11:20 [WECHATBC_MAIN] : @fc6173b35bbff292e5cabb8aa9b1f252:小李万事屋
2024-02-16 06:11:20 [WECHATBC_MAIN] : @16cda167dbc90ebb629e23182d07c922b7ac3eaff9bf47ee31096598c9b6ea02:董不懂
2024-02-16 06:11:20 [WECHATBC_MAIN] : @956fe4743338e2d53970c1405a12898a676a5edfa6256489d26b1e8fa0e7dd4e:胖胖的孙某人
2024-02-16 06:11:20 [WECHATBC_MAIN] : @540ba2f30fb7c7cb36ec635fc89d9e199386545171ff126135f429bfc0f64897:a大白胖
2024-02-16 06:11:20 [WECHATBC_MAIN] : @cc53bb968ee05a26de85c478cf826b34128e6934370115e6c21e5fb3fc0594ca:AOO࿐努尔 诚信经营 花呗金融
2024-02-16 06:11:20 [WECHATBC_MAIN] : @dbd6035adba339f69deaeccb178b4bec:加一电影
2024-02-16 06:11:20 [WECHATBC_MAIN] : @4aea4348260f25874908188987421794cf2bacb8264340361ebce86025a47e15:...
2024-02-16 06:11:20 [WECHATBC_MAIN] : @77f32805c6bac706d1b50a8f33c3772d71a8dc687bfd659be2874021b9ac8508:C.
2024-02-16 06:11:20 [WECHATBC_MAIN] : @6be977c0ac0903cc21f651bd2ed55c3157fc7be47bbe6c320c2404dfebdeb537:橘ne
2024-02-16 06:11:20 [WECHATBC_MAIN] : @a98c5773a174d52c24c17551874dd7edab2202f27b193f03957beb5861aeeef7:安逸
2024-02-16 06:11:20 [WECHATBC_MAIN] : @179fb889e236ed3e5004dbcbd4fb7ac10dcb95388b32555ce22b5842337e2088:觅雪班导
2024-02-16 06:11:20 [WECHATBC_MAIN] : @53e84732471acd34153fc9cbb1ee820a:韦一同说
2024-02-16 06:11:20 [WECHATBC_MAIN] : @6daacdef2376d8198bce646779639faa:黑料BOOM
2024-02-16 06:11:20 [WECHATBC_MAIN] : @985e2f814cff1a00c4d4e45d6be1c7c1:酷猫电竞网咖联盟
2024-02-16 06:11:20 [WECHATBC_MAIN] : @64678dfee9f75886be9739b918dac5542115ef02213bae8de5a6c50fe0cf24c4:AT
2024-02-16 06:11:20 [WECHATBC_MAIN] : @55190fede89633e689007e8723e1db09565e02eed03a71426f7e79ad4e4da443:SOYU
2024-02-16 06:11:20 [WECHATBC_MAIN] : @919080f902e59c8badf243b2898df6ba88cac91d98a138a3b9d49f76c9a6543a:！
2024-02-16 06:11:20 [WECHATBC_MAIN] : @1c89f88c5d85d2374b5765570840ace4:便利店艺术家
2024-02-16 06:11:20 [WECHATBC_MAIN] : @adb146d00f85b8fe4137bfe563e6f3a61550d235266f47355eba3ee443b64d62:<span class="emoji emoji1f525"></span>
2024-02-16 06:11:20 [WECHATBC_MAIN] : @54606a3e1e922cc59a40e0749600bca4196e8c51e8201ae558be5f33114dc89f:娇的名
2024-02-16 06:11:20 [WECHATBC_MAIN] : @f4dce2826bb30b75a67f0665c77acc63ef016bb8dc4bc19ebe9502208459de2a:buo
2024-02-16 06:11:20 [WECHATBC_MAIN] : @d5b30d5694d40d2f41b4bf9b9573e50c975f0f489f41cbd18301a9333bca754f:<span class="emoji emoji1f631"></span>ི<span class="emoji emoji1f60a"></span>ཽ周晓明
2024-02-16 06:11:20 [WECHATBC_MAIN] : @a95a2a93b4c4af7cb5b4db746daa70d0:该账号已注销
2024-02-16 06:11:20 [WECHATBC_MAIN] : @158bdfafb6383be8abd89a1df4ecf297851992a44835761f700d5220b185ad11:🥷
2024-02-16 06:11:20 [WECHATBC_MAIN] : @3da0408907af41c41be8e29c3e2d6508a7b61a87e4b3215b50199d1c8b8dfb15:莹^ω^
2024-02-16 06:11:20 [WECHATBC_MAIN] : @4dc659c68b15414e803307b64a21a085266e440532dec45b3308e33037898f7c:大海我的故乡
2024-02-16 06:11:20 [WECHATBC_MAIN] : @53986011d1c7c42503914d4ab60d77ed9efc99aed8d8bcc0976c84147b755e10:计划师-可心
2024-02-16 06:11:20 [WECHATBC_MAIN] : @6967c3b5257efd6ddaf73fc2b8ad20f9d8a8ce1d4965774304605d81c4c2ac11:芜湖
2024-02-16 06:11:20 [WECHATBC_MAIN] : @aa1d910e96ceb7b80df1a5f70c8fc88b139f58ad04da8f4b9cbca3794f47b2b3:星光
2024-02-16 06:11:20 [WECHATBC_MAIN] : @0f413a9b3e3936a61e2915ce539400d821a18410a94570fbe9c13e70fa95e737:顾玖
2024-02-16 06:11:20 [WECHATBC_MAIN] : @0cd92d833ca7ae04a7d00b8d0655678a9a44f7d217fa61f04645b921f15132e7:wuli
2024-02-16 06:11:20 [WECHATBC_MAIN] : @e2d8c8b0865fd51e8155eb14cd7953e8b84e20a5dd3278fe4cabdaf8fe3a2c03:老细肠粉甜品小吃1号店
2024-02-16 06:11:20 [WECHATBC_MAIN] : @5254e449b6df46d747813fbc0d20c7d87a386a2032a3d917171f8d1dbb5e371b:广州鑫顺  专做美系单项件
2024-02-16 06:11:20 [WECHATBC_MAIN] : @4ca83455bb922c5dc2de9c8fc3bfea6d8c580e22d4b80f266467db96596234f2:A0༒六子༒ （诚信服务）
2024-02-16 06:11:20 [WECHATBC_MAIN] : @b1607c747f01b4c7a7579a963835e698:特摄资源共享
2024-02-16 06:11:20 [WECHATBC_MAIN] : @778e8368833ca999f4708282efb0155a85b23076b8df8385608dbe983dba2680:广东青年
2024-02-16 06:11:20 [WECHATBC_MAIN] : @4df77ea2090b4a8250a77319c6ca043792f7d766830511c5f7f474f98dcd7e17:G
2024-02-16 06:11:20 [WECHATBC_MAIN] : @@70d7cd288969fdbd6ed9ace3b8bbbd3fc5e312bc55752df1a11d931d4e077b5f:森鶴教堂<span class="emoji emoji26ea"></span>
2024-02-16 06:11:20 [WECHATBC_MAIN] : @472e5d254cecb8665b9bbe56ded46ee5:魂之乐享
2024-02-16 06:11:20 [WECHATBC_MAIN] : @d85164b07b3af1f73ce13218c4165ec1:浮秀
2024-02-16 06:11:20 [WECHATBC_MAIN] : @4da2c980dda51091f241a0bee45bf460:互联网品牌官
2024-02-16 06:11:20 [WECHATBC_MAIN] : @17c103dc358dea9a416b8de08df3eb489641b52e928f738d5b8b80d057133874:　　　　　　　　
2024-02-16 06:11:20 [WECHATBC_MAIN] : @25a6fa0fca0aaa5fc2513bda31e56e8f3f3c387f72b5eef62aae71a3b0a96602:Oneone
2024-02-16 06:11:20 [WECHATBC_MAIN] : @faf4c7912fa21ff9398e9f1f5c671ae5c8ee1bebc079142c5328d8548eb189ce:拉勾为什么要上吊
2024-02-16 06:11:20 [WECHATBC_MAIN] : @41d0722889735b59bc08193983b00dfdc2aea66ccf2c723ce88ab4d70b0656cc:！
2024-02-16 06:11:20 [WECHATBC_MAIN] : @@98f7ca53206703e9b472adb75439d796af76859559945b229975b8a38b97e316:z,zzzsh
2024-02-16 06:11:20 [WECHATBC_MAIN] : @8c199d01bc0db06c7eb08303d22934af746b4baafe5cc31a0ee90176e746286a:培
2024-02-16 06:11:20 [WECHATBC_MAIN] : @03ac8555101b7d189dfe88133d1a3cb6:GoLink加速器
2024-02-16 06:11:20 [WECHATBC_MAIN] : @7961d0c5d2bb114b51785f20dff8f3895f1239e327b356b0c4f55a8518e93f79:qi
2024-02-16 06:11:20 [WECHATBC_MAIN] : @070cd88c612fe3319c2acafaa59d9e3fe056101f895db858e288dc4eadcbaa1a:sam
2024-02-16 06:11:20 [WECHATBC_MAIN] : @5b106d8177d87c00dd2c52b3a2c4fc1155c8dca122e2091af0b97a8e8dc0090b:A_ ZikX.
2024-02-16 06:11:20 [WECHATBC_MAIN] : @b8b4b499242a637699d46f6a97f7cc729af225eb8dbb10de014aa3afe813fa48:zzzsh
2024-02-16 06:11:20 [WECHATBC_MAIN] : @5ac1fe382cdcc9afcd06898a168fa22a8f3d589d7f383825d04c1059adc08424:Boy。
2024-02-16 06:11:20 [WECHATBC_MAIN] : @a3b2568976bf079252218ec9c223a675:辰东
2024-02-16 06:11:20 [WECHATBC_MAIN] : @9396268258a60e999a7e91aae566d8fd:京东白条
2024-02-16 06:11:20 [WECHATBC_MAIN] : @28b6906088404ac76aeefbe0d2d2741c15802f3eb61252dd33d3485746e746bf:AA - 手机电脑 回收 出售 维修
2024-02-16 06:11:20 [WECHATBC_MAIN] : @afcbe7ae8884a0474ad26acd2f4b6113dc0c05474d4385c19998bab0e2f8b41b:H
2024-02-16 06:11:20 [WECHATBC_MAIN] : @04c42b91d4bd8f6434699a6e2fbd74236c0789a3f2fb79c79d652dcb9441481a:NOBODYLIKESME
2024-02-16 06:11:20 [WECHATBC_MAIN] : @89c8c0c50688186678d2d6f4a1a1f5eb323ac6c96a9c729896e88b80aed98b81:0.2℃
2024-02-16 06:11:20 [WECHATBC_MAIN] : @47ad360b6c8b60b49cf4e633920fc40dcdb210a9f4a6db3f39c3146a73e13e4d:FLIPPED
2024-02-16 06:11:20 [WECHATBC_MAIN] : @753954b7f60220182fd03d9cbabc1972a31e28f90f6adf3c62e681374afd939c:H
2024-02-16 06:11:20 [WECHATBC_MAIN] : @4ac7665d8baa5bc022a5bfb74cad66db:余熙小灶
2024-02-16 06:11:20 [WECHATBC_MAIN] : @4874eeed5327292ff4c938382074cb02:布晴LIVEHOUSE酒吧
2024-02-16 06:11:20 [WECHATBC_MAIN] : @ef71b01afcc138396941d00088c1a8d9:wsice_肆
2024-02-16 06:11:20 [WECHATBC_MAIN] : @46df5f2fb1fe8d566b989f5c320c777d8714eeb441370d3f49a99ca30bec00ad:只手摘星辰
2024-02-16 06:11:20 [WECHATBC_MAIN] : @f7832593c07a363958943151d0ccf40d:zl     <span class="emoji emoji1f4a6"></span>
2024-02-16 06:11:20 [WECHATBC_MAIN] : @a01266abaf1062b10cf66c8eaae538f25b03f2b9a338ae57713fdc83f27600be:ᯤ⁶ᴳ
2024-02-16 06:11:20 [WECHATBC_MAIN] : @2c8cc8a497ceb4d8520272aaee8a0de7:php中文网教程
2024-02-16 06:11:20 [WECHATBC_MAIN] : @c2b61ca48791c508349180bfd0b334cc560231f8a6838b449261786416de3c45:Cory
2024-02-16 06:11:20 [WECHATBC_MAIN] : @00ebbe2d24d5cc7173858e146e86392c:外卖卷不停
2024-02-16 06:11:20 [WECHATBC_MAIN] : @a978746b4334040c55f116b145d3e4617b5e63ade234a6a45c1c937f49347723:Nefia
2024-02-16 06:11:20 [WECHATBC_MAIN] : @62d5c5932a50c754a07c860b168ffc6a:沐沐热喵
2024-02-16 06:11:20 [WECHATBC_MAIN] : @c10d4abfa826e5acd72f13f44c4f6e20:Su2
2024-02-16 06:11:20 [WECHATBC_MAIN] : @9af49e5a6609a08cf13af1a5826deaad:天蚕土豆
2024-02-16 06:11:20 [WECHATBC_MAIN] : @1de43c6165757a9c6b3c44eb91c5015744144483862a96178a719996f235f766:A-河北祝江机床韩冬晓
2024-02-16 06:11:20 [WECHATBC_MAIN] : @fec62e5c3fbe37a3961fa49650227a22c79874e49951cf5ded506148ba3e4d6d:彬
2024-02-16 06:11:20 [WECHATBC_MAIN] : @f4ad7789c898a5e159f96939a4c5b8148dfb42790d0505bc412d6e40bc47d9f2:ིྀ
2024-02-16 06:11:20 [WECHATBC_MAIN] : @cc6c7afee20cba2082b5ae9446a8486a:WPS办公助手
2024-02-16 06:11:20 [WECHATBC_MAIN] : @4325b033fe8703ade16f690707140a3f:宅猪
2024-02-16 06:11:20 [WECHATBC_MAIN] : @d2e82ee12d7401aa72580f01d166996ac679cfccc9f325b313d4b9faf29ddbd6:北
2024-02-16 06:11:20 [WECHATBC_MAIN] : @7626a1a64014de38321bbab12129c40fb44bf0ce5e183aff6da01e58279a2097:失忆
2024-02-16 06:11:20 [WECHATBC_MAIN] : @d456c8fc35e8785b6f034ceaef11d9c61f8ee2c32e69a163a6bdd4f7ebe0703e:-
2024-02-16 06:11:20 [WECHATBC_MAIN] : @26028b03325e85b44dbefd4f0e27bfb1:三叔软件
2024-02-16 06:11:20 [WECHATBC_MAIN] : @2857a1168710f6d2cfc54b4ada8f34e8:外卖有多少
2024-02-16 06:11:20 [WECHATBC_MAIN] : @3d852491b9e5ee385d54697798b6772e9288cc1da6b9ff6b5a9ede919aef31c3:FyG
2024-02-16 06:11:20 [WECHATBC_MAIN] : @44fe14d76f905096fb7b9a24a933ed68a953a57ffc78eec54ed453bbea44504f:彭老师
2024-02-16 06:11:20 [WECHATBC_MAIN] : @75d810b5c3ac6fbbdd58d105849f3fb3c73a2863e7cbb563c752d268f16cd3b1:Sleeeeping
2024-02-16 06:11:20 [WECHATBC_MAIN] : @fb4ec075591f276652402ef751992669:小呆加速器短租
2024-02-16 06:11:20 [WECHATBC_MAIN] : @b145d5089cf0d47d78951da813aa3532:治愈读白
2024-02-16 06:11:20 [WECHATBC_MAIN] : @ed6af7b58142794d574310c49b01c3c2:潮职校园通
2024-02-16 06:11:20 [WECHATBC_MAIN] : @fc0c14643d29b023a1d4abf2bc75c86115108ecc68f3f380039d091b7e9f0e51:🧐
2024-02-16 06:11:20 [WECHATBC_MAIN] : @dd73192f2b794003e8939c9622e2172952734f368ab6a95bf7dddc1913e8583f:はたけカカシ²⁰¹⁸₀₉₁₅
2024-02-16 06:11:20 [WECHATBC_MAIN] : @8c2ad273f0f2e839d44b3a597272c9c1d3e1571bec064d50f2fbfc3ad7d8e489:发财小掌柜<span class="emoji emoji1f4a1"></span>
2024-02-16 06:11:20 [WECHATBC_MAIN] : @0a43b58b14cc128daaa29bd264de7ce9:特摄驿站
2024-02-16 06:11:20 [WECHATBC_MAIN] : @d9259667bf5f4ede34600af360526169ea849a1ab5f25de6e48186134cbc28d7:独人13
2024-02-16 06:11:20 [WECHATBC_MAIN] : @d525bfefe9a1fe4348efd3833a78c5d276a0f9ae602d01e8f9bc8f6e34e5841e:木川金
2024-02-16 06:11:20 [WECHATBC_MAIN] : @87ef23aa39e5c5cb0ac062435e7e7a48bc8d937da87e8dcfbf7d8c1ef0bd8198:SuriYan
2024-02-16 06:11:20 [WECHATBC_MAIN] : @7229cb3aa295ce5dd8ccb89cd683048d12fd2c7ff4a82ec114f0a9e272db5c97:卡哇伊
2024-02-16 06:11:20 [WECHATBC_MAIN] : @499401e910bd7aef41643752bf9017a32a4a75d645410afd15c4f1a88b70bac5:ღ火炎焱燚ꦼ
2024-02-16 06:11:20 [WECHATBC_MAIN] : @0981d3d33ed5d3a415efc77238110592:热门精彩阅读
2024-02-16 06:11:20 [WECHATBC_MAIN] : @dd50ed469cede813845e0f266b6504025837dc2935d5e1be65dba1038b1970e7:晚风
2024-02-16 06:11:20 [WECHATBC_MAIN] : @5a026d6819bf787b318e50a96594f4b36b343582ea4f097f3ee0b05f5c89fd47:Ljh🤩
2024-02-16 06:11:20 [WECHATBC_MAIN] : weixin:微信团队
2024-02-16 06:11:20 [WECHATBC_MAIN] : @2570b7a4da34f067a22e92649c6bfdc38bb029044544e37b1575b92720ce4c98:微笑的高圆圆
2024-02-16 06:11:20 [WECHATBC_MAIN] : @f523adcc088a089388bcbf7256842d1f:老廖
2024-02-16 06:11:20 [WECHATBC_MAIN] : @8da80fd5f56f303279302989b448b17b768d895a81137675ab1407f4a7bab195:樱桃🍒
2024-02-16 06:11:20 [WECHATBC_MAIN] : @c9c1541c1fba4240e6ef90086c4e0b11ed0e404fac7d4cb1401e40777a333735:ㅤ
2024-02-16 06:11:20 [WECHATBC_MAIN] : @b43dfb737638e96a3ff2c8ece7e002597e69d70a79d726e505a01b9d159fff9a:<span class="emoji emoji1f361"></span><span class="emoji emoji1f361"></span>
2024-02-16 06:11:20 [WECHATBC_MAIN] : @c29bde89b5d8bc70e67a0035aca889e59265000f86ce2554d3db4e2123a857c5:寿～
2024-02-16 06:11:20 [WECHATBC_MAIN] : @b3579c4eaf1b0e5d2941b16256105f05:小木生活观
2024-02-16 06:11:20 [WECHATBC_MAIN] : @6be8931d0d1fa5532c90e19628310848:你的生活我的梦想
2024-02-16 06:11:20 [WECHATBC_MAIN] : @34b2513d28b3b1261f336d0892d7130b80704d6fcbaf27b6ac6e562dd74d8964:VIP
2024-02-16 06:11:20 [WECHATBC_MAIN] : @b0cd0e18d7d3b1bd8935ffb5b2f8ab86eb66e167ee3478cbb5dcde3060c2892d:+🥚
2024-02-16 06:11:20 [WECHATBC_MAIN] : @5fdcd93880bf573e81664cd33832c79e80a562cfe5f5186cfa397d74a03a7518:木讷
2024-02-16 06:11:20 [WECHATBC_MAIN] : @38342f52b680e8d6d4809dfd6724159a249502ef556b3ba146d0a78f9fd66348:山海
2024-02-16 06:11:20 [WECHATBC_MAIN] : @432f13702f62a1890d617f150998e48886568bc526952ca61ede58ace8dc5550:宝藏
2024-02-16 06:11:20 [WECHATBC_MAIN] : @3e9e2585aaa6d2115b943ecf231a9404:卢家妈妈 西餐厨房
2024-02-16 06:11:20 [WECHATBC_MAIN] : @1ad83bbf28abc9a255eb40fff69d16da93b57aa45206338964bc57e9f7d11f91:Arun丶
2024-02-16 06:11:20 [WECHATBC_MAIN] : @f992b8479125301812736b31f3ad320ef408df450e68629f1acfe69da41e40af:碎星辰<span class="emoji emoji1f1e81f1f3"></span>
2024-02-16 06:11:20 [WECHATBC_MAIN] : @8fc807907ec2b5e675880cfe24eacc3c:海豚网游加速器
2024-02-16 06:11:20 [WECHATBC_MAIN] : @133c694f5b94451039bec1c13bea8fd35e31eb5f4d9e8738ee088dfc88395396:.ayu
2024-02-16 06:11:20 [WECHATBC_MAIN] : @513389596ed9845fc26cc1fd9324038a:耳根
2024-02-16 06:11:20 [WECHATBC_MAIN] : @4a0d6bb6fcc64d3aba89dcbf2708474297982f47a6fc3e7c432e3d4d8012ec66:  
2024-02-16 06:11:20 [WECHATBC_MAIN] : @a73362fb9b8676c99040ffc6e2465dbbed8e6d99f54dcedaffa760fa7131644d:<span class="emoji emoji1f525"></span>Sparks
2024-02-16 06:11:20 [WECHATBC_MAIN] : @40f295e0c8806a2383982a1647ae18a59d15f66f38b22d778ed6f98e89251fa2:譚咏麟
2024-02-16 06:11:20 [WECHATBC_MAIN] : @bb787a0069c69fa3062fd2910621ef5c5fb59e9a531d0453b147db9dd8d62c55:莹^O^
2024-02-16 06:11:20 [WECHATBC_MAIN] : @410627324763fecef7a30a55b22a5251c4166f08f9efbb776d779ef65c896007:ᥫᩣ.
2024-02-16 06:11:20 [WECHATBC_MAIN] : @4bf4acfb499464a4b09def576006f1729ecedb358b6ae0f234f4ac000c68a6ba:Sherry
2024-02-16 06:11:20 [WECHATBC_MAIN] : @ea68ba43ca9b42eaa8b397c90ad9fd9feea738ecca8a82ed36a262110db24177:【千浔】Ms.傅
2024-02-16 06:11:20 [WECHATBC_MAIN] : @e5d59155d305d0a5c5c41792637a9694:易博通eSender
2024-02-16 06:11:20 [WECHATBC_MAIN] : @470e63ff298d6b56fefcf2fc14279d98ec6ae3e6611b090ce041af6a42e41fe2:Rime
2024-02-16 06:11:20 [WECHATBC_MAIN] : @f999c6b6da43581d5181f4858c3c0a2f30e485589f592632468533e88ab9af1b:。。。。。
2024-02-16 06:11:20 [WECHATBC_MAIN] : @211ed5cb2fb860bb6f2a8c7d28eae906e2e7f55f5e109861a1a6e864337327f3:熊大
2024-02-16 06:11:20 [WECHATBC_MAIN] : @776d390b625fce93088a1b475946846974307896ef9522b0dda61022b349944b:福🦆
2024-02-16 06:11:20 [WECHATBC_MAIN] : @66cd41087f56b545947b02d9df887348dd4613a930167fea2fb666a2d136626b:小宝
2024-02-16 06:11:20 [WECHATBC_MAIN] : @587f6e8d9e0b3374c36ba8304488d2682dae671b54fa0cefb914d76f428a1645:兄弟酥面店13322746671
2024-02-16 06:11:20 [WECHATBC_MAIN] : @48fe45db777ff79d73c6c8a451381736e9e75cb9ebfa99b6f15b2c571734840c:美宜佳
2024-02-16 06:11:20 [WECHATBC_MAIN] : @69bcff4ccf36eeec410271b6c207718f99631ae4ed5d666d00a21f992bbd2d68:<span class="emoji emoji1f6b9"></span>
2024-02-16 06:11:20 [WECHATBC_MAIN] : @56564ffd774707b57d8bf3a31d657c665f9a1d386672601605127fbdae1abff9:A 中联电讯   郑灿伟
2024-02-16 06:11:20 [WECHATBC_MAIN] : @f1fa72e8423a5d6b39ba51b2cdc2bab6cb2fe8c74b852083918e34963d7b70c1:AIm.
2024-02-16 06:11:20 [WECHATBC_MAIN] : @e44314c00034d2b440e902f9964edb54:小星星资料库
2024-02-16 06:11:20 [WECHATBC_MAIN] : @cbbc8d1aec48b5b516e7a8e5510cfe2b811a39eb9068a84dfde7aa15539d8949:顺风
2024-02-16 06:11:20 [WECHATBC_MAIN] : @810e9ef1cf8eb45fe54056475c732dc301b7510794dd753738aad4dbd246952e:大月半冉子<span class="emoji emoji1f43e"></span>
2024-02-16 06:11:20 [WECHATBC_MAIN] : @5a138d7728dda3f47b91605e0881df04:小智LOGO
2024-02-16 06:11:20 [WECHATBC_MAIN] : @5c504036153f6011efe32cef1f50bbf944d8ffce38f7d1c8453df3d7cdb84947:BLUE
2024-02-16 06:11:20 [WECHATBC_MAIN] : @240d2a60af9ea463b3ce106bf25224318cb691333362e1adbe151b627de4ef01:你滴男妈妈
2024-02-16 06:11:20 [WECHATBC_MAIN] : @25741a6555d4b8fdd38457379ad3d91987c5c0c9a21c37377c91f4b7f3273f70:Diss8c豆
2024-02-16 06:11:20 [WECHATBC_MAIN] : @b25c1a4662064416480a870536898206220882f9ca9cf5d7c6249a59363d1148:滥情g.
2024-02-16 06:11:20 [WECHATBC_MAIN] : @5a90adce2ec755e8ae6abbfbc9140e18a57b9f4d672145ea66133ebdb169571e:（～_～）
2024-02-16 06:11:20 [WECHATBC_MAIN] : @bdbd857528e34f831dd4bdd4c7e77b67504d5394a86bad8b2a831a93929dd2ae:振袖秋风问红叶
2024-02-16 06:11:20 [WECHATBC_MAIN] : @82703d38cf3cbb78f46ecce72bf96c9d:NS大玩家
2024-02-16 06:11:20 [WECHATBC_MAIN] : @4e38f65b0e2492ee578f40cc0dcf0efbbd56367451c23420ac3abdb86c3ca5ec:汉宫
2024-02-16 06:11:20 [WECHATBC_MAIN] : @0d75a95b6ec0325d76ef5b6e97577368:奇妙加速器
2024-02-16 06:11:20 [WECHATBC_MAIN] : @8170e90c61e8136ec66d6b3e4bc420e9:泡泡加速器
2024-02-16 06:11:20 [WECHATBC_MAIN] : @5c3d82d4bd0209cb5d49d311198bd5aea46fb819ba3bd7aaebafee260b85bddb:太白
2024-02-16 06:11:20 [WECHATBC_MAIN] : @1e6e7721a7600c36757e0f5bf985949de37dd6a1b53605ede92b549c8c1e6b4f:莹^O^
2024-02-16 06:11:20 [WECHATBC_MAIN] : @c132630fe48ae38facce685463c6a2b700e71e040d98d6e65ed4d60efcd56f5e:月<span class="emoji emoji1f377"></span>
2024-02-16 06:11:20 [WECHATBC_MAIN] : @01d5c30b1de7d90e5a5b58aa5c86d4d83c6e49729a580c6c84e324df2a492bf8:白云飞（只二维码收米）
2024-02-16 06:11:20 [WECHATBC_MAIN] : @20c4ba1dc5f1e45dfeb5c166fbc6745b3f5074836c2371790b3137fb80a454b8:平平歌(ᇂ ㉨ ᇂ)
2024-02-16 06:11:20 [WECHATBC_MAIN] : @da10f34dd02fa8ed4035bf070bda817615ef3adbf35e46d8dfaff8ae9a9a1304:楠浅ꫛꫀꪝ
2024-02-16 06:11:20 [WECHATBC_MAIN] : @562786b9310411930d55e7403d3219ab02cccdc293bdd2d148e8b1ea1616f21a:陈店长
2024-02-16 06:11:20 [WECHATBC_MAIN] : @bf3895dd4c038825d5b391dd6ad3b37d7a6e3bcd1aaa3b33007b6d6cce7461ca:区冠贤
2024-02-16 06:11:20 [WECHATBC_MAIN] : @2262c24a319722c37b789fd419616436334e5825ca7950ccac4e235d14ad64f6:啦啦啦啦
2024-02-16 06:11:20 [WECHATBC_MAIN] : @a462fc59332be8ef626280f518ca101088bbbc9f0a9eb5332a57455f5262ce19:Huan
2024-02-16 06:11:20 [WECHATBC_MAIN] : @b2a413f53025f81925d5b64a04e1371474b7543efd254a67b8153d228d3dcaa3:Aloha
2024-02-16 06:11:20 [WECHATBC_MAIN] : @c673a760ceb1f5f44b05553c0682c5b3:微信支付
2024-02-16 06:11:20 [WECHATBC_MAIN] : @5cc83d639ea93228c7f0eba02c4fabfb3a31e9d92989b1201255a41598df2a81:Coast（2.1号放假-2.19上班）
2024-02-16 06:11:20 [WECHATBC_MAIN] : @2b247bd8c46b81c0d608389cfbcf0653:拼多多
2024-02-16 06:11:20 [WECHATBC_MAIN] : @3f2d7498b0972507d9786da41332670299bac482b15ec31d4b2886adf4a80ccd:岁月无声
2024-02-16 06:11:20 [WECHATBC_MAIN] : @bfb4f258d197ae8a48281a37975c3647:广东建院消息
2024-02-16 06:11:20 [WECHATBC_MAIN] : @c4e5fd5057b27658c8c339a550f1d065:情侣CP
2024-02-16 06:11:20 [WECHATBC_MAIN] : @7a9b446f21c7bcf8ad75bf6632363022:超人
2024-02-16 06:11:20 [WECHATBC_MAIN] : @94ff914c8ca28524b2e6b4f680c3c1fbc3d6e38119343e51670ff586c47ea508:九
2024-02-16 06:11:20 [WECHATBC_MAIN] : @4ae6c719a66015fd5ce790a9f9a36ce48ae8640d6c073fd793108c92a9084f21:光星网咖 (营业中）
2024-02-16 06:11:20 [WECHATBC_MAIN] : @f57c80e741e724309ecc50fb47fd8ef009dd356b8b788881b45041ba616a05df:木木(丽丽）
2024-02-16 06:11:20 [WECHATBC_MAIN] : @4fb2fdeb6246478e8d32c91d8e89d5c35424abbc12de80aff7a7bb357506b5a5:扬狗爱cc🌬
2024-02-16 06:11:20 [WECHATBC_MAIN] : @99b375383cbd82a05c401a34192a9b2078baa5ddefb661ac16679f1dc4e814c9:Blank077
2024-02-16 06:11:20 [WECHATBC_MAIN] : @ac65fe21b36f9ab6c66db564292dbbb9a7cb1461f6db745a3e8d164ce8a71529:Jammer
2024-02-16 06:11:20 [WECHATBC_MAIN] : @8a645180aa23231dfa46272fb4dbfe412fcff1b4b7298cd345db288f7493ceb4:文人武
2024-02-16 06:11:20 [WECHATBC_MAIN] : @9f7f257b8fccd0e9deb488f7d269575b08deb7c634934bedc564b783c45b8045:两英微帮信息推广网1
2024-02-16 06:11:20 [WECHATBC_MAIN] : @ccda5643ec4cd4e6cd8503c6e5bb4977fc77c0c0bbea5bc151927edb3c561cfe:今天想我了嘛.
2024-02-16 06:11:20 [WECHATBC_MAIN] : @ca07264f8c922a72fcba8761961dd96f782e69c0e8cd6427e8b32378497c4223:Z.
2024-02-16 06:11:20 [WECHATBC_MAIN] : @be021094df6bd3499275a3cfa2448ae487ae72e2087f77b57ca98e1c25cb26af:Solitude.
2024-02-16 06:11:20 [WECHATBC_MAIN] : @6a3342c7c867e284bcc987ffc268765faf7781077e1d5f5f6b1ef82adee2029c:垚
2024-02-16 06:11:20 [WECHATBC_MAIN] : @ab212ecda739ffc8a37455e7a1d43790c96f544cd3d064416ecb60024300a595:冬天
2024-02-16 06:11:20 [WECHATBC_MAIN] : @e5c20dd59778a5b5bde5fe1e9689ee4109d4edc90a045169aafc36daa4606921:.
2024-02-16 06:11:20 [WECHATBC_MAIN] : @c584ab8b92d724372cee2fc8bbbe7d23eb0f373bb5cd22bb8459c909f77f6562:要好好吃饭
2024-02-16 06:11:20 [WECHATBC_MAIN] : @e02b7d0d9d2ff848a5c0d258d3a12ec2:憨憨羊
2024-02-16 06:11:20 [WECHATBC_MAIN] : @0e2c015dbbe55f9a8e631e8ba067a7104bc2360b4c7da5481da9f550a1604148:JW<span class="emoji emoji1f42f"></span>
2024-02-16 06:11:20 [WECHATBC_MAIN] : @0353dc42bc7cf0b665a48fa8425a0a3e744ded517f497659d90a55eef2b811f6:A春3悠慧多多<span class="emoji emoji1f389"></span>
2024-02-16 06:11:20 [WECHATBC_MAIN] : @75681cd3c985011ef6ab6c66fcdf375672b498c1d68d9f9c9e680f67912a3f97:Jeff
2024-02-16 06:11:20 [WECHATBC_MAIN] : @6abdd63751b75644b2d3f761f5111da6a14940396234ecb7688de761669b7f81:Cc
2024-02-16 06:11:20 [WECHATBC_MAIN] : @f7940e3266db99c347e3037a5a4bbb6de4aed6d44d544db39fdab962087e32b8:汉英
2024-02-16 06:11:20 [WECHATBC_MAIN] : @c8fd978a634ac1f459601cb0d37c69fd9db32736df2cbe36cb491638f6849fa1:h.
2024-02-16 06:11:20 [WECHATBC_MAIN] : @e3d6b280c205212a9fdf61e1860a1b5718aef6f531a78b98fa7de5fd867da5a2:远
2024-02-16 06:11:20 [WECHATBC_MAIN] : @ebbab46a68d9fd510b4743ecde7c76d4e5157b6c47171bc03561217b76cec3f5:A㍿࿐黑人校⃣長⃣ゝ诚信服务
2024-02-16 06:11:20 [WECHATBC_MAIN] : @93dc9d840892cc346e499c876d120480:该账号已冻结
2024-02-16 06:11:20 [WECHATBC_MAIN] : @7aa0036f624bb47278dc0bc7cfdd9be71990aa06117620cc64eac53a0b80e284:标顶洞人🌝
2024-02-16 06:11:20 [WECHATBC_MAIN] : @f146eea8488a16855611b2a2f47e19f091320d4ccdc4647613aaddecd4dfe37e:鱼七七
2024-02-16 06:11:20 [WECHATBC_MAIN] : @08a7286e4c8c31ff4241fe9d3f95e7b4:Joker.
2024-02-16 06:11:20 [WECHATBC_MAIN] : @310a90ac19aa593fff749708f8059ed2:CG游麟网
2024-02-16 06:11:20 [WECHATBC_MAIN] : @8a2462d3cea6a5681e27efc2e5ae4db6:源码阅读网
2024-02-16 06:11:20 [WECHATBC_MAIN] : @5f9c7062799ed68b466bd3d89bdbae7c:吃货特权卡
2024-02-16 06:11:20 [WECHATBC_MAIN] : @7497689b6825371ff10d00af3ad3cd976a26e12179d1a8ee917d851ddcddceae:陆景桓
2024-02-16 06:11:20 [WECHATBC_MAIN] : @b59842f33f0556960adf0de7780c7728:平面设计狮
2024-02-16 06:11:20 [WECHATBC_MAIN] : @3eab3f36956744f08a8d6b53655e3d9e023ade6aebbebc72d4fc609c664f0c87:湘橋春漲
2024-02-16 06:11:20 [WECHATBC_MAIN] : @8eb319692baa802de326c52ed20bfc06c2b54b62659cf163afdd01b0eddf5010:-
2024-02-16 06:11:20 [WECHATBC_MAIN] : @470dda6420046c0f19f2a1a2d2587753b7c4bde65789fa609c76d411c4003b39: 繁華若夢
2024-02-16 06:11:20 [WECHATBC_MAIN] : @ba75b7c1d0cc2fe4155a0cd29100f0c022ab8ecaab49cc86890ff35435080733:sun
2024-02-16 06:11:20 [WECHATBC_MAIN] : @40e6672c23633b1d570de37e85ae805684375804f69098d98081649718a2dc07:意粥.edu
2024-02-16 06:11:20 [WECHATBC_MAIN] : @09d52659c7226905aaec29f8cb2b704f397c19a8c95c5e255f496b29fd1e7016:等一下七月
2024-02-16 06:11:20 [WECHATBC_MAIN] : @72d280ad554b586de14d0bf06d8be11d59a07d1fdba5a8a8119419cb713931e0:₀₃.
2024-02-16 06:11:20 [WECHATBC_MAIN] : @7ced2e9554aa331e9b6d2e81b418a6a9a0b70ac156cd99097045574aed236b3d:远晏
2024-02-16 06:11:20 [WECHATBC_MAIN] : @fe18b588a38736c63d02af05c2e0f6e3ab48032e0e2f50536e2d4fd851d4ec97:杰
2024-02-16 06:11:20 [WECHATBC_MAIN] : @248d19dee954973f653e3e4b94013197f6af0ba3570ccea301ca819116ca18e1:懒人
2024-02-16 06:11:20 [WECHATBC_MAIN] : @f2376e4743a0c1cd221be5a3edffb871:腾讯成长守护
2024-02-16 06:11:20 [WECHATBC_MAIN] : @c687ac4368a1524626b24184b8721889:agiso自动发货
2024-02-16 06:11:20 [WECHATBC_MAIN] : @d58ae668fde283be24af9640da3ebf28efa638d7cc96ab201a1ac0601e7b974d:杰
2024-02-16 06:11:20 [WECHATBC_MAIN] : @335bee58df2596a0acdec488010558f495a2bb1e202509aaf50b8834a07e7080:O.o
2024-02-16 06:11:20 [WECHATBC_MAIN] : @c30431accf80c8a0630d653cbf6b6b934cbbd5483afe454e05e81ef1eee838aa:祈
2024-02-16 06:11:20 [WECHATBC_MAIN] : @88ea03cc554f15cbd3d25467a906c064580e5a2acc341b6c0cb007238dcdf7a9:小鹅
2024-02-16 06:11:20 [WECHATBC_MAIN] : @3f825b956383a5d8597238c5becac5b01a1edb4b3225503f497a6444c338b74e:K.
2024-02-16 06:11:20 [WECHATBC_MAIN] : @ad57b362f8eb01154408951eb30d66da:汕头人社
2024-02-16 06:11:20 [WECHATBC_MAIN] : @c8ef5f564f11ade5829e5fcf5e95e42c81d425cc8f075e94945c2dfac280c150:LIN_HH
2024-02-16 06:11:20 [WECHATBC_MAIN] : @cf675804a5a079dfe73c6e619ddfd10f6138a250120f6eebddfa86e95ac19475:听岛屿.
2024-02-16 06:11:20 [WECHATBC_MAIN] : @068fe714f102f88b99111d89b28da067641a2449447f722a422d3b5ea03d6089:XOYUFI
2024-02-16 06:11:20 [WECHATBC_MAIN] : @ac979d52a8f754fb61dc645eb2a8c30e26cc4885be2f8dc7d837b2aebb1b50f5:好运常在
2024-02-16 06:11:20 [WECHATBC_MAIN] : @dbd110e8c32a469c2bb17bd662d8afd5:转转
2024-02-16 06:11:20 [WECHATBC_MAIN] : @818c524641f0f5e8365f31082d9e89013cfa3d759903f0390b0213d4d9f0f55b:韓
2024-02-16 06:11:20 [WECHATBC_MAIN] : @0589fa57de3d55fa8a0a0f7cea5d8dfb:7477游戏
2024-02-16 06:11:20 [WECHATBC_MAIN] : @9911f79d8d98ba3943e88bfe2f27975c440cdd0898054437c43cce0f272f3b0c:Yu鱼.
2024-02-16 06:11:20 [WECHATBC_MAIN] : @876f9edb1ac7987f6e4a2e79095dad8d:腾洲车行
2024-02-16 06:11:20 [WECHATBC_MAIN] : @c3960ab748de3b1304a52688c18053fa:泓记
2024-02-16 06:11:20 [WECHATBC_MAIN] : @c5f8fde2fc8fb872b15cd54db3552eae34476226af1e378243439c1a898b7e94:江尚
2024-02-16 06:11:20 [WECHATBC_MAIN] : @73bdc7539c35d9b46a6b46a5d58166ef655692e81a82390345f99ae5f992025f:1
2024-02-16 06:11:20 [WECHATBC_MAIN] : @acdc09df6269706affa7acebf8c4e51c6597556dbfff8d7e53e08e9f8ecea349:笙歌十里
2024-02-16 06:11:20 [WECHATBC_MAIN] : @57fa34edfd20a17d56076ccf80ad664f09338828a76e21de9aea30b5462f8414:老爷保佑
2024-02-16 06:11:20 [WECHATBC_MAIN] : @8c95aab1383dbf507c40f67b3ebf00f3f1163dc2178fa9ca1423ba9f41d7bbdb:Nachanka
2024-02-16 06:11:20 [WECHATBC_MAIN] : @e938f8e8f399c6be2afc58f4f86ba87e95a280b718a2f2ada66e7f8fb3d053b8:hor1z0n
2024-02-16 06:11:20 [WECHATBC_MAIN] : @7c3cc0eb1f83729edac6a50dacfc685341986e886cda6d72a0007842d42cbe22:Peter烁
2024-02-16 06:11:20 [WECHATBC_MAIN] : @434b253e28f89fcdc61adf96e43b3ed6:电手
2024-02-16 06:11:20 [WECHATBC_MAIN] : @ad0180652ada503c361b1ce918640078:平颉机械设备13223903675
2024-02-16 06:11:20 [WECHATBC_MAIN] : @2077f031380162952ed37f97bde5334f97b411a32468b74d51e7ea5cc2c63c57:皮蛋
2024-02-16 06:11:20 [WECHATBC_MAIN] : @f432978a4adcb417e34d6baae26b043d3d180d0459971302e395f49d965474fc:春雪
2024-02-16 06:11:20 [WECHATBC_MAIN] : @bac957910151ef5ff9d7f7240a092620:异次元APP软件
2024-02-16 06:11:20 [WECHATBC_MAIN] : @9934c6c1588f48983026353c4b02773f3432dfab9f4ee8d8ccc601f3f6ce8dac:22
2024-02-16 06:11:20 [WECHATBC_MAIN] : @4862ab6a3f0adfef135aa922130cdfde0d79aa2b8c53dae947d72cc2c40d3368:利
2024-02-16 06:11:20 [WECHATBC_MAIN] : @b6a805d4c24a26ff38484a986f0c6561b10c585de50222f84a2019cc59978cd2:干净
2024-02-16 06:11:20 [WECHATBC_MAIN] : @e266362cef33cb48679727e7180ade3370a84b5b41113d25a0c50a625ac07321:群管理
2024-02-16 06:11:20 [WECHATBC_MAIN] : @11f482d99579ea034f183e60d5ad1d7ddbe936840275eb2196941e42d4a5e899:Leon
2024-02-16 06:11:20 [WECHATBC_MAIN] : @debb2df343b3d773c0dfe3b11271ed2a:中职生
2024-02-16 06:11:20 [WECHATBC_MAIN] : @b30327e82a606819084fcbb15107fd1b8c165dd475b941e58813e24deca507eb:.
2024-02-16 06:11:20 [WECHATBC_MAIN] : @9106b2100f769fd3c7d8714e9dd5d6d665c121a96c8a07e2a6370f957e44e8c5:Rebirth
2024-02-16 06:11:20 [WECHATBC_MAIN] : @f06c2e3a24e2b116e3ab06b323c079c47e80fc20660258a51aacf72a3a918101:曦热
2024-02-16 06:11:20 [WECHATBC_MAIN] : @425fd5804fe6aebe4a9b50e6ff6f2cce5a32a06b3ae1c3a38834db6767597076:泽玲
2024-02-16 06:11:20 [WECHATBC_MAIN] : @fe765e8ddfdc28c40ab630148b7fe1242c4b4b23547eda6f75af2a8a852fb788:-
2024-02-16 06:11:20 [WECHATBC_MAIN] : @d7efd84bc7c56d588fb8e3f550916a10:志愿者
2024-02-16 06:11:20 [WECHATBC_MAIN] : @76c76c98d59a641682d41f12483d687efb70da643f122822efa022a87217fb4e:借我一秒钟
2024-02-16 06:11:20 [WECHATBC_MAIN] : @2cdb31709852a9ec4c025e8652e3ed6d:中国青年志愿者
2024-02-16 06:11:20 [WECHATBC_MAIN] : @929b34f9b699c3666e92da548e8a1230eb5f6f678bc26af4d23d1054cf7ae2da:2z
2024-02-16 06:11:20 [WECHATBC_MAIN] : @7b1809f4b4a2477f2000c2ea4811387a:外卖券摸摸所
2024-02-16 06:11:20 [WECHATBC_MAIN] : @a07548dc6b3060ca17ada28c6826ff97a23097b5ded92f43d599cfbf655ad02e:玉宇
2024-02-16 06:11:20 [WECHATBC_MAIN] : @f5b4ede19bd6cd4b732127af13a6af2e43fe397f749692930a5abbf6fe5fe8c3:ㅤ
2024-02-16 06:11:20 [WECHATBC_MAIN] : @111afcc5dab576c6d41f5b44c1999758:电脑那些事儿
2024-02-16 06:11:20 [WECHATBC_MAIN] : @78b4348c35944056de73f06e2cf8c207fc189d6285bfa86e8bea568f65a4eb90:Sam
2024-02-16 06:11:20 [WECHATBC_MAIN] : @2a0dd58bbfa27412b2a20aa899871fad:怪谈胖胖女
2024-02-16 06:11:20 [WECHATBC_MAIN] : @e75d0bfed7e82dbca1c8a5aefb42147fd48db9ce5318a01611947faa6b8c5b2f:朗月.
2024-02-16 06:11:20 [WECHATBC_MAIN] : @6db3d03a0c585dd8095610014e9ef3e4041f3501c1eb6b0929665b4de2e6d4f8:黑夜诗未
2024-02-16 06:11:20 [WECHATBC_MAIN] : @56a073eda8f14c823f0d1110304a3ec7281b4a11f769a1a53e0281f126f6fc2d:Yuuki
2024-02-16 06:11:20 [WECHATBC_MAIN] : @d8646bd05bbaadffe5a9e6f34cddfa13:中国移动10086
2024-02-16 06:11:20 [WECHATBC_MAIN] : @12bf5ae9acc5276e7ce3560ade355ad759eeb1fc44ee4c8d8dd33501a7fe3d55:欣妍
2024-02-16 06:11:20 [WECHATBC_MAIN] : @d28832461a881c43ad1648bafb2771bd:琪琪
2024-02-16 06:11:20 [WECHATBC_MAIN] : @b8909d658bafe835e1522678e5242bfd8c5397fa8bfbaff390d2a854bbf9618b:D。
2024-02-16 06:11:20 [WECHATBC_MAIN] : @21ddd3fd20c08951fc162dbc9359c6e585f0cd3a56cf44c73807b6b51beec39f:DLx
2024-02-16 06:11:20 [WECHATBC_MAIN] : @bb32b9a000b37376533af29f4ce77da9f883d0655041f96bcf610c4688f8e209:.
2024-02-16 06:11:20 [WECHATBC_MAIN] : @4c80bb063bf7ed38e81f2c39bccfc43ef556cf0120d1e10f0193553ad1c8ae5c:瘾
2024-02-16 06:11:20 [WECHATBC_MAIN] : @ff29d72d4b17fe2f4c65bedd48e53cb44ecb93888084e8d3f537ebf63a04dca9:香奈儿<span class="emoji emoji1f42d"></span>
2024-02-16 06:11:20 [WECHATBC_MAIN] : @873238f6638da09b3f692f43e7a548cc:广东建院
2024-02-16 06:11:20 [WECHATBC_MAIN] : @697f9683f3a2073aa2ba59e4b632a0da0e094428a870fdbc28ce7bbe8a554749:早川秋
2024-02-16 06:11:20 [WECHATBC_MAIN] : @f8655c492c87cd7dabca90cadbec72fdb717c65800a5096629cdb77692e8fac5:p
2024-02-16 06:11:20 [WECHATBC_MAIN] : @bb0a81fa1317bfe5bb985ab4b983957d2a8f4f8ac4c9d8267c10440633213bbf:沉默的小羊羔子
2024-02-16 06:11:20 [WECHATBC_MAIN] : @42e16d48344fbc1973db834c45a6105d943c84958d028246259fd0dfb7973086:/
2024-02-16 06:11:20 [WECHATBC_MAIN] : @1deb63bd5c27840c83a291d328bfa1cad305944e3960c4df9971779905b10683:三三
2024-02-16 06:11:20 [WECHATBC_MAIN] : @cbbe4cf72cc5bc7a6cede5c8cc766401:鲁班大叔
2024-02-16 06:11:20 [WECHATBC_MAIN] : @48a978fd8bde662738ed2040d163f824c9032bc9f5c2b93de33fba9b9e9baed6:若瞳君子
2024-02-16 06:11:20 [WECHATBC_MAIN] : @11391398f70bc17da65bf9a8712ca6e10727cf59b666521a8566cb95795a303c:aJin
2024-02-16 06:11:20 [WECHATBC_MAIN] : @466035f63a2fdd62919d32ecb6d448fa69206e228a1265ea1fca774735155629:无所谓
2024-02-16 06:11:20 [WECHATBC_MAIN] : @1ef267e845dae210d5fbb4f6e9621d1a5f48392a7a9361388c770acbf7a9ddd3:威廉
2024-02-16 06:11:20 [WECHATBC_MAIN] : @e8aa1071cce4db5786b0b5032acb99e8b3ad2bc7f2c9d45a1edac8bc9c4da47f:ㅤ
2024-02-16 06:11:20 [WECHATBC_MAIN] : @25aaacf7f6879d3c516bbe961994c5c09c461adf07e2aa71931944dc32254e34:xh
2024-02-16 06:11:20 [WECHATBC_MAIN] : @6624d9c26a4783ecf237fdae72c7683b40926c175c9c01cf918035d3b9a2cece:木迁
2024-02-16 06:11:20 [WECHATBC_MAIN] : @85869a74eafa12c234a176cafa72fd49:极简博客2022
2024-02-16 06:11:20 [WECHATBC_MAIN] : @57e755acc4853dedec5e35a44abdf9036cb6d182b9963753621c88069860e644:二友照相馆（总店）
2024-02-16 06:11:20 [WECHATBC_MAIN] : @24980ba98cf83ebfa6a9522b02c8aa8f76d0f3119327245dc0958969dc94e071:羊妹妹. 💭
2024-02-16 06:11:20 [WECHATBC_MAIN] : @b0cbb686344f89fd815a4253577c79c5:广东中职菌
2024-02-16 06:11:20 [WECHATBC_MAIN] : @47798273ba33890c4d68c97de44b010d873655e822a50fba0d72de36dc0df724:以至于
2024-02-16 06:11:20 [WECHATBC_MAIN] : @e20024fa469e1cd3a50480be1729fd75c05eb2fcc2aa11f1072db0dbb8a1d765:鱼莱新鲜小超市
2024-02-16 06:11:20 [WECHATBC_MAIN] : @04125e6d392ca27389e6dd40663fe04e:抠鼻子Kobez
2024-02-16 06:11:20 [WECHATBC_MAIN] : @448ef45ef96ba4e2f2556734137a6feb:别算科技
2024-02-16 06:11:20 [WECHATBC_MAIN] : @e2c60ca0308ff5d85d2dea0596e6e0cfc3621fcce078641c5a8686237642fff4:<span class="emoji emoji1f349"></span>
2024-02-16 06:11:20 [WECHATBC_MAIN] : @6074fd9432b493f3a1ea9a389d9232ae:i志愿
2024-02-16 06:11:20 [WECHATBC_MAIN] : @4036ac99ef61c42b11dfbcf9f6440ed2:后浪俱乐部
2024-02-16 06:11:20 [WECHATBC_MAIN] : @88c72af9208daac58113ed9e51ed92954b75ef1b6843e9bb7a5bd1d919830aa0:王德发
2024-02-16 06:11:20 [WECHATBC_MAIN] : @a838fd61b135d6d0c3969d833aa5ed60:网易UU加速器
2024-02-16 06:11:20 [WECHATBC_MAIN] : @4200b1012b9920cc2a83d83e0d37b442:熊猫加速器
2024-02-16 06:11:20 [WECHATBC_MAIN] : @54dbf15d6d153febcf372ca5c20e722a633ef0aaea4bc5741cca833bc675bdcc:橙
2024-02-16 06:11:20 [WECHATBC_MAIN] : @46c3219e9e9d45eb66c32138afa6e3a52c016c7a01a51b10f7721921ba908d67:汕頭15815040195
2024-02-16 06:11:20 [WECHATBC_MAIN] : @62390d4bd23145554fcf2096e30f0994:蒸汽游戏
2024-02-16 06:11:20 [WECHATBC_MAIN] : @10365fa367c19bcedb8224a8bc5f39f3ce04c7c8f22154e13600a1d54e72105e:小花
2024-02-16 06:11:20 [WECHATBC_MAIN] : @e77c919a2747026c1c6dfb0d60432575fb79554e458b8e04491cd192fa442449:xzt
2024-02-16 06:11:20 [plugin-loader] : 载入了 1 个插件
2024-02-16 06:11:20 [WECHATBC_MAIN] : 启动控制台...
2024-02-16 06:11:20 [WECHATBC_MAIN] : Message(msgId=5095045501053053378, fromUserName=@a108497b7bf1f7bc827e39a9a598eca44b0714e6340850a448e5e472ec45282a, toUserName=@a108497b7bf1f7bc827e39a9a598eca44b0714e6340850a448e5e472ec45282a, msgType=TextMsg, content=, status=3, imgStatus=1, createTime=1708035079, voiceLength=0, playLength=0, fileName=, fileSize=, mediaId=, url=, appMsgType=0, statusNotifyCode=11, statusNotifyUserName=, recommendInfo=RecommendInfo(userName=, nickName=, qqNum=0, province=, city=, content=, signature=, alias=, scene=0, verifyFlag=0, attrStatus=0, sex=0, ticket=, opCode=0), forwardFlag=0, appInfo=AppInfo(appId=, type=0), hasProductId=0, ticket=, imgHeight=0, imgWidth=0, subMsgType=0, newMsgId=5095045501053053378, oriContent=, encryFileName=)
2024-02-16 06:11:20 [SYNC-CHECK] : [msg type] TextMsg
2024-02-16 06:11:20 [SYNC-CHECK] : z>z : 
2024-02-16 06:11:27 [WECHATBC_MAIN] : 总块大小:1
2024-02-16 06:11:27 [WECHATBC_MAIN] : [分块上传] 0 / 1 : {
"BaseResponse": {
"Ret": 0,
"ErrMsg": ""
}
,
"MediaId": "@crypt_15204a3a_6c1d08cedc470cc170eb19e63371b1b75696257cf46c56f9fd0eca0ff0fedbcc57dbddac31b6c915e63088e52e31cfcd3d402e54dc2e0658457698e3ee6c55ca04edb23f2145f16928c6b97113d47275fcf64222cfb7d4e7843bcea9c64ad7263e054599e6e41055499833ada8e775cf07d4b05b5c322e3868fa67d8482663a4002aa2a952dce1316daa51963740e361bbb77568191a684e0ed190ed65b354cc57aa19ed8b581a6c3e7b33d27be27bf3a8d940807aea68a213b5a009a770bbd0af2cde0965c9b4df6ddd99735d9f33f46c24ceef12c0cdc4803da2e35df0c2d2c09f051bd8e9ca94e3f1d94bcdbbb5b842fb69eb564c36256392a432f526136612d1a31a0d17b6e34d6bfb42dcc2f8ac803e1928664797b34682d9f5226f4c38",
"StartPos": 40597,
"CDNThumbImgHeight": 100,
"CDNThumbImgWidth": 100,
"EncryFileName": "test%2Epng"
}

2024-02-16 06:13:02 [WECHATBC_MAIN] : 总块大小:4
2024-02-16 06:13:02 [WECHATBC_MAIN] : [分块上传] 0 / 4 : {
"BaseResponse": {
"Ret": 0,
"ErrMsg": ""
}
,
"MediaId": "",
"StartPos": 0,
"CDNThumbImgHeight": 0,
"CDNThumbImgWidth": 0,
"EncryFileName": "test%2Epng"
}

2024-02-16 06:13:03 [WECHATBC_MAIN] : [分块上传] 1 / 4 : {
"BaseResponse": {
"Ret": 0,
"ErrMsg": ""
}
,
"MediaId": "",
"StartPos": 0,
"CDNThumbImgHeight": 0,
"CDNThumbImgWidth": 0,
"EncryFileName": "test%2Epng"
}

2024-02-16 06:13:03 [WECHATBC_MAIN] : [分块上传] 2 / 4 : {
"BaseResponse": {
"Ret": 0,
"ErrMsg": ""
}
,
"MediaId": "",
"StartPos": 0,
"CDNThumbImgHeight": 0,
"CDNThumbImgWidth": 0,
"EncryFileName": "test%2Epng"
}

2024-02-16 06:13:03 [WECHATBC_MAIN] : [分块上传] 3 / 4 : {
"BaseResponse": {
"Ret": 0,
"ErrMsg": ""
}
,
"MediaId": "@crypt_51623e0a_7d1d0312873ef9f7d9db8b52486f8a49ef414c518b6fbc3e44485a1e63a805b9f5087386245c46e5ff0fa5ebfa5c9ba265d0041ffee8964e4b2c6e9b1017ebaa1a02b8d532b3634ff4920be116178d117bdb96671b0744822c317c56d3816bf1c230c4c5641908b80567facbd7079debcb7d4d776a9af19b8a9ac96e25ce029e82eb1aa9bea321d0dae62e26129eb4272f046bca12e393cba5f470cfc29127a56bda9d08c617c38252e3c428795be24d82bbcb3f6270981585d22a6346e9741a0e21d48597c1f0786386d841f961d9d7159468bc707bdaf28f155e0b8f72ad5d05da864d77f8e826600650d6ab157f2d89e776228a79d8c26cce074adcfb4ae4e64a1ddea98a5ccbfa78ba0733417508d2441dfa66824d3b05aeeb2478d556f3",
"StartPos": 1788770,
"CDNThumbImgHeight": 56,
"CDNThumbImgWidth": 100,
"EncryFileName": "test%2Epng"
}

