2024-02-16 07:38:06 [WECHATBC_MAIN] : 已扫描二维码，请确认登陆
2024-02-16 07:38:15 [WECHATBC_MAIN] : 已确认登陆
2024-02-16 07:38:17 [WECHATBC_MAIN] : 已取得登录信息:
2024-02-16 07:38:17 [WECHATBC_MAIN] : BaseRequest(uin=281175185, sid=MjyBu1LRWCsiVOg+, skey=@crypt_c1a555a6_50e5a753ccdcda4631a446ade7806c4f, deviceId=e345700974442425, dataTicket=gScXYA7scgGv0DZGu6isQhRC, passTicket=3s3mOvzdWviRDPnRM5tGv38c5pl6d9Zs69vaCgh%2FnaVQ49xYLNgkzIK%2FOWI1smT2BW8e7ZfjpOrwqPp%2BB81D4w%3D%3D, authTicket=CIsBEPDEqtoHGoABF+FS0hbnCkjUYvO5ZN9f59w9xx1lbpKOD1Eoo/dbogXXQScq2EGO3tXhh0bL0IlWFZGGaeve9wyJ0c4H7Q0DvoXEIR4jlsDRDpYx+kOSUg5dVsd1pbo7uDQTd6wjLckZ8NP/fzB+WAbVEzdvicaOdKIFOdT4EwiPkmJ/wX0/OWE=, initCookie=[wxuin=281175185; expires=Fri, 16 Feb 2024 11:38:16 GMT; domain=wx2.qq.com; path=/; secure, wxsid=MjyBu1LRWCsiVOg+; expires=Fri, 16 Feb 2024 11:38:16 GMT; domain=wx2.qq.com; path=/; secure, wxloadtime=1708040296; expires=Fri, 16 Feb 2024 11:38:16 GMT; domain=wx2.qq.com; path=/; secure, mm_lang=zh_CN; expires=Fri, 16 Feb 2024 11:38:16 GMT; domain=wx2.qq.com; path=/; secure, wxuin=281175185; expires=Fri, 16 Feb 2024 11:38:16 GMT; domain=qq.com; path=/; secure, webwx_data_ticket=gScXYA7scgGv0DZGu6isQhRC; expires=Fri, 16 Feb 2024 11:38:16 GMT; domain=qq.com; path=/; secure, webwxuvid=b0c1512a3960be8895dbe4551510255d8ea615544479d43585002a262fd4e9fc7e9b8434e007c27e2e22e26d82e44bcb; expires=Sun, 12 Feb 2034 23:38:16 GMT; domain=wx2.qq.com; path=/; secure, webwx_auth_ticket=CIsBEPDEqtoHGoABF+FS0hbnCkjUYvO5ZN9f59w9xx1lbpKOD1Eoo/dbogXXQScq2EGO3tXhh0bL0IlWFZGGaeve9wyJ0c4H7Q0DvoXEIR4jlsDRDpYx+kOSUg5dVsd1pbo7uDQTd6wjLckZ8NP/fzB+WAbVEzdvicaOdKIFOdT4EwiPkmJ/wX0/OWE=; expires=Sun, 12 Feb 2034 23:38:16 GMT; domain=wx2.qq.com; path=/; secure])
2024-02-16 07:38:18 [WECHATBC_MAIN] : 已初始化微信信息:
2024-02-16 07:38:18 [WECHATBC_MAIN] : 用户信息:
2024-02-16 07:38:18 [WECHATBC_MAIN] : Contact(weChatClient=null, uin=281175185, userName=@76f99fe11614d05222434d4cc22be312bea8a010fc1e0a0a4e815434f440abf3, nickName=z, headImgUrl=/cgi-bin/mmwebwx-bin/webwxgeticon?seq=1253911395&username=@76f99fe11614d05222434d4cc22be312bea8a010fc1e0a0a4e815434f440abf3&skey=@crypt_c1a555a6_50e5a753ccdcda4631a446ade7806c4f, contactFlag=0, memberCount=0, memberList=null, remarkName=, hideInputBarFlag=0, sex=1, signature=已换微信 meteor1913103, verifyFlag=0, ownerUin=0, pyInitial=, pyQuanPin=, remarkPYInitial=, remarkPYQuanPin=, starFriend=0, appAccountFlag=0, statues=0, attrStatus=0, province=null, city=null, alias=null, snsFlag=257, uniFriend=0, displayName=null, chatRoomId=0, keyWord=null, encryChatRoomId=null, isOwner=0)
2024-02-16 07:38:19 [WECHATBC_MAIN] : 联系人列表数量: 315
2024-02-16 07:38:19 [WECHATBC_MAIN] : @4af63633644e72ae2bcaf2a666173657:卢家妈妈 西餐厨房
2024-02-16 07:38:19 [WECHATBC_MAIN] : @572b8544cf69271cd9c6a6d35bdae399:汕头人社
2024-02-16 07:38:19 [WECHATBC_MAIN] : @4c27fe868d9897891859559a0dd209ac7f68c26d2496fca273b5690d4b71fa03:无所谓
2024-02-16 07:38:19 [WECHATBC_MAIN] : @19845bfcd7af95189a06ce7f4281f9b0dd693ed73d0ac7af934e727fa704e741:干净
2024-02-16 07:38:19 [WECHATBC_MAIN] : @ed76e718b09a65dcbf820169710f2ddae140c1f1a4f149660c57ede8f76fe93d:杰
2024-02-16 07:38:19 [WECHATBC_MAIN] : @e5c2ec4c66b752e6a15bdeb3fd1e9d22384903cf9df3379a660a8ff90699ca04:广东青年
2024-02-16 07:38:19 [WECHATBC_MAIN] : @4ce131d2a58731116ba45cf762bea2d77ad1ab53e17c241f0171ef7ad73ad004:计划师-可心
2024-02-16 07:38:19 [WECHATBC_MAIN] : @58f0484cab25bcd573dc96a8fe88e51dbb437ee3067d8cc7bd89ec2806900cac:黑夜诗未
2024-02-16 07:38:19 [WECHATBC_MAIN] : @05e040543363c3255d1c53024f9e4b05d309c34d47d0b9eccd03304bd4c778c2:Peter烁
2024-02-16 07:38:19 [WECHATBC_MAIN] : @79cea2f3c9565f98dd22fc53e09a90954f357483d75370f5eedca71e1ac08e05:a大白胖
2024-02-16 07:38:19 [WECHATBC_MAIN] : @42078eba8c72e3075cec4d31606477b021eb2b2a04de972b79fc08ff0bfc12c6:hor1z0n
2024-02-16 07:38:19 [WECHATBC_MAIN] : @2cf79cefd2107d98405dd3f748ccae5a3c4cad4069af265140a144125a6b6570:0.2℃
2024-02-16 07:38:19 [WECHATBC_MAIN] : @a4aeadefa5e909a4708bbf2a80b02d63cab2675f98827c2748665b93e9c1713f:<span class="emoji emoji1f631"></span>ི<span class="emoji emoji1f60a"></span>ཽ周晓明
2024-02-16 07:38:19 [WECHATBC_MAIN] : @5b851322c62ecdea67362924b273b0894d0382e401880203d77dd916b1f2f478:杰
2024-02-16 07:38:19 [WECHATBC_MAIN] : @fed2111deff27e35e6995190c7248f9d:琪琪
2024-02-16 07:38:19 [WECHATBC_MAIN] : @21a49466fd49c93464bba12277e2f3365a8b7a68d18c9d49528dff22515ba22a:FLIPPED
2024-02-16 07:38:19 [WECHATBC_MAIN] : @caf8c9a882cec389f879d4b36ad92828:治愈读白
2024-02-16 07:38:19 [WECHATBC_MAIN] : @bde345f742ff7258020379f908756aa9e8d2c56b5733b29f0ae11d4d142890f5:<span class="emoji emoji1f525"></span>Sparks
2024-02-16 07:38:19 [WECHATBC_MAIN] : @7f2213c56ebf7ad8977fac2e7a693f73476107e148693d4184dc29cfe5d38fd8:Oneone
2024-02-16 07:38:19 [WECHATBC_MAIN] : @c141641a7146245f3bf907a349f2afbc7b0a5cfb3473190db3fff373f095c816:buo
2024-02-16 07:38:19 [WECHATBC_MAIN] : @00066ddb46d62c37c6c940cc6f9716b3b3016df0c9e6408bea1e9dc43a5cc843:-
2024-02-16 07:38:19 [WECHATBC_MAIN] : @d909746c59d77e4e41908786d792f17557c86312ec978fdf120e17766e1962c6:Huan
2024-02-16 07:38:19 [WECHATBC_MAIN] : @6486c8cf52c6e5348804629bfe1858acb706f75e664e109c7e6655b2cb2be23b:wuli
2024-02-16 07:38:19 [WECHATBC_MAIN] : @71b656a89aaa69f009f73b7f8937c9b78f82615159ac46c8b9d232a12041277d:橙
2024-02-16 07:38:19 [WECHATBC_MAIN] : @18edbf80c557417b24817c6d0e85181eba10961c2c5eb11d3e6acde284ca4312:标顶洞人🌝
2024-02-16 07:38:19 [WECHATBC_MAIN] : @93751c73a5617f20b2719dc29f9784b8c2547a66909b81bad5cd535015827416:瘾
2024-02-16 07:38:19 [WECHATBC_MAIN] : @383b438891901db81aa6dd7663b0fb014627e6cbf83d1c51fa4cf27844e6bb6d:熊大
2024-02-16 07:38:19 [WECHATBC_MAIN] : @d9d7a0a31f2e61072d6f71f224e81676:你的生活我的梦想
2024-02-16 07:38:19 [WECHATBC_MAIN] : @46f15bbec590b7b130e20a9191492086:拼多多
2024-02-16 07:38:19 [WECHATBC_MAIN] : @f5c9bea2efdc67b56ba219682c4fede3:吃货特权卡
2024-02-16 07:38:19 [WECHATBC_MAIN] : @2c154593248f517e29edb985f787ae176f81ff5b23c57a657d0d2d388a238620:Nachanka
2024-02-16 07:38:19 [WECHATBC_MAIN] : @54d64b9dc2d48415ab2f8974a9689590:熊猫加速器
2024-02-16 07:38:19 [WECHATBC_MAIN] : @2670f2bb3dd3eb1ee380766cd87fdb5b43e4191eada3ac351e7270ad8ab84cfc:二友照相馆（总店）
2024-02-16 07:38:19 [WECHATBC_MAIN] : @68f3e14f7640d99f0477b427a40dab99:中职生
2024-02-16 07:38:19 [WECHATBC_MAIN] : @88e482575a618b1b940a866e448a0c66f88dd8803e659c809e955ac291971305:培
2024-02-16 07:38:19 [WECHATBC_MAIN] : @463b4815f97c430d40773831db12e434559119cbd27044a16bc1b52dd5bf1358:九
2024-02-16 07:38:19 [WECHATBC_MAIN] : @1daeb6457546002fc265e74a1f5a8c9f33a2cbfd87b725445ed507701a7d99c3:远晏
2024-02-16 07:38:19 [WECHATBC_MAIN] : @c6e27387eff1d1d754b6b2189ab275f863dce0fcd4defe0e0da1e26ff4d9f62f:Solitude.
2024-02-16 07:38:19 [WECHATBC_MAIN] : @2ce731af20be4008c6517fb4efe86e37a3246753b0053008e2c9ae69ba54188a:.
2024-02-16 07:38:19 [WECHATBC_MAIN] : @6eb8f6e5f47f52d66d389d1b33d1ef07:该账号已冻结
2024-02-16 07:38:19 [WECHATBC_MAIN] : @fd596dfb87472d8d2cb0f80e02b220269bdeac930a61da96793597ade0c622dd: 繁華若夢
2024-02-16 07:38:19 [WECHATBC_MAIN] : @9e394fac8d2cbc5e6c9ec14b128fc6e7:憨憨羊
2024-02-16 07:38:19 [WECHATBC_MAIN] : @3af13a571ef0f969650f13f9c255ff10cb328026adc69c09953c7a3ed6abbaf6:文人武
2024-02-16 07:38:19 [WECHATBC_MAIN] : @7796fc52ca73d2dc4b9e848cecb5d0da16673fb48a6f4de4ecb076802583276a:卡哇伊
2024-02-16 07:38:19 [WECHATBC_MAIN] : @3d10164c84b80ac88ad6bbcf8209059f44248cca6dae110659eef8aa7b2804f4:冬天
2024-02-16 07:38:19 [WECHATBC_MAIN] : @0d29999746ed454524059cc350db293252e5f6c9d21165ea6aac93e67d9f32fb:顺风
2024-02-16 07:38:19 [WECHATBC_MAIN] : @b0e20cb0657d6125b5133bf33eef1188a605a52dd2d4fa4c4edddba683160d9c:两英微帮信息推广网1
2024-02-16 07:38:19 [WECHATBC_MAIN] : @c929688d9eb42f02aeecaa9104293ec3:老廖
2024-02-16 07:38:19 [WECHATBC_MAIN] : @d9423b46bda8c958773b5bbd7df37207e86bcab8557fb520c0d3018a6e23cb75:Aloha
2024-02-16 07:38:19 [WECHATBC_MAIN] : @3e1796e6ba323edd5f16fc44bb43888a56f0ae1705cbcb20bdb1d5be0cdfc7c5:FyG
2024-02-16 07:38:19 [WECHATBC_MAIN] : @13c8a9a47ac4b921630c9c3b5dbcf4c867f8c9eb25da56fff6d778506d7487eb:兄弟酥面店13322746671
2024-02-16 07:38:19 [WECHATBC_MAIN] : @e26c66c2321528b770f6b38596831517:辰东
2024-02-16 07:38:19 [WECHATBC_MAIN] : @a3a9fae1da45c7da0b40a9ca191533c81635b733746ae9320fade3f57ed484ad:Sam
2024-02-16 07:38:19 [WECHATBC_MAIN] : @782be3a22bb7ccbde7215d267e3823f02856451b5bd25e36fc21a7bd82d75793:sun
2024-02-16 07:38:19 [WECHATBC_MAIN] : @f611b0fc3f8b800d6479d632d1ad264fa4891b30123bbb8a006e926ca99ce25c:韓
2024-02-16 07:38:19 [WECHATBC_MAIN] : @7625406589f08bbcae848a221bf68cca0b33fcbf0e2842d211026e7dc5d54f08:SuriYan
2024-02-16 07:38:19 [WECHATBC_MAIN] : @d5c81c58cd497cb8a6bc7372a5c1abe77c73b8726ae76027df8825e3c0ff25c6:Leon
2024-02-16 07:38:19 [WECHATBC_MAIN] : @dd2428c1b80e48c7d1e506b1ae110e21:小智LOGO
2024-02-16 07:38:19 [WECHATBC_MAIN] : @89b8f9230fdba17ce9f920bb9d26f209a0c9bb1675eb0ac995030915f6b3246a:2z
2024-02-16 07:38:19 [WECHATBC_MAIN] : @1c203b73a63c70f2d565d9be033e0c566f6403ef1325d0d2df786f1b28da8b50:K.
2024-02-16 07:38:19 [WECHATBC_MAIN] : @f17d22ea62d110e766714264494467c6cfd0da0a1b423e7914e6f5ab7f79776c:好运常在
2024-02-16 07:38:19 [WECHATBC_MAIN] : @c6dbc41c741627b158e6a57a2809e86f:余熙小灶
2024-02-16 07:38:19 [WECHATBC_MAIN] : @67a1ecdf2067c511cd919d7071128b02b72382b707d266fe4f72a8e21ec2b0d1:垚
2024-02-16 07:38:19 [WECHATBC_MAIN] : @7bb25e729fb4b22954c5dc4a1e90641860e9e98b1699f780eddba6dbaa209a07:Boy。
2024-02-16 07:38:19 [WECHATBC_MAIN] : @9d1b5ca73ec0176d44406dae66f69bfa36dc63d8e920e67b07fc52b8907c4f01:sam
2024-02-16 07:38:19 [WECHATBC_MAIN] : @c774218d622712d213105624ca012eaf315c94cbff057b339c44c3361d134002:三三
2024-02-16 07:38:19 [WECHATBC_MAIN] : @85800bcd14cbdf8f7ca45a68dd8408e8fc781b7405a8a5ce18933740e68c891c:　　　　　　　　
2024-02-16 07:38:19 [WECHATBC_MAIN] : @c16f36b6e7cadfa85256f8a1673d7803:外卖有多少
2024-02-16 07:38:19 [WECHATBC_MAIN] : @210329e229756e6c0ebf4b1d427f6d14156f7636a0010fc175d08d8b8479df76:🥷
2024-02-16 07:38:19 [WECHATBC_MAIN] : @56fce21f4dfda0ae898eadaaee55c5b615d64253197178c493bd4caad3b40139:₀₃.
2024-02-16 07:38:19 [WECHATBC_MAIN] : @5859392499d2c75701064e924f2d4c9310a2c2a6b0f619cc9e1676030f4d8999:Yu鱼.
2024-02-16 07:38:19 [WECHATBC_MAIN] : @5fcff357a277d965f7e1c970a48963ae4255359c7803176eb7e51b9d8e52a847:星光
2024-02-16 07:38:19 [WECHATBC_MAIN] : @a9334d26dffce9f84a9a73c4a2ac831c508167f863ad0981ae6aff2c1c007281:Jeff
2024-02-16 07:38:19 [WECHATBC_MAIN] : @03a80373d485095cfa37b124cb7a236d5d8f9941bc5b5f73278a140fe26a71b1:区冠贤
2024-02-16 07:38:19 [WECHATBC_MAIN] : @e48519bc8c49279111d2fef26809755e8545e3018be53b4249daf225c67fe300:木木(丽丽）
2024-02-16 07:38:19 [WECHATBC_MAIN] : @f286de19ab6e792c4817534988ef33bb2b5b546f1d070338145833fdebe4260e:Diss8c豆
2024-02-16 07:38:19 [WECHATBC_MAIN] : @1ce710277f43881586eee6d9c09be23036ec2e65f1706b3abcc4cc931ca396ca:ㅤ
2024-02-16 07:38:19 [WECHATBC_MAIN] : @18e226a47618c30152c3c802bc274c20e370f57f12f49525fe7b620c146c9e43:H
2024-02-16 07:38:19 [WECHATBC_MAIN] : @53a72758d7b5d7458686204e77f38a94:GoLink加速器
2024-02-16 07:38:19 [WECHATBC_MAIN] : @f394a20c26c9b559d861e380afb406ab:源码阅读网
2024-02-16 07:38:19 [WECHATBC_MAIN] : @f1cc174cb0ba9fa2f5aaac1a39ba9cc22c29e7da3e12e26f6f7a29e659883843:独人13
2024-02-16 07:38:19 [WECHATBC_MAIN] : @6da791b5cd0865365cb81d2ef80d516b:天蚕土豆
2024-02-16 07:38:19 [WECHATBC_MAIN] : @2eb7c3e16dccfc42a67c8eaa4c54b978ef8af3c8aa2cf6892cf41e6fe8e77ba8:Mog.
2024-02-16 07:38:19 [WECHATBC_MAIN] : @2e2261ee4b6918df087fba4b01a180d32b57ed7cb8c596f71618b1466a92a61f:威廉
2024-02-16 07:38:19 [WECHATBC_MAIN] : @cb63c9eb00b113c83ba938eec62041834bc7d77f3e93977913fc7a179c0fd5e9:-
2024-02-16 07:38:19 [WECHATBC_MAIN] : @a9c09995199227d349bc0337fe4b2e948d4f8cdfb57a62acef97445678532bb3:意粥.edu
2024-02-16 07:38:19 [WECHATBC_MAIN] : @777e3b79ff026e1f03c8825f63a6cdbae894ed9b405704cbd8d2ec4258c029a8:小宝
2024-02-16 07:38:19 [WECHATBC_MAIN] : @f0df1c33fed29c2717ab1276386c73c269ead3c8022634241d9ef1f183575bf0:Coast（2.1号放假-2.19上班）
2024-02-16 07:38:19 [WECHATBC_MAIN] : @34a18fd21b84876ee3e0e91d7aed07a90c54f62c1819ad1917511ed09d6b73f6:。。。。。
2024-02-16 07:38:19 [WECHATBC_MAIN] : @ed2c973b7c292bf3e560670c34ef03587ce6fd3c94771d16375d0b5beaf78fa3:微笑的高圆圆
2024-02-16 07:38:19 [WECHATBC_MAIN] : @5aa2e46d42bb40d0931864e72def155575c18d40a7e651b120dff57fba147a46:.
2024-02-16 07:38:19 [WECHATBC_MAIN] : @4082684914710709bfb5db009ede09011342660fcdbbf9fad75dc282dc4c2367:莹^ω^
2024-02-16 07:38:19 [WECHATBC_MAIN] : @1d8723c1ef9faab04c3a2700537680ca:加一电影
2024-02-16 07:38:19 [WECHATBC_MAIN] : @8e284b79b18b11e46039dbc25370d6b4:后浪俱乐部
2024-02-16 07:38:19 [WECHATBC_MAIN] : @3534adc8ae3de2183f0481922c09142d:wsice_肆
2024-02-16 07:38:19 [WECHATBC_MAIN] : @781f3acbed9f3252d3e3f4ed789b899e4256cf97cc07c54888cb8c9895de2ec1:扬狗爱cc🌬
2024-02-16 07:38:19 [WECHATBC_MAIN] : @4e9950b540a1acb8ec1729b1092aba02:中国移动10086
2024-02-16 07:38:19 [WECHATBC_MAIN] : @6d71e291931646d3d305f41cde92a6bb:酷猫电竞网咖联盟
2024-02-16 07:38:19 [WECHATBC_MAIN] : @bfd54fba5d64f4c9023f45ee19952f8b3653d1b89b5161dab31697b27bfe384a:祈
2024-02-16 07:38:19 [WECHATBC_MAIN] : @47b927b7bffe3f01d98608159749b0837567ed0274ce3aae0b8f0e2a97c95518:光星网咖 (营业中）
2024-02-16 07:38:19 [WECHATBC_MAIN] : @68f851b130d663313383a2f487cc187932a9d2f55a368a5f59ed5c4844c773ec:碎星辰<span class="emoji emoji1f1e81f1f3"></span>
2024-02-16 07:38:19 [WECHATBC_MAIN] : @@3db2bd2343c2dc77e4825d327cdb9f6d628455fe4418f9a698e6b814749610e0:森鶴教堂<span class="emoji emoji26ea"></span>
2024-02-16 07:38:19 [WECHATBC_MAIN] : @d6ebbe76d8dd316a6c107286037e8b9e:便利店艺术家
2024-02-16 07:38:19 [WECHATBC_MAIN] : @962b895a5e83dfe1dbe5aee1e8dfe5d40501571afc1c6098badedfddad9c5c3e:はたけカカシ²⁰¹⁸₀₉₁₅
2024-02-16 07:38:19 [WECHATBC_MAIN] : @fdb9333da98bc4c997f3528a46274c7d6ab43766bf77cfb9ee8f077b7f57611b:陆景桓
2024-02-16 07:38:19 [WECHATBC_MAIN] : @37ade184aef9c31fb52ed6083d955fbbf84271e26960931daa451fff40a7f336:老爷保佑
2024-02-16 07:38:19 [WECHATBC_MAIN] : @9db69e3a8cf75b1e2c2bb7bd5b5fb535:WPS办公助手
2024-02-16 07:38:19 [WECHATBC_MAIN] : @5e89f6105906576a820b6f07e8a8028772d4ffddb061466db172ef30887d8083:D。
2024-02-16 07:38:19 [WECHATBC_MAIN] : @873c382dadad34e6e2b81f77eff1219a:抠鼻子Kobez
2024-02-16 07:38:19 [WECHATBC_MAIN] : @8d243cd1da9848d17affc7ee49137c60fa5d53a37a8d3dd3dc5a4ce5e4991eaa:O.o
2024-02-16 07:38:19 [WECHATBC_MAIN] : @f8ba9f702e904f4f23eccb64e1e69da63c4c2c860bdbff789272a4df2b4e072e:寿～
2024-02-16 07:38:19 [WECHATBC_MAIN] : weixin:微信团队
2024-02-16 07:38:19 [WECHATBC_MAIN] : @0cabf924fa91b1b8a4f44e7daccb7a81:互联网品牌官
2024-02-16 07:38:19 [WECHATBC_MAIN] : @eb9598c8a80ed5c17d2c1fe47b523fd90c86c0f54fed67cdf46f2d27f4df68a6:-
2024-02-16 07:38:19 [WECHATBC_MAIN] : @fecc6d2b8b4b39fba415564aafbfe14f:转转
2024-02-16 07:38:19 [WECHATBC_MAIN] : @9a497f2a110992bb215d6917a1d627d804d05b9febe8157ae0c2504df7c3bf23:老细肠粉甜品小吃1号店
2024-02-16 07:38:19 [WECHATBC_MAIN] : @8546d7093a44aff22a5a7b5acdaf09b46469dd70070e451baa7da8527f523327:芜湖
2024-02-16 07:38:19 [WECHATBC_MAIN] : @ea8d3e78e87b55d760fe393be205b0e39978a4f7085fb5c6f7997438426db16d:ིྀ
2024-02-16 07:38:19 [WECHATBC_MAIN] : @2f4dd7f90510357adee6669b5814b65e7e2d03bc1e7f82cbf11840a11e778d9c:彭老师
2024-02-16 07:38:19 [WECHATBC_MAIN] : @ec17e19096a6fa48ea409b306d5c62a205b1c8bbe88114a021518e2549f1942c:ᥫᩣ.
2024-02-16 07:38:19 [WECHATBC_MAIN] : @6df78c8fd1c0caffe95c55a83b57c683d48d4488d969410a4e72bfa5ff64e9f5:木讷
2024-02-16 07:38:19 [WECHATBC_MAIN] : @c5010576dc0a907443e88db60724b300:别算科技
2024-02-16 07:38:19 [WECHATBC_MAIN] : @3e20683e33d4ba2f7282d62137ce0d480f1c23b557d3e4d2b5f587127a60ed29:<span class="emoji emoji1f349"></span>
2024-02-16 07:38:19 [WECHATBC_MAIN] : @266b5edb1a59b0bd42ceee7725182f3796b87bd7e59a836e5e53002110fe0572:木迁
2024-02-16 07:38:19 [WECHATBC_MAIN] : @75e728ce85c59de81c6805c575724095eefad7a75e4eaaf4d50aeaf672a7f765:VIP
2024-02-16 07:38:19 [WECHATBC_MAIN] : @64e68655e71ac5e210bb111154697cf18ca7343ed54ec6bc9fc33cad06d59f12:xh
2024-02-16 07:38:19 [WECHATBC_MAIN] : @f96c4bef3171561a538f33f07fdbaa69:i志愿
2024-02-16 07:38:19 [WECHATBC_MAIN] : @3873f9141a53bc167ff0177312f2d6634c4351d2b84467aca7c722ee8f937309:<span class="emoji emoji1f525"></span>
2024-02-16 07:38:19 [WECHATBC_MAIN] : @dae8d5e9fffd06aee0618b8b6d78be448076c9aae5ded9ef82b43a9eb3575e2d:曦热
2024-02-16 07:38:19 [WECHATBC_MAIN] : @@e978b6ea624bf33f69e138379f1792cd9d8811a0c4b486641696f8f1f4070cba:z,zzzsh
2024-02-16 07:38:19 [WECHATBC_MAIN] : @8840254860065b12aa87c60c572c1c335f0b4a026c7597cbe6e27de5e46a9548:A 中联电讯   郑灿伟
2024-02-16 07:38:19 [WECHATBC_MAIN] : @d40c230c1e24d4b50af841e9d25b0cb3:外卖券摸摸所
2024-02-16 07:38:19 [WECHATBC_MAIN] : @0c8f9cbfe9978c0aa9e41e77748a410f47bc9293062b8a8460eafc498e5f0e28:Arun丶
2024-02-16 07:38:19 [WECHATBC_MAIN] : @658f55dae724d72a39e0203e8072edafe0f74f7fed5164d12c3393579e8c3a64:C.
2024-02-16 07:38:19 [WECHATBC_MAIN] : @ddf5204d6ee40fe8adc539aab35d91df3acd364b275a109c171f6695a98b39b8:🧐
2024-02-16 07:38:19 [WECHATBC_MAIN] : @9c13a198bff1e8bf724e40b506afe664d7bc75bff5bb27222e83e59db2a74b1b:汉英
2024-02-16 07:38:19 [WECHATBC_MAIN] : @a33ef789154c6b003625b1d588ea054c9adc40c84656b285786a2aea126e0782:玉宇
2024-02-16 07:38:19 [WECHATBC_MAIN] : @9aaaf765eaca5c223d4133856a8a6b91:广东建院
2024-02-16 07:38:19 [WECHATBC_MAIN] : @041afae2de6c3132fb470ca204ed588ada9aab21e10cae65e4eedc516aa79583:王德发
2024-02-16 07:38:19 [WECHATBC_MAIN] : @e17615e5db02e9fe90d62c42736c5d33:鲁班大叔
2024-02-16 07:38:19 [WECHATBC_MAIN] : @fe922a527dfd815d768d52f743b44a896de5e52b271750c748c0c342e00a2083:听岛屿.
2024-02-16 07:38:19 [WECHATBC_MAIN] : @8954fc868ba3094882dfc43093dd4312:网易UU加速器
2024-02-16 07:38:19 [WECHATBC_MAIN] : @6470a3f7d46be1206ca3915dae7a023d232b7f242da330f72b0c43a43e9c1e8c:楠浅ꫛꫀꪝ
2024-02-16 07:38:19 [WECHATBC_MAIN] : @9aa79125607c0d4513688fab7d848ba7:魂之乐享
2024-02-16 07:38:19 [WECHATBC_MAIN] : @ddce4835c4b1209fbd5fffd5e428949d96da71d6ad46226ec4c5ef9475190b9a:+🥚
2024-02-16 07:38:19 [WECHATBC_MAIN] : @2fdbc98cae1aab34c1c8b840eeb6cc86:海豚网游加速器
2024-02-16 07:38:19 [WECHATBC_MAIN] : @351cf3beba354e9d0f9b8f4860847705dddf211e948e41f3350d3d3537974dc7:要好好吃饭
2024-02-16 07:38:19 [WECHATBC_MAIN] : @b4695a57636f1fcf18a0e2503eca4c54:京东白条
2024-02-16 07:38:19 [WECHATBC_MAIN] : @d661a3a669db2f37736878a8c203db53:zl     <span class="emoji emoji1f4a6"></span>
2024-02-16 07:38:19 [WECHATBC_MAIN] : @9a599358ccb6214e2f64d523d0b9492d381ba89353bc6602f68a48b829513d1b:宝藏
2024-02-16 07:38:19 [WECHATBC_MAIN] : @6108ff46107f87cd2e16c28a62f6d145:该账号已注销
2024-02-16 07:38:19 [WECHATBC_MAIN] : @b07d263fc454a32ba7c0e3715bcd637f69f8a7b8cffbd6cf447d0ee023d2178e:借我一秒钟
2024-02-16 07:38:19 [WECHATBC_MAIN] : @2e1faaf4921627032a8b8215aa9aed3a771fb9e29fa1e4dbec2218a871b7ddaf:Nefia
2024-02-16 07:38:19 [WECHATBC_MAIN] : @94070fcb2fbb43e6aac65d05a50a858582bece2521fd97d3e23cb2e655f2569f:aJin
2024-02-16 07:38:19 [WECHATBC_MAIN] : @474e6600f6709de39536e58f044f6b60160d2da4832d52acfba9e9ba837a1dee:白胡子
2024-02-16 07:38:19 [WECHATBC_MAIN] : @f96753bba09fd638fcb4336b7f6e39edd94777e846a4c239f13d248517969b31:董不懂
2024-02-16 07:38:19 [WECHATBC_MAIN] : @01241a54224aa2179c29cd69b9851ad40b7c4863740a4f035ba92c78808d9f2b:1
2024-02-16 07:38:19 [WECHATBC_MAIN] : @9e547166066a647a9ed3b8c0f597eeb91c3b9a49992721c8623fe5a0ab3cadf4:平平歌(ᇂ ㉨ ᇂ)
2024-02-16 07:38:19 [WECHATBC_MAIN] : @5f32e68e5e7ddc8e36b309e285e7611572c97eb2390de1fb8ac1c5b660cd23dd:香奈儿<span class="emoji emoji1f42d"></span>
2024-02-16 07:38:19 [WECHATBC_MAIN] : @47ca9b9d55fdb8a5163a5fe5229fba6986470010fc80ecb0f840a838473a7277:广州鑫顺  专做美系单项件
2024-02-16 07:38:19 [WECHATBC_MAIN] : @fbe6e8a6073cb2ae512fa47608082449eaff32defb052cd666f53b84a48171bf:！
2024-02-16 07:38:19 [WECHATBC_MAIN] : @151883c7bd631c459af08585f1e6b666e1cddcd671f4f78eb1e79e592c491753:qi
2024-02-16 07:38:19 [WECHATBC_MAIN] : @ce088a4f67cf4e96ac869be08118570b:泡泡加速器
2024-02-16 07:38:19 [WECHATBC_MAIN] : @547dce749eb08d6b5ce7e2ea5863ac92f8890bdb2680ff89bb3f6033e197c604:AT
2024-02-16 07:38:19 [WECHATBC_MAIN] : @074c1a18241a7bba0e8c4e5a870a2b7a:热门精彩阅读
2024-02-16 07:38:19 [WECHATBC_MAIN] : @4d25afbb88349beffa5dc9b3b52b7881fb29005eee8dc5533f2ebdb97517b240:G
2024-02-16 07:38:19 [WECHATBC_MAIN] : @67288f5b5e72dbfab213572fd5710d7f:CG游麟网
2024-02-16 07:38:19 [WECHATBC_MAIN] : @8050aeb5b9098f89dd788dbc94019cd0be7dc1935b74a0cbd09f1de41ccdcc46:ღ火炎焱燚ꦼ
2024-02-16 07:38:19 [WECHATBC_MAIN] : @134f22e00c245939caac1ef07131bfabb9b24f9022152c33c8e47a8aca7cf986:小花
2024-02-16 07:38:19 [WECHATBC_MAIN] : @f92eaddfa7aa567cc1a09b0008aaae73d739525f1284e43e42253e0db2b99bda:大海我的故乡
2024-02-16 07:38:19 [WECHATBC_MAIN] : @c453e468be5ed6c9b80c5b8d0cb78195f2d49be538dd3b716a92a158964ff04c:春雪
2024-02-16 07:38:19 [WECHATBC_MAIN] : @b4cfa43b0cd331b0100d06f71ca61393d10c871a0e122f9ecd2c517d4b822b68:！
2024-02-16 07:38:19 [WECHATBC_MAIN] : @7e066f619aaf7ff47c1a7ce903146f2e49b13bd986302019fde27563d6df0210:Blank077
2024-02-16 07:38:19 [WECHATBC_MAIN] : @7496e30ba9e1f2ca7aacf1bd5e8ec6b47ca796d46417e574db297e338a7fbe51:ㅤ
2024-02-16 07:38:19 [WECHATBC_MAIN] : @329c898a072629641dcc73208caf7bc8:宅猪
2024-02-16 07:38:19 [WECHATBC_MAIN] : @9a4fa4e289f601e778c23dd03c0b3185:特摄资源共享
2024-02-16 07:38:19 [WECHATBC_MAIN] : @ccd7c88f795a3129989df3ce587cb6f760b867a8411ae63a77ea2081643c660d:皮蛋
2024-02-16 07:38:19 [WECHATBC_MAIN] : @ee0b9fb142b1da198d7550d73cc60afe7514a82b8811a16eb36fa7fa03cbfdb0:AIm.
2024-02-16 07:38:19 [WECHATBC_MAIN] : @ef2446fbcd1e715cd578edaa476788b8:特摄驿站
2024-02-16 07:38:19 [WECHATBC_MAIN] : @759b08d7a40ba2b8c5781c8ceeecd6c16cd7d58650098d213b2f2b1ad4254ad1:欣妍
2024-02-16 07:38:19 [WECHATBC_MAIN] : @94f65110aca99a63dc84244e12325501:电手
2024-02-16 07:38:19 [WECHATBC_MAIN] : @1e679473e7d55217100bd349b0e3c399:耳根
2024-02-16 07:38:19 [WECHATBC_MAIN] : @ea81c9ca21956760713ade477887de4c6002cf41c4db0778f7817a9a4d464b72:晚风
2024-02-16 07:38:19 [WECHATBC_MAIN] : @a736a8b867ed671e51627ec853dddbabdd7e50901e8b9441000a6abb92f3b215:Rebirth
2024-02-16 07:38:19 [WECHATBC_MAIN] : @2e2ed3ddc2a3b07f80440096b564064b8f36ce71c799e11ccd20742d18d5a1c9:顾玖
2024-02-16 07:38:19 [WECHATBC_MAIN] : @0a381fa3b462a65cd97240b93f5fadd1:NS大玩家
2024-02-16 07:38:19 [WECHATBC_MAIN] : @92f9889b8ffeecda5b052c36bf5912f203b5d99edf6e5604e7673eae0530e5c5:  
2024-02-16 07:38:19 [WECHATBC_MAIN] : @58a4edff2dae46952f6c107ab447fae3be783a965c7cd45ff505799679e77caf:Z.
2024-02-16 07:38:19 [WECHATBC_MAIN] : @e8e1ffcd106589aea1735c10899ed8f95833162e40867f745c89a67d66c28fb7:安逸
2024-02-16 07:38:19 [WECHATBC_MAIN] : @4e053588a22f41264a2253297babdacf:黑料BOOM
2024-02-16 07:38:19 [WECHATBC_MAIN] : @d2e2b8e1dd0761af376d81600a672c28:广东建院消息
2024-02-16 07:38:19 [WECHATBC_MAIN] : @6d76c2723c127217304133d0f87171d1e43cc7b4d3fef245a6679ee75f885276:只手摘星辰
2024-02-16 07:38:19 [WECHATBC_MAIN] : @0e87b56b3aa61391b0fcdf27d04cb5c09e6dbc2a67427636a2c489c599401b8b:笙歌十里
2024-02-16 07:38:19 [WECHATBC_MAIN] : @b8816503eeb48844d913c6b35459c3af570a1fd65b58759a7b2833bf1f4748a7:岁月无声
2024-02-16 07:38:19 [WECHATBC_MAIN] : @c12648db3268dd4b2650c8c1d8426ca0d63e4710b9e504b54712c0c03d199ce8:鱼七七
2024-02-16 07:38:19 [WECHATBC_MAIN] : @5c64e1c96ad38baf7620ab19febc68463e863a5458dda67729ec045344f89530:xzt
2024-02-16 07:38:19 [WECHATBC_MAIN] : @adcbb2d672b1f7a22ede09a20bc59bc2:外卖卷不停
2024-02-16 07:38:19 [WECHATBC_MAIN] : @0a35fb74769f3e5c685db36286076430:志愿者
2024-02-16 07:38:19 [WECHATBC_MAIN] : @80f7a7b7e135da32856cc4fff187c62500fe4538167c4ba74defdc9ad49ea5d3:莹^O^
2024-02-16 07:38:19 [WECHATBC_MAIN] : @9347244481181b72b4eb3f0f7060f51518a24b139922e1f17dcd18eed3cddfdc:p
2024-02-16 07:38:19 [WECHATBC_MAIN] : @4dd7a70edabb000d1df8abb9dc848767:7477游戏
2024-02-16 07:38:19 [WECHATBC_MAIN] : @4531df7210d7fb86d7697c221586eb91190f79e1082532ad80ad80abb721026e:娇的名
2024-02-16 07:38:19 [WECHATBC_MAIN] : @50bf0f0587c26d41f8aadf340ee9cadf94a6c4e4dfd2de6bb1a69b4e18169d0b:Cc
2024-02-16 07:38:19 [WECHATBC_MAIN] : @d2eccc566880f8624c533b3745b35f238b6556b12b3779eb5fcfc51f4280da90:Z.🧸
2024-02-16 07:38:19 [WECHATBC_MAIN] : @b6f00dce109046c73bfe157ce54d5f693d16dbd6c29d9655390e3a851872ae99:利
2024-02-16 07:38:19 [WECHATBC_MAIN] : @a741356546900b1422bf63c677014d51b771d9e7626224677f73fcad555bd485:.ayu
2024-02-16 07:38:19 [WECHATBC_MAIN] : @3dda3b274de878af84d875e31db6e303:韦一同说
2024-02-16 07:38:19 [WECHATBC_MAIN] : @84c1a290b2874b8e4b9cc9752ff98ee39ec441631d72c92a0d68599788cc8362:月<span class="emoji emoji1f377"></span>
2024-02-16 07:38:19 [WECHATBC_MAIN] : @0de01800c0755e98c803c25d647926b7:易博通eSender
2024-02-16 07:38:19 [WECHATBC_MAIN] : @33ab486b9fb7fbf8858f1b1fa572021835618e22dbdd1239c35948d93649ef9e:Yuuki
2024-02-16 07:38:19 [WECHATBC_MAIN] : @d5dd6c19f13827b01df315d2d09fa3e8a94538caea773b30c378aff0afbe54e5:等一下七月
2024-02-16 07:38:19 [WECHATBC_MAIN] : @05638a4f7a0da0e61c487084a180492e9b629ba54dfe125afecc90fc244c461c:DLx
2024-02-16 07:38:19 [WECHATBC_MAIN] : @9859cae1489dc3adc7aacda35a1a42016ccc054bca39b2bc706d94b1dd85bae1:江尚
2024-02-16 07:38:19 [WECHATBC_MAIN] : @cf1668c1977a881c839ba8304427a52a:布晴LIVEHOUSE酒吧
2024-02-16 07:38:19 [WECHATBC_MAIN] : @7aec6d1286abf5dd128576ce427910dbf69c2cfd73091d193bab0ef7b1bba176:<span class="emoji emoji1f361"></span><span class="emoji emoji1f361"></span>
2024-02-16 07:38:19 [WECHATBC_MAIN] : @5e344898b4885e61809512f9101e5f7478026834b73ad084757810f26424e5ff:（～_～）
2024-02-16 07:38:19 [WECHATBC_MAIN] : @335323fd1a00ca1778e4d555e9149428:浮秀
2024-02-16 07:38:19 [WECHATBC_MAIN] : @2031805eecbb9ad355c54af93bd417cc:沐沐热喵
2024-02-16 07:38:19 [WECHATBC_MAIN] : @bcbbe00f97b9def49a7abacc00afed60:Su2
2024-02-16 07:38:19 [WECHATBC_MAIN] : @35238d5417515a2aba27377505a0baffc286e2cc4139ee3c4a042ed0c6580c93:远
2024-02-16 07:38:19 [WECHATBC_MAIN] : @3ef3b1d3c04c297f85605740742d5ccaa8c2ab40a451b1b0b8b94751cc7380b6:彬
2024-02-16 07:38:19 [WECHATBC_MAIN] : @1eec3063540754ed0684f0f77ff2447e:怪谈胖胖女
2024-02-16 07:38:19 [WECHATBC_MAIN] : @5faddb77496104a15334ab1ae876e0a5841cbf2864e4271495aca03c7a0c0c5d:朗月.
2024-02-16 07:38:19 [WECHATBC_MAIN] : @1109d57dbb9978edfe91b755dec699dc:agiso自动发货
2024-02-16 07:38:19 [WECHATBC_MAIN] : @6253903cad87398ab7d55d61eca8272f:超人
2024-02-16 07:38:19 [WECHATBC_MAIN] : @9596bcb85a737bbb9501ff8d91882391e14d9c5c38b58e8d11a13eb5ee9ea934:湘橋春漲
2024-02-16 07:38:19 [WECHATBC_MAIN] : @ed95dbe71f1b53138128b684ee278c14b6d5b6e62165005134a8694ad3dbf8e1:A0༒六子༒ （诚信服务）
2024-02-16 07:38:19 [WECHATBC_MAIN] : @7ccfcb719712ec8625991c1781c3337c:蒸汽游戏
2024-02-16 07:38:19 [WECHATBC_MAIN] : @fa29a4434f776733350b7beffc36b76e:腾洲车行
2024-02-16 07:38:19 [WECHATBC_MAIN] : @105af94fc37759a843cd4a401c052dadd8316081f6807a819bcbbab231a4e452:Cory
2024-02-16 07:38:19 [WECHATBC_MAIN] : @d801b3d6c4fc806c08774e242fe53a845399b85db37974dd8f33ea75953a9e4d:山海
2024-02-16 07:38:19 [WECHATBC_MAIN] : @12e9eaa85d9974755fd527e2bcb7e706:极简博客2022
2024-02-16 07:38:19 [WECHATBC_MAIN] : @4d04bb2f604ead5d57763d5c7ef0d61d43ab27941fe474a52d3c47f2af1fba74:你滴男妈妈
2024-02-16 07:38:19 [WECHATBC_MAIN] : @2ee4658e62a608455e7e15097396bfa1:三叔软件
2024-02-16 07:38:19 [WECHATBC_MAIN] : @89a0b781c486a994978c1cf476c98764398dee81dc59f002e2f56b37676f9503:汉宫
2024-02-16 07:38:19 [WECHATBC_MAIN] : @9d58e240b17d02e55da08b48d8435bcc85e4e260fdd46d622e47d6794a6753f0:拉勾为什么要上吊
2024-02-16 07:38:19 [WECHATBC_MAIN] : @14f64ce9e003474e53b440155ada0245a3e12b56e50afdf31a841b9d196897b2:小鹅
2024-02-16 07:38:19 [WECHATBC_MAIN] : @a06aaa588d876d6be1fb5e6d271f333534eb2a87c7f119edb6e2d560942dd495:莹^O^
2024-02-16 07:38:19 [WECHATBC_MAIN] : @3a3c6e33be79922ec74a0f52e161b6f0c9586406172262e80b1f8637e1e6f2c4:NOBODYLIKESME
2024-02-16 07:38:19 [WECHATBC_MAIN] : @12666f7c2b180099c3e654a9535b8c896dd3829ce2e4f56bae718c74d0ac0248:木川金
2024-02-16 07:38:19 [WECHATBC_MAIN] : @c915851fc8a365218cb6deeb285aa62276fb3cc58cfa1fd384e16abcdb49a8d7:早川秋
2024-02-16 07:38:19 [WECHATBC_MAIN] : @39abe788f4df97831508e882aada909415839e89cef0e6fd4fb7253d7508aef3:H
2024-02-16 07:38:19 [WECHATBC_MAIN] : @9ff7e50f77a1d660a7c0a696c1ae47a1cff05e40f153f02d7097a25348ad0228:榴莲
2024-02-16 07:38:19 [WECHATBC_MAIN] : @3c2ca533f4b588aa8f444ecbcdfcdf0f694b3e9deba36e9d34771bc8a5e082bf:若瞳君子
2024-02-16 07:38:19 [WECHATBC_MAIN] : @5a15c56da8d08e548f66f4e656761b09:平面设计狮
2024-02-16 07:38:19 [WECHATBC_MAIN] : @b514f0ddc493ab5e521d5d2a3914c11f:潮职校园通
2024-02-16 07:38:19 [WECHATBC_MAIN] : @caa1ca791aafcea0580a6f22b783284222cdbb53eceb5bdcf5672744b7207558:福🦆
2024-02-16 07:38:19 [WECHATBC_MAIN] : @3f056d9ca487f92d4d3646d43c465817f13d7d008e4f192515450b4186e00925:Ljh🤩
2024-02-16 07:38:19 [WECHATBC_MAIN] : @37150c3855174ba28238fe53213771265f8085702af458eb0f92d16db8979053:A春3悠慧多多<span class="emoji emoji1f389"></span>
2024-02-16 07:38:19 [WECHATBC_MAIN] : @7ad3c5f3e639460aba05b32381f409d57bbcabc2840e59b6b81354d354c09d8e:北
2024-02-16 07:38:19 [WECHATBC_MAIN] : @10d03016f162e11d6eeb89c699522e48e5c4dc2a87278e5cae807338f6b53725:JW<span class="emoji emoji1f42f"></span>
2024-02-16 07:38:19 [WECHATBC_MAIN] : @1442d260326af07fe7d51218a6321ff722eab5c4b651a86cde98837e2c699ed4:.
2024-02-16 07:38:19 [WECHATBC_MAIN] : @2605ed892bf69c611e0173bcc582d867:异次元APP软件
2024-02-16 07:38:19 [WECHATBC_MAIN] : @7c8900ff19c731f268a1716c1db9ae9ab33004445c456384dba3e38a23fa2c52:汕頭15815040195
2024-02-16 07:38:19 [WECHATBC_MAIN] : @31d7e0d576b0184abda64769c4abbe77f8234ebf0a0273ec517872cc84163d6a:今天想我了嘛.
2024-02-16 07:38:19 [WECHATBC_MAIN] : @45ab5cc5b4ca5be6c48c8d11bdc75f6ba600695d5e2752ebd1481eb8619edb75:羊妹妹. 💭
2024-02-16 07:38:19 [WECHATBC_MAIN] : @21acd5819c6d68bccc42a9c1731ab58d:电脑那些事儿
2024-02-16 07:38:19 [WECHATBC_MAIN] : @19796c71c9b0872cdb21d94cd0fde4814d2e9836164dbcc153ab93fd1833b0f8:美宜佳
2024-02-16 07:38:19 [WECHATBC_MAIN] : @6d0742913858976f9eb157fea78521c655f7e72253d981f9a8e6484c4c3fbfe3:白云飞（只二维码收米）
2024-02-16 07:38:19 [WECHATBC_MAIN] : @11e4539d50766432192dd865c4aed6bf:小星星资料库
2024-02-16 07:38:19 [WECHATBC_MAIN] : @01d0eb217000b8d24e0245950a6a72d2:中国青年志愿者
2024-02-16 07:38:19 [WECHATBC_MAIN] : @e14fe818053d522b374d815c35236ed25d2f99e34d441601bcd520f14a8dcfca:Jammer
2024-02-16 07:38:19 [WECHATBC_MAIN] : @769b0b86642f3df7be669266e7f82477c37ac9ddb4464bc962fb1ce836753989:Sherry
2024-02-16 07:38:19 [WECHATBC_MAIN] : @e14e876c3f3f0dd9c61a43dddfab2002ade4ac50f808c7e267db467d5d7a0c60:ᯤ⁶ᴳ
2024-02-16 07:38:19 [WECHATBC_MAIN] : @12df93cfb7df2a6187f27f031cad1f7404d5ee67557c84521914cb698e8d22ca:【千浔】Ms.傅
2024-02-16 07:38:19 [WECHATBC_MAIN] : @8c550d06d9e9a089588587b7d3255841f997af15fb2790618343f0d8a503a83b:啦啦啦啦
2024-02-16 07:38:19 [WECHATBC_MAIN] : @e2502c8d514ca15eaa61c8ad78e453e046e1826261937de4d90ec1450b5a0c6c:zzzsh
2024-02-16 07:38:19 [WECHATBC_MAIN] : @30781625ea36bf17df72103bdc77ea543e0ca6de710bc6385793cabd7bf88c8f:滥情g.
2024-02-16 07:38:19 [WECHATBC_MAIN] : @4901685cc0669a25dad7ad1298369435eeeaddfa7cc45e0985a1ed7b2ece59f5:橘ne
2024-02-16 07:38:19 [WECHATBC_MAIN] : @2b10810d1853dea1b06b8fa6e117180d99048056ca0f25a62dcb66c32db62bf7:/
2024-02-16 07:38:19 [WECHATBC_MAIN] : @ae5731adb7fbe94619c28d6d02c25638:情侣CP
2024-02-16 07:38:19 [WECHATBC_MAIN] : @66b72a4ee3290e0f387c509b442ae873:php中文网教程
2024-02-16 07:38:19 [WECHATBC_MAIN] : @8acda61a63692b49a00ed607b231d51ac93d57983aa17949e76c89b2996938c8:22
2024-02-16 07:38:19 [WECHATBC_MAIN] : @cfaea744da0d4328498fcc20056cafaf13de4e29d0689b4fd578b85dc659f040:Sleeeeping
2024-02-16 07:38:19 [WECHATBC_MAIN] : @33d5fa79ed0a90a74f904e71be607750:微信支付
2024-02-16 07:38:19 [WECHATBC_MAIN] : @164d92de906a5b2f3928b85f1bf1720d12fbd4b7f4455f350213077f1816cffa:太白
2024-02-16 07:38:19 [WECHATBC_MAIN] : @683caa7615a9da7d5d4b311dddc65f1e36f0eeee082586652b7872da88d0b280:SOYU
2024-02-16 07:38:19 [WECHATBC_MAIN] : @e361a4195e03f5644a53fc85349827cbbf313feed35b4ee84d3e4535ea467e09:ㅤ
2024-02-16 07:38:19 [WECHATBC_MAIN] : @f7eb7670f963c2c346c9b735781439d371444be424d76adf0a06ef04bc6bf59a:失忆
2024-02-16 07:38:19 [WECHATBC_MAIN] : @c989d982088b77e1efca95868f110620:小木生活观
2024-02-16 07:38:19 [WECHATBC_MAIN] : @c0a41479a5a36f263576eea5336f0277:平颉机械设备13223903675
2024-02-16 07:38:19 [WECHATBC_MAIN] : @01f26e1af1d8002133b9de7be524f1a1655ad4113be62b800359534551a7fe8c:Rime
2024-02-16 07:38:19 [WECHATBC_MAIN] : @464b422bddeaa22c8585885b2b8624ea:广东中职菌
2024-02-16 07:38:19 [WECHATBC_MAIN] : @f3a0ad67a43fbb1cb4d76b70d54ec284819690cc0c3fabd2a38ded550387b514:大月半冉子<span class="emoji emoji1f43e"></span>
2024-02-16 07:38:19 [WECHATBC_MAIN] : @161e2758d673b1d3f366eec83eb2a11c2de5eb3ee7397c58ddc69e8ceb988ba7:樱桃🍒
2024-02-16 07:38:19 [WECHATBC_MAIN] : @bbdf413e9c53d1ea965e8d5443b2e973fb13141cf916c463a85664cfc86d7158:群管理
2024-02-16 07:38:19 [WECHATBC_MAIN] : @6d36a922917f7c1f247df7484e3c1036a2dc1e410cf07f29fdacda23ee6b4597:胖胖的孙某人
2024-02-16 07:38:19 [WECHATBC_MAIN] : @fdaf28ca71d6938abd9d1c6013c18010:小呆加速器短租
2024-02-16 07:38:19 [WECHATBC_MAIN] : @071d192cb27fd42891d934c8ef96f5e8a4281878b178e13b9ef7d4ff26523c68:...
2024-02-16 07:38:19 [WECHATBC_MAIN] : @6ddaf8628f0f6a5c6d895c0239d5541370784aea7f1e2fcf8e46b6a76ca453ed:<span class="emoji emoji1f6b9"></span>
2024-02-16 07:38:19 [WECHATBC_MAIN] : @df6d2bdfd32c85b3745250e74467b42d:腾讯成长守护
2024-02-16 07:38:19 [WECHATBC_MAIN] : @02c4ac2b4cb72f2546d287c5b4cc4ea0bc5c614d5deb03817362f58895b5c768:h.
2024-02-16 07:38:19 [WECHATBC_MAIN] : @88e562c9940dbb0c3f43c5de546322d20444e635a5d54933d119e659e74f5aab:AA - 手机电脑 回收 出售 维修
2024-02-16 07:38:19 [WECHATBC_MAIN] : @0581e143a6522342278b36d246e5c7193c341d8f5842b773505252e4892bb94b:振袖秋风问红叶
2024-02-16 07:38:19 [WECHATBC_MAIN] : @012caab0e7ed2ccb38facdd7b8eef2db:奇妙加速器
2024-02-16 07:38:19 [WECHATBC_MAIN] : @f0854b29f988bb6a1c189762a9152d0a:小李万事屋
2024-02-16 07:38:19 [WECHATBC_MAIN] : @fedf33e26aa7c3138c8042d3e572a7c853a23a5390b56d77119fd2233c0b54c6:发财小掌柜<span class="emoji emoji1f4a1"></span>
2024-02-16 07:38:19 [WECHATBC_MAIN] : @87b55b8b400bb3aed4276c963ea3f292f464fc8c2b61d82ded29860c10f99bc0:以至于
2024-02-16 07:38:19 [WECHATBC_MAIN] : @3a6ccddf19ad9065e335759a264b48628515dbb376b0f0f5487e050bb32c08fa:懒人
2024-02-16 07:38:19 [WECHATBC_MAIN] : @832def007d18f0222ce48916768274e8df01930116aac3ff8b240a122b6be0e6:LIN_HH
2024-02-16 07:38:19 [WECHATBC_MAIN] : @7817067a36f2f482adb91fe45a38f6639ce0c98efc221ca441be271f8741ff56:A-河北祝江机床韩冬晓
2024-02-16 07:38:19 [WECHATBC_MAIN] : @1d59a9110d0684b22286b03de82130319860977cfc1254d6a92bb35bccc4483e:怎么取一个正常点的名字
2024-02-16 07:38:19 [WECHATBC_MAIN] : @e4ef39900074d5fbaa10556e61f8627d9272065741c75960a4646fd020f54547:觅雪班导
2024-02-16 07:38:19 [WECHATBC_MAIN] : @3813d2b5d2485670ccbf2fac921fc1ade37ffeca9619274cc25af5a4643f92d6:BLUE
2024-02-16 07:38:19 [WECHATBC_MAIN] : @d3a727d3f257d3dfec0922b6da2bc082eba6cfbea5fb54acabb381ab52ffe734:譚咏麟
2024-02-16 07:38:19 [WECHATBC_MAIN] : @f4ec8cf58d90096fcca856a3e059104d7ac4b5acd45e8ce9d534549405875337:AOO࿐努尔 诚信经营 花呗金融
2024-02-16 07:38:19 [WECHATBC_MAIN] : @d7ddfe93a248e791d1b854a94871fde9:Joker.
2024-02-16 07:38:19 [WECHATBC_MAIN] : @7df5ff91b7ed5b1904e6ee8a531845ccf6bc0bb15a1a28902e36346b4eab7915:A_ ZikX.
2024-02-16 07:38:19 [WECHATBC_MAIN] : @4bb0c08cbb49edeeafb9e5e483e9551bca5d80be733c71e1f227397e69d3a678:沉默的小羊羔子
2024-02-16 07:38:19 [WECHATBC_MAIN] : @30916f3d0305eaac7e339976844b5ec3:泓记
2024-02-16 07:38:19 [WECHATBC_MAIN] : @29edcd45cb1378b86e22093e2c04182bafdb805393bb71f14a7274b7689406de:陈店长
2024-02-16 07:38:19 [WECHATBC_MAIN] : @715682e2d41ad3a60c47900b6b445f4f4fa161f897c6b2c3d2ba359bcea6cfda:鱼莱新鲜小超市
2024-02-16 07:38:19 [WECHATBC_MAIN] : @f54010ff98040f557e5db5b5d50d08f33de1adc30167f208012dc36eaabcd996:A㍿࿐黑人校⃣長⃣ゝ诚信服务
2024-02-16 07:38:19 [WECHATBC_MAIN] : @5260024f2379440d893277970161ae7e8c599f9e9f4b8cfb06f63184992c6744:XOYUFI
2024-02-16 07:38:19 [WECHATBC_MAIN] : @884f3e5356757bba0ee79cd324bf3a1c380160a732bbbaedc79daef8b9221aff:泽玲
2024-02-16 07:38:19 [plugin-loader] : 载入了 2 个插件
2024-02-16 07:38:19 [WECHATBC_MAIN] : 启动控制台...
2024-02-16 07:38:20 [WECHATBC_MAIN] : Message(msgId=8784397080275591958, fromUserName=@76f99fe11614d05222434d4cc22be312bea8a010fc1e0a0a4e815434f440abf3, toUserName=@76f99fe11614d05222434d4cc22be312bea8a010fc1e0a0a4e815434f440abf3, msgType=TextMsg, content=, status=3, imgStatus=1, createTime=1708040299, voiceLength=0, playLength=0, fileName=, fileSize=, mediaId=, url=, appMsgType=0, statusNotifyCode=11, statusNotifyUserName=, recommendInfo=RecommendInfo(userName=, nickName=, qqNum=0, province=, city=, content=, signature=, alias=, scene=0, verifyFlag=0, attrStatus=0, sex=0, ticket=, opCode=0), forwardFlag=0, appInfo=AppInfo(appId=, type=0), hasProductId=0, ticket=, imgHeight=0, imgWidth=0, subMsgType=0, newMsgId=8784397080275591958, oriContent=, encryFileName=)
2024-02-16 07:38:20 [SYNC-CHECK] : [msg type] TextMsg
2024-02-16 07:38:20 [SYNC-CHECK] : z>z : 
2024-02-16 07:38:25 [WECHATBC_MAIN] : Message(msgId=4139751142831556970, fromUserName=@e2502c8d514ca15eaa61c8ad78e453e046e1826261937de4d90ec1450b5a0c6c, toUserName=@76f99fe11614d05222434d4cc22be312bea8a010fc1e0a0a4e815434f440abf3, msgType=TextMsg, content=无内鬼, status=3, imgStatus=1, createTime=1708040304, voiceLength=0, playLength=0, fileName=, fileSize=, mediaId=, url=, appMsgType=0, statusNotifyCode=0, statusNotifyUserName=, recommendInfo=RecommendInfo(userName=, nickName=, qqNum=0, province=, city=, content=, signature=, alias=, scene=0, verifyFlag=0, attrStatus=0, sex=0, ticket=, opCode=0), forwardFlag=0, appInfo=AppInfo(appId=, type=0), hasProductId=0, ticket=, imgHeight=0, imgWidth=0, subMsgType=0, newMsgId=4139751142831556970, oriContent=, encryFileName=)
2024-02-16 07:38:25 [SYNC-CHECK] : [msg type] TextMsg
2024-02-16 07:38:25 [SYNC-CHECK] : zzzsh>z : 无内鬼
2024-02-16 07:38:27 [SYNC-CHECK] : java.lang.reflect.InvocationTargetException
2024-02-16 07:38:27 [SYNC-CHECK] : 在尝试异步获取消息时遇到了一个错误
