2024-02-17 03:57:03 [WECHATBC_MAIN] : 已扫描二维码，请确认登陆
2024-02-17 03:57:13 [WECHATBC_MAIN] : 已确认登陆
2024-02-17 03:57:14 [WECHATBC_MAIN] : 已取得登录信息:
2024-02-17 03:57:14 [WECHATBC_MAIN] : BaseRequest(uin=281175185, sid=T/eisHim88ZSCLCV, skey=@crypt_c1a555a6_e3e8ebd46c3ea8018e38b31dc848d755, deviceId=e320336936932584, dataTicket=gSeoGpB/LtVum+rW92M6TQe/, passTicket=HxuOGH1goT2bSabrFKbT6WEMHUqYHtDlrLp6DUHVqhPKdxiPznwgI7RtlfescKPQXwu2LspGTDDqcJE%2BV24ylA%3D%3D, authTicket=CIsBEL3Q0p4JGoABp/Hgx3yEsII3ouj+u9XFU9w9xx1lbpKOD1Eoo/dbogXCaqEAHcLm9IeYGrW3v6iZz9yZ3/N33Ofmzs6LWwpYv7KzFVu/GLz+VVn9Y7ED/w1vZ5hU2pRzRKD0kRszLE3vVFwMpu9hRKhaG1X3LI9Vd6IFOdT4EwiPkmJ/wX0/OWE=, initCookie=[wxuin=281175185; expires=Sat, 17 Feb 2024 07:57:14 GMT; domain=wx2.qq.com; path=/; secure, wxsid=T/eisHim88ZSCLCV; expires=Sat, 17 Feb 2024 07:57:14 GMT; domain=wx2.qq.com; path=/; secure, wxloadtime=1708113434; expires=Sat, 17 Feb 2024 07:57:14 GMT; domain=wx2.qq.com; path=/; secure, mm_lang=zh_CN; expires=Sat, 17 Feb 2024 07:57:14 GMT; domain=wx2.qq.com; path=/; secure, wxuin=281175185; expires=Sat, 17 Feb 2024 07:57:14 GMT; domain=qq.com; path=/; secure, webwx_data_ticket=gSeoGpB/LtVum+rW92M6TQe/; expires=Sat, 17 Feb 2024 07:57:14 GMT; domain=qq.com; path=/; secure, webwxuvid=b0c1512a3960be8895dbe4551510255d7dfa496f69e66e12dfe68b148ac7b0856953ba3fdc0e89dc8a2a46fb1c91e92b; expires=Mon, 13 Feb 2034 19:57:14 GMT; domain=wx2.qq.com; path=/; secure, webwx_auth_ticket=CIsBEL3Q0p4JGoABp/Hgx3yEsII3ouj+u9XFU9w9xx1lbpKOD1Eoo/dbogXCaqEAHcLm9IeYGrW3v6iZz9yZ3/N33Ofmzs6LWwpYv7KzFVu/GLz+VVn9Y7ED/w1vZ5hU2pRzRKD0kRszLE3vVFwMpu9hRKhaG1X3LI9Vd6IFOdT4EwiPkmJ/wX0/OWE=; expires=Mon, 13 Feb 2034 19:57:14 GMT; domain=wx2.qq.com; path=/; secure])
2024-02-17 03:57:15 [WECHATBC_MAIN] : 已初始化微信信息:
2024-02-17 03:57:15 [WECHATBC_MAIN] : 用户信息:
2024-02-17 03:57:15 [WECHATBC_MAIN] : Contact(weChatClient=null, uin=281175185, userName=@883cda5deb9d6263387e0bbd4f171ca869f2e239062685b3ec169cb854ac9f59, nickName=z, headImgUrl=/cgi-bin/mmwebwx-bin/webwxgeticon?seq=881868113&username=@883cda5deb9d6263387e0bbd4f171ca869f2e239062685b3ec169cb854ac9f59&skey=@crypt_c1a555a6_e3e8ebd46c3ea8018e38b31dc848d755, contactFlag=0, memberCount=0, memberList=null, remarkName=, hideInputBarFlag=0, sex=1, signature=已换微信 meteor1913103, verifyFlag=0, ownerUin=0, pyInitial=, pyQuanPin=, remarkPYInitial=, remarkPYQuanPin=, starFriend=0, appAccountFlag=0, statues=0, attrStatus=0, province=null, city=null, alias=null, snsFlag=257, uniFriend=0, displayName=null, chatRoomId=0, keyWord=null, encryChatRoomId=null, isOwner=0)
2024-02-17 03:57:17 [WECHATBC_MAIN] : 联系人列表数量: 316
2024-02-17 03:57:17 [WECHATBC_MAIN] : @10a30b61cbfa27a13d969e788dbfa17e388c8375fbaa8b404af218eebae0cea1:木木(丽丽）
2024-02-17 03:57:17 [WECHATBC_MAIN] : @9d54256b16014a18c9c0fbcbe2a73fa55da209ae8f3eebecbffc2ef04b3c1c81:只手摘星辰
2024-02-17 03:57:17 [WECHATBC_MAIN] : @89ec1bfb6eaf8e29bdec28c8e298836e2b542cb0c11e02fa002dcf6b30db2ab1:借我一秒钟
2024-02-17 03:57:17 [WECHATBC_MAIN] : @1c6937e2b14ab1ba8096cf4f0495c8d7:外卖有多少
2024-02-17 03:57:17 [WECHATBC_MAIN] : @8b6297e6c17c5a3829d539ce6a6b7158f9220fd7d6521f18c011ba4c479b4833:-
2024-02-17 03:57:17 [WECHATBC_MAIN] : @280ed93ca323327e8e256bd849dff5c6bfbc7bf07cbf849b531ef54418acce4a:₀₃.
2024-02-17 03:57:17 [WECHATBC_MAIN] : @d0e7079f7f98e3e96337cb61b4c84ebb6b7b7e256cb4da72418935fc56ac3777:娇的名
2024-02-17 03:57:17 [WECHATBC_MAIN] : @8647fde5c2353e0a92738326dcdbcbd687c78f1ae1163e67fafbde199048acd1:BLUE
2024-02-17 03:57:17 [WECHATBC_MAIN] : @d51a65d3df759c783fd18d799aa73faf:广东建院消息
2024-02-17 03:57:17 [WECHATBC_MAIN] : @7960041684d104d76b48bfa1faae0b98cb979d292486d8dd21d0aa34265268b3:干净
2024-02-17 03:57:17 [WECHATBC_MAIN] : @90e32b2ae14cf66de2beecb449c61fd4074afdd78cef4d864d27e36372dfe7e6:SuriYan
2024-02-17 03:57:17 [WECHATBC_MAIN] : @708bc98ff7335db1fdee023425bad67a7ef5ab4ab53146d6669671a54213045c:Sam
2024-02-17 03:57:17 [WECHATBC_MAIN] : @901c9724fe9d3ba766317ff7be7346917f7d5338fee57b2d62b0d268d054fde5:ིྀ
2024-02-17 03:57:17 [WECHATBC_MAIN] : @82aad077fa9d0fd0b9c4dbeee77e47bb3ce4cf3de49c18acff864b1cdba09f0b:卡哇伊
2024-02-17 03:57:17 [WECHATBC_MAIN] : @ca2b3854ebea987a4da6424adc201283:电脑那些事儿
2024-02-17 03:57:17 [WECHATBC_MAIN] : @379ed28b63f616a60c2e4017645e5266:zl     <span class="emoji emoji1f4a6"></span>
2024-02-17 03:57:17 [WECHATBC_MAIN] : @75af93263516d04d157aedff9a06d2eab3946c2efb13e17008f187cd1c8ec123:sun
2024-02-17 03:57:17 [WECHATBC_MAIN] : @f02d44ec45883b7608f8471e6d2a9b34:7477游戏
2024-02-17 03:57:17 [WECHATBC_MAIN] : @1d2ddcc7de577702015f880c45c27088fb51ce319a2a2ab953ad9c8661b66bad:陈店长
2024-02-17 03:57:17 [WECHATBC_MAIN] : @a4146d36fe1a88cb5510bdf81bf267a552f7c560f9954a7ae40c637be174c2ca:JW<span class="emoji emoji1f42f"></span>
2024-02-17 03:57:17 [WECHATBC_MAIN] : @47b59d14429303617375ba4ad5d04a1936293ba4566cfe1beb9c0368e3168d63:九
2024-02-17 03:57:17 [WECHATBC_MAIN] : @6575520d65042f6216038ae4b7f701f1da9f3cbbbbfba902fd348c106b963a17:A㍿࿐黑人校⃣長⃣ゝ诚信服务
2024-02-17 03:57:17 [WECHATBC_MAIN] : @c89e2cb14bb59951e5c8822dc7ab4a08ac762ebb2e5eded9153ebbbc746de6b4:山海
2024-02-17 03:57:17 [WECHATBC_MAIN] : @01c67f243a1e6d3c1bc6ceac830f70a892cdeb61cace2b91c1a474589946c82c:h.
2024-02-17 03:57:17 [WECHATBC_MAIN] : @5ca664c413f3d75f841f5f136ef45eb6b13beaa6ac760066daf9df867d88cc24:Coast（2.1号放假-2.19上班）
2024-02-17 03:57:17 [WECHATBC_MAIN] : @f6a437ac9f9eb2a2f0e14ceb1ba51eee:中国青年志愿者
2024-02-17 03:57:17 [WECHATBC_MAIN] : @fe3c731840da3790e7b2697f0f66acf260eaba838dff8ce2dbf5f19d220f161f:文人武
2024-02-17 03:57:17 [WECHATBC_MAIN] : @cab24fff582cdb0ad77c0e0ee09e27b0:蒸汽游戏
2024-02-17 03:57:17 [WECHATBC_MAIN] : @af580a76fec87ee29eda41aee6b3499f587012027c98d46330f72b8cd1746858:A_ ZikX.
2024-02-17 03:57:17 [WECHATBC_MAIN] : @7d95b72f33d65082407949eaad9a3eaccd173abeababc630cda439d7eb2dcec6:。。。。。
2024-02-17 03:57:17 [WECHATBC_MAIN] : @a08c516356528c7bbc8d674971485ad1b9c677b55ea6208c9c929e16969f3b25:标顶洞人🌝
2024-02-17 03:57:17 [WECHATBC_MAIN] : @6fef7abd1b7956f09d3aed11a56604a8640384cb64941115dde21e0bef3accaa:DLx
2024-02-17 03:57:17 [WECHATBC_MAIN] : @9a2277cf7d5b65fabfeb69ddfd8005a368552e08db45a76f15088a908c9ecc4e: 繁華若夢
2024-02-17 03:57:17 [WECHATBC_MAIN] : @6d85d559fd9addf90483bcd7bdafcad5:该账号已注销
2024-02-17 03:57:17 [WECHATBC_MAIN] : @aa7fde2643872d0fdfdcadfa7abbf3f5c9f064ac46067b9eefff14de484ba4e0:Solitude.
2024-02-17 03:57:17 [WECHATBC_MAIN] : @26de878a5efadb26dce862aaf23ddd0808adb32df87db792e3f45ad82ea0b069:Boy。
2024-02-17 03:57:17 [WECHATBC_MAIN] : @71499a041066ca339afc53b6f287bddd46ab51bfb373152afad2d6fa1637a73a:Sleeeeping
2024-02-17 03:57:17 [WECHATBC_MAIN] : @36f3c9bddd11301c1c56e88364ddfefe08e793e0906f9f4404aeafb82e557cfc:VIP
2024-02-17 03:57:17 [WECHATBC_MAIN] : @afe30db5adb75ca3a2df56357a514c7906e98e6944cc9f0c6ebea56ac8f8aa59:Rime
2024-02-17 03:57:17 [WECHATBC_MAIN] : @34880033d8bb7522013978dc31c05e55203791fabe5e0ae05bdfc388f34f442e:木迁
2024-02-17 03:57:17 [WECHATBC_MAIN] : @7e85a602a75064516f328a9e03c7b1613cfecd0ce4fcf8fc5785bd3784f5a435:彬
2024-02-17 03:57:17 [WECHATBC_MAIN] : @d7f8a58558c56c87382e4a79c5606cc4:你的生活我的梦想
2024-02-17 03:57:17 [WECHATBC_MAIN] : @f8399c92c02fc25128fd333c5c5139e6:NS大玩家
2024-02-17 03:57:17 [WECHATBC_MAIN] : @0869c53842ffacdd9e42929e86764445fb1a8aa25dd13e73cd2c69fd6196b826:H
2024-02-17 03:57:17 [WECHATBC_MAIN] : @b8df7aa78b7e2d5c02f1dd4cfeb61f50:熊猫加速器
2024-02-17 03:57:17 [WECHATBC_MAIN] : @f4c624d0e071dfff616fdbe85f014b6544be1ec57ab13d5b55675bf1186a9a1e:H
2024-02-17 03:57:17 [WECHATBC_MAIN] : @d89932c2b8e812c279a8ac1e16335bc1a3250fd2249963f9b6c3d2f445da1437:Cc
2024-02-17 03:57:17 [WECHATBC_MAIN] : @3bfd72f8b54cd86eb4bf2e8ea185211a:布晴LIVEHOUSE酒吧
2024-02-17 03:57:17 [WECHATBC_MAIN] : @763c720454ec370c211517f9ece63c5086392e94cff0433ff63b0a93eed0ac2e:大月半冉子<span class="emoji emoji1f43e"></span>
2024-02-17 03:57:17 [WECHATBC_MAIN] : @b6b8d9863b54643535859d5cd773fd33:卢家妈妈 西餐厨房
2024-02-17 03:57:17 [WECHATBC_MAIN] : @c89b67e2371c63b63fc1e6150abcdddf:广东建院
2024-02-17 03:57:17 [WECHATBC_MAIN] : @801e50157fffbf590b11a0e1a145838bf5a1483239075cf462b5f1baf864427a:寿～
2024-02-17 03:57:17 [WECHATBC_MAIN] : @7b43be347e70a6ca55d25e0c710e47c58843321fbf2ab0c7239a4ecd5f02cbe9:垚
2024-02-17 03:57:17 [WECHATBC_MAIN] : @48114e4a332818a217baa9aac3f7ab0baeaca2daacd7fd965daefae5689b9016:...
2024-02-17 03:57:17 [WECHATBC_MAIN] : @2ad528106a87780ad116b7793bfb9ba8b2d7c60e7b424e914ecc34e7140eaad5:扬狗爱cc🌬
2024-02-17 03:57:17 [WECHATBC_MAIN] : @17c67330e3ba7ed5a00af4ef36f995721f24a9cbe873d2d87e339ac478fe109e:计划师-可心
2024-02-17 03:57:17 [WECHATBC_MAIN] : @90ff21ffa279d1465e3fd4c7a9869cc431f44d10796e6a18fe3314f759cd1e74:！
2024-02-17 03:57:17 [WECHATBC_MAIN] : @66404692ce846cb2080bcab4424a97bc0d0754c75a4151b4b344f139461337d4:AA - 手机电脑 回收 出售 维修
2024-02-17 03:57:17 [WECHATBC_MAIN] : @2117950cf8fa323c73cc804937faeed2b10da7cb73d0e48d86925dee90e13eba:A0༒六子༒ （诚信服务）
2024-02-17 03:57:17 [WECHATBC_MAIN] : @7a9b92aa1c3eb3b3727dda3b14abfd5d024ad9959e83794aeddc59ede1933bf5:Blank077
2024-02-17 03:57:17 [WECHATBC_MAIN] : @3ef152cd4e14b3da6fcd2de3d7bb37de0b4a0c965bcdf9fdbef4149c716e8bd8:韓
2024-02-17 03:57:17 [WECHATBC_MAIN] : @1cae8bd24f6b252af31ea6bb6cab3a20f6e18657230cd5399683836c259cd405:顺风
2024-02-17 03:57:17 [WECHATBC_MAIN] : @2ddbe7cc7d128f0a5be860d02f09ac8d:憨憨羊
2024-02-17 03:57:17 [WECHATBC_MAIN] : @22cd516c7ea22de60effa0fbbbee0484c4739d37722ed8d9addb57c6b9f863dd:要好好吃饭
2024-02-17 03:57:17 [WECHATBC_MAIN] : @1ac7824c918e367de7f8079697379f02a06beb6dc8ba161f29a3f2e0f2d59bcc:冬天
2024-02-17 03:57:17 [WECHATBC_MAIN] : @46eee6c2b217fdd0944b6445cd56d2cd257979e3075b1f32b23002b364aa11fd:xh
2024-02-17 03:57:17 [WECHATBC_MAIN] : @b2a2feb6976a07565c50f682159fd02f0c127452fb3b249fea4838f7de23436e:橙
2024-02-17 03:57:17 [WECHATBC_MAIN] : @3553a543520b81f8d0ba8b8b2720e43d:极简博客2022
2024-02-17 03:57:17 [WECHATBC_MAIN] : @44fa2d0edfb3321111ad08c739b20ea2:耳根
2024-02-17 03:57:17 [WECHATBC_MAIN] : @591492bef72865bb017ae126311b26f78275accc27b18f74726214f76327c6c6:远晏
2024-02-17 03:57:17 [WECHATBC_MAIN] : @be20d55a81d41979a7eb3be57ec8d20f087024630e3251a6c6be2207b9e9742c:莹^O^
2024-02-17 03:57:17 [WECHATBC_MAIN] : @a8f7f19d5bbc71230efaf70bee74d2cc2d1d3ebcd44ab763e3f9d4dd6926a6c5:沉默的小羊羔子
2024-02-17 03:57:17 [WECHATBC_MAIN] : @feec985be7088f7efeed6ddf47815e8f298b16432d83ffe91fb69d0e93297abf:江尚
2024-02-17 03:57:17 [WECHATBC_MAIN] : @08dff0cb5cb2a7342314f0a1fbf92810:外卖卷不停
2024-02-17 03:57:17 [WECHATBC_MAIN] : @79ea9d0bbd39babe04f7dc98b84b4842:酷猫电竞网咖联盟
2024-02-17 03:57:17 [WECHATBC_MAIN] : @d3fe0be77fe88f08ceb62964ccf9bb4b1e797318bb7f561c7eac419e571a285c:远
2024-02-17 03:57:17 [WECHATBC_MAIN] : @0f97993718f3c333e1548c71bf57f207d3714e97afd1789ad5313a35d77f4eb0:FyG
2024-02-17 03:57:17 [WECHATBC_MAIN] : @7be1bfe31f61e1d8028f5c788db2ad61392b496e3f01eade8312179af423f1b7:.
2024-02-17 03:57:17 [WECHATBC_MAIN] : @998864b60ddba3fc3d8d82c88eb5db45965ea508b8c7d87f7a53e570b8d1b5e8:无所谓
2024-02-17 03:57:17 [WECHATBC_MAIN] : @05e13a798384e543497a4bf0b8cf6b4c078520f3c094913197c8752fbfe7a348:ㅤ
2024-02-17 03:57:17 [WECHATBC_MAIN] : @f120767e983e65440577a7eaebe11f8960b2098beb537babc4ca1e9c060193f3:0.2℃
2024-02-17 03:57:17 [WECHATBC_MAIN] : @ed83578b5b4d1f93d00f44ca2dfb5309e73886896331b57018e39bfd2e9f3484:杰
2024-02-17 03:57:17 [WECHATBC_MAIN] : @513f36f66d73db0e07bdc5eb7e500e9be6d97f047a11cdb0f7956b3dfc0e5acd:A 中联电讯   郑灿伟
2024-02-17 03:57:17 [WECHATBC_MAIN] : @877ccbfe164baab7096ed3da1239babbcbc6e03577c0fb7abd3192c7ba7c33cd:榴莲
2024-02-17 03:57:17 [WECHATBC_MAIN] : @c2bfbbf20a1b838ba5b85107d0e51ac9:老廖
2024-02-17 03:57:17 [WECHATBC_MAIN] : @ec546cf64e1a8574e5fe559bd0581cfbcb3d2c3a737d9b4c2985b1c03d6235c1:觅雪班导
2024-02-17 03:57:17 [WECHATBC_MAIN] : @f375392a84ab68e258e1984ecb56198699107b6b9fcee5985bed7d46e67fcbe0:SOYU
2024-02-17 03:57:17 [WECHATBC_MAIN] : @0e3ee6079cf4deb20ccc7059518bcf801a7a96bf1c5c27a913e4d6fe119e5d66:C.
2024-02-17 03:57:17 [WECHATBC_MAIN] : @6934df475f81f6ccacef7ffcea82bd15c2c2f90e25a90757982aed0b361b1476:Jammer
2024-02-17 03:57:17 [WECHATBC_MAIN] : @4348bca811bf579058e7bc527f690b70dfa1cef55482038785f978d0bea6896b:22
2024-02-17 03:57:17 [WECHATBC_MAIN] : @d37bebba92c734ec7cd1891d5a40108b3850c6a6e1e85926a389a8597ddf6943:鱼莱新鲜小超市
2024-02-17 03:57:17 [WECHATBC_MAIN] : @a45e63eb235e76f4721c939e56f8526a:agiso自动发货
2024-02-17 03:57:17 [WECHATBC_MAIN] : @1acff39dd9d5682ecc0f72140d64b822:韦一同说
2024-02-17 03:57:17 [WECHATBC_MAIN] : @feffe0648d35255cbb1c1fe284d72dfa4d3b97b4ead0ce8502e5337acac28792:碎星辰<span class="emoji emoji1f1e81f1f3"></span>
2024-02-17 03:57:17 [WECHATBC_MAIN] : @ee17981fcee0fce0bcb9ee373f5f817735534bbeaeea877bdc9035c8c26c064e:XOYUFI
2024-02-17 03:57:17 [WECHATBC_MAIN] : @1db5fef0d960a1048837ad01acd3a61e55a36d436fc2bb7bb7afa7c9003ffb1e:等一下七月
2024-02-17 03:57:17 [WECHATBC_MAIN] : @1a7cba939363f139c021ed1b3bc5c1c3d5b40512a4505772edff11528b8d0ae6:福🦆
2024-02-17 03:57:17 [WECHATBC_MAIN] : @3e6035341db1afcc87904f22efb8c0bfa4b5de3559b4e9f30abf16d4f44bb066:木讷
2024-02-17 03:57:17 [WECHATBC_MAIN] : @e38335502e18ec273d6649397c8d9376410429495a2ba4686abaa7b66b615558:拉勾为什么要上吊
2024-02-17 03:57:17 [WECHATBC_MAIN] : @a7ba4ce03f1a6c558fc85ae56cf20577454ebfe3e9d6e7ab8b4ff4a38f11839e:晚风
2024-02-17 03:57:17 [WECHATBC_MAIN] : @0c12cdbe585fa0971035c8887ae7ada9c3ed9f419fa4add191c72d44da8e8f80:1
2024-02-17 03:57:17 [WECHATBC_MAIN] : @1dcd2d81cc8b920494f34af82605caca768ad0768341c96cfd7308988b0a76a8:LIN_HH
2024-02-17 03:57:17 [WECHATBC_MAIN] : @d5856fe91e1b55c43b09673f1a42377f282b474d92c1e0bb3c40bbaa83369882:【千浔】Ms.傅
2024-02-17 03:57:17 [WECHATBC_MAIN] : @9dbdca34bac9861c6a7efb2f695788fc:泓记
2024-02-17 03:57:17 [WECHATBC_MAIN] : @0eba5e6a42a48734dc8e0187668c79d9a94125dd4edfc34cd994c304652b17eb:大海我的故乡
2024-02-17 03:57:17 [WECHATBC_MAIN] : @9f3b3cbf6557fe96b76bafc1dfd1f17923f4016098f0b6967ef7c5c4a32456ab:はたけカカシ²⁰¹⁸₀₉₁₅
2024-02-17 03:57:17 [WECHATBC_MAIN] : @6c18add14cdcf05c1eca8f98df13a0f87f8b19cf8bae06a7b0522c741c93d893:广州鑫顺  专做美系单项件
2024-02-17 03:57:17 [WECHATBC_MAIN] : @21c277284340164548ef834b3098fcfd2f3ffed48611a381555c2c057f1837fb:Yu鱼.
2024-02-17 03:57:17 [WECHATBC_MAIN] : weixin:微信团队
2024-02-17 03:57:17 [WECHATBC_MAIN] : @46f4e8bb527c9023ae6abcd89092554cfed9c4a54060d408d8f4dd017ff502db:培
2024-02-17 03:57:17 [WECHATBC_MAIN] : @33956586b50b72766e60a18a65f55fc7:魂之乐享
2024-02-17 03:57:17 [WECHATBC_MAIN] : @a0ea9d9fc4c5c841c50eaad389ee82a8:汕头人社
2024-02-17 03:57:17 [WECHATBC_MAIN] : @1526bc1f667e1de7dd5cb3c5676128c1:外卖券摸摸所
2024-02-17 03:57:17 [WECHATBC_MAIN] : @550ecca6b726c4c8d915d16c6302d6c2:微信支付
2024-02-17 03:57:17 [WECHATBC_MAIN] : @5b8999fea978801aec19e5e56e9f6273:平颉机械设备13223903675
2024-02-17 03:57:17 [WECHATBC_MAIN] : @7ff1d594014fa9d9a25e5447186d397ce2be0123d5224ce69115ae6ce95f952d:胖胖的孙某人
2024-02-17 03:57:17 [WECHATBC_MAIN] : @a7707f7a192939e404b38a34b96b39895d1df0ad0c869037755de67d41bc8d21:sam
2024-02-17 03:57:17 [WECHATBC_MAIN] : @@5be9646561b231117c071c8ab1a838873acf74aa1c7cc20b556f51217f5c6b55:z,zzzsh
2024-02-17 03:57:17 [WECHATBC_MAIN] : @feb68e8f319565ed5c09f291e257eb24:wsice_肆
2024-02-17 03:57:17 [WECHATBC_MAIN] : @0e168251280e9cb2a59012114c8ab3051dbd2371ee55a594aa204fc468b882e5:Jeff
2024-02-17 03:57:17 [WECHATBC_MAIN] : @d39aac8deee65fe0723fc47944cf2fc1:小呆加速器短租
2024-02-17 03:57:17 [WECHATBC_MAIN] : @c40bfac5b86de122e17bb391b618f466:互联网品牌官
2024-02-17 03:57:17 [WECHATBC_MAIN] : @55dfc8e06fc14e556983c7e6c37a0a3efae3d9bfc453ac5bc93c150ea524eee9:Cory
2024-02-17 03:57:17 [WECHATBC_MAIN] : @fbf893903f7294167f9245ad98de664a:该账号已冻结
2024-02-17 03:57:17 [WECHATBC_MAIN] : @221155c8b77d33a85483cd7cafa11a54:异次元APP软件
2024-02-17 03:57:17 [WECHATBC_MAIN] : @f5f916ca2dac92cef06481a22b1cf42268eed5afa39257e49478fecfa1a9ce5a:皮蛋
2024-02-17 03:57:17 [WECHATBC_MAIN] : @bc39472ff61b31bed1bf6513f6475e46b0ebc272377b8dd23bfcead30a648103:黑夜诗未
2024-02-17 03:57:17 [WECHATBC_MAIN] : @7bb9171aa134b7a692c2dd012602b03ab0f18fa7b27f031c15e9e413a00e6f16:莹^ω^
2024-02-17 03:57:17 [WECHATBC_MAIN] : @feef69fc52cda0ae1a63eb12b84ae9eca85c1066bfe8d5798d59b1a39e7d7134:<span class="emoji emoji1f361"></span><span class="emoji emoji1f361"></span>
2024-02-17 03:57:17 [WECHATBC_MAIN] : @75b5b961b22fcd96af40a633e3efacfddf312b0be094e08f206438393e9df4b0:！
2024-02-17 03:57:17 [WECHATBC_MAIN] : @11cc92115a3000f56a0c0b50a23d313d:拼多多
2024-02-17 03:57:17 [WECHATBC_MAIN] : @00c7624d52a0f63bfff00c64e1976570f8913280263fb62031b435b7c0488bea:你滴男妈妈
2024-02-17 03:57:17 [WECHATBC_MAIN] : @1d704ce865fafb71a096dcea7ecc8aab612ef79edd5198e4ad39a999f89edd73:小花
2024-02-17 03:57:17 [WECHATBC_MAIN] : @21f127948a3acd56eaa050118290b31616cdafccebda6f6bebed4c8a61201a38:Charih 🍤
2024-02-17 03:57:17 [WECHATBC_MAIN] : @287ea415bffacaeda3b54398b50162c0:平面设计狮
2024-02-17 03:57:17 [WECHATBC_MAIN] : @9086ef65af4ce7507deb82586ddba3e07531c7ac0308b2fafe0b9aaf594616c9:区冠贤
2024-02-17 03:57:17 [WECHATBC_MAIN] : @206f4a954bf5c6b85d8c8d2f82a525ed:小李万事屋
2024-02-17 03:57:17 [WECHATBC_MAIN] : @a6ffd84602998d431e7b3e204d0243026f9d6c337ba4a941cda99e0cd1fb24f4:zzzsh
2024-02-17 03:57:17 [WECHATBC_MAIN] : @eb0deb0dde62972444f351d709e4c875:三叔软件
2024-02-17 03:57:17 [WECHATBC_MAIN] : @bef60b32f16b5119b5e6bd22a332d2d03f47a8f69369ebebe66fd6638b587fe8:Nachanka
2024-02-17 03:57:17 [WECHATBC_MAIN] : @15b780914103d0880718726c728baa6f70c42579251770eae3f9f51d39aedfda:熊大
2024-02-17 03:57:17 [WECHATBC_MAIN] : @acc8bc4c0366916a73751a70fefdc29bd73b7e07442b591225f4e3c6dadccaca:D。
2024-02-17 03:57:17 [WECHATBC_MAIN] : @3d811774fdb8fc3426fb8d69a16a2285:电手
2024-02-17 03:57:17 [WECHATBC_MAIN] : @da8f301238ce92c91550f0f0c5d776f6825d6c7b0acded4687d191c777629c98:Arun丶
2024-02-17 03:57:17 [WECHATBC_MAIN] : @a22bb0348ac9c8f1813760752c4818f6:治愈读白
2024-02-17 03:57:17 [WECHATBC_MAIN] : @c9a3251b0eef732a34788c1e228d4efaf01c6cc0480bc3af313cd6d9ad51d693:太白
2024-02-17 03:57:17 [WECHATBC_MAIN] : @881a5d3f167610c84f337f45878f301a4a122bba2f1eeba530e794c889664bd8:ㅤ
2024-02-17 03:57:17 [WECHATBC_MAIN] : @d189f71b9f1d8c69608849e19948470aef5db8d9bf95792afcd0fffda8dd2e4b:Diss8c豆
2024-02-17 03:57:17 [WECHATBC_MAIN] : @aed15cd67a84c25c1c1648929e782d1c:中国移动10086
2024-02-17 03:57:17 [WECHATBC_MAIN] : @eca8a61c8e443072f8489bfe99dd79fedf65ad09658e85fb92f3967bc810e387:星光
2024-02-17 03:57:17 [WECHATBC_MAIN] : @0eacc38fd408500b62da69e58d20e42d9407d980bfe142a99ef7b5229eda7107:懒人
2024-02-17 03:57:17 [WECHATBC_MAIN] : @0979618d42f0e5450635b98998a0402b59f4010421506e5e0a66e0eb9f4766da:群管理
2024-02-17 03:57:17 [WECHATBC_MAIN] : @c4d3c189a9b885da4a4615490247e15b:浮秀
2024-02-17 03:57:17 [WECHATBC_MAIN] : @9cc3956a597891a15e8a3582ba07b6fca383528f0254e7b52852c9aff4b063c8:AOO࿐努尔 诚信经营 花呗金融
2024-02-17 03:57:17 [WECHATBC_MAIN] : @1afab1d2e1797a492181cba6e3bf7c1cb9a694074ccb665e4ff861b925735e9a:🥷
2024-02-17 03:57:17 [WECHATBC_MAIN] : @889171b8cfe44e5b9332e1e9440efdd4214e65a5aa0077eb64fa96436e755d9a:Ljh🤩
2024-02-17 03:57:17 [WECHATBC_MAIN] : @7e0d6ebb3e3438953be9131d7ecb311f:辰东
2024-02-17 03:57:17 [WECHATBC_MAIN] : @fa112bb1c6b4e1fdbef60942368127a3:泡泡加速器
2024-02-17 03:57:17 [WECHATBC_MAIN] : @de5edb4ceb8aaaca5e80956b1234d06f81ae9c7fef12787637eb9d106d80ac52:小郑
2024-02-17 03:57:17 [WECHATBC_MAIN] : @de6dabebb1609faa790fc55eb1b9e4a06183ef9b9abda10406d5b7f60a543ff9:a大白胖
2024-02-17 03:57:17 [WECHATBC_MAIN] : @ab6269046a95025e0cfe38b07286dfab726b509d34c0eb08ccfb1258579db5d5:北
2024-02-17 03:57:17 [WECHATBC_MAIN] : @4577262287438a250158899e39e778e0f89092e940b4fb6024e41f593e8ba43f:王德发
2024-02-17 03:57:17 [WECHATBC_MAIN] : @720b63cc30d504a9e3684d20fec45d376118e479861fd61e6d8cbd2ceee663dd:微笑的高圆圆
2024-02-17 03:57:17 [WECHATBC_MAIN] : @52a235a4665e42b0a3b20f0f8acd9b8b8d766d2611853c7e7ebb49778180443d:ღ火炎焱燚ꦼ
2024-02-17 03:57:17 [WECHATBC_MAIN] : @4bf5d4916660a3c7504229db57e88f1242d59fdbd56142db0c4d280fc59a39d2:朗月.
2024-02-17 03:57:17 [WECHATBC_MAIN] : @f251b83c1ca8d6de46752a6bd528bdcc9fb7c48e99f56d88e4452cf39b4acce2:陆景桓
2024-02-17 03:57:17 [WECHATBC_MAIN] : @1b25bac8c1614eebc80ff8c0c3c750da7cc5ca935a64ede8a6518ed1166bb5fd:瘾
2024-02-17 03:57:17 [WECHATBC_MAIN] : @992fbfd21b808784902cee55755af2e99db8342605db25d10034e99c4d1741ac:顾玖
2024-02-17 03:57:17 [WECHATBC_MAIN] : @2408a4f4ddd39e4b9d0e9f0798dfd7fb:黑料BOOM
2024-02-17 03:57:17 [WECHATBC_MAIN] : @f41f4e8244ba2ecfc5062897d5c0c4ef:GoLink加速器
2024-02-17 03:57:17 [WECHATBC_MAIN] : @d76938926b455d576b66eb35d8e74f5e1a8019da66b7bc355ea79b40c7108e12:芜湖
2024-02-17 03:57:17 [WECHATBC_MAIN] : @f57f9a7f93cf8cece7d6c554b40635bebea68371d989e18b8110477adf9bb96d:好运常在
2024-02-17 03:57:17 [WECHATBC_MAIN] : @1c73fd7aef90cf2420a1feb59e9ba956d40b93f6f6216a4f69397ae4be6218a9:安逸
2024-02-17 03:57:17 [WECHATBC_MAIN] : @f60dd7f929dba62fd663b993e3fb97f2971fa35ca429423bbc4da3e86cd8cb54:NOBODYLIKESME
2024-02-17 03:57:17 [WECHATBC_MAIN] : @b6b4a315a74bc044fa1f728cc3362c8f:奇妙加速器
2024-02-17 03:57:17 [WECHATBC_MAIN] : @8823266d878b898f1d1d4a761d3be5ee:网易UU加速器
2024-02-17 03:57:17 [WECHATBC_MAIN] : @95f739ea3b7d55c99d64f8ce3d399d7cf557c40cfb821ef5c61a40990ba06262:Sherry
2024-02-17 03:57:17 [WECHATBC_MAIN] : @60f175d4dc684934bab083128cb0756d:海豚网游加速器
2024-02-17 03:57:17 [WECHATBC_MAIN] : @17057f8164286010a9561312218e504f3b4a6e24073f8ae4c6ba6f4adc292376:香奈儿<span class="emoji emoji1f42d"></span>
2024-02-17 03:57:17 [WECHATBC_MAIN] : @5f356106512fa95e38f43b8e10a05ecb:CG游麟网
2024-02-17 03:57:17 [WECHATBC_MAIN] : @fcf0f5c0c9c6da17536b31c8e359b89de73347437041f484837276c0a4f8c873:湘橋春漲
2024-02-17 03:57:17 [WECHATBC_MAIN] : @5dd17bdc20fd6a0cdb4b8ecb64d0ce3941295c623637e33b05a7af3c892ab8fa:<span class="emoji emoji1f631"></span>ི<span class="emoji emoji1f60a"></span>ཽ周晓明
2024-02-17 03:57:17 [WECHATBC_MAIN] : @533cf3c6a3cc9fbc22b7a6c4031ab4a50039b1423cac448ea0dca591483afd2f:🧐
2024-02-17 03:57:17 [WECHATBC_MAIN] : @085229fcef501418808e2a9e2f5f806711538c253998d7414b68bb6bb5f8e386:譚咏麟
2024-02-17 03:57:17 [WECHATBC_MAIN] : @8f54001e3165647fc79fe0b8ef393e174731d3e0efa763f7d81fa0fe336da304:.
2024-02-17 03:57:17 [WECHATBC_MAIN] : @23e0f9edb6978aeaef0bae82e6ad36a747109eb26b09179efcad353425ee9db8:小鹅
2024-02-17 03:57:17 [WECHATBC_MAIN] : @3e5cb5bb812104e903ae559ad67a2c97b4269379e56bb29d0d7203afac217dae:.
2024-02-17 03:57:17 [WECHATBC_MAIN] : @57b49260b272bc6b434ab11f06cfd93ee877b6341520059dcc9a548a8c3161a6:Aloha
2024-02-17 03:57:17 [WECHATBC_MAIN] : @5315fc98c3f686de9972bcf283187107e3c58408cf53c8d895da87bcbe1516cc:祈
2024-02-17 03:57:17 [WECHATBC_MAIN] : @16456902e4425ad332ed21b67d763b307a3d235d05936e1d6ac0aa08d5efbe85:老细肠粉甜品小吃1号店
2024-02-17 03:57:17 [WECHATBC_MAIN] : @f632c58c39624c719b0695c3aa2675233cd7348abbe5ac43b2927f564f66e7dc:AIm.
2024-02-17 03:57:17 [WECHATBC_MAIN] : @3d2b422655cd072929685fec1fed26ab6cae860676883410a6292509d0e19bac:<span class="emoji emoji1f349"></span>
2024-02-17 03:57:17 [WECHATBC_MAIN] : @e7f964902f9310144c1f921dcdbda079:php中文网教程
2024-02-17 03:57:17 [WECHATBC_MAIN] : @6ddaeaf8da76ab3b945285e4f96cd2ba9fab02bd1aeb29451a57eaf4024dbba7:K.
2024-02-17 03:57:17 [WECHATBC_MAIN] : @0fced2354c2abdbbef98b084eb720a37f5556f01e852264e4eeb2ffb30590667:光星网咖 (营业中）
2024-02-17 03:57:17 [WECHATBC_MAIN] : @0d65bfd0a07fb9146d3a6eb78148d80a:后浪俱乐部
2024-02-17 03:57:17 [WECHATBC_MAIN] : @2cadc8e96925ebc099eae91b8676ce938e069232d51c6c6ccb977d402ca3035a:平平歌(ᇂ ㉨ ᇂ)
2024-02-17 03:57:17 [WECHATBC_MAIN] : @c218dcb11d25945558cdc75d240832a580d9cd4d20b1d750a103d219ec2fed75:xzt
2024-02-17 03:57:17 [WECHATBC_MAIN] : @6532181e69431e766cfc55c0f4306e4d:鲁班大叔
2024-02-17 03:57:17 [WECHATBC_MAIN] : @aa71ac17aa221abe88b3d74c234b1f2cff2c9c57e4fea1ac64130fd606c86979:振袖秋风问红叶
2024-02-17 03:57:17 [WECHATBC_MAIN] : @bcd2177662b63c9bd5af017876e15f8b10c3ba773f454d44bf3fc81d509375ca:两英微帮信息推广网1
2024-02-17 03:57:17 [WECHATBC_MAIN] : @b25a5ad89224ff8f81e3f2ae4cc773c03feb5c9a2875c307b86dcaf17f7cd095:wuli
2024-02-17 03:57:17 [WECHATBC_MAIN] : @97e94100e08a2b375429e19b248507e0f3b6e1ae101799133af88d95d7931924:利
2024-02-17 03:57:17 [WECHATBC_MAIN] : @9d4799e8b1e05eb71ff652aac0cfd250ac43e6249ff684ebf3e65eca48ddfd9b:Z.🧸
2024-02-17 03:57:17 [WECHATBC_MAIN] : @36a1a6161d4a3aa87d48837e7631610d54537cb13e5d100d236ae82795cd0405:橘ne
2024-02-17 03:57:17 [WECHATBC_MAIN] : @ca202669b494a586f3f251d4e124131500e4b4708b7f0ff1c92d0bf16b82e1f0:木川金
2024-02-17 03:57:17 [WECHATBC_MAIN] : @8c03e6618b657383b2d6e8580938bd22:转转
2024-02-17 03:57:17 [WECHATBC_MAIN] : @ca3681306db40e62694497486d05ac7a:特摄驿站
2024-02-17 03:57:17 [WECHATBC_MAIN] : @2975f61050d8dc12b7734d8cdf85b78fdcb366d5a21e5699b0d4da07557c73a9:A春3悠慧多多<span class="emoji emoji1f389"></span>
2024-02-17 03:57:17 [WECHATBC_MAIN] : @9298a3140268a4b0a97c94e0cd9bca8a9f34f49e8819d74ac3a3d43146d80678:-
2024-02-17 03:57:17 [WECHATBC_MAIN] : @6b8d2d45e778b4e60873917c0077b498d4f020c8b9bd5c81c1bdd47e9d5d7a6c:aJin
2024-02-17 03:57:17 [WECHATBC_MAIN] : @46e3cbdf53a2c18701351fcc2278c535ea60e7d3df00c06c830e89493270ffe9:啦啦啦啦
2024-02-17 03:57:17 [WECHATBC_MAIN] : @b2ec534bee4b960c521e6c7c27c982dc:Su2
2024-02-17 03:57:17 [WECHATBC_MAIN] : @df0d478b89c629ef0c43631800f9fd2ba1ca85d54c4d3f0912945343c02be818:-
2024-02-17 03:57:17 [WECHATBC_MAIN] : @602cd9e99462a16a9897605ff7a29e54c2394d66a9010a02fee390da9bd99545:鱼七七
2024-02-17 03:57:17 [WECHATBC_MAIN] : @b11d44066ab74af0c809312d8c1ee1299cce756a9443365b115fc07fc297ff5c:三三
2024-02-17 03:57:17 [WECHATBC_MAIN] : @84d0c06160a359625401ffeab83849d2:别算科技
2024-02-17 03:57:17 [WECHATBC_MAIN] : @46c699c04d9c2a94fd72a5368c4f30eaad167ff992e652085489f13d323995a2:<span class="emoji emoji1f525"></span>Sparks
2024-02-17 03:57:17 [WECHATBC_MAIN] : @8eebb3851fc49e05043aa050ca9702b0456050d2746fc9d82d4c8127ba3be3e4:  
2024-02-17 03:57:17 [WECHATBC_MAIN] : @e000d4c6f6329beaaa80e67b35cf5ffe:超人
2024-02-17 03:57:17 [WECHATBC_MAIN] : @c2ccc5c2ebd8e2068bf89a51edddd4b3f4c1dbd29b9cade5ab7ccc37de0dfa65:　　　　　　　　
2024-02-17 03:57:17 [WECHATBC_MAIN] : @f610720e54294d74cb9ffc19474512067f551155f60b3720dba87ab071e0c769:G
2024-02-17 03:57:17 [WECHATBC_MAIN] : @32469b9d70a610d8c66743b5bb1858b241bdde3bfc76f8fa80f5c8de52b1a97d:春雪
2024-02-17 03:57:17 [WECHATBC_MAIN] : @ff1cf515eb3d003bd91e0e89ff8cd4321887049235da07af94a1be60b65f4334:Oneone
2024-02-17 03:57:17 [WECHATBC_MAIN] : @37583e3c883a4dc268bbb885611f949c793705e89a0bfb289f607aada13030e3:A-河北祝江机床韩冬晓
2024-02-17 03:57:17 [WECHATBC_MAIN] : @2ab640370a1acab9fe8d83a25bf2741b:志愿者
2024-02-17 03:57:17 [WECHATBC_MAIN] : @9464af4b6083ac27c947eb9518b0d6a491b67d54ceff2cf6b5ee1cf4c2a75aa5:董不懂
2024-02-17 03:57:17 [WECHATBC_MAIN] : @64c7a2c2992fc459e36fb6609160506b3ac2e16f1d98a4fb8374f00a4c49467f:曦热
2024-02-17 03:57:17 [WECHATBC_MAIN] : @0eabe05d8419f642e08255cbe7690827d07e77984385fd4e8fe355895707e978:羊妹妹. 💭
2024-02-17 03:57:17 [WECHATBC_MAIN] : @d696b3e0624ed8aaab7312a10f51ce4a:源码阅读网
2024-02-17 03:57:17 [WECHATBC_MAIN] : @84b46a2e96a3f6770daa9dcae140cbf047855546ed11ef6b52c3b37ec4cdce0c:泽玲
2024-02-17 03:57:17 [WECHATBC_MAIN] : @101f1811dbeef8212ddf5646a9f30f28d517294785c0289641fc0f7788ef0941:若瞳君子
2024-02-17 03:57:17 [WECHATBC_MAIN] : @85d3e2a92bcd8f5be99f013dda49d9be903097ff742fc46006e2bed2e894e0c0:<span class="emoji emoji1f525"></span>
2024-02-17 03:57:17 [WECHATBC_MAIN] : @f0f431126880a7ea708bdcf3a668ffd8:i志愿
2024-02-17 03:57:17 [WECHATBC_MAIN] : @ee264fd8198691a9b84426d362885caf:广东中职菌
2024-02-17 03:57:17 [WECHATBC_MAIN] : @d4befde7410dea039a78d89e3e3913f0b251eb1e7853317fc4491f963da94e80:彭老师
2024-02-17 03:57:17 [WECHATBC_MAIN] : @85f592ef15de7347a75ad7a38a36026fd094be007d36078929131c95fc914e65:笙歌十里
2024-02-17 03:57:17 [WECHATBC_MAIN] : @338cf02737683d9fb02bbdbb5e1ada6b:情侣CP
2024-02-17 03:57:17 [WECHATBC_MAIN] : @e55daf87d6b969d89b538cf807617e5b:热门精彩阅读
2024-02-17 03:57:17 [WECHATBC_MAIN] : @f3a2effe86dd4f852ff65970bc133fa8ced14b2f4f890a7f5328403682bb895a:二友照相馆（总店）
2024-02-17 03:57:17 [WECHATBC_MAIN] : @7036d3f711dfec0cd25c64a12ab9ffff:小木生活观
2024-02-17 03:57:17 [WECHATBC_MAIN] : @85e245400ae3bb0da6671225cb6f537f:易博通eSender
2024-02-17 03:57:17 [WECHATBC_MAIN] : @bb8cfcab273025f8e9e0a02dbf54d13508a93ca3c1385ecd360f781da0f61ab7:Z.
2024-02-17 03:57:17 [WECHATBC_MAIN] : @c7c0057931c31933303b6d9a2b91d0d5:天蚕土豆
2024-02-17 03:57:17 [WECHATBC_MAIN] : @a739902438b66f27a9153fda009e950f:宅猪
2024-02-17 03:57:17 [WECHATBC_MAIN] : @db2f8033d9133f8861b00419f30c98bbafd7d4cf56b4953ed3daaf0ee8de40d9:怎么取一个正常点的名字
2024-02-17 03:57:17 [WECHATBC_MAIN] : @5474e619f46bbae77da45c4879d2a96dd8afd8ed1f65962f614636578fa4835b:玉宇
2024-02-17 03:57:17 [WECHATBC_MAIN] : @4493c64e2e8c03eacd1a613fcc4e40fd005405ebf75093256b67a916f61d7da4:今天想我了嘛.
2024-02-17 03:57:17 [WECHATBC_MAIN] : @b770e4a8f34096ccfa8af5f9692fe75c3b48f2c07c92635bab877dcb0dc9eb33:ᥫᩣ.
2024-02-17 03:57:17 [WECHATBC_MAIN] : @7c74bcba73ed8e7b67626eb2359f3c43:沐沐热喵
2024-02-17 03:57:17 [WECHATBC_MAIN] : @3163fe63b50d93de6140a4e91c98d374c2d1d311fdbdfbcf8835ba13d098a506:欣妍
2024-02-17 03:57:17 [WECHATBC_MAIN] : @541554f250fb3caeaa99bbce73529fcd:怪谈胖胖女
2024-02-17 03:57:17 [WECHATBC_MAIN] : @f548ca4f6ae6603b79eceb5d71d66d0efcb442fd53b5d2cccc4b27ee75d9cd06:p
2024-02-17 03:57:17 [WECHATBC_MAIN] : @9a5a39f4773d5dc876cf74e6dcc6e6cf:琪琪
2024-02-17 03:57:17 [WECHATBC_MAIN] : @038c40a18a2c7c0aeb6b2b843b07c463f32e1d299e59bab6ca5792714809a20d:白云飞（只二维码收米）
2024-02-17 03:57:17 [WECHATBC_MAIN] : @b8cd942ddbae4d4234e555dcaa83302be027ef9a8d1e9bf0c9b83bc7a9e817b7:qi
2024-02-17 03:57:17 [WECHATBC_MAIN] : @5d614ac33863d8bca81e3ee294721f1cf234f3472f207f4ea0040df64baf070d:岁月无声
2024-02-17 03:57:17 [WECHATBC_MAIN] : @f556513fc5c0ef9ad86daeae20159f3ecf6f82512920ce3e85ecae1033e0768a:ㅤ
2024-02-17 03:57:17 [WECHATBC_MAIN] : @fa35167e731b9a4c391bcb560a7896dcd6192bf57e355d8dc0043a318cd0f1b7:+🥚
2024-02-17 03:57:17 [WECHATBC_MAIN] : @839f35e9a4ebafe10e3b35a01ed24d1dd57682c162ec3e7c1a1be63edbc609ca:白胡子
2024-02-17 03:57:17 [WECHATBC_MAIN] : @12f507bb37db35f51496a2f7c54011c3:潮职校园通
2024-02-17 03:57:17 [WECHATBC_MAIN] : @e6e23af2a179f3c5243b87af58ed9dff:加一电影
2024-02-17 03:57:17 [WECHATBC_MAIN] : @0715c3b0fe965cb3c6884b3ebb5b45f58c288197cbf406bfb8e7170c40387b75:汕頭15815040195
2024-02-17 03:57:17 [WECHATBC_MAIN] : @655169e82a49f5147797621502dbdcfc99a858f8fb15b80bffee1b59314526b3:宝藏
2024-02-17 03:57:17 [WECHATBC_MAIN] : @fff2c67cb47964e837a177a074c7cab14dab490d3acc1eb94f9aae481f97a4a8:ᯤ⁶ᴳ
2024-02-17 03:57:17 [WECHATBC_MAIN] : @b89a13595777fc86c7652cdd8e124868455bb08b48735c74bb5a987dbfc9f592:失忆
2024-02-17 03:57:17 [WECHATBC_MAIN] : @f0ccbe5c6be13be0477c6449e38ad09592cb8af838c543c9f8f7c82c3213ace8:杰
2024-02-17 03:57:17 [WECHATBC_MAIN] : @fbeb56b8f60cbf5b5d719bcbbd05e8a9418d48e7cb315f05d4440a57533fa391:/
2024-02-17 03:57:17 [WECHATBC_MAIN] : @e96a70ad62d6ad957952ee3891c675c124df9565c458712caf6e25b37e89d254:美宜佳
2024-02-17 03:57:17 [WECHATBC_MAIN] : @d8c942adc4213c052fce0e696a4080183936dde36508719c25fc3fcfcf943256:O.o
2024-02-17 03:57:17 [WECHATBC_MAIN] : @936e9910f337df749be1438e8cea59b3:特摄资源共享
2024-02-17 03:57:17 [WECHATBC_MAIN] : @8f3d13f24d5e437a19fdc4ee40bb5e32a7ef6824d04f91727e5f95c2e221fe02:<span class="emoji emoji1f6b9"></span>
2024-02-17 03:57:17 [WECHATBC_MAIN] : @f08ec23e065bc69a1c285a7ff59b6ef49c0589feea518651546500f94c50cd1b:威廉
2024-02-17 03:57:17 [WECHATBC_MAIN] : @f1329e88a6ebda56b74399fb0ffec8e5b0ef65027215cd7aecca4df2c55be9ec:意粥.edu
2024-02-17 03:57:17 [WECHATBC_MAIN] : @100c1c210f6e741bc2e7846d4666615f:便利店艺术家
2024-02-17 03:57:17 [WECHATBC_MAIN] : @5bba1e892bcf253bb77f6b712fee84815fa9ca3febc511f13af6ed3e4efb5740:Mog.
2024-02-17 03:57:17 [WECHATBC_MAIN] : @430b405d970aa58b5d8912d791619814da397c5a336dbe3b2caa32735abb3088:Rebirth
2024-02-17 03:57:17 [WECHATBC_MAIN] : @@63573ee7ee5db0ddbb03e8989149359487012aa8b874b3dce4879a956d4ac393:森鶴教堂<span class="emoji emoji26ea"></span>
2024-02-17 03:57:17 [WECHATBC_MAIN] : @55abe097302034fc5ddbfb0825b3fd434c36d88f219fedc5919a11690f76e34e:Peter烁
2024-02-17 03:57:17 [WECHATBC_MAIN] : @3da41a633bbc7b99d42b82f16878cef1:腾讯成长守护
2024-02-17 03:57:17 [WECHATBC_MAIN] : @e676dfd8725067004383c32db8e2e74fd92edd5881703f716a4ca72905c1a496:兄弟酥面店13322746671
2024-02-17 03:57:17 [WECHATBC_MAIN] : @bb9087fc1ba054545bcf2811faffa7e37a5355ed57b7008322c84ef08fd45ef6:buo
2024-02-17 03:57:17 [WECHATBC_MAIN] : @270d24a211ab7f0411e473a7c22010639091c6510144072c2da2402fde65249f:月<span class="emoji emoji1f377"></span>
2024-02-17 03:57:17 [WECHATBC_MAIN] : @a2dbeff63188704acf7f145165b7adb9:WPS办公助手
2024-02-17 03:57:17 [WECHATBC_MAIN] : @4d0e28895a8b498fc3e00eb174dd3819:余熙小灶
2024-02-17 03:57:17 [WECHATBC_MAIN] : @36f6326de8d46f12cee63bc389a18189d206ba22a0729db69cfb62f8d91823d8:Leon
2024-02-17 03:57:17 [WECHATBC_MAIN] : @f59ff3fb53966a2f05127ffdf2aceb17:中职生
2024-02-17 03:57:17 [WECHATBC_MAIN] : @9e6fe790510e69f96eb068f204e03724:吃货特权卡
2024-02-17 03:57:17 [WECHATBC_MAIN] : @5cafe373ef1a974b6b8c2ca06ac4df03731513fa48ae4db28b7b2de46cf96978:汉英
2024-02-17 03:57:17 [WECHATBC_MAIN] : @e13af0a3c2fee7a8315fdfb845c95506cf62aa176b1583334f813d4050a1374c:AT
2024-02-17 03:57:17 [WECHATBC_MAIN] : @51e34de699f06027c17e6420610e8111caae7a7aa11896f5285ac067248049fb:汉宫
2024-02-17 03:57:17 [WECHATBC_MAIN] : @853659ff747dc87844343f612cf76cdcd8d7e9991428cc5938df4bc553807146:早川秋
2024-02-17 03:57:17 [WECHATBC_MAIN] : @9fefb74756cb3c7804f7a072057e22fd:抠鼻子Kobez
2024-02-17 03:57:17 [WECHATBC_MAIN] : @af969c073ce5db06b6cf42be5fe1c7b183007f8a547fcc3f97db3134fbb03f85:Nefia
2024-02-17 03:57:17 [WECHATBC_MAIN] : @73846deaba8524d9a4c03607c7da4e85d57c5e6d01d27a0e87100a13efde9714:广东青年
2024-02-17 03:57:17 [WECHATBC_MAIN] : @3d14e6941fd701067201e636331ecd734bbf4166dfbb013da19f5ce1d6e0120b:（～_～）
2024-02-17 03:57:17 [WECHATBC_MAIN] : @782368e25f41c8b4fed63c8dc0fa991786cf08b2ed75e89c3e07727da0981529:FLIPPED
2024-02-17 03:57:17 [WECHATBC_MAIN] : @b9cc4583371405400486005cd4c74c76:Joker.
2024-02-17 03:57:17 [WECHATBC_MAIN] : @0febe0d23d28fe858372e83d66887be34ba6301235d13ae520c1df164402c33e:hor1z0n
2024-02-17 03:57:17 [WECHATBC_MAIN] : @e1acbce67287ba26dc9f860cb4779f75:小智LOGO
2024-02-17 03:57:17 [WECHATBC_MAIN] : @@e50fe59433998fdad91626b39efd4b42631be3be08e8634ff339ce58f2738a10:振森鸟的秘密
2024-02-17 03:57:17 [WECHATBC_MAIN] : @431241d271d32646418a491566b55d5a35e8eea55f9d666d06a077beb184db66:老爷保佑
2024-02-17 03:57:17 [WECHATBC_MAIN] : @ea34a77807f07f431970d31c309a5617:京东白条
2024-02-17 03:57:17 [WECHATBC_MAIN] : @8146ae140ecac96d7b0675b554c4804a1e7281f7fc8d5fa70579e64d13e4cead:.ayu
2024-02-17 03:57:17 [WECHATBC_MAIN] : @d38d55195b8f9b1ed7fe7cd0afa057ac647cc683eb9ddb901effb50bb0234ef5:Yuuki
2024-02-17 03:57:17 [WECHATBC_MAIN] : @77761f265ee079d552be51d2c07b441d82f970b71d66fdfb4170fe72fa32312b:独人13
2024-02-17 03:57:17 [WECHATBC_MAIN] : @76b46db0b9e042a926e54f8daf50da0c:小星星资料库
2024-02-17 03:57:17 [WECHATBC_MAIN] : @857d874b0aae987b6cd2b17807312f5a672d7f6e37a200b80755da5d33973bd2:Huan
2024-02-17 03:57:17 [WECHATBC_MAIN] : @990858d09b48637b28a7a368283dbf5f59aaa5ae805b9e09192669c6981b0a88:滥情g.
2024-02-17 03:57:17 [WECHATBC_MAIN] : @29e88c5da5623cdf631cfac47de1aa5e18dc885b425eabbb08c0a153db643965:以至于
2024-02-17 03:57:17 [WECHATBC_MAIN] : @f621e792154b8f404f979ed13550767bc7c6ce0b88a97d2ccced6a5244d68e4a:听岛屿.
2024-02-17 03:57:17 [WECHATBC_MAIN] : @e66a40afe4a90f4d7f3172ad34a02a9f37ceaaa04f99f0f641ae9524d38f0907:莹^O^
2024-02-17 03:57:17 [WECHATBC_MAIN] : @04ce3c0327ce971db60354af2d16a355:腾洲车行
2024-02-17 03:57:17 [WECHATBC_MAIN] : @0bd14bbf59a0ad824ddff2ce6c71ec76b4022faa6dc63e76643c9b613cac68cc:2z
2024-02-17 03:57:17 [WECHATBC_MAIN] : @002dae2ff7df6dc9627bf97f586d156b1e14ba5d9c8f545310cf2b43631600a0:小宝
2024-02-17 03:57:17 [WECHATBC_MAIN] : @724a84c490c6bf88830f66fbb22fc7564a2b355c29de6779f249b92f0d08dc6d:楠浅ꫛꫀꪝ
2024-02-17 03:57:17 [plugin-loader] : 载入了 1 个插件
2024-02-17 03:57:17 [WECHATBC_MAIN] : 启动控制台...
2024-02-17 03:57:18 [WECHATBC_MAIN] : Message(msgId=6195479367411463004, fromUserName=@883cda5deb9d6263387e0bbd4f171ca869f2e239062685b3ec169cb854ac9f59, toUserName=@883cda5deb9d6263387e0bbd4f171ca869f2e239062685b3ec169cb854ac9f59, msgType=TextMsg, content=, status=3, imgStatus=1, createTime=1708113437, voiceLength=0, playLength=0, fileName=, fileSize=, mediaId=, url=, appMsgType=0, statusNotifyCode=11, statusNotifyUserName=, recommendInfo=RecommendInfo(userName=, nickName=, qqNum=0, province=, city=, content=, signature=, alias=, scene=0, verifyFlag=0, attrStatus=0, sex=0, ticket=, opCode=0), forwardFlag=0, appInfo=AppInfo(appId=, type=0), hasProductId=0, ticket=, imgHeight=0, imgWidth=0, subMsgType=0, newMsgId=6195479367411463004, oriContent=, encryFileName=)
2024-02-17 03:57:18 [SYNC-CHECK] : [msg type] TextMsg
2024-02-17 03:57:18 [SYNC-CHECK] : z>z : 
2024-02-17 03:57:25 [WECHATBC_MAIN] : Message(msgId=4922746204675168498, fromUserName=@@63573ee7ee5db0ddbb03e8989149359487012aa8b874b3dce4879a956d4ac393, toUserName=@883cda5deb9d6263387e0bbd4f171ca869f2e239062685b3ec169cb854ac9f59, msgType=TextMsg, content=来点烧鸡, status=3, imgStatus=1, createTime=1708113444, voiceLength=0, playLength=0, fileName=, fileSize=, mediaId=, url=, appMsgType=0, statusNotifyCode=0, statusNotifyUserName=, recommendInfo=RecommendInfo(userName=, nickName=, qqNum=0, province=, city=, content=, signature=, alias=, scene=0, verifyFlag=0, attrStatus=0, sex=0, ticket=, opCode=0), forwardFlag=0, appInfo=AppInfo(appId=, type=0), hasProductId=0, ticket=, imgHeight=0, imgWidth=0, subMsgType=0, newMsgId=4922746204675168498, oriContent=, encryFileName=)
2024-02-17 03:57:25 [SYNC-CHECK] : [msg type] TextMsg
2024-02-17 03:57:25 [SYNC-CHECK] : 森鶴教堂<span class="emoji emoji26ea"></span>>z : 来点烧鸡
2024-02-17 03:57:28 [SYNC-CHECK] : 在尝试异步获取消息时遇到了一个错误
