2024-02-16 07:44:16 [WECHATBC_MAIN] : 等待扫码中...
2024-02-16 07:44:19 [WECHATBC_MAIN] : 已扫描二维码，请确认登陆
2024-02-16 07:44:29 [WECHATBC_MAIN] : 已确认登陆
2024-02-16 07:44:30 [WECHATBC_MAIN] : 已取得登录信息:
2024-02-16 07:44:30 [WECHATBC_MAIN] : BaseRequest(uin=281175185, sid=15H9UnRD/beSGyEj, skey=@crypt_c1a555a6_57619c7f26a49ab6fe701c4b0870d56b, deviceId=e474718663632782, dataTicket=gSdUlU72ph0qfFAoxQ5GYdcw, passTicket=ayKRDtnpFk58dya%2FwrByrYVZdvcgPJBrPOlZcIEMR%2BNfHsOMuwKS3FCJNug2ihxOu1adU5RmGh4tOb5OeDlIxg%3D%3D, authTicket=CIsBEJTN3sEPGoABV4aQkP6ir22Xwdju58zz99w9xx1lbpKOD1Eoo/dbogXXQScq2EGO3tXhh0bL0IlWFZGGaeve9wyJ0c4H7Q0DvvqrJQZT3GemJQ8bz9A04BNb4/JpiHss3EyK5RHChiexfdbRIQR45vuGEAczo4x0n6IFOdT4EwiPkmJ/wX0/OWE=, initCookie=[wxuin=281175185; expires=Fri, 16 Feb 2024 11:44:29 GMT; domain=wx2.qq.com; path=/; secure, wxsid=15H9UnRD/beSGyEj; expires=Fri, 16 Feb 2024 11:44:29 GMT; domain=wx2.qq.com; path=/; secure, wxloadtime=1708040669; expires=Fri, 16 Feb 2024 11:44:29 GMT; domain=wx2.qq.com; path=/; secure, mm_lang=zh_CN; expires=Fri, 16 Feb 2024 11:44:29 GMT; domain=wx2.qq.com; path=/; secure, wxuin=281175185; expires=Fri, 16 Feb 2024 11:44:29 GMT; domain=qq.com; path=/; secure, webwx_data_ticket=gSdUlU72ph0qfFAoxQ5GYdcw; expires=Fri, 16 Feb 2024 11:44:29 GMT; domain=qq.com; path=/; secure, webwxuvid=b0c1512a3960be8895dbe4551510255d8ea615544479d43585002a262fd4e9fc39fd181aec29e2d96c2774d3c0116d95; expires=Sun, 12 Feb 2034 23:44:29 GMT; domain=wx2.qq.com; path=/; secure, webwx_auth_ticket=CIsBEJTN3sEPGoABV4aQkP6ir22Xwdju58zz99w9xx1lbpKOD1Eoo/dbogXXQScq2EGO3tXhh0bL0IlWFZGGaeve9wyJ0c4H7Q0DvvqrJQZT3GemJQ8bz9A04BNb4/JpiHss3EyK5RHChiexfdbRIQR45vuGEAczo4x0n6IFOdT4EwiPkmJ/wX0/OWE=; expires=Sun, 12 Feb 2034 23:44:29 GMT; domain=wx2.qq.com; path=/; secure])
2024-02-16 07:44:31 [WECHATBC_MAIN] : 已初始化微信信息:
2024-02-16 07:44:31 [WECHATBC_MAIN] : 用户信息:
2024-02-16 07:44:31 [WECHATBC_MAIN] : Contact(weChatClient=null, uin=281175185, userName=@63b89794e7a8bdf13e51ae5181af6975e8b2c4aba0709def89b7a9eab2588af6, nickName=z, headImgUrl=/cgi-bin/mmwebwx-bin/webwxgeticon?seq=1493105960&username=@63b89794e7a8bdf13e51ae5181af6975e8b2c4aba0709def89b7a9eab2588af6&skey=@crypt_c1a555a6_57619c7f26a49ab6fe701c4b0870d56b, contactFlag=0, memberCount=0, memberList=null, remarkName=, hideInputBarFlag=0, sex=1, signature=已换微信 meteor1913103, verifyFlag=0, ownerUin=0, pyInitial=, pyQuanPin=, remarkPYInitial=, remarkPYQuanPin=, starFriend=0, appAccountFlag=0, statues=0, attrStatus=0, province=null, city=null, alias=null, snsFlag=257, uniFriend=0, displayName=null, chatRoomId=0, keyWord=null, encryChatRoomId=null, isOwner=0)
2024-02-16 07:44:33 [WECHATBC_MAIN] : 联系人列表数量: 315
2024-02-16 07:44:33 [WECHATBC_MAIN] : @cf7471154590433625425db5b32218d0:外卖券摸摸所
2024-02-16 07:44:33 [WECHATBC_MAIN] : @84e3d9042c0b40486d35c00633b2df17779279329d84c50b74208e93dcbae1e1:顾玖
2024-02-16 07:44:33 [WECHATBC_MAIN] : @563ade6d7e61a1c15c953600d54c0a6afff956d2903b63c7e5167064ede52898:xh
2024-02-16 07:44:33 [WECHATBC_MAIN] : @66adfa6e5efb0aff07c5669536708b75a96f457d124b693d4783d987213ce9fb:湘橋春漲
2024-02-16 07:44:33 [WECHATBC_MAIN] : @792bc31a2f38353031f5bd1018770d7d9b16d805bcb57d846b903e1b471d217a:.
2024-02-16 07:44:33 [WECHATBC_MAIN] : @0b83b5a01d2c7593411076c3e057c66c:电手
2024-02-16 07:44:33 [WECHATBC_MAIN] : @88a423f37847f07e57757f0d76f600da7ecb2ed7a3c367d68bf63cbabbf409d7:汉英
2024-02-16 07:44:33 [WECHATBC_MAIN] : @83e6cdb9adddde2750a5a3f5c713e4040ec6094700a27929c915efc42b28df2e:-
2024-02-16 07:44:33 [WECHATBC_MAIN] : @ad6ee68764f961e49d0697e30ce1fff2cbfbd47d6536267e233225a17b0836f8:鱼莱新鲜小超市
2024-02-16 07:44:33 [WECHATBC_MAIN] : @70cb00d99cacdd160f57096697ded1cfce2762fe2ce2d0332ccb7784d9e19aac:王德发
2024-02-16 07:44:33 [WECHATBC_MAIN] : @23e206e6082d6881ade51b522a74f9da182878c043df6944d62d73adecd3d3e2:hor1z0n
2024-02-16 07:44:33 [WECHATBC_MAIN] : @4b17104fc619ed97210d7019871c71ec6208042c63c9f10a4893b58277049c69:譚咏麟
2024-02-16 07:44:33 [WECHATBC_MAIN] : @632c795ea9f210cab8c0d8f918f51fcb7ba2cf62b812d0807a31bc0bc936dc44:黑夜诗未
2024-02-16 07:44:33 [WECHATBC_MAIN] : @54b474038b7af88e71d9dd34a272e476:NS大玩家
2024-02-16 07:44:33 [WECHATBC_MAIN] : @3577a8e2a081dde58e801f2e3a7dfb13facd03cfecd04d4e32892f6f27be16e6:利
2024-02-16 07:44:33 [WECHATBC_MAIN] : @ac781acba2a7df8ac94970011812ef8f:魂之乐享
2024-02-16 07:44:33 [WECHATBC_MAIN] : @cf32ba42797fdd5803c478cdc9dba819118e108cefde675484fd6181604a15cc:ღ火炎焱燚ꦼ
2024-02-16 07:44:33 [WECHATBC_MAIN] : @78125f189c73bff36c1e3201dae1d291:特摄驿站
2024-02-16 07:44:33 [WECHATBC_MAIN] : @67160b6e0d0d2c7f7e7622659f3cad0b8e6cd79f83340d013b8d77aa22a7ace1:拉勾为什么要上吊
2024-02-16 07:44:33 [WECHATBC_MAIN] : @6559fddcdb96e8827a4a73edc7f4cf71f11de7f044bf55591b273336831a7f6f:安逸
2024-02-16 07:44:33 [WECHATBC_MAIN] : @afbc1d9a44422ad4e546882bd9bc45db3894bc47f3406b5d0e07a99053169f31:以至于
2024-02-16 07:44:33 [WECHATBC_MAIN] : @95260df595c46d36059bec82c7bb214cfdc1d95e649da2c42a18b5c85dafbf5a:娇的名
2024-02-16 07:44:33 [WECHATBC_MAIN] : @470b023dc7412e34bdcac8bd60e441e589464d74ea4cb11833170955e356984c:Ljh🤩
2024-02-16 07:44:33 [WECHATBC_MAIN] : @e631b256b5ae28da1c1a481d2df90862541d0981c6effd0a6d17d85a5cfed13c:Cory
2024-02-16 07:44:33 [WECHATBC_MAIN] : @c0f8531d9ff24f0c64218a31c94145635d3f3edcb060e734a822d3f1f5776563:好运常在
2024-02-16 07:44:33 [WECHATBC_MAIN] : @5d99d83ac50f56d92624866a94ec1baa7d91478eb6132ab36223bc082290415d:sun
2024-02-16 07:44:33 [WECHATBC_MAIN] : @697eef974105b4ade7576e9f9a748fe58eff1558cc6da79e943b62fac73cd6f2:两英微帮信息推广网1
2024-02-16 07:44:33 [WECHATBC_MAIN] : @d6734675dee2afd42deb2256b3e0563ec64c4e3e2d54270894ab6a1a7cb3c16d:AOO࿐努尔 诚信经营 花呗金融
2024-02-16 07:44:33 [WECHATBC_MAIN] : @e865841f28a54c502a575229b829a502395228ec8af11205ebcdc016f252c6bc:二友照相馆（总店）
2024-02-16 07:44:33 [WECHATBC_MAIN] : @98ff599f020c68e18c8cd0e11ea767fa:小木生活观
2024-02-16 07:44:33 [WECHATBC_MAIN] : @a4fca03840e86acffccb7b997a796b7c66a85523367cd43752825d1893b73e12:Sleeeeping
2024-02-16 07:44:33 [WECHATBC_MAIN] : @920c81acd2d151102997276adb91967b:老廖
2024-02-16 07:44:33 [WECHATBC_MAIN] : @6d8055e1c1c4642ddc1eb5a8eca1c391:i志愿
2024-02-16 07:44:33 [WECHATBC_MAIN] : @dc4bb628e509ffae6f5fe22e4fef5ab1:该账号已注销
2024-02-16 07:44:33 [WECHATBC_MAIN] : @b02d12d657f587576a2f42c5c8f7ed073ba961ece931613858e35402b4110a6d:陈店长
2024-02-16 07:44:33 [WECHATBC_MAIN] : @cbfbfc60a162c37939089a32c21c8b089d2dc6496fd71ebca122b1966668079d:-
2024-02-16 07:44:33 [WECHATBC_MAIN] : @7f72d18bd6944445d53a04fabf817612:治愈读白
2024-02-16 07:44:33 [WECHATBC_MAIN] : @7a004b5b0a015d102830134f921b5b2e:特摄资源共享
2024-02-16 07:44:33 [WECHATBC_MAIN] : @a46ee60db5cdcdd7af1829340fcb1cc5f76a4d9683db7ad003f3ceb21972c04d:！
2024-02-16 07:44:33 [WECHATBC_MAIN] : @10a754631fb8afe828763795cfd80194f6c4f6c91fa7027646a0f88e6290c113:A春3悠慧多多<span class="emoji emoji1f389"></span>
2024-02-16 07:44:33 [WECHATBC_MAIN] : @7d3c20437500f78d8b62b1ad9f14f234f08f66d42820d3306119ac1cf27a373d:陆景桓
2024-02-16 07:44:33 [WECHATBC_MAIN] : @cf9d40fd4d0c88aea815dd206972702d77ed3d2300acc6525cd4baa86e03beb9:O.o
2024-02-16 07:44:33 [WECHATBC_MAIN] : @9be36e033d8b6d355db560c9809e78322277435bea7c7c2b8b4206f47839cb12:香奈儿<span class="emoji emoji1f42d"></span>
2024-02-16 07:44:33 [WECHATBC_MAIN] : @f3ff018cb3d31604af4c23aded4a91104ac36e2676d94ae1d719a72eedbc8ebb:芜湖
2024-02-16 07:44:33 [WECHATBC_MAIN] : @54f0e487a14125d266c5623efed0b75c:该账号已冻结
2024-02-16 07:44:33 [WECHATBC_MAIN] : @fb40d5fcb5a1ae97e05efc41bfec8a5fbaa3977c282123ce94d6d6b19309c0a9:三三
2024-02-16 07:44:33 [WECHATBC_MAIN] : @7b519d28d8d37edd641d33d39163f5b5:平面设计狮
2024-02-16 07:44:33 [WECHATBC_MAIN] : @9253a1d2176ab16e9cedf08db4f58dd1655ded378fbb9a95907e75adf1dc55fa:羊妹妹. 💭
2024-02-16 07:44:33 [WECHATBC_MAIN] : @5f2be6962d42a3d396a1ac833ff79953204876dac928d2b6106377d8ddf87220:🧐
2024-02-16 07:44:33 [WECHATBC_MAIN] : @3c9334052da3c6a57492e0fade316ce2f6eda8152f0e3c2c9ed9dc917d9eb93d:彬
2024-02-16 07:44:33 [WECHATBC_MAIN] : @ddaddfff3134f7d180bb04f0599934245e69b56304ff412a2ddb423237750a95:皮蛋
2024-02-16 07:44:33 [WECHATBC_MAIN] : @f4b08e4e9de33803e2e488ec7a150cbe271fad0a7430d3186e67a908e4835506:星光
2024-02-16 07:44:33 [WECHATBC_MAIN] : @bfaa786edf0931caf92d174bf25adeba61e0d3e173139a36204a4870d642308b:只手摘星辰
2024-02-16 07:44:33 [WECHATBC_MAIN] : @ab6904754f372603ca63b26fe32994861d300795677fcc0b71f266113a938452:NOBODYLIKESME
2024-02-16 07:44:33 [WECHATBC_MAIN] : @5f7dcb29d591bc58c26ef27c3a36ca34c68872eb238fcd785245daa13c9a7c77:笙歌十里
2024-02-16 07:44:33 [WECHATBC_MAIN] : @ac0e6c69cf3eb2b6f13225865eecd4a5:异次元APP软件
2024-02-16 07:44:33 [WECHATBC_MAIN] : @e36307b25f27002c157784b607ef33cab53c25f82c9ea6df533a0a4906dde7c1:今天想我了嘛.
2024-02-16 07:44:33 [WECHATBC_MAIN] : @ec09694129424e20f01a6f741303d5eda78c3e68543fb32fbf0c3a5aaad6ca3b:你滴男妈妈
2024-02-16 07:44:33 [WECHATBC_MAIN] : @63229b3ef9d19e4b41f1d57913bcac91da4fd4a14170c084b8aec33bf90e8171:莹^ω^
2024-02-16 07:44:33 [WECHATBC_MAIN] : @9e54f22334039aa8cb793c1d6e7412c4:极简博客2022
2024-02-16 07:44:33 [WECHATBC_MAIN] : @4f403d2023552e6c2adbca5f58841f47:京东白条
2024-02-16 07:44:33 [WECHATBC_MAIN] : @5f0de8abb8a834de16df867e194a1ec0:你的生活我的梦想
2024-02-16 07:44:33 [WECHATBC_MAIN] : @c9ce2baa10a4fa67c04d41ed06bdc120a9cc790df3c349aa99514ff1104ee815:山海
2024-02-16 07:44:33 [WECHATBC_MAIN] : @eb1512681a57383e4ab4d812ab17087cf8d81487ea612d81d491be057244dd6f:Sam
2024-02-16 07:44:33 [WECHATBC_MAIN] : @f4c5970249ca2c298fae2d1dad71611ad7238c913e987323c42f47516f7c7a33:.ayu
2024-02-16 07:44:33 [WECHATBC_MAIN] : @88a76cd069c372761beb0073b1c8a8c0:网易UU加速器
2024-02-16 07:44:33 [WECHATBC_MAIN] : @29804b026f7d5d79a44504245b899429a5d30f086a92ed37b0f3411cd388bacd:早川秋
2024-02-16 07:44:33 [WECHATBC_MAIN] : @b3714d7d956ddf651a5b85eff783ffd7:酷猫电竞网咖联盟
2024-02-16 07:44:33 [WECHATBC_MAIN] : @7b2efe83021f7badd201e8c4866c9b559a62753dd22953e6f9615e6750d1ee9c:木迁
2024-02-16 07:44:33 [WECHATBC_MAIN] : @42c76322ceeec1f3690d400ed2e609d8bbec950de2734730a238a8e0334c3864:泽玲
2024-02-16 07:44:33 [WECHATBC_MAIN] : @d9922df3d700a0ef0ff4f0e871f2909f:转转
2024-02-16 07:44:33 [WECHATBC_MAIN] : @96e3f72f454850d8781c597e69c175568c09880f8041424d924e31065ab1b01d:【千浔】Ms.傅
2024-02-16 07:44:33 [WECHATBC_MAIN] : @8fb9f7f9b57c6a11a6bf76e38162d2d2:加一电影
2024-02-16 07:44:33 [WECHATBC_MAIN] : @08f546fbdf71449f1f316858a7c2e0a8:热门精彩阅读
2024-02-16 07:44:33 [WECHATBC_MAIN] : @3b9d014e125df28ec59c29ff32026fa7:WPS办公助手
2024-02-16 07:44:33 [WECHATBC_MAIN] : @0a810d747e987f833cd9a0a6f2c280eded4f20a7c5ef407054e62a3eac12625b:楠浅ꫛꫀꪝ
2024-02-16 07:44:33 [WECHATBC_MAIN] : @706d4fda88c09e223e8473d9334d72e8:布晴LIVEHOUSE酒吧
2024-02-16 07:44:33 [WECHATBC_MAIN] : @7788ac1f6972a1428dfeea79c7a90c323121e38494be7805a4d87ceac762b762:Solitude.
2024-02-16 07:44:33 [WECHATBC_MAIN] : @422e51289a43c1dc5e38e7882c9593c3d15e13e849e80d1aee741b7607337778:莹^O^
2024-02-16 07:44:33 [WECHATBC_MAIN] : @48afe9b546be6d202d215e49cfc77b081a2d25fd3cd29698c8c9e23964a0eafd:彭老师
2024-02-16 07:44:33 [WECHATBC_MAIN] : @5a78c3ae43ee5269744401e87707c3ec:泡泡加速器
2024-02-16 07:44:33 [WECHATBC_MAIN] : @c3c329adc44da61b093f56cd36699661:腾洲车行
2024-02-16 07:44:33 [WECHATBC_MAIN] : @ef85eb5ce5bb47a462fb441cbab5f1b08befd875fadd0d0bf710188242182ae2:FLIPPED
2024-02-16 07:44:33 [WECHATBC_MAIN] : @33c011292f5beb5723e32071b617ca54723c1d08514975ead7846d81ce755157:Oneone
2024-02-16 07:44:33 [WECHATBC_MAIN] : @25a75646bec790eaf59254331057abc65ab5770288587cd7410d80d1d11419e1:Boy。
2024-02-16 07:44:33 [WECHATBC_MAIN] : @ca0e5553384946f32a51d2563a3bc81968c5447ac1cf3db83478bdfb444e0c92:Yuuki
2024-02-16 07:44:33 [WECHATBC_MAIN] : @9090b99de394e6299bd9c1aeec7627eccaeed338efe67448d21665592e4c2b32:Blank077
2024-02-16 07:44:33 [WECHATBC_MAIN] : @6afd62f40f0756fc347ae1df4cc1a4f4d9c8c42dd3597a71bca576095c342287:22
2024-02-16 07:44:33 [WECHATBC_MAIN] : @0b2e0ae6bca1755596590fa3840e505a18c095f0e7f8ab6b646dc69dd15a2036:Peter烁
2024-02-16 07:44:33 [WECHATBC_MAIN] : @2e22a613a42323b8e924e76adb3b61d007c153d4deae63f1dcd03fceb20caad5:木木(丽丽）
2024-02-16 07:44:33 [WECHATBC_MAIN] : @487deb2505f1e2ba914d97b783a5e79ca4b546ac2d00735bef4b7dbc9d586c1c:Rime
2024-02-16 07:44:33 [WECHATBC_MAIN] : @d3a3b6e766fb86bdc1754bc985465d3700e3150d6cf8e082ddedefd8118af705:（～_～）
2024-02-16 07:44:33 [WECHATBC_MAIN] : @c25e561824d799a6cf6395b94aa5255c2b99afdef5976722859f6c418dae8e07:威廉
2024-02-16 07:44:33 [WECHATBC_MAIN] : @66445cfbec8e3654d4c860a1834fc0693cf250ae293368635e22db67ea663fcb:扬狗爱cc🌬
2024-02-16 07:44:33 [WECHATBC_MAIN] : @e67dd79ce2db0d8d1e2f5f9f68e22fb2e097548b40c912175affe24bf6a22ee3:区冠贤
2024-02-16 07:44:33 [WECHATBC_MAIN] : @3ee952423a6a32e9256a973bd8d2ef3c:小呆加速器短租
2024-02-16 07:44:33 [WECHATBC_MAIN] : @be110e8598a03b6277908c26f278677d:平颉机械设备13223903675
2024-02-16 07:44:33 [WECHATBC_MAIN] : @c8493ad3de86fc9dcd4952885789af4b41316d8b0af97a26f1706f56533442ef:群管理
2024-02-16 07:44:33 [WECHATBC_MAIN] : weixin:微信团队
2024-02-16 07:44:33 [WECHATBC_MAIN] : @e0243f4acb7c9b04c1b4a6dd138c4bf951cc0bd981497f61ee5f5fa3760771c6:瘾
2024-02-16 07:44:33 [WECHATBC_MAIN] : @8c59856a7b1c8eef05c6602b0264c7608aca1377ce8ee32515cedd748e58a4f3:顺风
2024-02-16 07:44:33 [WECHATBC_MAIN] : @2fa16206bec05cc3a60642e34a43f57a:广东中职菌
2024-02-16 07:44:33 [WECHATBC_MAIN] : @93df996a34053efc32be393552a866bf:情侣CP
2024-02-16 07:44:33 [WECHATBC_MAIN] : @9ac318e6cbb275d16f8c56ebd194f2cd0ec5e6287f1667b895ce91ff47c661fa:-
2024-02-16 07:44:33 [WECHATBC_MAIN] : @bdd67edb009f70527b81a5f2511efd598159628e9b0ab3ede8c30c334b829569:汉宫
2024-02-16 07:44:33 [WECHATBC_MAIN] : @cceefb9206c36ca82fab4ed0571283d3052344a2e08080048c4cb22d8e4beda9:Z.
2024-02-16 07:44:33 [WECHATBC_MAIN] : @a6b8e1b52c3d0617c865b84e26e325a9eee62f14d67aa39e530f6cb85d740600:Cc
2024-02-16 07:44:33 [WECHATBC_MAIN] : @18c8deddc93cfecba9df8924e329917fbdf79a4f22a2f3b9fa1d9f6575b042b8:曦热
2024-02-16 07:44:33 [WECHATBC_MAIN] : @3a593c6bb8f19049a9ad21a42185d7deb28e8bd71a7f06c36c82698847aed349:Coast（2.1号放假-2.19上班）
2024-02-16 07:44:33 [WECHATBC_MAIN] : @cb29dcf622777b5ed44585fa573d8b7a:鲁班大叔
2024-02-16 07:44:33 [WECHATBC_MAIN] : @bafbc611009a2ed5ebd039012dedbb563d6c7e2aeef39cfb4498b09e0a36aabc:啦啦啦啦
2024-02-16 07:44:33 [WECHATBC_MAIN] : @44966763fb6170b5381143ff866d86f3652e6ea6ac6812718733710b41fbb721:wuli
2024-02-16 07:44:33 [WECHATBC_MAIN] : @72e95561968016b50544f668ba3183924e591025d5035083dfe5b03ab785a69c:H
2024-02-16 07:44:33 [WECHATBC_MAIN] : @2d6e8cc45a7ec57915f09768d05cb837:憨憨羊
2024-02-16 07:44:33 [WECHATBC_MAIN] : @0b605e4e028786144a641e096c3941f98d5443602c12effbe2943f87a9ec01b7:<span class="emoji emoji1f6b9"></span>
2024-02-16 07:44:33 [WECHATBC_MAIN] : @2d9fbbd68694db7c9366dfcfc4d15f0a463dbbf35bf6688765aca048fa0f26d0:Sherry
2024-02-16 07:44:33 [WECHATBC_MAIN] : @09a36ba803be52cf69a807b2943425292706d3b80456ef273d56e61e4243b619:橙
2024-02-16 07:44:33 [WECHATBC_MAIN] : @d8c6edf9b404eb69fdcf7aec60a04f69a7507480de1f8e3b335c337cd79a9850:A㍿࿐黑人校⃣長⃣ゝ诚信服务
2024-02-16 07:44:33 [WECHATBC_MAIN] : @19c350f3d448791550fcbf090ad2ebe1:广东建院消息
2024-02-16 07:44:33 [WECHATBC_MAIN] : @739c3c7c3099ff7e2364a16a536f6630:怪谈胖胖女
2024-02-16 07:44:33 [WECHATBC_MAIN] : @282c4a1af020b9fdc2a733f34abf9d00:CG游麟网
2024-02-16 07:44:33 [WECHATBC_MAIN] : @20c94a928723a59711c4744d2a64a635:GoLink加速器
2024-02-16 07:44:33 [WECHATBC_MAIN] : @e7923d490d1080ec1129a6a62b043d79251665a90f5c71fd03f48cf395a881f4:Nachanka
2024-02-16 07:44:33 [WECHATBC_MAIN] : @ff1ff3dd261e670349006df3a044b9b5b3a571ce36415b943345198787d50ff1:H
2024-02-16 07:44:33 [WECHATBC_MAIN] : @5314baa1e7e05346d3f7c09ca3a1ffd76fa7778a68fd98bca2d7dbec09b8c672:<span class="emoji emoji1f525"></span>Sparks
2024-02-16 07:44:33 [WECHATBC_MAIN] : @e065fbd4b741a3f7db43fb8982bb6e203978c2154c4b8d9b48a74dcf297c58c2:。。。。。
2024-02-16 07:44:33 [WECHATBC_MAIN] : @63834ad9c2f72889b20d07913442f75ac8d36e36aad2c3dbc34bedc0c85d88e0:兄弟酥面店13322746671
2024-02-16 07:44:33 [WECHATBC_MAIN] : @3bd2c29c32c49a72b9684315085646fbeb8590132804e7000fa62f8bbe6f2c27:听岛屿.
2024-02-16 07:44:33 [WECHATBC_MAIN] : @@8ea8289a78b38a71e8b85112340195a437357bc21e871909127b05d273820c72:森鶴教堂<span class="emoji emoji26ea"></span>
2024-02-16 07:44:33 [WECHATBC_MAIN] : @0dffb76dc46d3b6ce56af63fe16701cdc645597b5761a318e5ec5915342394c3:平平歌(ᇂ ㉨ ᇂ)
2024-02-16 07:44:33 [WECHATBC_MAIN] : @2b18d4be8950fe9e70e456ac5466a4b565a28e33ee7d6c3feb25a70d71b1ebd5:发财小掌柜<span class="emoji emoji1f4a1"></span>
2024-02-16 07:44:33 [WECHATBC_MAIN] : @@c1d94c0fcb739e06cf4210646b6af7da9c7117e50ac79033b99e61848bf2baf2:z,zzzsh
2024-02-16 07:44:33 [WECHATBC_MAIN] : @de61a3f7ce9205d169e726c7debe1bddcd7b63e5d219c0aed34ceb2fd0e437b7:+🥚
2024-02-16 07:44:33 [WECHATBC_MAIN] : @0b59a70c7816f7eb7ee50a7ff0324fd0:潮职校园通
2024-02-16 07:44:33 [WECHATBC_MAIN] : @9b020248b127e8d027c57f168d13bba6b166190b6e13f210924d552bd4a25276:zzzsh
2024-02-16 07:44:33 [WECHATBC_MAIN] : @ca1aed6198866110e730c2587123c6dc14a6d3fa47f34300a63aa22b8de29033:A0༒六子༒ （诚信服务）
2024-02-16 07:44:33 [WECHATBC_MAIN] : @d94d5999e6e1577fc48bb56e77e9dc6b:小李万事屋
2024-02-16 07:44:33 [WECHATBC_MAIN] : @c9b390f59cb892a1e39d14301553c63740339912488f4d5ceb51bb156544c85a: 繁華若夢
2024-02-16 07:44:33 [WECHATBC_MAIN] : @b9ff3e9d381af7bc81fb268128c305f9:汕头人社
2024-02-16 07:44:33 [WECHATBC_MAIN] : @bf6875e413e12d05b373c56f32557b8e874c7694f5bfd14b77122d613aa27c06:寿～
2024-02-16 07:44:33 [WECHATBC_MAIN] : @6083450b876aefe4745eaa5d871408fb:辰东
2024-02-16 07:44:33 [WECHATBC_MAIN] : @4d859e362113b45cabfccc82d0cfa5f9cbd77cc4298dc25e61a542297da6aa4f:老爷保佑
2024-02-16 07:44:33 [WECHATBC_MAIN] : @8d7202d9e085ab114c2a24e7d129f9d4736c7fcf597cfa0d0dc997a708858402:BLUE
2024-02-16 07:44:33 [WECHATBC_MAIN] : @c2e7fdafe90302909d73a616e0dd787782e27e33b3dd8cb6bfbd4044d6465e57:木川金
2024-02-16 07:44:33 [WECHATBC_MAIN] : @9debb4d36d28a91b5f6e7dc99aeeadcf:别算科技
2024-02-16 07:44:33 [WECHATBC_MAIN] : @f5b9ee5f59a7416db6f89059d8c50987:php中文网教程
2024-02-16 07:44:33 [WECHATBC_MAIN] : @186adc95e796dba64c147413657c68de562d8115af9eb5426008b5c23f052c3b:独人13
2024-02-16 07:44:33 [WECHATBC_MAIN] : @c3daa3311946b9da6ee2f933a382f393:Joker.
2024-02-16 07:44:33 [WECHATBC_MAIN] : @84c2ef7912f00af9085ab3316801ac82f1b33e86c5f61df044a3a1cf74dcb3aa:无所谓
2024-02-16 07:44:33 [WECHATBC_MAIN] : @6040252daf3fb56ed4e9d2d1fbbf0250c235f6da02cf120c9389303b6d922f3d:！
2024-02-16 07:44:33 [WECHATBC_MAIN] : @ce1e5556c9141523682255343baa273c0fe75042c6dc75545e34e7b99b4166ac:Arun丶
2024-02-16 07:44:33 [WECHATBC_MAIN] : @73f7a7868fe4484c6f2f3dcded6783ea:小智LOGO
2024-02-16 07:44:33 [WECHATBC_MAIN] : @c97b2ab769cde64159ba3371210f7657:微信支付
2024-02-16 07:44:33 [WECHATBC_MAIN] : @5801070ac6e8669fd82a58ceaa1c1448:浮秀
2024-02-16 07:44:33 [WECHATBC_MAIN] : @3ba7606a03b165d062ee1cbed88e82e60aca27e5e45a2e4b8b28a046b53c2672:广州鑫顺  专做美系单项件
2024-02-16 07:44:33 [WECHATBC_MAIN] : @919c548689de77f9e63c743ddd4d9a0767926256f002dc95161784ff2247ab71:大海我的故乡
2024-02-16 07:44:33 [WECHATBC_MAIN] : @033a93b1d6a5d4723dadae42a3f6141e2f914ee6a6198c02765175604b7229e6:AT
2024-02-16 07:44:33 [WECHATBC_MAIN] : @23e015694a72ad78e386f65f8092d568:蒸汽游戏
2024-02-16 07:44:33 [WECHATBC_MAIN] : @331235314bbc1131a60418dab2b1c59aa850c6aefcc7d49d516a7b1c95791849:LIN_HH
2024-02-16 07:44:33 [WECHATBC_MAIN] : @c06c557cff005a8eb3e0868dfc212fa7:易博通eSender
2024-02-16 07:44:33 [WECHATBC_MAIN] : @670c793c24dd9642fd2ef9261b330426ff37b3ca958bdc03133072ad0fd03db0:等一下七月
2024-02-16 07:44:33 [WECHATBC_MAIN] : @6fb76a09f051abce13b237af7b0ab8354d65aa4cdfe9d27dacfd636706fa19d2:远
2024-02-16 07:44:33 [WECHATBC_MAIN] : @61f461d56e1d7f0584c1fadb16d253790f60ef6f02ba25c34a7f1c372290c8e6:沉默的小羊羔子
2024-02-16 07:44:33 [WECHATBC_MAIN] : @0c8eee063792b44d4ae3181fc16b887fbe56cc8e2ce03179f438a2b4612e230b:玉宇
2024-02-16 07:44:33 [WECHATBC_MAIN] : @9eabfe7aabc9adffafb2e9c34565c4ee703a9b0263647df72e58936ac25e9ecf:白云飞（只二维码收米）
2024-02-16 07:44:33 [WECHATBC_MAIN] : @33e90fdd884c226fdcdbc03ff2a80d0d776fa786f55d51223b51de10e351ebf9:C.
2024-02-16 07:44:33 [WECHATBC_MAIN] : @b99d6f6b1c6837a89a22ea4c2da69518:三叔软件
2024-02-16 07:44:33 [WECHATBC_MAIN] : @d1e38592a76db595cc1a06fec51d87c5:奇妙加速器
2024-02-16 07:44:33 [WECHATBC_MAIN] : @9bf3dc458a302566b285c1d1bbbc22708146b2a0211031543ecf88e453447df6:0.2℃
2024-02-16 07:44:33 [WECHATBC_MAIN] : @095c743d902d352462455cd0f2fc9bddfb0f9279d188d0bbf0f986a0bea93c95:宝藏
2024-02-16 07:44:33 [WECHATBC_MAIN] : @1054afd5ae7e1b199090b4a236f5a5b6:7477游戏
2024-02-16 07:44:33 [WECHATBC_MAIN] : @48b297eb6374a03fcc67368ce6d5cc60:互联网品牌官
2024-02-16 07:44:33 [WECHATBC_MAIN] : @a6b776fdeb2eb2ee40630588c140ea67cd9f413a0c6f0f544fac59be89501e8b:九
2024-02-16 07:44:33 [WECHATBC_MAIN] : @aa74ac6ebc25140f54809ddef1026c5520b83553580d8df79dad674bde43bfea:懒人
2024-02-16 07:44:33 [WECHATBC_MAIN] : @92d620817a0ce84b5392d69409a0375d:琪琪
2024-02-16 07:44:33 [WECHATBC_MAIN] : @7066cf9022d9accf805fc5d7f7dd6a3a:超人
2024-02-16 07:44:33 [WECHATBC_MAIN] : @abd3d98518822456b5af2d830c1d7e2c9da6bf436bfb3c133a6de23895b4951e:VIP
2024-02-16 07:44:33 [WECHATBC_MAIN] : @66d67288977601359c608bcc0486f68815e30e2030d5834accc3c86b66b7d83d:晚风
2024-02-16 07:44:33 [WECHATBC_MAIN] : @d5310bdabc0fa90c6069d61abadc830b874cc7e33f151816f81906517b3a622d:G
2024-02-16 07:44:33 [WECHATBC_MAIN] : @d9709dbcb9d77cc98f2bfb1a582851bcfacbec109f726f104a36f413a188ae33:标顶洞人🌝
2024-02-16 07:44:33 [WECHATBC_MAIN] : @8c389f476f988194200cd2ee330e8a89dbba5ac6ac13c17b7732a6d293d80bc8:Aloha
2024-02-16 07:44:33 [WECHATBC_MAIN] : @b4d1061f7b3763a8c6ddf7f0ea55310c061ba0710004d79bab34a9ce47aaadfe:₀₃.
2024-02-16 07:44:33 [WECHATBC_MAIN] : @26fa1bf0af7cb1012bf5f289a1bf8491e98f8d8b5cddac70afea7e3878221fd2:A 中联电讯   郑灿伟
2024-02-16 07:44:33 [WECHATBC_MAIN] : @90b14b3a799e88ee4bef2be492374a2c:志愿者
2024-02-16 07:44:33 [WECHATBC_MAIN] : @59b5155d8516face065caac14f63aabe659cc7babddbece04f53d865a1813d31:岁月无声
2024-02-16 07:44:33 [WECHATBC_MAIN] : @b8c0634112ab7cf19129d3871729f25714d0702981c67bbe396db336423bf452:怎么取一个正常点的名字
2024-02-16 07:44:33 [WECHATBC_MAIN] : @545d5c70566de61a1ebbe5221307e269e96644ae48b530165b2ac8b061001438:Leon
2024-02-16 07:44:33 [WECHATBC_MAIN] : @bd3ca210a28dcdbc22f4ec39e27d4942f844864adb479544c9301046baa2d535:光星网咖 (营业中）
2024-02-16 07:44:33 [WECHATBC_MAIN] : @ee63c41a2b32eaefdd26def41eae08512e679451e27213b586fa79208595623e:JW<span class="emoji emoji1f42f"></span>
2024-02-16 07:44:33 [WECHATBC_MAIN] : @9248838768a2510bdd65b077713be897a22f1c95d3ca42af99eacb4c2ccb305c:ㅤ
2024-02-16 07:44:33 [WECHATBC_MAIN] : @ca18df364a0411864665bfc0993d2e83:抠鼻子Kobez
2024-02-16 07:44:33 [WECHATBC_MAIN] : @3ec48d5dd26b5544c27fc096454e0d0bc8123170f58b4696f0bc3d5f3e7a504b:微笑的高圆圆
2024-02-16 07:44:33 [WECHATBC_MAIN] : @ca34ca4a1cc721bc74e70638c44fba468aa08c77f82fc59a0a607289af3c77ce:文人武
2024-02-16 07:44:33 [WECHATBC_MAIN] : @f931ad3274de264da3981ece846040e2549e749baadd803a3c548de774ade4b7:莹^O^
2024-02-16 07:44:33 [WECHATBC_MAIN] : @50810d12cd5bb63f98fea0f1732de136:便利店艺术家
2024-02-16 07:44:33 [WECHATBC_MAIN] : @eab1f69d7a1a568c1379d6dd8b822a52edf6d7997c457e2188094b2d5912ffda:垚
2024-02-16 07:44:33 [WECHATBC_MAIN] : @68eaf16d975862e93658667bfae9ec14a1f0c44ff29504360ba933db6bda85bf:广东青年
2024-02-16 07:44:33 [WECHATBC_MAIN] : @0476809e7d249c3f34d4ddd247cfc667:agiso自动发货
2024-02-16 07:44:33 [WECHATBC_MAIN] : @08d6abadeac59116543794a7df3f0115b4871124b2892898dde96f06b1c69487:ᯤ⁶ᴳ
2024-02-16 07:44:33 [WECHATBC_MAIN] : @b93ad0a16c78559d1fc08e495ab066e5fc999195bb1f92cb86fc2c2b2f67b0d0:sam
2024-02-16 07:44:33 [WECHATBC_MAIN] : @baedbe66b9cb5bd169e63158fee5bc48811c714e1eb50c361b7ed5d1f074aeae:Z.🧸
2024-02-16 07:44:33 [WECHATBC_MAIN] : @f1cebd02db2a83561134d34e28a5c9f13868f92bfa1abe61b535b47dafb25cd1:ᥫᩣ.
2024-02-16 07:44:33 [WECHATBC_MAIN] : @ab49deca26824e32654b818a8ab70a35677031d3bc4b93edb6f3ac34d5ccac3a:<span class="emoji emoji1f525"></span>
2024-02-16 07:44:33 [WECHATBC_MAIN] : @225d7ced90ade06d24777424a57450ee3a1f5de1946ab3c77ca7be5c6d6a1c24:　　　　　　　　
2024-02-16 07:44:33 [WECHATBC_MAIN] : @482ff4220642243ba7e03f65b1926cb7316c64e46afb8db9abb2c5b19870b12e:汕頭15815040195
2024-02-16 07:44:33 [WECHATBC_MAIN] : @6aca3b4125843ea5e0f97ed38f24fda5:小星星资料库
2024-02-16 07:44:33 [WECHATBC_MAIN] : @996e54e77e5e8d715a4592373ea1c757:广东建院
2024-02-16 07:44:33 [WECHATBC_MAIN] : @562c0a147d2704ee924a041e5346ea3e99bb940796e2c2fc4b4c002bcf992a16:ིྀ
2024-02-16 07:44:33 [WECHATBC_MAIN] : @087da4f8ad9f2222684e4a9e314468b647f8e38739f5e38e1346f3e9bfb4c437:杰
2024-02-16 07:44:33 [WECHATBC_MAIN] : @0950534bb874c51c50fdde06a09c69948d68c230dc5d3e9eff5a121021f177fb:木讷
2024-02-16 07:44:33 [WECHATBC_MAIN] : @b76d8a600e8d11827a848eed46c37eca9083cbd084029a8e9fcbd53ec3346407:欣妍
2024-02-16 07:44:33 [WECHATBC_MAIN] : @102b20231d563ee1d6bc47a4afc52279:天蚕土豆
2024-02-16 07:44:33 [WECHATBC_MAIN] : @c5422354bd8e19f5ee0289a1d8746b8a:宅猪
2024-02-16 07:44:33 [WECHATBC_MAIN] : @725e22ce8423cfee4e1bd4e0e1286930:沐沐热喵
2024-02-16 07:44:33 [WECHATBC_MAIN] : @66d4d6ff2772c30ea9bf1b2702f69c8767786f92587c262ab0feca619b6ef478:小宝
2024-02-16 07:44:33 [WECHATBC_MAIN] : @577e76b878027cb5feecdf2d90edfc5e5f1bf6cb638ccb773f8b9ca568eceed6:橘ne
2024-02-16 07:44:33 [WECHATBC_MAIN] : @f33ec65bc0bd041bd5f55d0e934556d660e394ee8aec193731cc70008bbd4d0f:XOYUFI
2024-02-16 07:44:33 [WECHATBC_MAIN] : @443339fb94b7ccf5137e14dc6004af8a:韦一同说
2024-02-16 07:44:33 [WECHATBC_MAIN] : @cb184c6dbc46a2c8d7ecaed3da182408168535006274d2e764f8d10e4bf23f2c:榴莲
2024-02-16 07:44:33 [WECHATBC_MAIN] : @f3f88bf0e6b0d006c9eadac16d2fb793:外卖有多少
2024-02-16 07:44:33 [WECHATBC_MAIN] : @3a323c00c748008511f8c717b1d65d0539a724e3879feb92a737472a4af35680:/
2024-02-16 07:44:33 [WECHATBC_MAIN] : @c85a8e826f619114000c068fb8c1dae6:zl     <span class="emoji emoji1f4a6"></span>
2024-02-16 07:44:33 [WECHATBC_MAIN] : @6f2f177b28417ff1a25cbe3318786e2482f59ee0fef0aaf6d34d984d52c7ef0f:🥷
2024-02-16 07:44:33 [WECHATBC_MAIN] : @93bafd619343d320f9229c71d8f15716e728188575ed7d8a5f5faf6d4ef48b6d:A_ ZikX.
2024-02-16 07:44:33 [WECHATBC_MAIN] : @eeb69b01239f8ad9f4787b32724d6e00:泓记
2024-02-16 07:44:33 [WECHATBC_MAIN] : @4ae38f1bc9fabeb051839226f199123b0984ac3761448920de1810b93c3a002c:Jeff
2024-02-16 07:44:33 [WECHATBC_MAIN] : @cfc2677f870287e8803df0cdf470b4ecf6d4661d20236c04e9bd0d4d3ebf59f9:AA - 手机电脑 回收 出售 维修
2024-02-16 07:44:33 [WECHATBC_MAIN] : @65f06c0a3e552219d61d0d8f0b8a0ad1c01d8ce44a8a5011a0ae10ec0f77de95:小鹅
2024-02-16 07:44:33 [WECHATBC_MAIN] : @a02ec9eda584a1ad39244765f8ef9c71:wsice_肆
2024-02-16 07:44:33 [WECHATBC_MAIN] : @c167561684811799a042b8e3b1f3c1f3:耳根
2024-02-16 07:44:33 [WECHATBC_MAIN] : @a0db3895c2bf65390c1f9cd7eff9cc6ddc9e8595adaa668d55ded295e49dbf64:FyG
2024-02-16 07:44:33 [WECHATBC_MAIN] : @40ce91320e12f87640614c724878abfee0e2b677ecc6b80d6e6d7ddd9a9d74e4:<span class="emoji emoji1f349"></span>
2024-02-16 07:44:33 [WECHATBC_MAIN] : @9768c9a08bf5d929f2ff164b66d2f5e301fe7667f5114b7b4923904e11e2471e:鱼七七
2024-02-16 07:44:33 [WECHATBC_MAIN] : @f314cb92fa617c934df3f84543b29fba208f2e17a4c553fbfc5541fc675b1068:xzt
2024-02-16 07:44:33 [WECHATBC_MAIN] : @022f7766b8167b89fabcaf4d3a069dc7da132f8d7f7ff433fed2c2d75bfb69ad:Jammer
2024-02-16 07:44:33 [WECHATBC_MAIN] : @ced7bcc027800c6d127aeeca6576598f:源码阅读网
2024-02-16 07:44:33 [WECHATBC_MAIN] : @a982402d5201c07c7cba16e4da2997adaaa9bc76247d8fa11125fe6d20fbc0b2:大月半冉子<span class="emoji emoji1f43e"></span>
2024-02-16 07:44:33 [WECHATBC_MAIN] : @3c4c67a2599a8a51f260d076eff9be875c9e36e27020809c2be1f521d5e15085:Rebirth
2024-02-16 07:44:33 [WECHATBC_MAIN] : @b1507e80996640229b5975b499d293053348d80ee78963969c553a733887aaee:h.
2024-02-16 07:44:33 [WECHATBC_MAIN] : @689787c0d00039b94b9fed24e0f5ceca274c6ca0f9fe06eb262eef03869d0574:借我一秒钟
2024-02-16 07:44:33 [WECHATBC_MAIN] : @5ed30f41198eff77b3de91cceca45beb3beb309ca4664cd44b3fe71cde622f73:董不懂
2024-02-16 07:44:33 [WECHATBC_MAIN] : @294b1592c50d53a050074568631f5858de7d54ca935f8db5e86c2fb89941f590:觅雪班导
2024-02-16 07:44:33 [WECHATBC_MAIN] : @df0a5995d1a16a14b9c9bc40d24b1b70afc8fa05ced76854aeb11aa48d139e1f:DLx
2024-02-16 07:44:33 [WECHATBC_MAIN] : @f0501f7fd0b0634490cac2eda74350332fee6fd379f569686294c9ca2f0ccf1e:...
2024-02-16 07:44:33 [WECHATBC_MAIN] : @11a4e2d7c22f6c4c1a16926d12f0ac27:后浪俱乐部
2024-02-16 07:44:33 [WECHATBC_MAIN] : @c08308c3319307bff189845aaebb4542caca483a8a03b0b2aad8336255d22816:Huan
2024-02-16 07:44:33 [WECHATBC_MAIN] : @bcb52745188ebe153a851021c3fcc98b99d115ad1a7a38708796764cd1bd0bd5:SOYU
2024-02-16 07:44:33 [WECHATBC_MAIN] : @453a02a149eeb54ebb260d190e14aef9e2c1d78102397d02ad9bd8f84ad23b79:Yu鱼.
2024-02-16 07:44:33 [WECHATBC_MAIN] : @9dc0922d6b0b025ee63a847d939a62a8:外卖卷不停
2024-02-16 07:44:33 [WECHATBC_MAIN] : @a6b5af8f059a263ef6424286bd46b3adf87606a3969e20bbfc2973c886f5a881:卡哇伊
2024-02-16 07:44:33 [WECHATBC_MAIN] : @c40ad153fa73f69c687b2d92d7df951c19c19c135bc5971dbd54a798f29b1547:樱桃🍒
2024-02-16 07:44:33 [WECHATBC_MAIN] : @3a0fa7cf279520e4dbe394d822ed24c4:电脑那些事儿
2024-02-16 07:44:33 [WECHATBC_MAIN] : @6ed5d2ce2bc10570e85e3ec01bcc6bcb87767226b834726a41038f14600e62a9:a大白胖
2024-02-16 07:44:33 [WECHATBC_MAIN] : @20e8ac9cbefad6413004d8a518b9cde3:中职生
2024-02-16 07:44:33 [WECHATBC_MAIN] : @ceade7d9defa7103c7d6e5b33d160828ed868ed64fc29f70af8ab4d25962481f:滥情g.
2024-02-16 07:44:33 [WECHATBC_MAIN] : @5739709e72a9d86355ca6171fced00aaad2e2d9b1f89eb371bd8cc8aa21c99a1:1
2024-02-16 07:44:33 [WECHATBC_MAIN] : @0aeec7b7df7106f4f6374ed8e15e3db6c778eb377f1033f9b6520e3cd5e93d58:福🦆
2024-02-16 07:44:33 [WECHATBC_MAIN] : @5b28b6eb4ff93867a61d7659b5e802655bef23b03ad6045cac7bf54b36e98fd0:K.
2024-02-16 07:44:33 [WECHATBC_MAIN] : @ba2007bd0eb22221edbf3d92b9147de050a2f37324b911d5e04b8f715ab464b1:小花
2024-02-16 07:44:33 [WECHATBC_MAIN] : @230432ec100e64e0c3bd0c41e373156e:海豚网游加速器
2024-02-16 07:44:33 [WECHATBC_MAIN] : @68afbed99297c12b685b771681a05709fde2763ecadf1416d9dcf318e84f907d:美宜佳
2024-02-16 07:44:33 [WECHATBC_MAIN] : @de3b50a419589e3c10046bb17ee4dfe97ed6f76e982b0ac83af62a2cf4eeff09:p
2024-02-16 07:44:33 [WECHATBC_MAIN] : @03833a82e0f266c7eb0274b02658be149ac6fd6e842b4d723cff33469d118a04:冬天
2024-02-16 07:44:33 [WECHATBC_MAIN] : @e45794f61a2d4c4abe7fe036ea4a4fbbf2f020464f4b03295697097b3d37f25d:  
2024-02-16 07:44:33 [WECHATBC_MAIN] : @21241fc04fb0ca91bebf85526ab53d268b857e3ca48c46afc309687fb59221c1:D。
2024-02-16 07:44:33 [WECHATBC_MAIN] : @1f7380eab17db9da08eabc071ab175a29c03914dc56c5fb28265a9779ac8befd:远晏
2024-02-16 07:44:33 [WECHATBC_MAIN] : @a73f14843ebf815b46ee0b9a8ce4ac4d:黑料BOOM
2024-02-16 07:44:33 [WECHATBC_MAIN] : @19800960a0337432093b06499b87fe211d4b2e91fc2a73f5818c8ea3da273a4f:2z
2024-02-16 07:44:33 [WECHATBC_MAIN] : @29459bf0570505cee86faf107cfb815cd6cdec8d52963ea5a790f59a999bee14:培
2024-02-16 07:44:33 [WECHATBC_MAIN] : @1bf10cb41a913b97b4116d816c195fc9118593e53aaafe43626ed4ad7a9f6865:Mog.
2024-02-16 07:44:33 [WECHATBC_MAIN] : @d8575bc13812d5c2328e1c91c1d3faf8f72a3d427cf1126484624de8bf79d3d1:buo
2024-02-16 07:44:33 [WECHATBC_MAIN] : @d52c7b2cd57ef13833718e9b04d445761c04110a7ed80115459b3b30e2bb47c2:AIm.
2024-02-16 07:44:33 [WECHATBC_MAIN] : @4bee4a71c992e2bd8a0288790b8fdeac3b4acb96ebc989381dd4df57677ede77:<span class="emoji emoji1f631"></span>ི<span class="emoji emoji1f60a"></span>ཽ周晓明
2024-02-16 07:44:33 [WECHATBC_MAIN] : @0e967e13789be7f0b654ca68d95bcd11:拼多多
2024-02-16 07:44:33 [WECHATBC_MAIN] : @daf13b24e7a4f850e887aad5396034e9bc419f4e14a6ca53f7bd5a0896f11924:ㅤ
2024-02-16 07:44:33 [WECHATBC_MAIN] : @9fbce2b93e419781b24f39ff21e2764109d165427e02683fe9c50bad684b5a01:qi
2024-02-16 07:44:33 [WECHATBC_MAIN] : @a28ee3218f33a16e4cb53d0ad137854a4199039787763041898e8751953df17f:胖胖的孙某人
2024-02-16 07:44:33 [WECHATBC_MAIN] : @5d94ffde2774127ef82485cfc1e0ac8ade27cfc4674db8e662b6843d6f413bb9:意粥.edu
2024-02-16 07:44:33 [WECHATBC_MAIN] : @7c44f80f482bd470ced76187199e4d29:余熙小灶
2024-02-16 07:44:33 [WECHATBC_MAIN] : @5d94e0719b7dae8d6e449180c745b5439da237052a041d1b74bc477e12e31d32:熊大
2024-02-16 07:44:33 [WECHATBC_MAIN] : @84eee7b539ed9c1249432df639676de1418f15670769c999d6a91645008faa04:A-河北祝江机床韩冬晓
2024-02-16 07:44:33 [WECHATBC_MAIN] : @ffc95e15f38ba8d626401442b4d4aa592fb4e777e3437e1233ca18f24b4de1d8:白胡子
2024-02-16 07:44:33 [WECHATBC_MAIN] : @c88991ad15d85f1e0622d86ffa1957ab:卢家妈妈 西餐厨房
2024-02-16 07:44:33 [WECHATBC_MAIN] : @411d13dffba2a11ace065b7a8b479078878c87c831cac116b5ea53b3db0e0260:祈
2024-02-16 07:44:33 [WECHATBC_MAIN] : @da2120e4c83e4d8dfef3f7910f5c3a718e46575ce2f46bb5f3139e71c5694bb5:振袖秋风问红叶
2024-02-16 07:44:33 [WECHATBC_MAIN] : @097688665f9a1098ff9f725e17521fec0dbe0620031c29e576efc8d6069df0cd:<span class="emoji emoji1f361"></span><span class="emoji emoji1f361"></span>
2024-02-16 07:44:33 [WECHATBC_MAIN] : @9fc716fac175ca3b1e5de9170e197096efe6a23f3e44d73c9b7326ea569090df:要好好吃饭
2024-02-16 07:44:33 [WECHATBC_MAIN] : @979c80cff55b325e0e0107a6049cdfb703eed6075ec3e946f14ba8759a25662c:.
2024-02-16 07:44:33 [WECHATBC_MAIN] : @095dfbdf242077d4ee154a8b207503f0550fb553e74fe44f611add7009752c2e:Nefia
2024-02-16 07:44:33 [WECHATBC_MAIN] : @28a3831acefda5adde25060f7e5a25bad843f1bca1e413e450d6b70b7e2b1b06:韓
2024-02-16 07:44:33 [WECHATBC_MAIN] : @beb8772784809bde92685171edf6b025fbdd70c2f488e318f9a8710bce5eee46:月<span class="emoji emoji1f377"></span>
2024-02-16 07:44:33 [WECHATBC_MAIN] : @67e293fbbd176845f9bfcfa4f1d1e6f999349a294fbe4be12289dce380abc6e9:Diss8c豆
2024-02-16 07:44:33 [WECHATBC_MAIN] : @b76affea8f741f3a2a3c13674e78d6b13063d27de79b7ee6a88991ecdc9be3d1:老细肠粉甜品小吃1号店
2024-02-16 07:44:33 [WECHATBC_MAIN] : @5ea6c39a4cdfe479e225ec9328a27b15:熊猫加速器
2024-02-16 07:44:33 [WECHATBC_MAIN] : @698b6cc976eb7b32cfd3e080567cb0bc127158b9d2bd6062da9f2385de68758c:.
2024-02-16 07:44:33 [WECHATBC_MAIN] : @7fa46c2737c93c4962f4f5b4e4b8002939ac5a343a3b7037119d127910b38ad4:江尚
2024-02-16 07:44:33 [WECHATBC_MAIN] : @b3991a377305afdad9e1226ca1abaa1a285c25c1327b95faf7976b8fd510fe91:朗月.
2024-02-16 07:44:33 [WECHATBC_MAIN] : @5ac92085d90c830eea677baf8d54be31:吃货特权卡
2024-02-16 07:44:33 [WECHATBC_MAIN] : @37085bcad4a0d245d7c4fe0d8eb0075ffa6f8078143ce5b6273fc8c7fc98bbc5:はたけカカシ²⁰¹⁸₀₉₁₅
2024-02-16 07:44:33 [WECHATBC_MAIN] : @7a356e8d34e4282fe482b77db6db8b6b11111f198500ea202dbc9dcb63de5600:ㅤ
2024-02-16 07:44:33 [WECHATBC_MAIN] : @02a881d1b0de272c3adbd81c79647811e40aa77d797099f0bb56d093cd8550ed:若瞳君子
2024-02-16 07:44:33 [WECHATBC_MAIN] : @8fbfc9b65a6eafe64e83e7bdd338ecf6141d6b25cb3ab1df4bba9d54edc5cb17:干净
2024-02-16 07:44:33 [WECHATBC_MAIN] : @40d848ffc6e744cc77f97053d117ac95968b290b047ba0df798eafa51c68b581:杰
2024-02-16 07:44:33 [WECHATBC_MAIN] : @abe2a65a3b460235194da743fd488ff5291a6ebe82254350393a9bb549b71004:太白
2024-02-16 07:44:33 [WECHATBC_MAIN] : @30c7c0ed86e4bcb9609d308717470e63af2d9ce13057ac9e7cdaaec9ddb70fe7:计划师-可心
2024-02-16 07:44:33 [WECHATBC_MAIN] : @f3dddec6ad8b76d4bd957f4c7b7bc2ed79436404dcce8e2beb636c495e42828b:春雪
2024-02-16 07:44:33 [WECHATBC_MAIN] : @14dd9a65e6d055f1985b61bef994b47ceb767a0c3d7bcf7933d282adf688d7ed:SuriYan
2024-02-16 07:44:33 [WECHATBC_MAIN] : @32feb0dbcbd901f8f435e6a61bae77c58e0ee4a13d39e80fd8efdc6adb33ed11:aJin
2024-02-16 07:44:33 [WECHATBC_MAIN] : @4d7ce20650582628621d32155f2b37362de09d32125efc72a653414db3209e2a:北
2024-02-16 07:44:33 [WECHATBC_MAIN] : @a19afdca489f54eca76da8b8dba75f9e:中国青年志愿者
2024-02-16 07:44:33 [WECHATBC_MAIN] : @52f48c35979a3b55975c2583f8293b67d8de1d00ebfd7894a6287cbadeabbc5d:碎星辰<span class="emoji emoji1f1e81f1f3"></span>
2024-02-16 07:44:33 [WECHATBC_MAIN] : @5b3fc2a3b94bfe00aa0436bca13ba8db:腾讯成长守护
2024-02-16 07:44:33 [WECHATBC_MAIN] : @25f46567c6b48054c208adaf1e89240a41b2ef8962034ce686c9cb3e101bbe9a:失忆
2024-02-16 07:44:33 [WECHATBC_MAIN] : @136fd3979323b8d81cedb26ceb8b00ef:Su2
2024-02-16 07:44:33 [WECHATBC_MAIN] : @acd4330a58449e55866ce4f909320ed5:中国移动10086
2024-02-16 07:44:33 [plugin-loader] : 载入了 2 个插件
2024-02-16 07:44:33 [WECHATBC_MAIN] : 启动控制台...
2024-02-16 07:44:34 [WECHATBC_MAIN] : Message(msgId=3480783516857034952, fromUserName=@63b89794e7a8bdf13e51ae5181af6975e8b2c4aba0709def89b7a9eab2588af6, toUserName=@63b89794e7a8bdf13e51ae5181af6975e8b2c4aba0709def89b7a9eab2588af6, msgType=TextMsg, content=, status=3, imgStatus=1, createTime=1708040673, voiceLength=0, playLength=0, fileName=, fileSize=, mediaId=, url=, appMsgType=0, statusNotifyCode=11, statusNotifyUserName=, recommendInfo=RecommendInfo(userName=, nickName=, qqNum=0, province=, city=, content=, signature=, alias=, scene=0, verifyFlag=0, attrStatus=0, sex=0, ticket=, opCode=0), forwardFlag=0, appInfo=AppInfo(appId=, type=0), hasProductId=0, ticket=, imgHeight=0, imgWidth=0, subMsgType=0, newMsgId=3480783516857034952, oriContent=, encryFileName=)
2024-02-16 07:44:34 [SYNC-CHECK] : [msg type] TextMsg
2024-02-16 07:44:34 [SYNC-CHECK] : z>z : 
2024-02-16 07:44:38 [WECHATBC_MAIN] : Message(msgId=2882306526682140429, fromUserName=@9b020248b127e8d027c57f168d13bba6b166190b6e13f210924d552bd4a25276, toUserName=@63b89794e7a8bdf13e51ae5181af6975e8b2c4aba0709def89b7a9eab2588af6, msgType=TextMsg, content=无内鬼, status=3, imgStatus=1, createTime=1708040677, voiceLength=0, playLength=0, fileName=, fileSize=, mediaId=, url=, appMsgType=0, statusNotifyCode=0, statusNotifyUserName=, recommendInfo=RecommendInfo(userName=, nickName=, qqNum=0, province=, city=, content=, signature=, alias=, scene=0, verifyFlag=0, attrStatus=0, sex=0, ticket=, opCode=0), forwardFlag=0, appInfo=AppInfo(appId=, type=0), hasProductId=0, ticket=, imgHeight=0, imgWidth=0, subMsgType=0, newMsgId=2882306526682140429, oriContent=, encryFileName=)
2024-02-16 07:44:38 [SYNC-CHECK] : [msg type] TextMsg
2024-02-16 07:44:38 [SYNC-CHECK] : zzzsh>z : 无内鬼
2024-02-16 07:44:41 [SYNC-CHECK] : java.lang.reflect.InvocationTargetException
2024-02-16 07:44:41 [SYNC-CHECK] : 在尝试异步获取消息时遇到了一个错误
