2024-02-18 06:29:41 [WECHATBC_MAIN] : 已扫描二维码，请确认登陆
2024-02-18 06:29:52 [WECHATBC_MAIN] : 已确认登陆
2024-02-18 06:29:53 [WECHATBC_MAIN] : 已取得登录信息:
2024-02-18 06:29:53 [WECHATBC_MAIN] : BaseRequest(uin=281175185, sid=MLCZTjgYDd80tATo, skey=@crypt_c1a555a6_6ae92a7d627d5adcf78c65f51b0a014b, deviceId=e855254754039200, dataTicket=gSdvuB+IdGPWKPHlAVRpW07+, passTicket=zTBmk%2BH%2FqK7Ppkshh0ve1%2F09S7gPsUT49vL6sEV2%2FNmFsVj0aYOu0kLbQr9dKH%2FXTcToa%2FVlKpZ%2Bepq2agY1pQ%3D%3D, authTicket=CIsBEKW8loANGoABYKq+vJf/F+rEAfg+FEACQNw9xx1lbpKOD1Eoo/dbogVCP210vDYNcoNUKzD7JWziOJN/QT/GHjOchpE1njO9HA4kQeej1usJ9LQd1ymifowGrWYoiHbJLs9dBZtG9HNSJInkAS1rZ8/W6BQR3GZz3aIFOdT4EwiPkmJ/wX0/OWE=, initCookie=[wxuin=281175185; expires=Sun, 18 Feb 2024 10:29:52 GMT; domain=wx2.qq.com; path=/; secure, wxsid=MLCZTjgYDd80tATo; expires=Sun, 18 Feb 2024 10:29:52 GMT; domain=wx2.qq.com; path=/; secure, wxloadtime=1708208992; expires=Sun, 18 Feb 2024 10:29:52 GMT; domain=wx2.qq.com; path=/; secure, mm_lang=zh_CN; expires=Sun, 18 Feb 2024 10:29:52 GMT; domain=wx2.qq.com; path=/; secure, wxuin=281175185; expires=Sun, 18 Feb 2024 10:29:52 GMT; domain=qq.com; path=/; secure, webwx_data_ticket=gSdvuB+IdGPWKPHlAVRpW07+; expires=Sun, 18 Feb 2024 10:29:52 GMT; domain=qq.com; path=/; secure, webwxuvid=b0c1512a3960be8895dbe4551510255d0cc248729e8646ebcdfaecb069b63d37773c415ef903e0f07432f3a36c8b1ff0; expires=Tue, 14 Feb 2034 22:29:52 GMT; domain=wx2.qq.com; path=/; secure, webwx_auth_ticket=CIsBEKW8loANGoABYKq+vJf/F+rEAfg+FEACQNw9xx1lbpKOD1Eoo/dbogVCP210vDYNcoNUKzD7JWziOJN/QT/GHjOchpE1njO9HA4kQeej1usJ9LQd1ymifowGrWYoiHbJLs9dBZtG9HNSJInkAS1rZ8/W6BQR3GZz3aIFOdT4EwiPkmJ/wX0/OWE=; expires=Tue, 14 Feb 2034 22:29:52 GMT; domain=wx2.qq.com; path=/; secure])
2024-02-18 06:29:54 [WECHATBC_MAIN] : 已初始化微信信息:
2024-02-18 06:29:54 [WECHATBC_MAIN] : 用户信息:
2024-02-18 06:29:54 [WECHATBC_MAIN] : Contact(weChatClient=null, uin=281175185, userName=@babba6796a4419d932af1d64b6357574989b7f114d2fe28a3ca431fe463ff362, nickName=z, headImgUrl=/cgi-bin/mmwebwx-bin/webwxgeticon?seq=1895271812&username=@babba6796a4419d932af1d64b6357574989b7f114d2fe28a3ca431fe463ff362&skey=@crypt_c1a555a6_6ae92a7d627d5adcf78c65f51b0a014b, contactFlag=0, memberCount=0, memberList=null, remarkName=, hideInputBarFlag=0, sex=1, signature=已换微信 meteor1913103, verifyFlag=0, ownerUin=0, pyInitial=, pyQuanPin=, remarkPYInitial=, remarkPYQuanPin=, starFriend=0, appAccountFlag=0, statues=0, attrStatus=0, province=null, city=null, alias=null, snsFlag=257, uniFriend=0, displayName=null, chatRoomId=0, keyWord=null, encryChatRoomId=null, isOwner=0)
2024-02-18 06:29:56 [WECHATBC_MAIN] : 联系人列表数量: 317
2024-02-18 06:29:56 [WECHATBC_MAIN] : @38090e97f73eb7096609f792a5950377b7504db7b79a93933143f2dc8f7d2d08:扬狗爱cc🌬
2024-02-18 06:29:56 [WECHATBC_MAIN] : @de25334214dee132301f93265fe9d80c:源码阅读网
2024-02-18 06:29:56 [WECHATBC_MAIN] : @4f249cf1331a3f58f24aa4d3f62c0d239d292923749fa15b2bbef5988ce09a19:杰
2024-02-18 06:29:56 [WECHATBC_MAIN] : @03d1d76ec6b88102cc495b744177d48ff0bfa246c509242d672621e88d24498a:橙
2024-02-18 06:29:56 [WECHATBC_MAIN] : @dff74a7b13471bee7f72586e388017be:易博通eSender
2024-02-18 06:29:56 [WECHATBC_MAIN] : @9c40237efbbc0dc6af12b3653382b7350f4b40ba791d6a8bf156185d5cf07e02:AT
2024-02-18 06:29:56 [WECHATBC_MAIN] : @04797d121ddc387a863d0a270471b82efe53a1e22cdee14a414ba97dc1cb5f6d:玉宇
2024-02-18 06:29:56 [WECHATBC_MAIN] : @e52ee1273626441659f43a17e02f9d85906c717c28a8ea627677bca751925b36:朗月.
2024-02-18 06:29:56 [WECHATBC_MAIN] : @b95dfa28a77f46921a3e9d4a95f79ea5:超人
2024-02-18 06:29:56 [WECHATBC_MAIN] : @@ef6602330f5c05e30cf202276ea555f3b103e510efb5023d3a106626c97e7387:振森鸟的秘密
2024-02-18 06:29:56 [WECHATBC_MAIN] : @d2d2ec792fced9f3efbf286f920e479be99f56a0b629c4a23750d8afdfd42ed5:笙歌十里
2024-02-18 06:29:56 [WECHATBC_MAIN] : @ae3028678acd0fff190bb87f7aa330bfffbd58bb1c62f76f2e5eb8becdf3b43b:啦啦啦啦
2024-02-18 06:29:56 [WECHATBC_MAIN] : @c577565173fd2e68410c32634f4e7006e8943b8fbe8fedc78d8ef7ee47ef89d8:振袖秋风问红叶
2024-02-18 06:29:56 [WECHATBC_MAIN] : @9e220e040103fd03257a0f03f0346b066ab7afd17f88af98319cd3643dfdbcf9:p
2024-02-18 06:29:56 [WECHATBC_MAIN] : @9aba570d935020294aab195ce1ff2806c85af4ab9a80238585588feda1edcce3:平平歌(ᇂ ㉨ ᇂ)
2024-02-18 06:29:56 [WECHATBC_MAIN] : @56a3670697627696f4d889f3eccf51952b2b9dd2a1de21adc4268965e725078a:（～_～）
2024-02-18 06:29:56 [WECHATBC_MAIN] : @9ff94888a05387f916dd3220e80ccdca37f7001e07b2d090276b010525d0257c:A 中联电讯   郑灿伟
2024-02-18 06:29:56 [WECHATBC_MAIN] : @acf034d737739cbc97913a77afc9bc3a:wsice_肆
2024-02-18 06:29:56 [WECHATBC_MAIN] : @7e8d3180b9db29c2192f7b0b86b1b4b030c07d0e38d28e6b291daf50897ca323:Jammer
2024-02-18 06:29:56 [WECHATBC_MAIN] : @a1e0c90df018a5e887c526e4bb725b48:加一电影
2024-02-18 06:29:56 [WECHATBC_MAIN] : @9ad2beeab896f171dda46f8618f53183:广东建院消息
2024-02-18 06:29:56 [WECHATBC_MAIN] : @ede2022b2c0ff1eec427aec2a4459aeb7f9cff645be9be97ca82b2db1c563fd2:皮蛋
2024-02-18 06:29:56 [WECHATBC_MAIN] : @a41880ce313453156f2d33ac1cc52385810164c8895d5e2df271d798cd64a5c8:Ljh🤩
2024-02-18 06:29:56 [WECHATBC_MAIN] : @83a15c102097053c29d86713e90ce2109371b8e120fb3e22d1af1c88e0aa18ae:懒人
2024-02-18 06:29:56 [WECHATBC_MAIN] : @04493d0b4e27af129d0cc8e41c831244:该账号已注销
2024-02-18 06:29:56 [WECHATBC_MAIN] : @876e904781b887143ef9c13cebc794535e8d7b6fc8084f7060c7760a4908c041:はたけカカシ²⁰¹⁸₀₉₁₅
2024-02-18 06:29:56 [WECHATBC_MAIN] : @06ee99410b9afa8f47f97a022d492342ae175199cca0102701f0436f8fd353da:Leon
2024-02-18 06:29:56 [WECHATBC_MAIN] : @ca1eb035981a9a66641ea1b0b3fff30bfce118f42b4bbb684263eb685baf2117:/
2024-02-18 06:29:56 [WECHATBC_MAIN] : @074bd12aa1bb34b40088fe1aee8c7c66897ba0b9cd8712e2181f0db1db228b1d:胖胖的孙某人
2024-02-18 06:29:56 [WECHATBC_MAIN] : @6b1cb5b85c8136df96adcf8b56a74ff3a38297e625a4459bcd5f71981e981e2f:欣妍
2024-02-18 06:29:56 [WECHATBC_MAIN] : @110ddbd15e6e5f01c39d125ad099614e864c6a9340d409e55a152cf055c2efb0:buo
2024-02-18 06:29:56 [WECHATBC_MAIN] : @629d8d9a51151e83bb90dc6245d47e5bd9c5a2db55dc4cb003da42f4fb4c9199:彬
2024-02-18 06:29:56 [WECHATBC_MAIN] : @6f0edfedb42002e3452e94b73cc7f14ff917b26691743525b0bfaea316527615:莹^O^
2024-02-18 06:29:56 [WECHATBC_MAIN] : @2d8d9727ee7311d6f65cde00d8452f0f455998f6f1dbf99ac0eb026885c629fb:芜湖
2024-02-18 06:29:56 [WECHATBC_MAIN] : @4a71dfa03ac29932a7a54381106728a2def55bf405e7d5ec59f1e4a7ab6a2576:好运常在
2024-02-18 06:29:56 [WECHATBC_MAIN] : @975657b0d422d210a748720103eb32f1dd8331dfcf447551b151624988275a91:<span class="emoji emoji1f349"></span>
2024-02-18 06:29:56 [WECHATBC_MAIN] : @1f80a49aeaaa3b1d5c357d2074d2d6001b501bc37dabdf3f09de9bd47f891cde:冬天
2024-02-18 06:29:56 [WECHATBC_MAIN] : @10001f7ed9eaee455e720b50cae3cc6f39cfb08b54bbce359bfa133bd45a9c35:早川秋
2024-02-18 06:29:56 [WECHATBC_MAIN] : @114fef4172638e04613f5f125db04ab7ece55abf2584a35056f282cd9cb51661:K.
2024-02-18 06:29:56 [WECHATBC_MAIN] : @05422aa1eacc17b8594a2d67680fc17fac1bf680e9ba766011fb81a508e8b1e0:Solitude.
2024-02-18 06:29:56 [WECHATBC_MAIN] : @40abdce439774fb6c3caf2911d83fe57a7225a29bab68c35682466e3f07f6c10:月<span class="emoji emoji1f377"></span>
2024-02-18 06:29:56 [WECHATBC_MAIN] : @31949bf852658fbb81f1599618b548c6fb264d2b49dde7ff5aa39a9c45f6b8fc:以至于
2024-02-18 06:29:56 [WECHATBC_MAIN] : @8a3fb07534b379ed8e72e1a0f571f557b2e11207eddcab392aca23d760381b65:二友照相馆（总店）
2024-02-18 06:29:56 [WECHATBC_MAIN] : @090ea644763c20b3d5d9e58df7b22fc044399be6d82d07a45bba61f984bf1656:Z.
2024-02-18 06:29:56 [WECHATBC_MAIN] : @@117e37cc541540ef17e6b3675b83a7938b6b926597a52fafc9780baa439586f9:z,zzzsh
2024-02-18 06:29:56 [WECHATBC_MAIN] : @765ab3095899a8842d6ecd4e4818cc00:中国青年志愿者
2024-02-18 06:29:56 [WECHATBC_MAIN] : @3e6ea1c9ba413146baafa0fc05fc589fa33ef78716f97c371f5ed8413e69d790:标顶洞人🌝
2024-02-18 06:29:56 [WECHATBC_MAIN] : @b89628ed35c3abcdb9cf4be8bcd5f5077e4682633efaf2962d2a23afe1cc0984:Rebirth
2024-02-18 06:29:56 [WECHATBC_MAIN] : @1611e8d4b842400c272def50d54c7b07cc967a10b1d41bc9c05f6233d795dffc:Sam
2024-02-18 06:29:56 [WECHATBC_MAIN] : @fa425562cbd5c7ee05b0a4259b51536e2462d9305d1198568e3ed5795e3d5c39:Yuuki
2024-02-18 06:29:56 [WECHATBC_MAIN] : @c281a1de086c6a060543c3b1d51ef458:网易UU加速器
2024-02-18 06:29:56 [WECHATBC_MAIN] : @6fa441e4c29ed66c61e11fcd69a33b14b5e4d275ebb5ac5e60bb50aa51a05859:王德发
2024-02-18 06:29:56 [WECHATBC_MAIN] : @@2aa2611e08f26558e6e59c734566403539dc1774be96fb8664aceb181d391481:z,广州鑫顺  专做美系单项件,zzzsh
2024-02-18 06:29:56 [WECHATBC_MAIN] : @30938d6ed477004f3b76eba9dd535ee8:沐沐热喵
2024-02-18 06:29:56 [WECHATBC_MAIN] : @0e6b4e70f5bc589aa3a8097109ed53478b2797413f4b6ccb5baa574c9195b770:Arun丶
2024-02-18 06:29:56 [WECHATBC_MAIN] : @2b739ee7e2bfea192ae30c6ebd12981235391d92e082474e10d6fb72583ceb69:星光
2024-02-18 06:29:56 [WECHATBC_MAIN] : @2d3d71c9859869f2be00f16c1f67fd60:志愿者
2024-02-18 06:29:56 [WECHATBC_MAIN] : @6f412c09c7127df20066a4ec86cf2423:电手
2024-02-18 06:29:56 [WECHATBC_MAIN] : @045d46e2331c6c3aa7e3d2709d01fc11ee3f5dc4e94defdf445017306cf7d57f:A-河北祝江机床韩冬晓
2024-02-18 06:29:56 [WECHATBC_MAIN] : @61005e1931d39831622e804f000c818f:外卖卷不停
2024-02-18 06:29:56 [WECHATBC_MAIN] : @5a5e0bfbcf032afdb5ad071da15dfdc8:平面设计狮
2024-02-18 06:29:56 [WECHATBC_MAIN] : @54747133bb6c55cab42d1852bbb8a95f177004216c305db8c39fbbbccef61c9d:🥷
2024-02-18 06:29:56 [WECHATBC_MAIN] : @ca7fccdcd5556b9dfcef100581767c4d:潮职校园通
2024-02-18 06:29:56 [WECHATBC_MAIN] : @cb5e87477c493aed33f2958611141478a031d30c5fa5a64fcddbc3e47f2131e0:春雪
2024-02-18 06:29:56 [WECHATBC_MAIN] : @cafbaebf384599e506db27501f2536595a705ecc0677459b5347881b1509c56d:木川金
2024-02-18 06:29:56 [WECHATBC_MAIN] : @532ff7aa894afce90247f5615ea632cd:治愈读白
2024-02-18 06:29:56 [WECHATBC_MAIN] : @42eea5e0443126a0923e8bbd06cf8741d05e69b4eeac0743f9c95e04d9970c5b:G
2024-02-18 06:29:56 [WECHATBC_MAIN] : @8163abc30ea6b6243f16eb3a43a6e771:极简博客2022
2024-02-18 06:29:56 [WECHATBC_MAIN] : @11980dcb797d7ebc69bb6f6acbe53c5c:琪琪
2024-02-18 06:29:56 [WECHATBC_MAIN] : @94ba56b090e745765ad729e23bf4e9498fd62b36221182978354ed74f9597384:Blank077
2024-02-18 06:29:56 [WECHATBC_MAIN] : @63d08b6f3e3ce453fa392f148bcab275453ffb1d8dd7128ca13ca89d041970ef:熊大
2024-02-18 06:29:56 [WECHATBC_MAIN] : @3735ca557cbfd6993f2aad86762265ce:zl     <span class="emoji emoji1f4a6"></span>
2024-02-18 06:29:56 [WECHATBC_MAIN] : @d765db78714edd9295058a7a5fbe65f86a0f5a31d3bca38fe2e01464bbf179df:sam
2024-02-18 06:29:56 [WECHATBC_MAIN] : @5d187769d14b95a3afc93dc5cca5ae0738ac860c31aab0a620105d297cd1d0a3:2z
2024-02-18 06:29:56 [WECHATBC_MAIN] : @353361f2fed5a19965594c5afa97e0f8:泡泡加速器
2024-02-18 06:29:56 [WECHATBC_MAIN] : @015b560f83c56411e8f814541c9759fd:agiso自动发货
2024-02-18 06:29:56 [WECHATBC_MAIN] : @bebaca6e05860668434d4bb3b16f21d85c68320f318dcc8d2d744964c487d9fb:AOO࿐努尔 诚信经营 花呗金融
2024-02-18 06:29:56 [WECHATBC_MAIN] : @e8202c722077c78b8a787f53e922a792eb29702148ce1395cd73f200cd28e430:只手摘星辰
2024-02-18 06:29:56 [WECHATBC_MAIN] : @4559b3e4e1dbc99cee732b6b69fa07cea219edd84128ee9066fbf0ac61b07f43:要好好吃饭
2024-02-18 06:29:56 [WECHATBC_MAIN] : @b7b3601ed3f54a476d351eb58e318e071e2ba2843ec10ffae8b2fcc28387eaf4:.
2024-02-18 06:29:56 [WECHATBC_MAIN] : @f22e075afc4b2ff9dc6898ed3077aeb0715e021dc4f4d26b8aa58b810e490dd4:顾玖
2024-02-18 06:29:56 [WECHATBC_MAIN] : @6090870c593f185d20f85384fb23953f:7477游戏
2024-02-18 06:29:56 [WECHATBC_MAIN] : @6d233cd700eaabbf79ab7684bfc1e5500896d3fc6c506989974e95f09937ca00:AA - 手机电脑 回收 出售 维修
2024-02-18 06:29:56 [WECHATBC_MAIN] : @c5f4d7c07cdb27f40a7ce0c5d3cc2ca0:腾讯成长守护
2024-02-18 06:29:56 [WECHATBC_MAIN] : @35c15311066495998c0dbae6adf9a260:海豚网游加速器
2024-02-18 06:29:56 [WECHATBC_MAIN] : @9acb7000c4a3b5eaf2d2d8249c74f9610fe7ae4be1641d6cdb859caad033dbd7:BLUE
2024-02-18 06:29:56 [WECHATBC_MAIN] : @546b30ca4cf9579feedfc63056be632f:泓记
2024-02-18 06:29:56 [WECHATBC_MAIN] : @8deab34f93d4a9925723212cf1d560108eec81d79a9b318979460658e96b8b79:Diss8c豆
2024-02-18 06:29:56 [WECHATBC_MAIN] : @da704783e55f009433efe5ba389c7ba15ee82c41db804242c80a2298af26ce32:白云飞（只二维码收米）
2024-02-18 06:29:56 [WECHATBC_MAIN] : @fe4bef23cfe4e7bc622b2c76310fd0646108cba23908d468828258035e548e66:宝藏
2024-02-18 06:29:56 [WECHATBC_MAIN] : @e53a797e0dd4732fb66d66630008b4e3c2a0b38fee686c45baa781de0202b0e1:岁月无声
2024-02-18 06:29:56 [WECHATBC_MAIN] : @5fb513f30d165ac5f2cd04a3b7b6a6c1:特摄驿站
2024-02-18 06:29:56 [WECHATBC_MAIN] : @6a8107df1e97f0c29b2e5c3befc9b460:GoLink加速器
2024-02-18 06:29:56 [WECHATBC_MAIN] : @642fdebe73314140daecffb659e19fc555a59f854a6a572b5e00efedd4aa7ed9:拉勾为什么要上吊
2024-02-18 06:29:56 [WECHATBC_MAIN] : @9293d9924e8c69dd51e45221752118a1b1cbb9c868cc66e8c6712a1bed5429bf:晚风
2024-02-18 06:29:56 [WECHATBC_MAIN] : @8a1195e1df7f89f530dd75cc98b64654:魂之乐享
2024-02-18 06:29:56 [WECHATBC_MAIN] : @22bc96d3102b9fe0c6ff63a5913f2fb9ad528a80d2eb209e1d0d9e7a2b3cbb79:汕頭15815040195
2024-02-18 06:29:56 [WECHATBC_MAIN] : @bd2c58f0c40ddde705cf01c5bdbbd055f0cfeecbd95db92ccc749a0c09cb84c1:ᥫᩣ.
2024-02-18 06:29:56 [WECHATBC_MAIN] : @540bde616248a8c7b450a199784e9db5:辰东
2024-02-18 06:29:56 [WECHATBC_MAIN] : @3bf51debb813d4f0d3bda6fe79988e074e96d78c9dc87db3141bde00025801ea:杰
2024-02-18 06:29:56 [WECHATBC_MAIN] : @4e68f9df6e92909f2f1e238a820108b75eb177f294de97b914cbddc0a3dc717a:等一下七月
2024-02-18 06:29:56 [WECHATBC_MAIN] : @077f935cbdc03664771471c0ce856d46e300ad6cfabab48cffdce66f0ab6cc57:大月半冉子<span class="emoji emoji1f43e"></span>
2024-02-18 06:29:56 [WECHATBC_MAIN] : @3a986609fc1a80d5a56fd12eb6e7d2cdb5326ff11047a2434944dce915a6bb51:a大白胖
2024-02-18 06:29:56 [WECHATBC_MAIN] : @461d292904a6a5f44007ab8f18df267e:小呆加速器短租
2024-02-18 06:29:56 [WECHATBC_MAIN] : @2f6131d03f31865c5dc924c102fc0434:外卖券摸摸所
2024-02-18 06:29:56 [WECHATBC_MAIN] : @d0894a701d91753cf811fcc8d00d5413c6882bc13cdeecd0adbef4e61a06f586:老细肠粉甜品小吃1号店
2024-02-18 06:29:56 [WECHATBC_MAIN] : @da9fbfe86945c5d0887ea6105b483bbb:Joker.
2024-02-18 06:29:56 [WECHATBC_MAIN] : @13e2a5e85059dc71aede163895a4584cecdee17c42ec49031b600b9955783c5b:白胡子
2024-02-18 06:29:56 [WECHATBC_MAIN] : @53b268c3478611b3b4041166ee47f130:中职生
2024-02-18 06:29:56 [WECHATBC_MAIN] : @0c5b2d0615127939cf602eec24fb3bf531ccf13976003a7822254c3afd68ce43:JW<span class="emoji emoji1f42f"></span>
2024-02-18 06:29:56 [WECHATBC_MAIN] : @c35e54f46e0d9f788aac68d5f21023726c425122e026f0086b894c88790f1074:小花
2024-02-18 06:29:56 [WECHATBC_MAIN] : @a35f4dcab4c5e927aa8a0d9d3118a736:酷猫电竞网咖联盟
2024-02-18 06:29:56 [WECHATBC_MAIN] : @ba52dde35a833c807e75aa654f400b14f90fa418a81073b26c3377cd36bb5ea9:zzzsh
2024-02-18 06:29:56 [WECHATBC_MAIN] : @c3efaa1434aced068ce0c9bf286954c5c828d667313ed6f7433a2fe105871024:莹^ω^
2024-02-18 06:29:56 [WECHATBC_MAIN] : @4113862fc5b6cf8d17f564fc1222a96cb065a02701c9fcf73d2cd5240663aa8f:太白
2024-02-18 06:29:56 [WECHATBC_MAIN] : @229807efeea575663954f073e1597f8bb7911ae8b108e3b0db4e663eb1d64063:xzt
2024-02-18 06:29:56 [WECHATBC_MAIN] : @3276047bb637b9e67385b6f8623bbcfa6de71dbcd2c4f026b49ab1a31badd5ef:ིྀ
2024-02-18 06:29:56 [WECHATBC_MAIN] : weixin:微信团队
2024-02-18 06:29:56 [WECHATBC_MAIN] : @688f148b9ca71e954a637f6102a02c271f4bd403ef675de5fef909217d716939:LIN_HH
2024-02-18 06:29:56 [WECHATBC_MAIN] : @b4d3944e93a64d26206113d7e2224930:NS大玩家
2024-02-18 06:29:56 [WECHATBC_MAIN] : @6e7a760bdf24473cf3c9bac1bb1483476fced4a5ad338b54abec292549f1bba8:　　　　　　　　
2024-02-18 06:29:56 [WECHATBC_MAIN] : @a1f46875fc809a5cffb3187312231ca5:怪谈胖胖女
2024-02-18 06:29:56 [WECHATBC_MAIN] : @f8e5372f431a55ea92cf31a99383a1927952d92f162b43911ff8fa81069c7c5a:Z.🧸
2024-02-18 06:29:56 [WECHATBC_MAIN] : @9dc68f085ee2bf154edbb76806cef1b2:情侣CP
2024-02-18 06:29:56 [WECHATBC_MAIN] : @89de6eec88e711c2962c03b106adaf3671a24727ecb439dae74d7bd451509c19:小鹅
2024-02-18 06:29:56 [WECHATBC_MAIN] : @7b87298c371ea02c70c69b0f6c813675b87a28cd9e91ac99ca9d4246a66191f4:.
2024-02-18 06:29:56 [WECHATBC_MAIN] : @89ef76ff8ee8deabe39fa6712f3fa791800f20e327fbb196d6ee9de6022628c3:A㍿࿐黑人校⃣長⃣ゝ诚信服务
2024-02-18 06:29:56 [WECHATBC_MAIN] : @287d884baadc36b49664c9c5d8f393ef675a92c7a0036de640f4457e8b1473bc:彭老师
2024-02-18 06:29:56 [WECHATBC_MAIN] : @c8be5747f6a0d1bff255b6e9dbe6d03f6f788e6ba7fc044e301694a828590070:寿～
2024-02-18 06:29:56 [WECHATBC_MAIN] : @f96b67eaa9bc69bcfa77a21e59239a22:中国移动10086
2024-02-18 06:29:56 [WECHATBC_MAIN] : @bcbed03960e4d327b3a15b2f4fa696f1:京东白条
2024-02-18 06:29:56 [WECHATBC_MAIN] : @e315fb16afe5b17e94652622992b2ce262f08ccede8a4ebc7ee9aebc40108100:借我一秒钟
2024-02-18 06:29:56 [WECHATBC_MAIN] : @fcb03d43c58e95265d424244d0fa2db2:三叔软件
2024-02-18 06:29:56 [WECHATBC_MAIN] : @4886b2f7d7fe6b6d7dd08d73cd55ed1620a998ee968fb5e9984ae4b23c2ff72e: 繁華若夢
2024-02-18 06:29:56 [WECHATBC_MAIN] : @b039aaf48403c0137238ab47a1465e10761f5c29a6892c345c4136234c2b6221:泽玲
2024-02-18 06:29:56 [WECHATBC_MAIN] : @4d759c85249850fc7be3f4296dd6a4db206a90edbab1b728c00ae68591d68b67:山海
2024-02-18 06:29:56 [WECHATBC_MAIN] : @8bdc52705032070207832979408a5602:熊猫加速器
2024-02-18 06:29:56 [WECHATBC_MAIN] : @caafe813b5ebebf85c576c859911753902c05e2a30f46a4fd398738eb924979e:汉英
2024-02-18 06:29:56 [WECHATBC_MAIN] : @666ed6dc06848a1de31c24fd850796313d188ebad8447727d714133bd45cdbb8:ㅤ
2024-02-18 06:29:56 [WECHATBC_MAIN] : @b46805c120d7c26970a424fc2c77cf9e:微信支付
2024-02-18 06:29:56 [WECHATBC_MAIN] : @c4d11cb81e1249f8d3b6afb3b7b07f0026440662f6a4a0a0b9b27afe62d2bf22:+🥚
2024-02-18 06:29:56 [WECHATBC_MAIN] : @866829aec6c621dde2cebf0893aedb825287f5372943caed1b728ca83f27dfeb:.
2024-02-18 06:29:56 [WECHATBC_MAIN] : @fb460dcaca966938a6758ffe477a55308b6fdc53096d775ba5336db9df71cf2c:譚咏麟
2024-02-18 06:29:56 [WECHATBC_MAIN] : @e2ee0c2cab6711f9cf001e00ff9b1eaa:CG游麟网
2024-02-18 06:29:56 [WECHATBC_MAIN] : @5514610b113496f39cb23330818aacb52ecec42b813f34b590685f9850880ff8:【千浔】Ms.傅
2024-02-18 06:29:56 [WECHATBC_MAIN] : @6f2f2a48a9fc5034dc570960cd335a8294ee74ed5042be309484c0ccdfc562a1:九
2024-02-18 06:29:56 [WECHATBC_MAIN] : @bd92c4cc35d09b1d4bd4187c2f6653ec:腾洲车行
2024-02-18 06:29:56 [WECHATBC_MAIN] : @bc673efc3bb1141c079914733dee49c4f37943a79acf58d28c6c2e90afbe3be9:江尚
2024-02-18 06:29:56 [WECHATBC_MAIN] : @b807dc3478933b824137adb30ed68ab15ba0f593937ab77fc6e22c4e8bb2bd75:.ayu
2024-02-18 06:29:56 [WECHATBC_MAIN] : @9c2f33fa675f0952465db4ef7b8f82f4168972a220b2695e243b2ecba72dd8b1:O.o
2024-02-18 06:29:56 [WECHATBC_MAIN] : @24711e559b45acd3362577e55ffe41d2:php中文网教程
2024-02-18 06:29:56 [WECHATBC_MAIN] : @b2567b9139d23312e135c7cd6fdd0b3e0f1f0353427e3dd1ce151b9a4ff0def7:木木(丽丽）
2024-02-18 06:29:56 [WECHATBC_MAIN] : @0c1f0dfd1442c6c728350b1505bc8bb45792c0f74d0b8a1c6e1cd2eb7a178253:区冠贤
2024-02-18 06:29:56 [WECHATBC_MAIN] : @d66fc5b04cec2e05f99517c3afb652dd:小智LOGO
2024-02-18 06:29:56 [WECHATBC_MAIN] : @eb75bea1017c2770fd5211f96c469db0944c16b2fccccd3eea132288717c5a2d:陆景桓
2024-02-18 06:29:56 [WECHATBC_MAIN] : @8b0f98c6669529e020a0a2480f51965f7c345da3c1cc448413ad32ca476ec730:远
2024-02-18 06:29:56 [WECHATBC_MAIN] : @efac60f6243c55764d586f4cd167ed684dd87da7c04bf8682b3cb9d8978940e5:xh
2024-02-18 06:29:56 [WECHATBC_MAIN] : @a634ea1725af9a739314e9b90f95a184f4f66616029cbc6bd5507185b158e7ec:若瞳君子
2024-02-18 06:29:56 [WECHATBC_MAIN] : @beb58e9e2dc2a1c7970b5b6107b54a80a06a51437068463b1e241c5b70a5d391:A0༒六子༒ （诚信服务）
2024-02-18 06:29:56 [WECHATBC_MAIN] : @af5e2d53dad44be52876c88c2390a7f9300e9bc4f628105338200d7822a8a8eb:黑夜诗未
2024-02-18 06:29:56 [WECHATBC_MAIN] : @b507dde1e9139ef394d10a06cc966c026fa6fdb13617e9d53c7e1f44d8360202:H
2024-02-18 06:29:56 [WECHATBC_MAIN] : @5ceca7e10cf7fa9d870cfa478ab9cc47a6434273d4416474e1f3cf9c51a8d3f0:Aloha
2024-02-18 06:29:56 [WECHATBC_MAIN] : @b8440d1e684e6cb3cc776bf322a4bb20:互联网品牌官
2024-02-18 06:29:56 [WECHATBC_MAIN] : @7168d74ab7a0515a6137c236d4cd3ce7:汕头人社
2024-02-18 06:29:56 [WECHATBC_MAIN] : @58af0ccf33d5292a2dbb4b8caee7f1d06d502d8b5022cb1e27ae081b897bc577:鱼七七
2024-02-18 06:29:56 [WECHATBC_MAIN] : @1d90967a0d15c9453514ee0816424c55cee11ef6cd8f4b0b892d5d1512b24894:今天想我了嘛.
2024-02-18 06:29:56 [WECHATBC_MAIN] : @ac3b081a5a0ed3203e5d8a493969d474852bd1455b75991a63b8c8014a53aa11:董不懂
2024-02-18 06:29:56 [WECHATBC_MAIN] : @@986640ef1595fb939fbda9b8f9fbc208344190239326071316efc9bab750ca97:森鶴教堂<span class="emoji emoji26ea"></span>
2024-02-18 06:29:56 [WECHATBC_MAIN] : @a0b296952b9efb6b3d0bee65840e3dee228b3ae12b44a2051e307af3fce76b92:<span class="emoji emoji1f631"></span>ི<span class="emoji emoji1f60a"></span>ཽ周晓明
2024-02-18 06:29:56 [WECHATBC_MAIN] : @3655eca027fa24058d901725f969b0cf54fbab1cbdf69e44603b928b0ab1d55a:小宝
2024-02-18 06:29:56 [WECHATBC_MAIN] : @f7bc535a6e2968eee312fd2a5645fe2d:吃货特权卡
2024-02-18 06:29:56 [WECHATBC_MAIN] : @75ffd9fe7221c0100e032578142602638285011db5cf2d8b8636e2504528a610:Jeff
2024-02-18 06:29:56 [WECHATBC_MAIN] : @cf08cd30926b886bd7a38080991373619b65d110c06aeecad2ceab18974cdfd6:娇的名
2024-02-18 06:29:56 [WECHATBC_MAIN] : @be2fa1e693b22fc6f8a32c3938d05cc9e4d1b62bcc9044158cfb9bf030f8a221:汉宫
2024-02-18 06:29:56 [WECHATBC_MAIN] : @1b4593a6359ddc831d30506850d1a8c8097569254bdcdae4cf5ed2c4cfc7dbcd:🧐
2024-02-18 06:29:56 [WECHATBC_MAIN] : @08a3475ff4cdc4e2c68e60c8f119cebc:天蚕土豆
2024-02-18 06:29:56 [WECHATBC_MAIN] : @6c015f5a15bcd30afa56b58bc320dd3ee151b0757356107d04753ef25f5bab56:<span class="emoji emoji1f525"></span>Sparks
2024-02-18 06:29:56 [WECHATBC_MAIN] : @7f95a166818d357015621564fae53b54:鲁班大叔
2024-02-18 06:29:56 [WECHATBC_MAIN] : @6164ff0d08a3eebd841a551269c990fac5ad993c6a746d852d078a98d3eb1ca1:。。。。。
2024-02-18 06:29:56 [WECHATBC_MAIN] : @2fbf771e9b25ec2067a3954832595f1f9f5c5ee2c5c63f0f68a2092c7bc42bbd:Peter烁
2024-02-18 06:29:56 [WECHATBC_MAIN] : @56a79f13c40257945ac9779fa3fef8ee3080630698c77bd46ed71ff6f56fb49b:A春3悠慧多多<span class="emoji emoji1f389"></span>
2024-02-18 06:29:56 [WECHATBC_MAIN] : @539b789df35cda4403c5689bb7c371750e9c2ac9bf92d83274f69a63d99bd07a:-
2024-02-18 06:29:56 [WECHATBC_MAIN] : @d17389a8b38a00d2dcc0b510d951227cc7783e4ed396d698c69d4c84a8dbe20a:樱桃🍒
2024-02-18 06:29:56 [WECHATBC_MAIN] : @5dbbd025a5fa264dc75cd49366a7f864dbd078aa3361dcf40bc3aeebb193f2a2:威廉
2024-02-18 06:29:56 [WECHATBC_MAIN] : @cfde7fc3412665e40ec1bda2b500090a2eec8c6e47f90492194be0e68c7b1fa3:XOYUFI
2024-02-18 06:29:56 [WECHATBC_MAIN] : @01cf9dba199854977d02c767372a6650d18003fbbbb7608fefa65c64920f4506:AIm.
2024-02-18 06:29:56 [WECHATBC_MAIN] : @b0c85044682085edb904d1310d581e2fd5edbc9e1da296f55f86338a8a7826dc:C.
2024-02-18 06:29:56 [WECHATBC_MAIN] : @05dbd341b0dae8ea4bd62daf8e64d7abdd83fdd52d21da4bcce84a779399ecef:Nefia
2024-02-18 06:29:56 [WECHATBC_MAIN] : @797c992e448e5369fe54c73eec35e000b02fc7d4c5b844801942bceb18b5e567:  
2024-02-18 06:29:56 [WECHATBC_MAIN] : @1b1b730d945cb05726defeb9e16dd917cc0a03eebcf0c544377d69b6117cb584:aJin
2024-02-18 06:29:56 [WECHATBC_MAIN] : @28efff89a4591b67a31a59cb636da849cccb28a871b3c0b8ebe41032ef02a71d:1
2024-02-18 06:29:56 [WECHATBC_MAIN] : @b419e2efc7659ed3239854172cf06b93:异次元APP软件
2024-02-18 06:29:56 [WECHATBC_MAIN] : @83c65878633c5e5672755b1978197e02068e4c59786591cdc6349eef4124b5ac:福🦆
2024-02-18 06:29:56 [WECHATBC_MAIN] : @efa6adab8453be31d33a78ca47a60806:抠鼻子Kobez
2024-02-18 06:29:56 [WECHATBC_MAIN] : @d16bbdc30d5cf6ec355afd6a4df4e504fd29578cfbcb0275cf9080bfeb815f65:瘾
2024-02-18 06:29:56 [WECHATBC_MAIN] : @b9acc0964df1bb36a202addbb5cb08e094e13148cdf175eaf57a61a4767df613:ㅤ
2024-02-18 06:29:56 [WECHATBC_MAIN] : @a77aca52a75fd613f36ba332eee56c4ccc9e4f8500b8f59751394a0901ae59d9:22
2024-02-18 06:29:56 [WECHATBC_MAIN] : @f4bce60d330fec65e600ab360be7ee6acca09655d275d06120be9e8d6e46a24d:hor1z0n
2024-02-18 06:29:56 [WECHATBC_MAIN] : @aa703696c2c607d9b300f2bad51d7fd3:电脑那些事儿
2024-02-18 06:29:56 [WECHATBC_MAIN] : @d69621aa91fed9fd349d49e32ef626eb:卢家妈妈 西餐厨房
2024-02-18 06:29:56 [WECHATBC_MAIN] : @e844d5ea40cd1b601dd08a0bf311ec3ae1595d0de0f09142dea0a343b01595ef:...
2024-02-18 06:29:56 [WECHATBC_MAIN] : @e420e0d95a1e10172de2639bd931413dcc71abcfb6a23c97418d8df1a1ed472e:Boy。
2024-02-18 06:29:56 [WECHATBC_MAIN] : @a9cf361b28dd4340848969b31ce1132870e5077f70878bba72df4d0e1c560518:文人武
2024-02-18 06:29:56 [WECHATBC_MAIN] : @b05129ff0bbf7889775d99f89380b0889b37ec85e8cc071f387f3e4f12292984:微笑的高圆圆
2024-02-18 06:29:56 [WECHATBC_MAIN] : @ce62e645b07a2280f20e042d3b38e9b389a0de909a31983b2dc85a35755f9967:A_ ZikX.
2024-02-18 06:29:56 [WECHATBC_MAIN] : @ee488aba92edf23b4c6b9c2ea95f7b97622ea4b35b9bdc82bb3451b6e0efb81f:木讷
2024-02-18 06:29:56 [WECHATBC_MAIN] : @ff0ebd0beaea726c1c5320708812d72ed6546da53d4d6afbcb59dc3681a8958f:H
2024-02-18 06:29:56 [WECHATBC_MAIN] : @b718c279be356b1e72620068e15ab1131e278b2208cd27b8be0b86280db08dfa:韓
2024-02-18 06:29:56 [WECHATBC_MAIN] : @c858aff73f5bb7f2d5d3fbf9db3e1e7c554ce9c6bb6629cf81b73c0152bce4e8:Sherry
2024-02-18 06:29:56 [WECHATBC_MAIN] : @254525072244f188262c0af7bbc451801144b0bae306f3187ea81dbda8146a0c:怎么取一个正常点的名字
2024-02-18 06:29:56 [WECHATBC_MAIN] : @d88b1e562cc04bc5296da35c993f2a02:后浪俱乐部
2024-02-18 06:29:56 [WECHATBC_MAIN] : @2db88aca0b143fc768d876a4bfe396848a58f335d37f09b4c4234e0fe4438c14:Mog.
2024-02-18 06:29:56 [WECHATBC_MAIN] : @5a1f4fb26653e219ec53709292677a015a05a0a1a4502d7dc5e4953ec141d054:NOBODYLIKESME
2024-02-18 06:29:56 [WECHATBC_MAIN] : @5c2b8216eedb46b735a6fc1e52dacc0eba3c0398497360ff3138bdfa1577e988:老爷保佑
2024-02-18 06:29:56 [WECHATBC_MAIN] : @40f815824e7dfcfbf8e1b2a08cb165e5060f9097b1e42ebe5c1c3b0104285c17:DLx
2024-02-18 06:29:56 [WECHATBC_MAIN] : @facc3f5cc35b6c8d52123e557b173da2a6f855b284c7db1286b5e2d240cf04c7:碎星辰<span class="emoji emoji1f1e81f1f3"></span>
2024-02-18 06:29:56 [WECHATBC_MAIN] : @03ee4859c9616e8fe27188863e53460a016be389cbf24f62c94cd3c1c8b424c4:鱼莱新鲜小超市
2024-02-18 06:29:56 [WECHATBC_MAIN] : @3fe3c0befccae63fc033f01d77394fb93c63239898b545e30c05da86032a8944:Rime
2024-02-18 06:29:56 [WECHATBC_MAIN] : @7ed03204614db3ad9c9a87bb9bb61e860e673cbe394b45e5773c70191ee4e787:独人13
2024-02-18 06:29:56 [WECHATBC_MAIN] : @70ec525db09b2f6a7213eadb9d8393cdd95eeb01063a8c86457bb8b721c42b02:干净
2024-02-18 06:29:56 [WECHATBC_MAIN] : @6bad060f6702500814707b0a94d1d63c825183c013940c51b2b4402353c47101:Nachanka
2024-02-18 06:29:56 [WECHATBC_MAIN] : @18e96dfe22bab8eb7485bea76a0959a7:布晴LIVEHOUSE酒吧
2024-02-18 06:29:56 [WECHATBC_MAIN] : @6baa207e4e8f7c0a32d75086da20848583534cd9ba4b8aebf1d2c16e14f884c3:香奈儿<span class="emoji emoji1f42d"></span>
2024-02-18 06:29:56 [WECHATBC_MAIN] : @2d01a3dac23f9aa53fa852335a9d386586b70c7de2df988e0ca36acf5f4fd6a8:你滴男妈妈
2024-02-18 06:29:56 [WECHATBC_MAIN] : @23474c0caa939a188f02727e7e88f62b:平颉机械设备13223903675
2024-02-18 06:29:56 [WECHATBC_MAIN] : @3cb93e489450f73371aff9e985cdc7c113b979a3ae2511b9ccf780e2647e910b:培
2024-02-18 06:29:56 [WECHATBC_MAIN] : @b8c62ac9668683a3c8cb6d7f3a761776:老廖
2024-02-18 06:29:56 [WECHATBC_MAIN] : @3a666be51b96f772d55b71076ac11d65e04524dcb0e58bf47ee51ba37c68be80:₀₃.
2024-02-18 06:29:56 [WECHATBC_MAIN] : @e3a3d1d412b0540ba0d6d4938c4fa1873031ff063645946db37164f96f119c5f:Oneone
2024-02-18 06:29:56 [WECHATBC_MAIN] : @f6a5415af5929d70c4039d82d2ee0c1822d0b0ad5e9193baa27f48c1dfc20761:广东青年
2024-02-18 06:29:56 [WECHATBC_MAIN] : @83d4b8fdbae3c5f0921b447abd50e7b32506c2a12beb700aa7625799a940deaa:<span class="emoji emoji1f525"></span>
2024-02-18 06:29:56 [WECHATBC_MAIN] : @ae9817581a6aec5195e16f9fd60affee6f6be1c50725f2acf0f06f39136a2f25:湘橋春漲
2024-02-18 06:29:56 [WECHATBC_MAIN] : @ff63693b06429e4e0f6e18eb0f81057b:热门精彩阅读
2024-02-18 06:29:56 [WECHATBC_MAIN] : @13e7bf233eff2cd236477dffae3e2fcac5ac8affa5588ede92a77d838f62e99f:SOYU
2024-02-18 06:29:56 [WECHATBC_MAIN] : @f577fbab3a61082384f03bbcb05f4aeb529d4690db75f363d32ae29b5f147260:D。
2024-02-18 06:29:56 [WECHATBC_MAIN] : @e22ef4382cd71e3565b048042227cc093b3d7b092d5cb66e4b0a4153ffb09349:<span class="emoji emoji1f6b9"></span>
2024-02-18 06:29:56 [WECHATBC_MAIN] : @d82432ef9fa9bdaafd796582d0dd66ed4832a27086a991dde670063a0e866917:Sleeeeping
2024-02-18 06:29:56 [WECHATBC_MAIN] : @d65816f630cd3e4142113ce2a66792c4993496a80d62d41980714a41666f9c6d:Coast（2.1号放假-2.19上班）
2024-02-18 06:29:56 [WECHATBC_MAIN] : @4710306e13805da2f08437fd87b57290:该账号已冻结
2024-02-18 06:29:56 [WECHATBC_MAIN] : @c19828528c76395fce0469beffcf6770:广东建院
2024-02-18 06:29:56 [WECHATBC_MAIN] : @1708d7875025bff68eafcf45f8c4080c:别算科技
2024-02-18 06:29:56 [WECHATBC_MAIN] : @d3e059c48278ce0581b59af0eb093d07:便利店艺术家
2024-02-18 06:29:56 [WECHATBC_MAIN] : @d69156dac05122788c5791939142718cec40925ac4d6eedd5cd77d68b6c98aa4:Cory
2024-02-18 06:29:56 [WECHATBC_MAIN] : @b0c182dc096f09f7c7e42c26de2d36744181ff55abf50bc877d21aa4ddef1466:SuriYan
2024-02-18 06:29:56 [WECHATBC_MAIN] : @7437d3b640eb4772c127730920c87317f399fbf9996829935c5cdb007e2bf7ea:远晏
2024-02-18 06:29:56 [WECHATBC_MAIN] : @087968cae39cc686a77b86dcc0b0aa83643d7efe86a24c23fe042389e5e1a1e6:光星网咖 (营业中）
2024-02-18 06:29:56 [WECHATBC_MAIN] : @ab9d5d2ddb25df37b6d3549ca3625153f9e64e7a8ecbaa5b23d4adae95e32ef6:听岛屿.
2024-02-18 06:29:56 [WECHATBC_MAIN] : @f4a874f0f5ac238dbcdea3b96f3dc0e868a4e03a535df9802ba5873505730225:羊妹妹. 💭
2024-02-18 06:29:56 [WECHATBC_MAIN] : @73e4fe26b07bbe87df00246fb26de95640ac784255e185ea94f48a4f22d8413c:两英微帮信息推广网1
2024-02-18 06:29:56 [WECHATBC_MAIN] : @efb639b961e1fd0ebc915fbc9a9c351396034fc74c235cc22700ead6bf790de7:失忆
2024-02-18 06:29:56 [WECHATBC_MAIN] : @6a82c6df46ae499b6711966c4a0df0d3432d78f65e63f8e6ced6c85e5571521b:ღ火炎焱燚ꦼ
2024-02-18 06:29:56 [WECHATBC_MAIN] : @5420c7207423de22fc031b8cb5ee3ebf2c345e8fb36ec1d50c3b1050d3eb62dd:qi
2024-02-18 06:29:56 [WECHATBC_MAIN] : @36736a5ca92c0326870c07642947ed250c7c7dcf49c2c60becf6254cb2b5a679:-
2024-02-18 06:29:56 [WECHATBC_MAIN] : @dc3b15f7c8db20ad109d38f22c884b35947b6e4864ec16e1f31100e13ae1f57f:木迁
2024-02-18 06:29:56 [WECHATBC_MAIN] : @30f27c537f4488022971e91fb8eb9269:蒸汽游戏
2024-02-18 06:29:56 [WECHATBC_MAIN] : @02db93f2e33b7f522854fe63062959f3a5d17498f4c911f1b0a4908ec238a8c5:莹^O^
2024-02-18 06:29:56 [WECHATBC_MAIN] : @a04eef2a6ae684fe0ccab2979d7da60a95a56a15d57b50b24809be5cc7e85db0:FLIPPED
2024-02-18 06:29:56 [WECHATBC_MAIN] : @fced650750c1977fc5a2623dbec5fbd0:宅猪
2024-02-18 06:29:56 [WECHATBC_MAIN] : @b55033c0c33c84fac1a99fd5369ce83a:黑料BOOM
2024-02-18 06:29:56 [WECHATBC_MAIN] : @39204e6ccb2601e027061f5dbb70038b0381bc6fb0fe220d9fdc7fffd0a7e9ed:ㅤ
2024-02-18 06:29:56 [WECHATBC_MAIN] : @169775401ab69de67d9368f289cc90bf:广东中职菌
2024-02-18 06:29:56 [WECHATBC_MAIN] : @38a678395a58fd3b1a29792f9bda8bfe:i志愿
2024-02-18 06:29:56 [WECHATBC_MAIN] : @6ee5d7fd2491b3f86f9753372302f423:小星星资料库
2024-02-18 06:29:56 [WECHATBC_MAIN] : @b6a1826ee7b5808699541db0aa7223ccbd909401f793f887fe345360b49e1580:祈
2024-02-18 06:29:56 [WECHATBC_MAIN] : @bb9663dd0676245de727b1abd0ff9c95:拼多多
2024-02-18 06:29:56 [WECHATBC_MAIN] : @afbd70f6e8f0138d84c4ee926c122c0f:憨憨羊
2024-02-18 06:29:56 [WECHATBC_MAIN] : @c65319054254cc414989b93ee6e68a5bc089ac59508194dff40f02901614906d:广州鑫顺  专做美系单项件
2024-02-18 06:29:56 [WECHATBC_MAIN] : @952b8f05aa64a7d66d783bc0b8aed3d1:WPS办公助手
2024-02-18 06:29:56 [WECHATBC_MAIN] : @feb243c2e16bd3c94d0a22148779f76b:小李万事屋
2024-02-18 06:29:56 [WECHATBC_MAIN] : @079b9d627d86f12f8f54029fc0777f375bab231aa078d104034be814153eaa7f:曦热
2024-02-18 06:29:56 [WECHATBC_MAIN] : @2e947225efe66fccf8c61a30201d2d60:Su2
2024-02-18 06:29:56 [WECHATBC_MAIN] : @2b9ca6ec3f8a93b213a1935a1d3a0e5b7020beeca25ad5be56d58785dc12432e:楠浅ꫛꫀꪝ
2024-02-18 06:29:56 [WECHATBC_MAIN] : @44a7c86a14b6b255a92d5b4957176c0ea8fe3314c58424676bcc794714e203ac:wuli
2024-02-18 06:29:56 [WECHATBC_MAIN] : @e1608c50b078ddacaabc69b24593ee5dd48fa564363a828264ec93901c1fa3fa:三三
2024-02-18 06:29:56 [WECHATBC_MAIN] : @14cf988783b9b8da4b1fc51d6bda661237e1628ea27ace63f6c3724389cd1563:！
2024-02-18 06:29:56 [WECHATBC_MAIN] : @b30ccddd265b9a1f1b3764c9bafccd02:浮秀
2024-02-18 06:29:56 [WECHATBC_MAIN] : @1477e773b4231e94701c7a0d32bf0d6e56f8105e6db6cc0c393671d0c617dd9e:沉默的小羊羔子
2024-02-18 06:29:56 [WECHATBC_MAIN] : @7500124e553fa8af72ea5dbad5b2a585:小木生活观
2024-02-18 06:29:56 [WECHATBC_MAIN] : @8fa809f1dc6f417d172a684aa3204c6d:外卖有多少
2024-02-18 06:29:56 [WECHATBC_MAIN] : @b23b25a4eaed35ebe90ce2265cba96b2f23170a88c2fbd0e88ff86244efde72a:安逸
2024-02-18 06:29:56 [WECHATBC_MAIN] : @56a599b9b812a21ebcc54ddd6b29621a825fdc64fc9cc87b3e4ab3939ac11ea8:VIP
2024-02-18 06:29:56 [WECHATBC_MAIN] : @39d79e9a9ef665d9be8b0e3b2f3c67e4967c437a7d4bad2df10cde82279dab20:-
2024-02-18 06:29:56 [WECHATBC_MAIN] : @59c3ec0743fb167c887ff692e9c926d97a463c81085232bde5b9ef938ca1fad2:<span class="emoji emoji1f361"></span><span class="emoji emoji1f361"></span>
2024-02-18 06:29:56 [WECHATBC_MAIN] : @04665c01f19d9abb44a501ed1fde2e66634376ffa820aca82530e41c24195bf3:无所谓
2024-02-18 06:29:56 [WECHATBC_MAIN] : @2e3b6048008527d7a5af8a243edfe3eb:特摄资源共享
2024-02-18 06:29:56 [WECHATBC_MAIN] : @b2d45124d8bc29e4ceeab06ffaedb1576c6c30d74cf39f26311b00da5349e080:橘ne
2024-02-18 06:29:56 [WECHATBC_MAIN] : @ff9dcd4efea061c9ebb33de0be10d439f0422accff4199467dd973ab2dfcfb50:！
2024-02-18 06:29:56 [WECHATBC_MAIN] : @1cb0110ab310e1b2b285659bea1c0adc27bc76e12bdef262f4b23c6e44e542b8:垚
2024-02-18 06:29:56 [WECHATBC_MAIN] : @f17963b4a816a6b12eaeaa16395d9a8a7ddd372b8e8faa2c8f9701a2e917b92c:计划师-可心
2024-02-18 06:29:56 [WECHATBC_MAIN] : @fbd88b4232749aaeb66bfa83f2e5f52b1fe6f6488ddf3a6cfb87dea5b51f00c8:美宜佳
2024-02-18 06:29:56 [WECHATBC_MAIN] : @7322c18e017151a0b3e7c0e32d3b2c75e2e4246bb8f5f27ac1df1463cbf0dab3:Huan
2024-02-18 06:29:56 [WECHATBC_MAIN] : @27c3e7468ec901072a7d89489f34908c56706f9820148e83b88f0a6009a53810:0.2℃
2024-02-18 06:29:56 [WECHATBC_MAIN] : @9b8646c3c0ea2565737afdfbbf4faae0aa22e144424e6b431a99d58138602ac8:北
2024-02-18 06:29:56 [WECHATBC_MAIN] : @ef494daaeceff936ca97096998ff168a:耳根
2024-02-18 06:29:56 [WECHATBC_MAIN] : @ddc8bbf540bf8c787b586358e76111938c3d09d4d7d103b3a2fbbb6adf94249c:卡哇伊
2024-02-18 06:29:56 [WECHATBC_MAIN] : @f38fe7b79b2ba3f69a5343d918ae106984887f74aa9f255bfa6a4e7c95208324:群管理
2024-02-18 06:29:56 [WECHATBC_MAIN] : @3b2101b636f1fac729964ba1e56d06333a5e8143f3d6506522e511365cc8834b:滥情g.
2024-02-18 06:29:56 [WECHATBC_MAIN] : @078463860f82592486e0f80515d67c536e4974ef1adde73e25e756850865726c:陈店长
2024-02-18 06:29:56 [WECHATBC_MAIN] : @aac9a1c5d3d3ca06884e042fdddf9c34:余熙小灶
2024-02-18 06:29:56 [WECHATBC_MAIN] : @abc561bb2483936dc65b0a79f7beaca11ecfb2d8031bf9d42b01d9824697b7fc:Yu鱼.
2024-02-18 06:29:56 [WECHATBC_MAIN] : @317e03cd0ed4c19e44d2a991b7f11a3d7c9ca0269d83fc1af433a3590cf88d81:兄弟酥面店13322746671
2024-02-18 06:29:56 [WECHATBC_MAIN] : @283ffc25cc02ff699486e55d09eb10db7293620c7770906b2e39c8d31c18cf9a:意粥.edu
2024-02-18 06:29:56 [WECHATBC_MAIN] : @8de27b43f0349283d703db4f6c3690800bafc97ae52fe12f2cece831d6efd375:FyG
2024-02-18 06:29:56 [WECHATBC_MAIN] : @08e8d073896b1ad22d0f89745e4cb4ec:韦一同说
2024-02-18 06:29:56 [WECHATBC_MAIN] : @981992dad280f8d704fec9a744c3e953bc7894001d248e311f098cfb95be27fe:利
2024-02-18 06:29:56 [WECHATBC_MAIN] : @4c5a8d32ecfbb6da680796995cdad749808f1b76c64eaa3d6b7711d524dcc44e:Charih 🍤
2024-02-18 06:29:56 [WECHATBC_MAIN] : @85e135037fa7503280e6c468940d7ef8:奇妙加速器
2024-02-18 06:29:56 [WECHATBC_MAIN] : @7d6c298b0b1223dbde0ec14b18c1ca02bba2c2a148037d1f3809361343511583:榴莲
2024-02-18 06:29:56 [WECHATBC_MAIN] : @88a268489f494dcf89499d09847210a778decb438e48283032abb43246cc2728:觅雪班导
2024-02-18 06:29:56 [WECHATBC_MAIN] : @48211130018ea0888a056799870653eea3fd2f73de144e4c65c704c0f72a1310:顺风
2024-02-18 06:29:56 [WECHATBC_MAIN] : @0ef8078bf188d86786badc5c614d8dc8324b29130d7c4e739f342e66970abce6:h.
2024-02-18 06:29:56 [WECHATBC_MAIN] : @13daf016c56d595024d6d00483622effc35628ff5b4128333270b1f06021612a:sun
2024-02-18 06:29:56 [WECHATBC_MAIN] : @e579ab9d701629c6c3eda91f60982a6ad677ef7e2e21cca3a588901615c2da95:大海我的故乡
2024-02-18 06:29:56 [WECHATBC_MAIN] : @ebb2c5cfffef58647f0fc00977a94e991146cf2a7c49655c5d6f7fa7489d1043:ᯤ⁶ᴳ
2024-02-18 06:29:56 [WECHATBC_MAIN] : @5dc28b2c23a17b73e740d70d42990565:你的生活我的梦想
2024-02-18 06:29:56 [WECHATBC_MAIN] : @d098c6627b12397e17061b3cdb88d34c:转转
2024-02-18 06:29:56 [WECHATBC_MAIN] : @74f1614b374e253960f13cd568fc2c7ea1043c0edb7ee47d87ebd7ef6e427c5a:Cc
2024-02-18 06:29:56 [WECHATBC_MAIN] : Message(msgId=3686078005490906399, fromUserName=@babba6796a4419d932af1d64b6357574989b7f114d2fe28a3ca431fe463ff362, toUserName=@babba6796a4419d932af1d64b6357574989b7f114d2fe28a3ca431fe463ff362, msgType=TextMsg, content=, status=3, imgStatus=1, createTime=1708208996, voiceLength=0, playLength=0, fileName=, fileSize=, mediaId=, url=, appMsgType=0, statusNotifyCode=11, statusNotifyUserName=, recommendInfo=RecommendInfo(userName=, nickName=, qqNum=0, province=, city=, content=, signature=, alias=, scene=0, verifyFlag=0, attrStatus=0, sex=0, ticket=, opCode=0), forwardFlag=0, appInfo=AppInfo(appId=, type=0), hasProductId=0, ticket=, imgHeight=0, imgWidth=0, subMsgType=0, newMsgId=3686078005490906399, oriContent=, encryFileName=)
2024-02-18 06:29:56 [SYNC-CHECK] : [msg type] TextMsg
2024-02-18 06:29:56 [SYNC-CHECK] : z>z : 
2024-02-18 06:29:56 [CommandManager] : 注册了指令 setu
2024-02-18 06:29:56 [plugin-loader] : 载入了 1 个插件
2024-02-18 06:29:56 [WECHATBC_MAIN] : 启动控制台...
2024-02-18 06:30:03 [WECHATBC_MAIN] : Message(msgId=2326154314599115113, fromUserName=@@2aa2611e08f26558e6e59c734566403539dc1774be96fb8664aceb181d391481, toUserName=@babba6796a4419d932af1d64b6357574989b7f114d2fe28a3ca431fe463ff362, msgType=TextMsg, content=/setu size 48, status=3, imgStatus=1, createTime=1708209002, voiceLength=0, playLength=0, fileName=, fileSize=, mediaId=, url=, appMsgType=0, statusNotifyCode=0, statusNotifyUserName=, recommendInfo=RecommendInfo(userName=, nickName=, qqNum=0, province=, city=, content=, signature=, alias=, scene=0, verifyFlag=0, attrStatus=0, sex=0, ticket=, opCode=0), forwardFlag=0, appInfo=AppInfo(appId=, type=0), hasProductId=0, ticket=, imgHeight=0, imgWidth=0, subMsgType=0, newMsgId=2326154314599115113, oriContent=, encryFileName=)
2024-02-18 06:30:03 [SYNC-CHECK] : [msg type] TextMsg
2024-02-18 06:30:03 [SYNC-CHECK] : z,广州鑫顺  专做美系单项件,zzzsh>z : /setu size 48
2024-02-18 06:30:03 [SYNC-CHECK] : 在尝试异步获取消息时遇到了一个错误
