2024-02-16 08:01:18 [WECHATBC_MAIN] : 已扫描二维码，请确认登陆
2024-02-16 08:01:29 [WECHATBC_MAIN] : 已确认登陆
2024-02-16 08:01:30 [WECHATBC_MAIN] : 已取得登录信息:
2024-02-16 08:01:30 [WECHATBC_MAIN] : BaseRequest(uin=281175185, sid=2ZQ6LHjtrzI+V8Xn, skey=@crypt_c1a555a6_9d72d2b1c59d8cf976f0775b5becbcbf, deviceId=e347258429667412, dataTicket=gSd6ZYWfp9Gyu7xEbhMMgHJJ, passTicket=GG96ZNGRMl0ZtTU7%2B7E%2FnDrHNBN5mQa66SJWTSDTYMTJB6hqSHh1xtiMvaVh5NN3AAAuuvA7tcmVrj9FPY9mGQ%3D%3D, authTicket=CIsBEMnGzp4GGoABY1RN1w6IieuOxzbWFoSeSdw9xx1lbpKOD1Eoo/dbogXXQScq2EGO3tXhh0bL0IlW5Fds1bZmgQUHj/aXsC4mbIVoi9uMR/g21aedOczUqwmurPupUdg42wgukx8EN4kxGed+sl3pUlHxwhjW5RxVQKIFOdT4EwiPkmJ/wX0/OWE=, initCookie=[wxuin=281175185; expires=Fri, 16 Feb 2024 12:01:29 GMT; domain=wx2.qq.com; path=/; secure, wxsid=2ZQ6LHjtrzI+V8Xn; expires=Fri, 16 Feb 2024 12:01:29 GMT; domain=wx2.qq.com; path=/; secure, wxloadtime=1708041689; expires=Fri, 16 Feb 2024 12:01:29 GMT; domain=wx2.qq.com; path=/; secure, mm_lang=zh_CN; expires=Fri, 16 Feb 2024 12:01:29 GMT; domain=wx2.qq.com; path=/; secure, wxuin=281175185; expires=Fri, 16 Feb 2024 12:01:29 GMT; domain=qq.com; path=/; secure, webwx_data_ticket=gSd6ZYWfp9Gyu7xEbhMMgHJJ; expires=Fri, 16 Feb 2024 12:01:29 GMT; domain=qq.com; path=/; secure, webwxuvid=b0c1512a3960be8895dbe4551510255d8e5303dcff2ce95b806a53c44c317121d2939fbadd4ec632735c120f0c988355; expires=Mon, 13 Feb 2034 00:01:29 GMT; domain=wx2.qq.com; path=/; secure, webwx_auth_ticket=CIsBEMnGzp4GGoABY1RN1w6IieuOxzbWFoSeSdw9xx1lbpKOD1Eoo/dbogXXQScq2EGO3tXhh0bL0IlW5Fds1bZmgQUHj/aXsC4mbIVoi9uMR/g21aedOczUqwmurPupUdg42wgukx8EN4kxGed+sl3pUlHxwhjW5RxVQKIFOdT4EwiPkmJ/wX0/OWE=; expires=Mon, 13 Feb 2034 00:01:29 GMT; domain=wx2.qq.com; path=/; secure])
2024-02-16 08:01:31 [WECHATBC_MAIN] : 已初始化微信信息:
2024-02-16 08:01:31 [WECHATBC_MAIN] : 用户信息:
2024-02-16 08:01:31 [WECHATBC_MAIN] : Contact(weChatClient=null, uin=281175185, userName=@34343d4fbf5d4edad3367d4fa0682e1d64a53b7b006f7e0e04e97a9f063d5d00, nickName=z, headImgUrl=/cgi-bin/mmwebwx-bin/webwxgeticon?seq=1370321379&username=@34343d4fbf5d4edad3367d4fa0682e1d64a53b7b006f7e0e04e97a9f063d5d00&skey=@crypt_c1a555a6_9d72d2b1c59d8cf976f0775b5becbcbf, contactFlag=0, memberCount=0, memberList=null, remarkName=, hideInputBarFlag=0, sex=1, signature=已换微信 meteor1913103, verifyFlag=0, ownerUin=0, pyInitial=, pyQuanPin=, remarkPYInitial=, remarkPYQuanPin=, starFriend=0, appAccountFlag=0, statues=0, attrStatus=0, province=null, city=null, alias=null, snsFlag=257, uniFriend=0, displayName=null, chatRoomId=0, keyWord=null, encryChatRoomId=null, isOwner=0)
2024-02-16 08:01:33 [WECHATBC_MAIN] : 联系人列表数量: 315
2024-02-16 08:01:33 [WECHATBC_MAIN] : @f525a3e1e79a3be56964a694c1bad7aa:京东白条
2024-02-16 08:01:33 [WECHATBC_MAIN] : @f58fbbeee44db906a78793e6c8a4dda29223c81734f191a352a207f4a55fdb40:胖胖的孙某人
2024-02-16 08:01:33 [WECHATBC_MAIN] : @377bbfe8540ebdd298628a2ea4df67efa9f897c012496a78263a2068d79415c8:玉宇
2024-02-16 08:01:33 [WECHATBC_MAIN] : @83821eff73ee83b3712c8e918ae611f54f55fe6f006462ac23af90d2b1f959c0:Solitude.
2024-02-16 08:01:33 [WECHATBC_MAIN] : @6e6df23c6bcdd8391c1b50c1427713d9:中职生
2024-02-16 08:01:33 [WECHATBC_MAIN] : @08134e067a568517c9ed7454c6fddd189d996de85f1d2f26b51e34791bbca09c:ㅤ
2024-02-16 08:01:33 [WECHATBC_MAIN] : @0099d0db0ddaa6a1953e4c11567ca588c45fece5e6e8824994f8ad58be7b04bb:振袖秋风问红叶
2024-02-16 08:01:33 [WECHATBC_MAIN] : @44f19f6a8ef6ca2e27d7700fc6da2f79:沐沐热喵
2024-02-16 08:01:33 [WECHATBC_MAIN] : @2535f5395071674d165e862129ca617df855ea76a48c8f7bbd9dfae083b0361e:顾玖
2024-02-16 08:01:33 [WECHATBC_MAIN] : @88eb08800b645196731fae3825601307c36807a4395258dbb75bdeefb8d05f25:晚风
2024-02-16 08:01:33 [WECHATBC_MAIN] : @9568622b554ceeedefe243ae13495c91e336f59b7fb1a76293778c809a45b335:A_ ZikX.
2024-02-16 08:01:33 [WECHATBC_MAIN] : @d41e548c4be9182444757565cba99d8ad10b4899338d6edd95ac444f82da5175:Boy。
2024-02-16 08:01:33 [WECHATBC_MAIN] : @ac29e74e3879fed582a342112007c166530ade35cafbd5b226dde81d83d35076:  
2024-02-16 08:01:33 [WECHATBC_MAIN] : @34b14722a766566299cecc81577e0e816a24973451f8a2e6529003c5835f3166:笙歌十里
2024-02-16 08:01:33 [WECHATBC_MAIN] : @0da925169b47ad20f13d828b62d7c907:小木生活观
2024-02-16 08:01:33 [WECHATBC_MAIN] : @37ecd4ef4c3d0b106e08d2bef02586fd3e955db286259c152117ebc1b9bb1162:鱼七七
2024-02-16 08:01:33 [WECHATBC_MAIN] : @fa226cd281b880edf1e644accaccbeef363bebba4c682c4f2a3b26532179fd9e:星光
2024-02-16 08:01:33 [WECHATBC_MAIN] : @d6bbc6f0b2af4b3e0d993be7d1029018:泓记
2024-02-16 08:01:33 [WECHATBC_MAIN] : @db980e433f5b5d0e07c98cd98ebf1eac:小智LOGO
2024-02-16 08:01:33 [WECHATBC_MAIN] : @277bdfc6c727b8ffdc01b2f4ab7b8606a8f2e1e6cdd97fb8e8721380017ffe0e:-
2024-02-16 08:01:33 [WECHATBC_MAIN] : @2bb701370643adc21ccedcb755a28f1b76295baee6d8d33206143572804cec5a:兄弟酥面店13322746671
2024-02-16 08:01:33 [WECHATBC_MAIN] : @e22dcaec559c9c4e6c3aa99dff79125009bdab5edf20413892af5adbda3cd1da:意粥.edu
2024-02-16 08:01:33 [WECHATBC_MAIN] : @0e2f9b47ca913a86ce1682a7ff43d62257bb711bdff33d6e0b6038290faed935:<span class="emoji emoji1f525"></span>Sparks
2024-02-16 08:01:33 [WECHATBC_MAIN] : @5cf14b786163ec545d2a0ccdd881f1df366cc3b37dcd1ca044f9139aeac6eb66:朗月.
2024-02-16 08:01:33 [WECHATBC_MAIN] : @f514d850caf70ae562e455415b0996399242f0f751ff549a41f8862929b73ef7:微笑的高圆圆
2024-02-16 08:01:33 [WECHATBC_MAIN] : @48bdd646e8bf38ed03b3408486d4d4ad:广东建院消息
2024-02-16 08:01:33 [WECHATBC_MAIN] : @b539bad28d39aa8da71ba64374992611dfb1a76f3528cec367ddf0948461bce9:广东青年
2024-02-16 08:01:33 [WECHATBC_MAIN] : @a439fdad9f58cdfe11dc366b88b2cdb80cb26d97bcc9f3dc6342dd52a907b937:泽玲
2024-02-16 08:01:33 [WECHATBC_MAIN] : @43c1fc83f0d72ac6dd4dbb3d44f2e6ef55aeef4d209b601e139636078c611444:0.2℃
2024-02-16 08:01:33 [WECHATBC_MAIN] : @33b72cc9dc164df9eea11535773c74f0bf629f98ee1f3cfd9689eb05a79cded1:橙
2024-02-16 08:01:33 [WECHATBC_MAIN] : @83ce66bc49bae7fd4461bac8a6bf183e1de1039988c3129973e38b5b2475aa87:冬天
2024-02-16 08:01:33 [WECHATBC_MAIN] : @e9eec53b3ce288ae7feb3648134514ca:异次元APP软件
2024-02-16 08:01:33 [WECHATBC_MAIN] : @b0c71542a3f6c0d80d8d85c3effa8286498d034739b8cf4c8512695b0a6f9b92:sam
2024-02-16 08:01:33 [WECHATBC_MAIN] : @cd84a25d65a7cf4b4d330c6dd07c86872e3227c7b37fe5cca180c3f988de8373:标顶洞人🌝
2024-02-16 08:01:33 [WECHATBC_MAIN] : @2ac1fec7cc863cd8df7a38779c7f305e60855831ef29daed205fc959c9bc5101:韓
2024-02-16 08:01:33 [WECHATBC_MAIN] : @527130519f0cf116ac9e0743cc6e981c:小星星资料库
2024-02-16 08:01:33 [WECHATBC_MAIN] : @e42e0f42aea0cd22967aa61af05f062bd43456f47ee01e0941a55baef998d05a:寿～
2024-02-16 08:01:33 [WECHATBC_MAIN] : @0dff2456e39298b472f2e82d9819e31dbb805c9dbe4168c5d65142af791b79e5:鱼莱新鲜小超市
2024-02-16 08:01:33 [WECHATBC_MAIN] : @e966741b24dbecc62166017ebede7bf60383a06f18fa9226009b018e7bc36451:🧐
2024-02-16 08:01:33 [WECHATBC_MAIN] : @cacdca066b9f72e959672325233f3707:中国移动10086
2024-02-16 08:01:33 [WECHATBC_MAIN] : @cae8d1f27f5fafdcfb6d999557cdfc250204d8410da64f9eea9f49a806d2f10d:Nachanka
2024-02-16 08:01:33 [WECHATBC_MAIN] : @53b94fabf64ab0895dceabcbc0ba2552:zl     <span class="emoji emoji1f4a6"></span>
2024-02-16 08:01:33 [WECHATBC_MAIN] : @eaa1b14f369df397fc8f266df7648e68cca82326ff0453d378e9c4e536f5c5fc:D。
2024-02-16 08:01:33 [WECHATBC_MAIN] : @7fe71cf6f60eddcc69d078187bce091c1b479812a88c46dcb3a43c33443c739f:Aloha
2024-02-16 08:01:33 [WECHATBC_MAIN] : @2dd76fb68453a74700c9fed9c094908b6a09e8cfa769ddba2cba4136e88be1a5:干净
2024-02-16 08:01:33 [WECHATBC_MAIN] : @4855f6b424e2133ba4a978e9862c7bceacd192c73ca173638850085ade14634c:木讷
2024-02-16 08:01:33 [WECHATBC_MAIN] : @214c7eb1d460ee6851a8627ee821faa883f1d3dc1bb8db0c971e3263ff1f4810:₀₃.
2024-02-16 08:01:33 [WECHATBC_MAIN] : @9371235cbad814205c14ddcce8449cf63b08213c0c4d3f82f2808730f0835b61:听岛屿.
2024-02-16 08:01:33 [WECHATBC_MAIN] : @4ca44afbac0da624bcf6ed0d31f416ebb9a21cf8aaa676d76951e560bf8a4439:木川金
2024-02-16 08:01:33 [WECHATBC_MAIN] : @604b7a4a991d42122f37a37d82ce82e3478d53a01c6529fd6dc25101a7ade337:A春3悠慧多多<span class="emoji emoji1f389"></span>
2024-02-16 08:01:33 [WECHATBC_MAIN] : @cc97337e65d8e973e569f92b2c7998cdfa7f4d92058e411e20e976e0b1ea5ae0:AT
2024-02-16 08:01:33 [WECHATBC_MAIN] : @1446a8a0d78bd66167ed8e11b9b1379d:广东建院
2024-02-16 08:01:33 [WECHATBC_MAIN] : @813a2a19580b1082b0de65cc645cdef9:魂之乐享
2024-02-16 08:01:33 [WECHATBC_MAIN] : @3233449456bb28c4971c4ee703847215:中国青年志愿者
2024-02-16 08:01:33 [WECHATBC_MAIN] : @b8c206deef336b286a825e65abb6d611c2a2b676303cc3135cefb205a5914945:2z
2024-02-16 08:01:33 [WECHATBC_MAIN] : @184a2e759d3634acdd5deeaa250faf05:三叔软件
2024-02-16 08:01:33 [WECHATBC_MAIN] : @7254edf6f9fce5ba5fef2350ac54bed42cbb774df78789f0acd3dccf9890b3e3:木木(丽丽）
2024-02-16 08:01:33 [WECHATBC_MAIN] : @a2d1e8ec666777c2ad823d8aeed965f2c463350a1b57915fb26b0379145b4642:区冠贤
2024-02-16 08:01:33 [WECHATBC_MAIN] : @e685f2e2768abb0bd3896e779522db533064cef8577359c53afd52d58eafc8e0:Cory
2024-02-16 08:01:33 [WECHATBC_MAIN] : @599fcf76412ef51fc96bc3cb7baa993d9d19d8458090e2ce895a6fd29b95c961:福🦆
2024-02-16 08:01:33 [WECHATBC_MAIN] : @6c4c360241f84c8986ac4df7fd9302aa5e46e7d3818c083fc05a2ec96c3c34e9:平平歌(ᇂ ㉨ ᇂ)
2024-02-16 08:01:33 [WECHATBC_MAIN] : @f11bb681b3fb0a61dec420460267c264f462190874b8fc30f198bf0af050b5e0:觅雪班导
2024-02-16 08:01:33 [WECHATBC_MAIN] : @0e337bb41984abe50d3f156c679c3ff2:超人
2024-02-16 08:01:33 [WECHATBC_MAIN] : @60193435a5ba1c43ef5e43110eac3725078b8ad75eac95da9fc6f247b4e2d16d:怎么取一个正常点的名字
2024-02-16 08:01:33 [WECHATBC_MAIN] : @f94f944252a468481b56efa6283b16de339bfa791bd12c885f0cc25d8ba6792f:.
2024-02-16 08:01:33 [WECHATBC_MAIN] : @e5f30a51d2e42f4073635e56d7611a56388bcb02ef39c47fae15ac072bf620d4:发财小掌柜<span class="emoji emoji1f4a1"></span>
2024-02-16 08:01:33 [WECHATBC_MAIN] : @05fa4413d1b937e7a18f1e18a4ec4a7e449f6c7a396b69e8b8e2498438932b36:莹^O^
2024-02-16 08:01:33 [WECHATBC_MAIN] : @e354179976e694ce3b6f9fe786779ebeabac8db3a6701dc8b60b45fbc23e1f2d:扬狗爱cc🌬
2024-02-16 08:01:33 [WECHATBC_MAIN] : @0917a36081e6d4cff04b65edc00a5764295f14a0de9f42dab633b41e6588324d:Sleeeeping
2024-02-16 08:01:33 [WECHATBC_MAIN] : @e72c03a91473c8cf61e9feb5a8ab9b7d3e508504ceaa6a8e4bf4812014669a91:K.
2024-02-16 08:01:33 [WECHATBC_MAIN] : @ad341d7680e45386c528e625565defa8c18a64981bec72b8f7d076df1367ac4b:Coast（2.1号放假-2.19上班）
2024-02-16 08:01:33 [WECHATBC_MAIN] : @919d7260096f7178e3ea0f675eb90908:平颉机械设备13223903675
2024-02-16 08:01:33 [WECHATBC_MAIN] : @c925fbcd66bb52108e31c02b09ef197f:特摄资源共享
2024-02-16 08:01:33 [WECHATBC_MAIN] : @3f46196e9f0b02425c36422b1d82d470db87abd8cc9928baf7e8974ae9a07182:ིྀ
2024-02-16 08:01:33 [WECHATBC_MAIN] : @9ae0bd122243947524f65a1044606ff7d61a7b5e92e82532c4c5c2c5998d056b:莹^ω^
2024-02-16 08:01:33 [WECHATBC_MAIN] : @e7bbe2d58cbc41eef6b40cd4113b27fc:电脑那些事儿
2024-02-16 08:01:33 [WECHATBC_MAIN] : @501e080ced67af2cc5ae07cab505629163118ec9531d4201cf53dbc1fa0c62db:莹^O^
2024-02-16 08:01:33 [WECHATBC_MAIN] : @1517892acb80bb642b3d857688865c9f99d1d9cb9c1cf953603fbf17762ed067:1
2024-02-16 08:01:33 [WECHATBC_MAIN] : @@bae17339d6d7899b40cac1da74de5979dce11d8b4d05647daa07ab4d81cffb2d:z,zzzsh
2024-02-16 08:01:33 [WECHATBC_MAIN] : @6f5cc2041338aa03f4e82aa212c4c5a469135257e802adc487177f548ee6719a:黑夜诗未
2024-02-16 08:01:33 [WECHATBC_MAIN] : @975ac5f66497cee32fe0da9316eaa8d57d01573eda30e34642b12f2d877f6ea1:Sherry
2024-02-16 08:01:33 [WECHATBC_MAIN] : @41eb48bd3aed5e9705c92ee97db51097c426a6d3e9f9c883ae64ba3e1f0c953a:卡哇伊
2024-02-16 08:01:33 [WECHATBC_MAIN] : @53c64a496eaf22ce7d19eeb65806ca669a9d51b8b0e277ee7080f9635fbf5458:娇的名
2024-02-16 08:01:33 [WECHATBC_MAIN] : @0b6013a6ddcb3d166e56dbb05fe42f7f842579292f3cae5706d36e2d0693e128:美宜佳
2024-02-16 08:01:33 [WECHATBC_MAIN] : @32a634ac334e4d5ca847aceedff7af89:加一电影
2024-02-16 08:01:33 [WECHATBC_MAIN] : @e4620f909711361c74da486e4d13aa9f:腾洲车行
2024-02-16 08:01:33 [WECHATBC_MAIN] : @@f7c427c46e3254fbe3a723099ecc10034617f59e8e99fa19c31b41f0def305d4:森鶴教堂<span class="emoji emoji26ea"></span>
2024-02-16 08:01:33 [WECHATBC_MAIN] : @ca995cb9be4c80886c9391e42b68aa57ff5947467e44506d76907076fe394c1b:汉英
2024-02-16 08:01:33 [WECHATBC_MAIN] : @a5bc041ee4f8289231b33da18d45b5e9b481e133fd62f2b8644a2f2c46c55586:群管理
2024-02-16 08:01:33 [WECHATBC_MAIN] : @495ff22181befb470b94915039de3673:php中文网教程
2024-02-16 08:01:33 [WECHATBC_MAIN] : @0f63004bf45e4180de15126ec039572a35cba472e50f700ce39e3c97afce54b5:啦啦啦啦
2024-02-16 08:01:33 [WECHATBC_MAIN] : @4e389e97b1f54174da8a1a70db176c93:酷猫电竞网咖联盟
2024-02-16 08:01:33 [WECHATBC_MAIN] : @07b4113eaba8ba9a769a4b52267d2b024baaa92422631b806bd92beaa4ea0df4:JW<span class="emoji emoji1f42f"></span>
2024-02-16 08:01:33 [WECHATBC_MAIN] : @cb77519e47e270a452a74d113fb5163a9a6fbf09ed396448e47a60fee38b43ea:H
2024-02-16 08:01:33 [WECHATBC_MAIN] : @7f9eab941b962cb9771f49ed2d6a4275e7c4d61727fd5ac6f213be6658c9b611:Rebirth
2024-02-16 08:01:33 [WECHATBC_MAIN] : @7547074159d35bf97bb0d4e4f645a304291e7419c984a9727739cf12106fd6f6:qi
2024-02-16 08:01:33 [WECHATBC_MAIN] : @a9b9de649cea5772c9745cc60c2044a7:外卖卷不停
2024-02-16 08:01:33 [WECHATBC_MAIN] : @0c2efae885f461946c10814e9acb8595:agiso自动发货
2024-02-16 08:01:33 [WECHATBC_MAIN] : @c790bc036754bf3f76f292d778fa0e49da3c7a31d53781c89fd297da8aba200c:碎星辰<span class="emoji emoji1f1e81f1f3"></span>
2024-02-16 08:01:33 [WECHATBC_MAIN] : @109267ee3000a892cc53689eba53cccb263dc0299155ebef18c3f160206c4287:小花
2024-02-16 08:01:33 [WECHATBC_MAIN] : @be2bdaf66d54433def344dfcb2dea079174e7725cda9334c65582ef1095f8235:wuli
2024-02-16 08:01:33 [WECHATBC_MAIN] : @26424236d9e5530057851a7322361943:治愈读白
2024-02-16 08:01:33 [WECHATBC_MAIN] : @19d5802cae33705873acf77e545ed78845af40e5280e39822bfddc9a0f44aa14:.
2024-02-16 08:01:33 [WECHATBC_MAIN] : @b131e33b60181f9b57f693cfc1d381abd18c3720164da5cb0d625695039182e4:陆景桓
2024-02-16 08:01:33 [WECHATBC_MAIN] : @bda87e0f4b83b0a227f28e6a90c4df8ee3aa68d39bd0b08f66c2377a1bae6755:二友照相馆（总店）
2024-02-16 08:01:33 [WECHATBC_MAIN] : @3a6c95d48b59a188c3297a3fb7f31287:小李万事屋
2024-02-16 08:01:33 [WECHATBC_MAIN] : @08b54bfe0982f8f198db437296196da0:该账号已注销
2024-02-16 08:01:33 [WECHATBC_MAIN] : @cdb7feff8042c681f6c99e6e9c9184311e7069abd8d9ceae170b0d4acf347a85:ᥫᩣ.
2024-02-16 08:01:33 [WECHATBC_MAIN] : @9cafb1a37ce0bdc55f2ffd913caf2ebc313fc29355a21d0f04e291b871db3578:Peter烁
2024-02-16 08:01:33 [WECHATBC_MAIN] : @7a4ea24a8304aa635cf93882e0f31acc6c5a23c3fa7e1513c6907f72a442bd59:王德发
2024-02-16 08:01:33 [WECHATBC_MAIN] : weixin:微信团队
2024-02-16 08:01:33 [WECHATBC_MAIN] : @edebb347f86695a6ab9f835b0f82ac82:热门精彩阅读
2024-02-16 08:01:33 [WECHATBC_MAIN] : @ced1dcf169e8ef6844c32e86865c48ae:源码阅读网
2024-02-16 08:01:33 [WECHATBC_MAIN] : @d047ee5d3675de06e1353717939e09320c2b34d9112e79f1eb1a7988a07521f9:利
2024-02-16 08:01:33 [WECHATBC_MAIN] : @65459fd8c84180ec7b094e26c2bbe3fa29a2dc9609d63d83099c6d858362879a:羊妹妹. 💭
2024-02-16 08:01:33 [WECHATBC_MAIN] : @63cb4737d667f50034504c3f9ee14243:NS大玩家
2024-02-16 08:01:33 [WECHATBC_MAIN] : @924a9dda67592932e3c6169fec635ab0:微信支付
2024-02-16 08:01:33 [WECHATBC_MAIN] : @15ab93c02d720537b45fd6b100f99bd6:GoLink加速器
2024-02-16 08:01:33 [WECHATBC_MAIN] : @b7817822f7b1a11175dc29bd98e715d6f39cd1aacd44285b9ac14373ef6b4fff:小宝
2024-02-16 08:01:33 [WECHATBC_MAIN] : @fa050ef4cceb1e2d3a288ea0e35aa8044d14d47f0b58a15b4cf1105c435f815e:（～_～）
2024-02-16 08:01:33 [WECHATBC_MAIN] : @7e793b05c03364c08d5ff247ec3ae431f1e8d9095ca1488b5c7014cf0e69df0d:...
2024-02-16 08:01:33 [WECHATBC_MAIN] : @758fb22b8a7ec735609196f9fdd85ebf2899fd634fd94a3e9396674ac70dfde7:两英微帮信息推广网1
2024-02-16 08:01:33 [WECHATBC_MAIN] : @3e9a5bc6b54e5b44876cf35a4f02e53d:泡泡加速器
2024-02-16 08:01:33 [WECHATBC_MAIN] : @810e5a0b88b528dabf7bd5d05d9d08e3037377e6129e2d195e6b459f9f1a4052:VIP
2024-02-16 08:01:33 [WECHATBC_MAIN] : @344432e7ebc52aa31ac880bf30a02c764d8a6c4e279b5080f0e591ccda4f8958:Rime
2024-02-16 08:01:33 [WECHATBC_MAIN] : @542e6ef1b5bd5ce0dd395d0bb48aea02c9d8bcc5c606ccd30056b885cb280603:好运常在
2024-02-16 08:01:33 [WECHATBC_MAIN] : @acfbe07ee4fdc19afe915425fc2bc84ab3e6058b4e0dd544ab9f13503122ca15:白云飞（只二维码收米）
2024-02-16 08:01:33 [WECHATBC_MAIN] : @0aafe13f48fe3862246709546b271f61724249f236415870a852af34dd59cbdc:Diss8c豆
2024-02-16 08:01:33 [WECHATBC_MAIN] : @f393eefe9294c816ec9822cdc749e378a999d323ce6b375b0c02f9033e5e54e2:汉宫
2024-02-16 08:01:33 [WECHATBC_MAIN] : @63451e6e836e74ef945eb1391c7640e9:拼多多
2024-02-16 08:01:33 [WECHATBC_MAIN] : @e833faabd1341af75dda7cdfd881686df745d65f8f40118b9ebc05b98b6b9896:【千浔】Ms.傅
2024-02-16 08:01:33 [WECHATBC_MAIN] : @e428b099e54310ec531c6954b3ff3b29:卢家妈妈 西餐厨房
2024-02-16 08:01:33 [WECHATBC_MAIN] : @3db4c4a44635591ee91c046e6fdc56ed0bfdded419fc41d5911a32124111de36:.ayu
2024-02-16 08:01:33 [WECHATBC_MAIN] : @988d40dc9a8d0d287392dc1ed038df90d3d6ab6abc54aceb6539c54624e8cde9:<span class="emoji emoji1f6b9"></span>
2024-02-16 08:01:33 [WECHATBC_MAIN] : @d2ec0d03eca3e6ab6f735ae0f2cee2cd:Joker.
2024-02-16 08:01:33 [WECHATBC_MAIN] : @df7f79908e19a493ae25e1901c7b5189f9eaea72314ffd91b197f130e148f0da:等一下七月
2024-02-16 08:01:33 [WECHATBC_MAIN] : @bc2230c6425f3d2642b839db69060eb139b09224190404af41c5d86fae09c38e:22
2024-02-16 08:01:33 [WECHATBC_MAIN] : @d9035dd1186517a4d58c4e40899ad267c3f4e52b827080e622861e0f62951ba4:湘橋春漲
2024-02-16 08:01:33 [WECHATBC_MAIN] : @7009f5b11d90ff8cf7c67993f6ffb75f:布晴LIVEHOUSE酒吧
2024-02-16 08:01:33 [WECHATBC_MAIN] : @0ee8f059c5d8e82eda34c2b0a184ffc640743a25427de81dd7c843923f6b173d:SOYU
2024-02-16 08:01:33 [WECHATBC_MAIN] : @66ecf5edbc8e73d848c9d436cd90e9e53e063fb959248f9c9928ef6b761bcea3:BLUE
2024-02-16 08:01:33 [WECHATBC_MAIN] : @eda32d2ab0a802124799e6c2ce6522dd1d38f4ab51ff9d79fe42d52c9ae6cf04:H
2024-02-16 08:01:33 [WECHATBC_MAIN] : @5143a4551d184c50d1849a1891cd9704814181d10006a1b3a00bf1976ee94644: 繁華若夢
2024-02-16 08:01:33 [WECHATBC_MAIN] : @b150fec3189fca77d5c663d3d6200357:天蚕土豆
2024-02-16 08:01:33 [WECHATBC_MAIN] : @63d358123fa72ec9246e62f2278a8270e2eec9b8e9807ae2322db2cb6475ca6f:山海
2024-02-16 08:01:33 [WECHATBC_MAIN] : @95a6e5c65a05226aec1864e3d477f2f3eae4bca3414db54801a8022d1ebe1098:借我一秒钟
2024-02-16 08:01:33 [WECHATBC_MAIN] : @235c7d7931e8bb16f6993c14e57802f8ef933c7cc4509c48f10a0d0b0a365629:顺风
2024-02-16 08:01:33 [WECHATBC_MAIN] : @044ba88a8c3f1d49e918a1e1e618d908:吃货特权卡
2024-02-16 08:01:33 [WECHATBC_MAIN] : @df528556e3f634238ae8d3d9095fc9fb2ad8d42606a6c5ba5971af508f6ffdda:<span class="emoji emoji1f631"></span>ི<span class="emoji emoji1f60a"></span>ཽ周晓明
2024-02-16 08:01:33 [WECHATBC_MAIN] : @3f9bdd36df5564a5a93aa4d9a74ae61e:特摄驿站
2024-02-16 08:01:33 [WECHATBC_MAIN] : @3340770b5e35cf0e7216dd1fe891fe92:宅猪
2024-02-16 08:01:33 [WECHATBC_MAIN] : @7d992ca871d0534d2d3e2cff2d90fd1deda60465488b55677ba1ef89bef983b7:/
2024-02-16 08:01:33 [WECHATBC_MAIN] : @4d79ed8628bff28d333fc5c30eb32e74787117b02cb9484f19eb2cde817b6b89:ღ火炎焱燚ꦼ
2024-02-16 08:01:33 [WECHATBC_MAIN] : @5f09c2b7792bc3e54bcf1350d7a5c7f81c2607b8a0dbfb71a028517d3c410ae1:月<span class="emoji emoji1f377"></span>
2024-02-16 08:01:33 [WECHATBC_MAIN] : @0c7ff776af45de2f48c7fac58d12f2ac:Su2
2024-02-16 08:01:33 [WECHATBC_MAIN] : @06ab844db46a4ebc86078440195374fa36dce02cf7c63021022d20570dc39a13:彭老师
2024-02-16 08:01:33 [WECHATBC_MAIN] : @79db878ce34756df6387a0ac7ba2c65b11d0904980ae4210125f99624d1174c0:Nefia
2024-02-16 08:01:33 [WECHATBC_MAIN] : @0840d808b5d1681c8880d8e13a020dd3:网易UU加速器
2024-02-16 08:01:33 [WECHATBC_MAIN] : @2e93bedb0c4a5c0332303b331d2d33543dccc9e3b6917c8209ed53347d292402:曦热
2024-02-16 08:01:33 [WECHATBC_MAIN] : @64e338b64ec63a189137a46ce795a34a20a8958dbfb059c7655324b6d4e0f104:xzt
2024-02-16 08:01:33 [WECHATBC_MAIN] : @cb6750c35fb137d5a20d4ff2833a1041:小呆加速器短租
2024-02-16 08:01:33 [WECHATBC_MAIN] : @f525ba3dda9789449dff55a58603856d:熊猫加速器
2024-02-16 08:01:33 [WECHATBC_MAIN] : @9496a74fe8de24de6a656c62b5749cddc17bc66f30c5b56466089f342082e71d:Cc
2024-02-16 08:01:33 [WECHATBC_MAIN] : @7c322d29323409528a5f76195449ea7ba3a3f3072e5ce385d77aadf0fb15dda9:香奈儿<span class="emoji emoji1f42d"></span>
2024-02-16 08:01:33 [WECHATBC_MAIN] : @492fe37eec0fc7ea72fb3ba90c2c626d:琪琪
2024-02-16 08:01:33 [WECHATBC_MAIN] : @7ce89004d461bd318f77df70b6d8bd3e:7477游戏
2024-02-16 08:01:33 [WECHATBC_MAIN] : @9ee5f962cd2a6ae5fde99d11284837c48ca455081fa889dee91a697bf1e0935e:老细肠粉甜品小吃1号店
2024-02-16 08:01:33 [WECHATBC_MAIN] : @4d249a07101d2dee664951eb7b2bb40856a7cf443b63be07a436fbf436aa4a87:董不懂
2024-02-16 08:01:33 [WECHATBC_MAIN] : @264b0d1083f4778e3ad79baa46050e3091a2e603e85ea980a672518c83ca2c33:岁月无声
2024-02-16 08:01:33 [WECHATBC_MAIN] : @a301ef2af95f4f448584ae15d79058552c0572996874c1c7e632d2b9e16bc48f:Sam
2024-02-16 08:01:33 [WECHATBC_MAIN] : @a09758b760fdb082361622a818c1db6d:电手
2024-02-16 08:01:33 [WECHATBC_MAIN] : @82e9b3e376a18ae0d7ecb87802fbb64acce18bb1c8b75d4b9a6de848a92d2537:ㅤ
2024-02-16 08:01:33 [WECHATBC_MAIN] : @1f0fd6ba8be47c11b1176f7ca793c95f:蒸汽游戏
2024-02-16 08:01:33 [WECHATBC_MAIN] : @4d1d40f7ce29731b2927fc576b7b224294677270d7e6031324b0f19dc573fa64:滥情g.
2024-02-16 08:01:33 [WECHATBC_MAIN] : @9efe2224e3ed267d53453f9abd9c9a8292f174fc39a8feb4bd23630d9c7fe20e:小鹅
2024-02-16 08:01:33 [WECHATBC_MAIN] : @26e9649de1d0987789eb3441dc39c80266e64d0dee1aa929af3a58116030aeab:！
2024-02-16 08:01:33 [WECHATBC_MAIN] : @57da66707e5a65674cde5f03556c073f:奇妙加速器
2024-02-16 08:01:33 [WECHATBC_MAIN] : @1c7bb9854d68fd1d345c7387bcf7ef21c8cf48c4f5de4541639e4a662848ef25:懒人
2024-02-16 08:01:33 [WECHATBC_MAIN] : @37253e72790b414302ad8a1a6e2086b23444463a77d3c03dc49d9a8ca7c10421:buo
2024-02-16 08:01:33 [WECHATBC_MAIN] : @382dcb33eb8fc50d88758fbf89507b3cfa252df10125ae1ca5dbecc6f1ae6843:光星网咖 (营业中）
2024-02-16 08:01:33 [WECHATBC_MAIN] : @4966d56d8fb8dd2328d41962f1f13770:情侣CP
2024-02-16 08:01:33 [WECHATBC_MAIN] : @b22547f8ea5ab487588ca87329f902b56b727a649d5f39e8d3b658fdd7546d65:橘ne
2024-02-16 08:01:33 [WECHATBC_MAIN] : @193726f6113b4fa7747d21520fb0bbae36e8e1daf4d263fdea4310e5d0261bee:　　　　　　　　
2024-02-16 08:01:33 [WECHATBC_MAIN] : @6c04ac7f43d2965527269725415b25c56200125702a1aba835d2a94e4c83bdf4:沉默的小羊羔子
2024-02-16 08:01:33 [WECHATBC_MAIN] : @0b1786f9ba2f3e438b5e8e21d456d280b4f256fcd033654b11d68619486d326e:失忆
2024-02-16 08:01:33 [WECHATBC_MAIN] : @80afb8b62910f80a68b578350796e92c4b77ba57d9eec062060e88164bf72b5d:远晏
2024-02-16 08:01:33 [WECHATBC_MAIN] : @b1dcf8ccb9424e071e77b6dc757a08dee4f7350bd4f65a2782e90ccdc06a52cc:<span class="emoji emoji1f349"></span>
2024-02-16 08:01:33 [WECHATBC_MAIN] : @f72027419503d8a0f945d56b690640578066cd1ea792670d59dd1f7c0b68fa8d:DLx
2024-02-16 08:01:33 [WECHATBC_MAIN] : @be25be4bebe8de631a2deeb29b3e2aaa:CG游麟网
2024-02-16 08:01:33 [WECHATBC_MAIN] : @fdfa7ea729614f36a63a9291e2ec8f7f4871b34169e28778601933c17b2820f6:A-河北祝江机床韩冬晓
2024-02-16 08:01:33 [WECHATBC_MAIN] : @228671a03993fb1e90adaa6a0956cfaf5b50b633df713b5228655678b150ca05:瘾
2024-02-16 08:01:33 [WECHATBC_MAIN] : @c8b8aabc0e92119ef3fa621a1bd70415:便利店艺术家
2024-02-16 08:01:33 [WECHATBC_MAIN] : @55902b0eafeb4264700fd3441e69e85f065a8000291e644fa20e7bda71df05ce:老爷保佑
2024-02-16 08:01:33 [WECHATBC_MAIN] : @23786e411081edb0ef7d73c80bb08393e3077f0d7b9fe7b2b3646327a78af245:安逸
2024-02-16 08:01:33 [WECHATBC_MAIN] : @45c7f0cfa003792f3460d670e1d6f9f8812428917832426b3dcb712fc85c38f5:杰
2024-02-16 08:01:33 [WECHATBC_MAIN] : @0c17c9d8c7d3dba6f6366fa752249a31d6daf1f00b5ffd7a25618778e3c27811:杰
2024-02-16 08:01:33 [WECHATBC_MAIN] : @8184d20640e668fe945915c7779e0f6f380c0a52bf3b9619494e2a02ae688523:はたけカカシ²⁰¹⁸₀₉₁₅
2024-02-16 08:01:33 [WECHATBC_MAIN] : @c25fc8c58df58436c1e0a8c4402f1b9d50b384568a3d365d4f679bbb62d5ea0c:Jammer
2024-02-16 08:01:33 [WECHATBC_MAIN] : @a561b0a43dbf6bfacc77bf6f1e4cdd7a6bedb13d5e6db075569e190c0ba5d7ab:-
2024-02-16 08:01:33 [WECHATBC_MAIN] : @d655a602deaed35bf0dadc18d6fbada3d38291997a9ace1c33383629dec61e31:Ljh🤩
2024-02-16 08:01:33 [WECHATBC_MAIN] : @c88444400b4510db496026b87c40d114:该账号已冻结
2024-02-16 08:01:33 [WECHATBC_MAIN] : @4a1c80b89ffc45a9cc6bf47badf0fda00522015d514a2dcd221905b3ae2bea6f:榴莲
2024-02-16 08:01:33 [WECHATBC_MAIN] : @dc820e8addb8d72513e8a40edb382438a45f075485d4c824a0caab8e6dcce852:木迁
2024-02-16 08:01:33 [WECHATBC_MAIN] : @fb11f1d0f3d0e414f08376c92dbde157:平面设计狮
2024-02-16 08:01:33 [WECHATBC_MAIN] : @0937c601b28408a0589fab77b5ad92b63a0295878ae7a144b104c0b02487ebe0:Yu鱼.
2024-02-16 08:01:33 [WECHATBC_MAIN] : @1a1cdbd2141fb190ceaa2058215cc07d546af7726f572a6177672dbee40b6b1e:宝藏
2024-02-16 08:01:33 [WECHATBC_MAIN] : @7f129c22e7bef208fa2dfc2cca69c56ff71aa58f900ae0a0c8896455856cc2ff:+🥚
2024-02-16 08:01:33 [WECHATBC_MAIN] : @5958861029c8a4f1e40e8b9284c53b66640a95bad92c638e0192c099e9d74a8f:Oneone
2024-02-16 08:01:33 [WECHATBC_MAIN] : @e630e9e65ce3f283a8ce66e0dce0db09e83092156b84e0c347ff3b09cd361c6c:陈店长
2024-02-16 08:01:33 [WECHATBC_MAIN] : @9b344a1131b40e474dbb970dcc96bdb5984193b4fffb96cdeff68b32244c7116:XOYUFI
2024-02-16 08:01:33 [WECHATBC_MAIN] : @2eaf9e5c736bf2ac68ade19bf057da0c40be6955416e3e16f33d9801b6775dd0:LIN_HH
2024-02-16 08:01:33 [WECHATBC_MAIN] : @fa3a6de1ad227f0df9967b96f20dbab058344176cfcc39d760c6c8097325406c:早川秋
2024-02-16 08:01:33 [WECHATBC_MAIN] : @4efc9d6ba76c03d7eb8acb4ad5e107ac4b62e78b67a6d53f671de752998117f0:p
2024-02-16 08:01:33 [WECHATBC_MAIN] : @6e4cf685e29564d39461688293843ff95cf01b8be0a4241347044c683958cbae:太白
2024-02-16 08:01:33 [WECHATBC_MAIN] : @660d520ef6eeffa4b79e6d5d89c04b67:鲁班大叔
2024-02-16 08:01:33 [WECHATBC_MAIN] : @7074441a2b39995e6be17c43a8bec02367cdf079db75a2c46627f9903469200c:！
2024-02-16 08:01:33 [WECHATBC_MAIN] : @11e3343b9318149c0f41428b1d28880157928274b2f96af6ff0372202a85ad12:春雪
2024-02-16 08:01:33 [WECHATBC_MAIN] : @68fdb8f90f7717a9bc4a86e250642d7a7085b3d73098aa54850ec9fb11bbe3a8:NOBODYLIKESME
2024-02-16 08:01:33 [WECHATBC_MAIN] : @e1fb1c9ce64555bdec27b81c93f336fa:转转
2024-02-16 08:01:33 [WECHATBC_MAIN] : @49fc506628f427133338e4f9b1390400:憨憨羊
2024-02-16 08:01:33 [WECHATBC_MAIN] : @46f52f042e9d0b8e46f12984c82a372e8037cabc192eaa39363c7af9246e975d:欣妍
2024-02-16 08:01:33 [WECHATBC_MAIN] : @36dd863d92680d774f3b8b83e4ce18b7:怪谈胖胖女
2024-02-16 08:01:33 [WECHATBC_MAIN] : @4f0bef5c94a84303a0487091c6274d98:韦一同说
2024-02-16 08:01:33 [WECHATBC_MAIN] : @b81fe0d5a1b98dc0ac36e5e938c5b7cfc94e6cefac9db42c7d918c23afb5d2fc:若瞳君子
2024-02-16 08:01:33 [WECHATBC_MAIN] : @449a9b1ce21d2b8a8d2ebdc0c2cfe2b8d1a06942c18f337e7b6213667b51702c:-
2024-02-16 08:01:33 [WECHATBC_MAIN] : @19c0acdda449f39f3ea2e0f143b9c9a9:极简博客2022
2024-02-16 08:01:33 [WECHATBC_MAIN] : @45a6c63eb351127fd5dc01fc4ef353bc:WPS办公助手
2024-02-16 08:01:33 [WECHATBC_MAIN] : @5cb093c9176adf9c5cfd30d5092a30e7cb6f7d32aabdba892d7824bd39376e28:独人13
2024-02-16 08:01:33 [WECHATBC_MAIN] : @7fe7a444a2ab57a4647ea1872012f86b4cbfc9593c38bf367e7888591593c705:樱桃🍒
2024-02-16 08:01:33 [WECHATBC_MAIN] : @0ce668cbe5d715b4d12578a1dacc4e81:易博通eSender
2024-02-16 08:01:33 [WECHATBC_MAIN] : @f833b1bbb8bf1bc23929d81759bf0f192417d9a2e6ff44b0e2c37d8404463fa1:文人武
2024-02-16 08:01:33 [WECHATBC_MAIN] : @f3da04b43dfd5e3e9035e020928db48eb25235e1dd18509f809a3a741a61ec0a:Blank077
2024-02-16 08:01:33 [WECHATBC_MAIN] : @f7fdf94b8f7010edbca6780a4c6261fc:老廖
2024-02-16 08:01:33 [WECHATBC_MAIN] : @09d16eeb455e110e03fc162e5843d0effd07a30aed58317ff22f1b38e8eeaf58:sun
2024-02-16 08:01:33 [WECHATBC_MAIN] : @b48ed05a09d9a7df058928b85c9846a5:潮职校园通
2024-02-16 08:01:33 [WECHATBC_MAIN] : @00fe4c5d3130507f0cb8e8a0716a53557dd43da4d329bfecae5db1614ec0a6a9:a大白胖
2024-02-16 08:01:33 [WECHATBC_MAIN] : @316a0cc39161145ae345ca1a4191eb82d0c92df8ebb8f6ab3d8444345af7a1a2:广州鑫顺  专做美系单项件
2024-02-16 08:01:33 [WECHATBC_MAIN] : @93231c328682a9a0944cd7966e11fac7b9e4cf2b2e0df4ce2a0f3bfd7feae2e8:大海我的故乡
2024-02-16 08:01:33 [WECHATBC_MAIN] : @0a553179b4ae702b26815b8883af58bfd297b9ca20951bc998ad6f3c9a021fae:zzzsh
2024-02-16 08:01:33 [WECHATBC_MAIN] : @73591a97c1e933590180717502e9485ef7a30046ab71fed5d5ca0d6aa6a7ba7f:Leon
2024-02-16 08:01:33 [WECHATBC_MAIN] : @f9e3c4d447fc242bccf87c1cad3efbd3f1dba4a2d543fbd87920004f15a0321e:远
2024-02-16 08:01:33 [WECHATBC_MAIN] : @6f41545013a50887c04cdaf15bc32d62bb0822fd307def8ae7719b2dfd3319b1:皮蛋
2024-02-16 08:01:33 [WECHATBC_MAIN] : @c9645a143d05baf6830c52ce9663272b:汕头人社
2024-02-16 08:01:33 [WECHATBC_MAIN] : @8d53d0524c63533465004f4fe5b3363dcbaf828c3d64a9ea9a9a9817b44d0e5f:A㍿࿐黑人校⃣長⃣ゝ诚信服务
2024-02-16 08:01:33 [WECHATBC_MAIN] : @610b94bf319875f4ab451d01d47f6814:后浪俱乐部
2024-02-16 08:01:33 [WECHATBC_MAIN] : @029333ccf6bf6be796eb2d0dd6b5f614f58665923837fce34ff0bf4a4dcb0103:。。。。。
2024-02-16 08:01:33 [WECHATBC_MAIN] : @c5c1ab557367583235bcbd2c973f67e5:广东中职菌
2024-02-16 08:01:33 [WECHATBC_MAIN] : @ed4bed07f95bd606bc4a70777bf8aac7221e71b8a408be3d7bd63dab00693ac8:🥷
2024-02-16 08:01:33 [WECHATBC_MAIN] : @becc545fcd80a5fe884172c665b898eb931615596b130573a1a4297830e771cb:Z.🧸
2024-02-16 08:01:33 [WECHATBC_MAIN] : @72b6ac149956d6d719947461f19d2b2d8602601be4ec4c81f67acd0b15407ddf:FyG
2024-02-16 08:01:33 [WECHATBC_MAIN] : @2b57e15f97f44b05c9aed8cac0241a494a7e297177d77683cb8b60fb556c3ecf:熊大
2024-02-16 08:01:33 [WECHATBC_MAIN] : @5062b3b4ab67beab76ffb3d16e5f38d0914926718058da1b84f2f1d5806c596d:Huan
2024-02-16 08:01:33 [WECHATBC_MAIN] : @a768e9ee5350f9a26fa27df75638be7614992daf594e9f6261538bac19935d79:无所谓
2024-02-16 08:01:33 [WECHATBC_MAIN] : @e1a4272eac78f08908a330be49c6b9f06b1e2e99a423b10c48ea796e59f66181:<span class="emoji emoji1f525"></span>
2024-02-16 08:01:33 [WECHATBC_MAIN] : @90b1b28cee80f120ad854dc7e959a0f01fabe5d4e839805d68cdf820c01f6346:ᯤ⁶ᴳ
2024-02-16 08:01:33 [WECHATBC_MAIN] : @f8c7d7e3fda7700060900ce6e7d670b5a325513b615737efcd042eb97967c58e:O.o
2024-02-16 08:01:33 [WECHATBC_MAIN] : @4a014f97f538287370e064de40b6d88369866fe5551c14206e6f108897040560:白胡子
2024-02-16 08:01:33 [WECHATBC_MAIN] : @1b621dff474eba309d1eeed0fd32598d4d6a291614194c55f80592f33f21a923:<span class="emoji emoji1f361"></span><span class="emoji emoji1f361"></span>
2024-02-16 08:01:33 [WECHATBC_MAIN] : @4281cac7aae7a1f8187404fa38e84924:余熙小灶
2024-02-16 08:01:33 [WECHATBC_MAIN] : @b3d7d68b0329626f505e8c2cdf92355a:外卖券摸摸所
2024-02-16 08:01:33 [WECHATBC_MAIN] : @f595c4907315c246836d361df9c0a3980f1385d26bcc2693dd86adbedce788b2:A 中联电讯   郑灿伟
2024-02-16 08:01:33 [WECHATBC_MAIN] : @d863e36d361fdefdf8f8ec806f994b691a872850183a4d9d85ef7bb8f1f5ae36:楠浅ꫛꫀꪝ
2024-02-16 08:01:33 [WECHATBC_MAIN] : @08cebf9e61f183e1f546734a953be834ff30403026193c72999867c6306b0ea0:Yuuki
2024-02-16 08:01:33 [WECHATBC_MAIN] : @36993a2697ca661698cc241966cd69d5227216679c6517d6bd13bc155a080976:xh
2024-02-16 08:01:33 [WECHATBC_MAIN] : @408bc5d62c9736676f1082f3bc998d0b01e35adecfb27a7af946ee2f3d31dc1e:C.
2024-02-16 08:01:33 [WECHATBC_MAIN] : @f5605092e1c895de1fac3279ab75133f:wsice_肆
2024-02-16 08:01:33 [WECHATBC_MAIN] : @86cc34d8ee4ebe58b021f49d9daf928a4cfd45c3d104bffd587f3e7d61d70dab:威廉
2024-02-16 08:01:33 [WECHATBC_MAIN] : @cdc1906cd25a7dedaaf19d7c940cbf9cd9d91476568c03f8b09ac422aa82421e:Arun丶
2024-02-16 08:01:33 [WECHATBC_MAIN] : @e9491d14c8f8f0a0b9c54d51ab158e194ba1af5b56d8a963d7c1cd4e007b62f4:譚咏麟
2024-02-16 08:01:33 [WECHATBC_MAIN] : @c9b4522225dd3fff8475422a7787d4983dbd230d5f07165ef58e541ef457d551:Z.
2024-02-16 08:01:33 [WECHATBC_MAIN] : @c83d03b6ecef72223203eae2ea138fb6:i志愿
2024-02-16 08:01:33 [WECHATBC_MAIN] : @bd15795cb48ca9dfdebc547e3b27fc45:别算科技
2024-02-16 08:01:33 [WECHATBC_MAIN] : @eb1e99af9d679cece43b9d994a08f966a39a493df8563608ea27aa70bd8b9b08:AOO࿐努尔 诚信经营 花呗金融
2024-02-16 08:01:33 [WECHATBC_MAIN] : @a78f0f09251331c37ac4a0c35af9fdb645fa78313d833ff2d236fd73bd4ae07f:G
2024-02-16 08:01:33 [WECHATBC_MAIN] : @519d3a22244d2429fab45942553433e584e70bd09f7b5d70c808713e4b21c5c5:Mog.
2024-02-16 08:01:33 [WECHATBC_MAIN] : @9d3bdf8f626aaf49ec6af83b62c9bdf8aed41f87e0a5c5599e775078340033a5:江尚
2024-02-16 08:01:33 [WECHATBC_MAIN] : @cfbe5b8f17478e2970b5510217fb9ebc:海豚网游加速器
2024-02-16 08:01:33 [WECHATBC_MAIN] : @e6ff464c8c194dc05104ff33e9206c83717cfd04b6e1799c9eb58a8848fec312:以至于
2024-02-16 08:01:33 [WECHATBC_MAIN] : @425a62fcc1d7dc45e70f5245397754c2:辰东
2024-02-16 08:01:33 [WECHATBC_MAIN] : @20de728430f03d3017d67a5844ea6c6a324335d67e60853a22530940a5f4dfb4:要好好吃饭
2024-02-16 08:01:33 [WECHATBC_MAIN] : @4a0ac7b0fc8d5f9c72116860691dc28f:浮秀
2024-02-16 08:01:33 [WECHATBC_MAIN] : @26efe050b64bb824e78f4aa544ddeb11533710b404674d937fa8a0623ceb8efb:ㅤ
2024-02-16 08:01:33 [WECHATBC_MAIN] : @b4cc1680f5fccd956154b4b7e30906bf:志愿者
2024-02-16 08:01:33 [WECHATBC_MAIN] : @421bef7d26272edc2a9a2ec74a8ca3e4:互联网品牌官
2024-02-16 08:01:33 [WECHATBC_MAIN] : @67d7a39d32625e95d8f31da08e3d98929b274098f43a1cd6976d33f9187a2337:彬
2024-02-16 08:01:33 [WECHATBC_MAIN] : @2ecfca3ddeef665b94c6b33a7c2cf7cd2472d15cae049d32e37a172bd36e37fe:芜湖
2024-02-16 08:01:33 [WECHATBC_MAIN] : @74dcb17190f347f339270dfe380787c8c5c2055d971297aa10023295232663b4:北
2024-02-16 08:01:33 [WECHATBC_MAIN] : @384091b6fa578e5d8f8c891794a239cb99699018600cc388c93d395061636c0f:AA - 手机电脑 回收 出售 维修
2024-02-16 08:01:33 [WECHATBC_MAIN] : @e8c885611a11b96678aef1c88626570307687c06469e987f33aec31e7059f555:A0༒六子༒ （诚信服务）
2024-02-16 08:01:33 [WECHATBC_MAIN] : @f9ec700e6b9e8db374365120f1bcde29d926789ca90e6c63f032752a3bf8ea2f:九
2024-02-16 08:01:33 [WECHATBC_MAIN] : @0246e39a9aeff37d39d3a682b698041f:腾讯成长守护
2024-02-16 08:01:33 [WECHATBC_MAIN] : @07180fdd1bf7567daafe7132a3de99e906e0fddfa93213df9f7dc80660339198:拉勾为什么要上吊
2024-02-16 08:01:33 [WECHATBC_MAIN] : @881678fda4f2071b6e918873b11dfba319ef02f380847e2a2ff7938835190ed2:大月半冉子<span class="emoji emoji1f43e"></span>
2024-02-16 08:01:33 [WECHATBC_MAIN] : @cf7a3884853e3687b55defa6e73c25d387a2fee8dfccfb94105798282ed8e6db:只手摘星辰
2024-02-16 08:01:33 [WECHATBC_MAIN] : @11f00a354e2d273c3f83bfd3881aaf86cc592ebee5ac43d7e51b4b8a9c64866b:祈
2024-02-16 08:01:33 [WECHATBC_MAIN] : @d2d252da38634fcce3a3e8db61c93ced:黑料BOOM
2024-02-16 08:01:33 [WECHATBC_MAIN] : @d4f2696a786774128e9ada46fc47070b:耳根
2024-02-16 08:01:33 [WECHATBC_MAIN] : @451b2dad01f4a3d603e05242ff238ea9fb9bacc4560f3ef64c1c4687f29b34fd:计划师-可心
2024-02-16 08:01:33 [WECHATBC_MAIN] : @a223fc913c6264aacca51f9ab60e1d0609e8ec3caca70985cae7f680ec6da45f:SuriYan
2024-02-16 08:01:33 [WECHATBC_MAIN] : @788a5c70d25ec4db67725b7b6469288a45fe066c6f11b0df373c1568654698dd:垚
2024-02-16 08:01:33 [WECHATBC_MAIN] : @b061fd14d748017afce5992349029c37:外卖有多少
2024-02-16 08:01:33 [WECHATBC_MAIN] : @9db7076266c84e55d09b26f04c04791e:你的生活我的梦想
2024-02-16 08:01:33 [WECHATBC_MAIN] : @2b84534b46cbc049fc6e6cd69a11843f28e1977e8dedcc754f37a938a73af913:培
2024-02-16 08:01:33 [WECHATBC_MAIN] : @676b7130de245a06542964f70f9ddcbe7ab7c5235385d1a340668e809ee8d02f:FLIPPED
2024-02-16 08:01:33 [WECHATBC_MAIN] : @2fe4ba30ff16cd6c2768f833cdd2f30a1febd81d190511b18bd6ebc0754d7900:AIm.
2024-02-16 08:01:33 [WECHATBC_MAIN] : @ad53f7c7700c14a739525c8a4d1d225e2cd3faa55eaeed2ff4d7eb53df85a0cb:汕頭15815040195
2024-02-16 08:01:33 [WECHATBC_MAIN] : @e7350e3ff159b554a8368128450aaeb3ddfe623ad877d61078a4cab69a5689da:aJin
2024-02-16 08:01:33 [WECHATBC_MAIN] : @a90f35f6ae31e705df6fb02574e50da22916af7c90028db717f99822345c4bc5:你滴男妈妈
2024-02-16 08:01:33 [WECHATBC_MAIN] : @d8180deed8829a90a2de782a506cf054561a7680c61965172af6844bca82d2ab:三三
2024-02-16 08:01:33 [WECHATBC_MAIN] : @e13e44bbbb0ecee18a0c0c10511c0c97e779db2409cdfb9d6eb079d9c51f28ac:今天想我了嘛.
2024-02-16 08:01:33 [WECHATBC_MAIN] : @4ed3fe2fc56f95f65f6bdf7b7e01bd53e9031f463714fc5687feda9eadf97446:Jeff
2024-02-16 08:01:33 [WECHATBC_MAIN] : @568b9e3a178e95928cc47c68b0e6bb95ee980eca5a032f46dfe231a27ff75ab6:h.
2024-02-16 08:01:33 [WECHATBC_MAIN] : @26b5768b120a6556097fe1a8ea04dca9:抠鼻子Kobez
2024-02-16 08:01:33 [WECHATBC_MAIN] : @fdc9612a9a342d8176a429044f8b69d71d3aedadd88e7c8187bea8f3db0a2dc1:.
2024-02-16 08:01:33 [WECHATBC_MAIN] : @8ff5528a5712f3ff4f30748cbbbc7a58494c07cd0a32c1251ad56bd35814c527:hor1z0n
2024-02-16 08:01:33 [plugin-loader] : 载入了 1 个插件
2024-02-16 08:01:33 [WECHATBC_MAIN] : 启动控制台...
2024-02-16 08:01:34 [WECHATBC_MAIN] : Message(msgId=212974732916669013, fromUserName=@34343d4fbf5d4edad3367d4fa0682e1d64a53b7b006f7e0e04e97a9f063d5d00, toUserName=@34343d4fbf5d4edad3367d4fa0682e1d64a53b7b006f7e0e04e97a9f063d5d00, msgType=TextMsg, content=, status=3, imgStatus=1, createTime=1708041693, voiceLength=0, playLength=0, fileName=, fileSize=, mediaId=, url=, appMsgType=0, statusNotifyCode=11, statusNotifyUserName=, recommendInfo=RecommendInfo(userName=, nickName=, qqNum=0, province=, city=, content=, signature=, alias=, scene=0, verifyFlag=0, attrStatus=0, sex=0, ticket=, opCode=0), forwardFlag=0, appInfo=AppInfo(appId=, type=0), hasProductId=0, ticket=, imgHeight=0, imgWidth=0, subMsgType=0, newMsgId=212974732916669013, oriContent=, encryFileName=)
2024-02-16 08:01:34 [SYNC-CHECK] : [msg type] TextMsg
2024-02-16 08:01:34 [SYNC-CHECK] : z>z : 
2024-02-16 08:01:40 [WECHATBC_MAIN] : Message(msgId=740027160420260637, fromUserName=@0a553179b4ae702b26815b8883af58bfd297b9ca20951bc998ad6f3c9a021fae, toUserName=@34343d4fbf5d4edad3367d4fa0682e1d64a53b7b006f7e0e04e97a9f063d5d00, msgType=TextMsg, content=无内鬼, status=3, imgStatus=1, createTime=1708041699, voiceLength=0, playLength=0, fileName=, fileSize=, mediaId=, url=, appMsgType=0, statusNotifyCode=0, statusNotifyUserName=, recommendInfo=RecommendInfo(userName=, nickName=, qqNum=0, province=, city=, content=, signature=, alias=, scene=0, verifyFlag=0, attrStatus=0, sex=0, ticket=, opCode=0), forwardFlag=0, appInfo=AppInfo(appId=, type=0), hasProductId=0, ticket=, imgHeight=0, imgWidth=0, subMsgType=0, newMsgId=740027160420260637, oriContent=, encryFileName=)
2024-02-16 08:01:40 [SYNC-CHECK] : [msg type] TextMsg
2024-02-16 08:01:40 [SYNC-CHECK] : zzzsh>z : 无内鬼
2024-02-16 08:01:43 [SYNC-CHECK] : java.lang.reflect.InvocationTargetException
2024-02-16 08:01:43 [SYNC-CHECK] : 在尝试异步获取消息时遇到了一个错误
