2024-02-16 06:05:35 [WECHATBC_MAIN] : 已扫描二维码，请确认登陆
2024-02-16 06:05:45 [WECHATBC_MAIN] : 已确认登陆
2024-02-16 06:05:46 [WECHATBC_MAIN] : 已取得登录信息:
2024-02-16 06:05:46 [WECHATBC_MAIN] : BaseRequest(uin=281175185, sid=p6WXp8cuXqjgrBpF, skey=@crypt_c1a555a6_4c948e7ccbe0dedc6c55c6b56ef41028, deviceId=e766048584035228, dataTicket=gScIb4bLMuzJfLAVaaTFNsm+, passTicket=HjVKFcCW6SQipVzU4jWQMNqcF5Du0oomsknRWPunwjNObSsuJ0G8VeUq8mvYe2s1vU18fSVUT88Xh7qpkuNcFQ%3D%3D, authTicket=CIsBEI3D3gEagAENSI+YAen74URF7KlZMlDp3D3HHWVuko4PUSij91uiBcn5P3Yn3meuenOurGyAgyCVLUrgk9n3/BFIBOp0kSSjR504cb+1lAgabyc6BHgxIO9TzdhlycRbQWKSeYmyXKM8xgxzQ565LDv0zV7ASVitogU51PgTCI+SYn/BfT85YQ==, initCookie=[wxuin=281175185; expires=Fri, 16 Feb 2024 10:05:46 GMT; domain=wx2.qq.com; path=/; secure, wxsid=p6WXp8cuXqjgrBpF; expires=Fri, 16 Feb 2024 10:05:46 GMT; domain=wx2.qq.com; path=/; secure, wxloadtime=1708034746; expires=Fri, 16 Feb 2024 10:05:46 GMT; domain=wx2.qq.com; path=/; secure, mm_lang=zh_CN; expires=Fri, 16 Feb 2024 10:05:46 GMT; domain=wx2.qq.com; path=/; secure, wxuin=281175185; expires=Fri, 16 Feb 2024 10:05:46 GMT; domain=qq.com; path=/; secure, webwx_data_ticket=gScIb4bLMuzJfLAVaaTFNsm+; expires=Fri, 16 Feb 2024 10:05:46 GMT; domain=qq.com; path=/; secure, webwxuvid=b0c1512a3960be8895dbe4551510255d6abdb54f4e6a851c822f8b44092154062926979e6273720a9cb9ad27ffcadc73; expires=Sun, 12 Feb 2034 22:05:46 GMT; domain=wx2.qq.com; path=/; secure, webwx_auth_ticket=CIsBEI3D3gEagAENSI+YAen74URF7KlZMlDp3D3HHWVuko4PUSij91uiBcn5P3Yn3meuenOurGyAgyCVLUrgk9n3/BFIBOp0kSSjR504cb+1lAgabyc6BHgxIO9TzdhlycRbQWKSeYmyXKM8xgxzQ565LDv0zV7ASVitogU51PgTCI+SYn/BfT85YQ==; expires=Sun, 12 Feb 2034 22:05:46 GMT; domain=wx2.qq.com; path=/; secure])
2024-02-16 06:05:48 [WECHATBC_MAIN] : 已初始化微信信息:
2024-02-16 06:05:48 [WECHATBC_MAIN] : 用户信息:
2024-02-16 06:05:48 [WECHATBC_MAIN] : Contact(uin=281175185, userName=@d2b69501f43b805159d3ef523764f8bfcbb0b8b6948cb1ed12e9a98cf0477ac1, nickName=z, headImgUrl=/cgi-bin/mmwebwx-bin/webwxgeticon?seq=102391928&username=@d2b69501f43b805159d3ef523764f8bfcbb0b8b6948cb1ed12e9a98cf0477ac1&skey=@crypt_c1a555a6_4c948e7ccbe0dedc6c55c6b56ef41028, contactFlag=0, memberCount=0, memberList=null, remarkName=, hideInputBarFlag=0, sex=1, signature=已换微信 meteor1913103, verifyFlag=0, ownerUin=0, pyInitial=, pyQuanPin=, remarkPYInitial=, remarkPYQuanPin=, starFriend=0, appAccountFlag=0, statues=0, attrStatus=0, province=null, city=null, alias=null, snsFlag=257, uniFriend=0, displayName=null, chatRoomId=0, keyWord=null, encryChatRoomId=null, isOwner=0)
2024-02-16 06:05:49 [WECHATBC_MAIN] : 联系人列表数量: 315
2024-02-16 06:05:49 [WECHATBC_MAIN] : @@b25f03daf75befe0a203b97476f1c96ad5ee6643b3ca95c426b8cc5ae5a0c972:森鶴教堂<span class="emoji emoji26ea"></span>
2024-02-16 06:05:49 [WECHATBC_MAIN] : @05cc7d90db0127d6254112b1cab78404e4db1f5b8a0a1870c073b399a0dbfacf:Sherry
2024-02-16 06:05:49 [WECHATBC_MAIN] : @8c12075f911c111b7ab7d235ac525f5f:泓记
2024-02-16 06:05:49 [WECHATBC_MAIN] : @b882101b3d3d8025d5cc5fb23e4e74c9825a018b53e3f660194c3eb14da6f544:Yu鱼.
2024-02-16 06:05:49 [WECHATBC_MAIN] : @866006059d54ff2e16364892e2333c58957d3de86133dbff688809cf99ca51ed:LIN_HH
2024-02-16 06:05:49 [WECHATBC_MAIN] : @02b56deb552e4323acf54802733586babbd417d2e429a769be36f7281f71d1d0:听岛屿.
2024-02-16 06:05:49 [WECHATBC_MAIN] : @dc17dd912b39eb3c99b87ce76407a03332d09961c9013ec0e56bb77309d05ce5:要好好吃饭
2024-02-16 06:05:49 [WECHATBC_MAIN] : @aa8accf5ac2e8c3b2f4e2f0fdeaeeb9d:广东建院消息
2024-02-16 06:05:49 [WECHATBC_MAIN] : @8e1fc7344d922dd6fb81325fa397b5e6deaf08ab62f28d0cd434d0c4ee31dd38:はたけカカシ²⁰¹⁸₀₉₁₅
2024-02-16 06:05:49 [WECHATBC_MAIN] : @880b96600ee61f516b306ce116ff1226a589ce448430757698013fa8f1135c65:汉英
2024-02-16 06:05:49 [WECHATBC_MAIN] : @6b3ab9915294bf56e66979ebc1efc9bf9f48e77ce4f5c07db17cb860a1eedc8e:木木(丽丽）
2024-02-16 06:05:49 [WECHATBC_MAIN] : @a4b9d6102d63d5441d6e4d7ea3975791703cb910350db324a66e66882485ac98:ㅤ
2024-02-16 06:05:49 [WECHATBC_MAIN] : @5218409bb4deac0d99dd473dbeb48058830682a047107ec58636bdd7032b2153:Mog.
2024-02-16 06:05:49 [WECHATBC_MAIN] : @71e9f58fef03a1f08edc779a534c6ca27dcc8ba4d7581e02e1923f4fc6ccfa25:Sam
2024-02-16 06:05:49 [WECHATBC_MAIN] : @0e2839a46952dfdd5241365384b31039715bfaa27f3037e76ff7d861fc4c9bb3:莹^O^
2024-02-16 06:05:49 [WECHATBC_MAIN] : @4c56477c6d0065ea14ca545abf3ab77b507614f1f6c3868149e8b25f5fdafec5:a大白胖
2024-02-16 06:05:49 [WECHATBC_MAIN] : @bfc4baa77ee5838c86729794b575c92ed17d2d003f7fb5a5fc42ebaa4d93d41f:FyG
2024-02-16 06:05:49 [WECHATBC_MAIN] : @2401d386594f74d91675150ca33ff0f2:广东中职菌
2024-02-16 06:05:49 [WECHATBC_MAIN] : @5c36148c3fee201a7f6548071386c3e440c91dea41d165fd28376322322f10c8:扬狗爱cc🌬
2024-02-16 06:05:49 [WECHATBC_MAIN] : @5b04793f0a19509495fd0a8d7affe8a12ff464aae4fd92630415b1a17ac26a23:利
2024-02-16 06:05:49 [WECHATBC_MAIN] : @22337c5891ac05d537cea8286f935a417db785c3a3943ecf826d2f8bac4a3672:滥情g.
2024-02-16 06:05:49 [WECHATBC_MAIN] : @be74b042db11029bd65618b66a031d07:腾洲车行
2024-02-16 06:05:49 [WECHATBC_MAIN] : @ba749259383f67a6cdd92c6ec3e12ab54663de5d83753e49d9187b142e01488c:₀₃.
2024-02-16 06:05:49 [WECHATBC_MAIN] : @ad7dfb132442371eab4b0b31686e02a6:异次元APP软件
2024-02-16 06:05:49 [WECHATBC_MAIN] : @d1176426cfa522ce3b869c23ee9c563222b70b2631cfc1c0e91e68036b72ee02:岁月无声
2024-02-16 06:05:49 [WECHATBC_MAIN] : @2a4cd364f646a441d9ca4f8000ce175f5fe90a5d6852a48cb6ae24112900a705:发财小掌柜<span class="emoji emoji1f4a1"></span>
2024-02-16 06:05:49 [WECHATBC_MAIN] : @484a644903ad90fb347489a6a8bd8a79d8d319cb738f6d1fca4af74d3cd98e72:大海我的故乡
2024-02-16 06:05:49 [WECHATBC_MAIN] : @68e5bd783a8fbb8fa1960018be31ea5f8423d91cae7a7c4088c1fd4dce468c41:广州鑫顺  专做美系单项件
2024-02-16 06:05:49 [WECHATBC_MAIN] : @f0389f37a5286ec97ab285d855af8a297552f23cee928ff50ee8bcc8e334207c:Jeff
2024-02-16 06:05:49 [WECHATBC_MAIN] : @152f2ddb1759dd7de96a0f57540a9265df3bff9f8338d6707860b6ad329bc8d0:早川秋
2024-02-16 06:05:49 [WECHATBC_MAIN] : @7e609d1a3f44d45c907fb3a6818ea458cf6e979a29eb0d951ee9d451faaae9eb:太白
2024-02-16 06:05:49 [WECHATBC_MAIN] : @f321f171ee4c82c253d3ed1e79d741a5ebf4f77e3991b02a9192debbb8f812f4:宝藏
2024-02-16 06:05:49 [WECHATBC_MAIN] : @66eb897da36b155d7cd21db76bd1b0d7be2aeeaabe944f9e446ce3ba182a5e2b:今天想我了嘛.
2024-02-16 06:05:49 [WECHATBC_MAIN] : @8817cc482d77dca3550ae8247f46cdaca01067b11f12ddf60e97f2f3a887ccf1:FLIPPED
2024-02-16 06:05:49 [WECHATBC_MAIN] : @ef3d58907475329933cedde6a80da4cc2a59e8534828939edb5c8dfc29a831b9:2z
2024-02-16 06:05:49 [WECHATBC_MAIN] : @ba3fab4e9050ec0bdfc133caded70fd9a159d9258c77507e848661c56492fd7e:小鹅
2024-02-16 06:05:49 [WECHATBC_MAIN] : @d4207402892ef672ba67e59ee8e92e95c8aaa1c631734430ed071cc4d364da09:楠浅ꫛꫀꪝ
2024-02-16 06:05:49 [WECHATBC_MAIN] : @2d8bb54957aae9f36536e5e35bcbbc780d23ee86abfc892212467da7415038ec:安逸
2024-02-16 06:05:49 [WECHATBC_MAIN] : @bb13b6a720b783d159bdf838770ed9e252045dae308c2433e889ca12c7c2fced:群管理
2024-02-16 06:05:49 [WECHATBC_MAIN] : @d715eb388122ad9e8d00aad55b027a73de56cd59c6fcf5009fa92af5774fc499:A_ ZikX.
2024-02-16 06:05:49 [WECHATBC_MAIN] : @8809eb159f53d7d8f90c1d64a5efbd2cd1b899fe8b7910f723dd43bd9215c04f:0.2℃
2024-02-16 06:05:49 [WECHATBC_MAIN] : @79d7df9fd05f2f84ccaf692c4608b7072ebc9e36b0c79b9a1650cd469b38bbf4:【千浔】Ms.傅
2024-02-16 06:05:49 [WECHATBC_MAIN] : @fd0562583a3fc29bd5e628f75c3c6f9c1de1326dd95759413aeb8f685add0aee:黑夜诗未
2024-02-16 06:05:49 [WECHATBC_MAIN] : @25957dc7110d2d14ca0c5201858a665e49e315134d98066759421158a133042a:木川金
2024-02-16 06:05:49 [WECHATBC_MAIN] : @97074fa51061d309dbcb094b2e07405aebeeb75b2c4b0e284a2704441ac99ccf:二友照相馆（总店）
2024-02-16 06:05:49 [WECHATBC_MAIN] : @9f6ee6c1e82dcaecf6b578b661a7f721f67f8e289047142e376624b14992e9a4:朗月.
2024-02-16 06:05:49 [WECHATBC_MAIN] : @242edd87d0845fb2a212e59a7b2852ab62fb4da3c908debbaf9e5edcc1a77728:ღ火炎焱燚ꦼ
2024-02-16 06:05:49 [WECHATBC_MAIN] : @e48766b7a27862c8d8688c34db286567eab254ff8b7abc2449e3db6919b4db5d:D。
2024-02-16 06:05:49 [WECHATBC_MAIN] : @b46f72a624b369b269cc4b8f6881c1c6a089802b603403bb82af18be592f9a97:A㍿࿐黑人校⃣長⃣ゝ诚信服务
2024-02-16 06:05:49 [WECHATBC_MAIN] : @c307c9b4678ddec9d1d7762dbfd964731c54f0094965052db7c1f97af2fea208:+🥚
2024-02-16 06:05:49 [WECHATBC_MAIN] : @d560b90209246bc2ea2a3576e83ad383:蒸汽游戏
2024-02-16 06:05:49 [WECHATBC_MAIN] : @985b391cea233542e6989e2a40878d89:平颉机械设备13223903675
2024-02-16 06:05:49 [WECHATBC_MAIN] : @068222aa30f83e70d6322e5ea028d2ad:外卖卷不停
2024-02-16 06:05:49 [WECHATBC_MAIN] : @cd76ea01a4b2cbc2c0e6396b8a8a6e30a36262e20694bd9c6e11aaa17efb56f2:qi
2024-02-16 06:05:49 [WECHATBC_MAIN] : @822ef0b7cebf4ecb4d413164100770b3da3d315ee82c859b6421c10bc9242e04:星光
2024-02-16 06:05:49 [WECHATBC_MAIN] : @24cb57fe5cb1b4a611298d7118260d15e4d1badb3a3c5c5facea052049c5adf3:江尚
2024-02-16 06:05:49 [WECHATBC_MAIN] : @91a6116665768d37910dff52371700eb98fb4c7b3f13e578ff7029b3f603e164:彭老师
2024-02-16 06:05:49 [WECHATBC_MAIN] : @4fc63f4b1cba978aa42da28ee3636a5959fd2cc0d9c87ce8ab07deb323967908:皮蛋
2024-02-16 06:05:49 [WECHATBC_MAIN] : @daf40eac3cb46f2d95d27a61f2ff540f:余熙小灶
2024-02-16 06:05:49 [WECHATBC_MAIN] : @6a7e16de99dec23f0dfe1ff3fd4d69296fc652ba9aea5b849ce38b8799fa2a13:啦啦啦啦
2024-02-16 06:05:49 [WECHATBC_MAIN] : @d381a3fd1a565faac16753e3c5dbacd5559ee829b1479f293349713824c2cd87:寿～
2024-02-16 06:05:49 [WECHATBC_MAIN] : @be8d155a94d7546320ebb78922ef0edc:治愈读白
2024-02-16 06:05:49 [WECHATBC_MAIN] : @b57e85c6f2f89c714c282a8e5ac6720e4bbba7e905eb69200d4156cb13b082ed:1
2024-02-16 06:05:49 [WECHATBC_MAIN] : @06b08ffa8ff0ca29db3bad8f1085d4ef61378cdb2787802c50d22515682d5872:远
2024-02-16 06:05:49 [WECHATBC_MAIN] : @c243d8d7ed93efc1a288806f6c54dcd416e19f63845e764a9029834f8ecc0542:平平歌(ᇂ ㉨ ᇂ)
2024-02-16 06:05:49 [WECHATBC_MAIN] : @5258d9b18b69c11be9593e2f43c86b5e:怪谈胖胖女
2024-02-16 06:05:49 [WECHATBC_MAIN] : @0bed7bbd7a07285a5ff1929bccfcbc6b1b152e871c135f8488e0478ed78b07b6:Huan
2024-02-16 06:05:49 [WECHATBC_MAIN] : @478b7a40f600cef52ac3872e8b7e0eeb4fe207b7d54877ce92c7aab62ee6d7b1:熊大
2024-02-16 06:05:49 [WECHATBC_MAIN] : @f9f21a8dc0ea1c4199ee1ded1504e9e80d5c3c8e282ca654eb0eaf0995b8b8b1:福🦆
2024-02-16 06:05:49 [WECHATBC_MAIN] : @a6a58cc1f8e59eafda1d819899e9b7efaa641a815729816d0dcc988ddbdf00b7:光星网咖 (营业中）
2024-02-16 06:05:49 [WECHATBC_MAIN] : @7fd1a759d8ab7622e663da182edd1467ce53a01d3dd097aad0f98bfafc1f72fb:大月半冉子<span class="emoji emoji1f43e"></span>
2024-02-16 06:05:49 [WECHATBC_MAIN] : @fd660e9df104761f3f81b31c6e043cfc27ea135d7984f80e7f798496a3f8a360:鱼七七
2024-02-16 06:05:49 [WECHATBC_MAIN] : @6e87bf52313c8f115560034ffdfcd5eccdc81e2e8e8862a6bdf7a2d2cee52e05:鱼莱新鲜小超市
2024-02-16 06:05:49 [WECHATBC_MAIN] : @28be447b641c4c5d4e25de1d77cd8c77401472b8f790a5e21db92314e0fd3612:冬天
2024-02-16 06:05:49 [WECHATBC_MAIN] : @a88a1ffc616a877c7b59515090e8901fb93bf25e312a6c33a4c39b4d74776b33:Oneone
2024-02-16 06:05:49 [WECHATBC_MAIN] : @e5dfca67549bb0825d0795feb47fcfa0:转转
2024-02-16 06:05:49 [WECHATBC_MAIN] : @89d05f0cfd1d1bac87e3605178626ed0:海豚网游加速器
2024-02-16 06:05:49 [WECHATBC_MAIN] : @85284fcc95ecb833e895a849897b677f3b81e0904f18bc35e519fd8403271606:陆景桓
2024-02-16 06:05:49 [WECHATBC_MAIN] : @6fc195cc11f27f95402e906f3c355f0dfb9e3e34be9b5b29df55138a8739ebef:AOO࿐努尔 诚信经营 花呗金融
2024-02-16 06:05:49 [WECHATBC_MAIN] : @6b40d2b01d18276090a181417cd630d07402c98151b1252264566f091c8c1726:老爷保佑
2024-02-16 06:05:49 [WECHATBC_MAIN] : @f0718054cfd3480b6346edc61628a875106d76b227fd31439f3316a86010502e:ㅤ
2024-02-16 06:05:49 [WECHATBC_MAIN] : @ce04b6d04a1af43ec76a03095240a43a:i志愿
2024-02-16 06:05:49 [WECHATBC_MAIN] : @7e7ac84128aee725172ffee7dfddca565e3f5e6bc75e1d33c2ae49d8d483efcf:A 中联电讯   郑灿伟
2024-02-16 06:05:49 [WECHATBC_MAIN] : @3402d7a9e7c43ac2539a8a629c7b61f3262398cf5348215669053019a44970ae:Z.
2024-02-16 06:05:49 [WECHATBC_MAIN] : @33f831080767436393a1068809cdb8ef4481546e79c9f4af200df311211dabfd:借我一秒钟
2024-02-16 06:05:49 [WECHATBC_MAIN] : @2cd60a98c48c809410a1639d1fe965ec2569ae3c4d036047f103406f45f3afec:aJin
2024-02-16 06:05:49 [WECHATBC_MAIN] : @8b2b79d0bfcfa4545f73545c090d6427adf4acd585a7a11dab69675a697dff3c:意粥.edu
2024-02-16 06:05:49 [WECHATBC_MAIN] : @@9ab50c1f238cffaadbc8515f081500d7559ba17dfab304b5e270908f88847ffc:z,zzzsh
2024-02-16 06:05:49 [WECHATBC_MAIN] : @973aede07a41384a2c261f0ead6890aaa30ec8cb4687f29d27b0585f477e6dc7:ᯤ⁶ᴳ
2024-02-16 06:05:49 [WECHATBC_MAIN] : @2528f5ab139293278d92c3823db8d580841e70098981ab4e102e1009ed068655:美宜佳
2024-02-16 06:05:49 [WECHATBC_MAIN] : @df78c41c286306390e29651eb3a03dfe4f2befa9811195f70d94fe46f65c76e8:芜湖
2024-02-16 06:05:49 [WECHATBC_MAIN] : @fc8305e33dd191378faab5df461b9816a514352d32046a0179e48a30679bc904:h.
2024-02-16 06:05:49 [WECHATBC_MAIN] : @49e62b2137428baa692ab3546de4ed2d34e6f276508f603d5458308dfbcd93a8:H
2024-02-16 06:05:49 [WECHATBC_MAIN] : @0067a72b7abc459c2770e523e490df0ef9808ddf448a86ba212c7ec746a1166d:AT
2024-02-16 06:05:49 [WECHATBC_MAIN] : @091c28bde93d4f3d9cf3a8221629ba19dd1e7aee8058550f337bb09067809fb3:K.
2024-02-16 06:05:49 [WECHATBC_MAIN] : @9987f3bb80cbb5d36deed399e7ff7e3f:辰东
2024-02-16 06:05:49 [WECHATBC_MAIN] : @50398934ac88408e8149835471cbafe12a929580822a40e53682970abc231e5a:碎星辰<span class="emoji emoji1f1e81f1f3"></span>
2024-02-16 06:05:49 [WECHATBC_MAIN] : @ca1a2884e1a2cf513acbafaf8f18981dfbccf67db96e46a9d28042caa7a1f1eb:A0༒六子༒ （诚信服务）
2024-02-16 06:05:49 [WECHATBC_MAIN] : @75b6ae601d4a56e99af0a398a4e081cc:浮秀
2024-02-16 06:05:49 [WECHATBC_MAIN] : @eb62a353d4abd6403bea7e55a1011e9d1073ce8f52cf0bedd754167040a0a8fa:XOYUFI
2024-02-16 06:05:49 [WECHATBC_MAIN] : @10a135c42d3d8dcba96e1bf5dbb592a965b5aa0e217d6657ef3c5075ac3b773f:山海
2024-02-16 06:05:49 [WECHATBC_MAIN] : weixin:微信团队
2024-02-16 06:05:49 [WECHATBC_MAIN] : @8a3ee33e4b9752abf5e1ec98af9b65506e0505086e07a8e2a3b4173a54bc8698:汕頭15815040195
2024-02-16 06:05:49 [WECHATBC_MAIN] : @18074b9c535747c80a9feb70c425e86c:鲁班大叔
2024-02-16 06:05:49 [WECHATBC_MAIN] : @0320f56a569bcb95793be657fa3252e0:黑料BOOM
2024-02-16 06:05:49 [WECHATBC_MAIN] : @aab91c7a88d880d5542417b54abfcd305b63699511398bb9aa363125ef063e54:标顶洞人🌝
2024-02-16 06:05:49 [WECHATBC_MAIN] : @fef7f3395569d7d1e24125ef4848f87f:卢家妈妈 西餐厨房
2024-02-16 06:05:49 [WECHATBC_MAIN] : @8a0b1659a7bf4f21aed284ea8938eee205d8ad59e72256b8a58cbd58e1a4595b:祈
2024-02-16 06:05:49 [WECHATBC_MAIN] : @433434a540ce99963e9fa8983cb5be14a723d6c5511fb50b5b9881745f159738:小宝
2024-02-16 06:05:49 [WECHATBC_MAIN] : @7efbddaa742139464cac8f04c151f97f5ccdc9f4ee12535e64d6d68a8fa3092f:-
2024-02-16 06:05:49 [WECHATBC_MAIN] : @43fb74e44a8d653c69f46ac23616f3e2:WPS办公助手
2024-02-16 06:05:49 [WECHATBC_MAIN] : @13b6da4e351f70b74d8594aff7262daedeafef43a469300ab7b3713be3309176:　　　　　　　　
2024-02-16 06:05:49 [WECHATBC_MAIN] : @a52796404a84454fd148d58ff8d3a90d4a00679dd51f738bc621a3ab9d358ef7:胖胖的孙某人
2024-02-16 06:05:49 [WECHATBC_MAIN] : @b536c9b40d59834954545a90df9a90f2bb3bd91ff39a35992cd3db29cc340304:🥷
2024-02-16 06:05:49 [WECHATBC_MAIN] : @daf4e5cf626e431a7727d216cfa1e4f2057ea8af4df379174ff32f4d13df3f64:陈店长
2024-02-16 06:05:49 [WECHATBC_MAIN] : @0701688f6db6a34b3f59c3be6142acb60e323798be4ba8bba1b9649c2f92e941:木迁
2024-02-16 06:05:49 [WECHATBC_MAIN] : @6bb89b08df324a1bfd0eb8ea50df4d24:电脑那些事儿
2024-02-16 06:05:49 [WECHATBC_MAIN] : @0576d30c55aa43145a4a186b72c79d22343b175876533bb29fa1021f6526ead1:莹^O^
2024-02-16 06:05:49 [WECHATBC_MAIN] : @2a964ca01ccee3c5d6b4e0b7a8ceff1b43ea5f1c37fe7d54967cdb32f8ac6003:sun
2024-02-16 06:05:49 [WECHATBC_MAIN] : @41723bc73be2f541ad833ffd156c845161abd6273b59e6427cf1ab447cbdf79a:顾玖
2024-02-16 06:05:49 [WECHATBC_MAIN] : @faee798aada3d7fe7dd5bde642bbca95c3ae69e2ab16d630d4e295e53efd7324:等一下七月
2024-02-16 06:05:49 [WECHATBC_MAIN] : @e3a9c26a9513e79bcb5f631f9df2ae9f5205f8506c5112612839dd3ebd68be4d:Diss8c豆
2024-02-16 06:05:49 [WECHATBC_MAIN] : @93ca8d66d42af263917f0250f9e644e4:腾讯成长守护
2024-02-16 06:05:49 [WECHATBC_MAIN] : @f57fddea3461148945f652f4069ef5fb531a024dee2c57ef51b9a74128da4a45:榴莲
2024-02-16 06:05:49 [WECHATBC_MAIN] : @1021ce848cdba94a1491ddd7b9dd7db1db1a2c08951dce68034663624d1c3903:月<span class="emoji emoji1f377"></span>
2024-02-16 06:05:49 [WECHATBC_MAIN] : @7f940febafb31a9232e92c29b57fce26c22435c627821373a1a9549b936515ae:22
2024-02-16 06:05:49 [WECHATBC_MAIN] : @b64fae836030d7b46d729c91e4fd07ff:小星星资料库
2024-02-16 06:05:49 [WECHATBC_MAIN] : @69db0a21105f3b13722f2628d684ef3e:广东建院
2024-02-16 06:05:49 [WECHATBC_MAIN] : @1e540470e336ea5b12e0fa246c6ff018:平面设计狮
2024-02-16 06:05:49 [WECHATBC_MAIN] : @4ece506703a6367b297f98289bf75bf9:网易UU加速器
2024-02-16 06:05:49 [WECHATBC_MAIN] : @a8d7dff961200584a533e62c716d3846c633c373ba94cd5ca5ac12fdf7c833c3:buo
2024-02-16 06:05:49 [WECHATBC_MAIN] : @81d86fbdfd43d57ff9797a20b92c6a3e5759c8b1d613451bd033225951d2b76b:沉默的小羊羔子
2024-02-16 06:05:49 [WECHATBC_MAIN] : @8f57c60f66180ce3615b723f8a9a75dd:小智LOGO
2024-02-16 06:05:49 [WECHATBC_MAIN] : @eed22ca334cfa4f94459f3f825e72caff015cc2101ba4359f860e78e700624d0:Aloha
2024-02-16 06:05:49 [WECHATBC_MAIN] : @e2581721fc21c5d3059b54a061e9705d396da047819dcda98f4e091adbf2f9cb:区冠贤
2024-02-16 06:05:49 [WECHATBC_MAIN] : @bcadfd31b548abf40951e53390df02e66247e99d844049c979ebb54c465e6728:sam
2024-02-16 06:05:49 [WECHATBC_MAIN] : @37bd4cf32c9d6f70f94839bfb2cb5ab8f56f2ed360e17184fec69531b8a687f8:BLUE
2024-02-16 06:05:49 [WECHATBC_MAIN] : @d6887706adec28796e7516ed0377cd02037b415ac996d1ddb29ed91a2e1594f6:文人武
2024-02-16 06:05:49 [WECHATBC_MAIN] : @0d577fcec338d1d45736da25a1a76bf1:极简博客2022
2024-02-16 06:05:49 [WECHATBC_MAIN] : @2f887b71e341637d27fc47d823aa1955:宅猪
2024-02-16 06:05:49 [WECHATBC_MAIN] : @1755608fd8981cb49d6691be39df93844f233a9b2f4d01002331e4a430f71ef1:以至于
2024-02-16 06:05:49 [WECHATBC_MAIN] : @938ccd7b299e0f078199cc899645a2c6:特摄驿站
2024-02-16 06:05:49 [WECHATBC_MAIN] : @cd15a2a556a5aaccf6af3ca5f21ce973fa6eb9276183965893874a105a77dfc7:Leon
2024-02-16 06:05:49 [WECHATBC_MAIN] : @b047776c8ff2931a10cbec1c3ab88a37255060a87d4cf9d9d8d8aa4d8e58cbdb:白胡子
2024-02-16 06:05:49 [WECHATBC_MAIN] : @45dd9b855d1133df884c4b15b5a9af987f698d12bed2ce07b2f3665d5a9c5999:远晏
2024-02-16 06:05:49 [WECHATBC_MAIN] : @3a6e0d7eafda54ebf6bfdb8938d080200bb5c25d0aef861664b1c1fcbd94064b:培
2024-02-16 06:05:49 [WECHATBC_MAIN] : @34b1be086b700e420d4c03879c104cf9828d34ea5880bea2a48c51bea2c702e4:垚
2024-02-16 06:05:49 [WECHATBC_MAIN] : @e21884fc94039f11da0cec3cdcfc67fc:微信支付
2024-02-16 06:05:49 [WECHATBC_MAIN] : @31d6fa71d2addad4d3cac36701d01ec4a620039e14ff8bf804022d167f264cec:威廉
2024-02-16 06:05:49 [WECHATBC_MAIN] : @1fd9a52a7a5c49e59ea1fe5e2411725304b88fa5ec529479eb2ce1e6dd7ac4ca:懒人
2024-02-16 06:05:49 [WECHATBC_MAIN] : @9448b5255a0f71735633c2dc2635bcbe:源码阅读网
2024-02-16 06:05:49 [WECHATBC_MAIN] : @363446e50bf82d1f0eb87162fdf22ff6cc3b42cc6cc26b492138fbb01f2c437c:湘橋春漲
2024-02-16 06:05:49 [WECHATBC_MAIN] : @6067a5423d6b798c3a51f89419161606:该账号已冻结
2024-02-16 06:05:49 [WECHATBC_MAIN] : @5b5c7e82cb1dca68c193b6ac263fe506c856a98606b515e1714afbb020285d24:Coast（2.1号放假-2.19上班）
2024-02-16 06:05:49 [WECHATBC_MAIN] : @087fac853b8db70c1eb4924c10ba2313:特摄资源共享
2024-02-16 06:05:49 [WECHATBC_MAIN] : @9ffe721032df1dc269081b77f741ccb1a359c3dc97f6b27683dfb22dabbe2cf1:.
2024-02-16 06:05:49 [WECHATBC_MAIN] : @15a35f5568e6e9d1a71d940e3888042f:志愿者
2024-02-16 06:05:49 [WECHATBC_MAIN] : @18096611cb071b8125a8a300ef81ce15b16b99f59b7fc14a09986781001571cc:  
2024-02-16 06:05:49 [WECHATBC_MAIN] : @b530ba6f5e062657f288e7cc9e57c008:Su2
2024-02-16 06:05:49 [WECHATBC_MAIN] : @d5992afb700eb9e1b28785c621fee05d5fb51d6ba39cf956979299a3e132cf45:木讷
2024-02-16 06:05:49 [WECHATBC_MAIN] : @47319a8badd811e5abbe86a716e6bcd6:天蚕土豆
2024-02-16 06:05:49 [WECHATBC_MAIN] : @2d4cd6b1ad00b4304b304995d8512913:热门精彩阅读
2024-02-16 06:05:49 [WECHATBC_MAIN] : @5e053497189372b3d5eed31ab4ee42a2:外卖券摸摸所
2024-02-16 06:05:49 [WECHATBC_MAIN] : @16dcc0802dc72c71b91d6d4e0bba1a7f8f355f664f44a65e76864c5ee65c6d52:ㅤ
2024-02-16 06:05:49 [WECHATBC_MAIN] : @be27b0082210d2891fcacef71d805966:小李万事屋
2024-02-16 06:05:49 [WECHATBC_MAIN] : @405fc73e05b29dacf2489abdede83fb0f59c8db8897a9f1913b12ec5d2d687a5:Rebirth
2024-02-16 06:05:49 [WECHATBC_MAIN] : @7ec8b919101e4b0ed669b7b9e6310b4ceb72d136a2be0be5ddae7bd5ce43c529:ིྀ
2024-02-16 06:05:49 [WECHATBC_MAIN] : @b222d11af45fa294f4daeed5873813f63286d398093b7b7e69a49103b5751217:曦热
2024-02-16 06:05:49 [WECHATBC_MAIN] : @3f66574a395754f76fef6ce365c7d57b:NS大玩家
2024-02-16 06:05:49 [WECHATBC_MAIN] : @41fd360a7ac24581634537248850f9bc46c1f2d2fe657f5ab4e0bc41fe7d33e9:计划师-可心
2024-02-16 06:05:49 [WECHATBC_MAIN] : @b7ab62fcfbd5bab116a8a2b608d43b196a35ad32deda8400ea6ba8061f16ace9:白云飞（只二维码收米）
2024-02-16 06:05:49 [WECHATBC_MAIN] : @8294260e3f1cb5db8f0f12dd61ddcdb761a0f6bb00a870559c6d55c047482d5d:无所谓
2024-02-16 06:05:49 [WECHATBC_MAIN] : @97f9b5dbe5e5038eb1106fa2e2d00ca4:小呆加速器短租
2024-02-16 06:05:49 [WECHATBC_MAIN] : @32c7a1a46145f7b70add8919a2b8d154d83b2ed6d13d21398db42a5608effeed:九
2024-02-16 06:05:49 [WECHATBC_MAIN] : @1ab93c68522f33bacea2351c1e51f024:该账号已注销
2024-02-16 06:05:49 [WECHATBC_MAIN] : @e0ad984db4e382cbf46ae943d238c679a2264ec1a2408d4943725ae094f781fa:橙
2024-02-16 06:05:49 [WECHATBC_MAIN] : @50dbf43dc7467d223eef4226b21393620f36beb09c095adc7118d135e53074fb:董不懂
2024-02-16 06:05:49 [WECHATBC_MAIN] : @637d5f92984042686c3ecea3525b43367be83d1c893804159eea3724cd066db1:DLx
2024-02-16 06:05:49 [WECHATBC_MAIN] : @7eaff29f9378308c5526308b39be7ada:魂之乐享
2024-02-16 06:05:49 [WECHATBC_MAIN] : @f7329805ae5c0bdc291be88b665ca406:外卖有多少
2024-02-16 06:05:49 [WECHATBC_MAIN] : @9c33669df3016096f54e5c506291e98c9812d18faba5f5992e7e9f9925610558:羊妹妹. 💭
2024-02-16 06:05:49 [WECHATBC_MAIN] : @5f56035bb57de96f5263a7cd524db73b:布晴LIVEHOUSE酒吧
2024-02-16 06:05:49 [WECHATBC_MAIN] : @52007f7fa2f07ddff4cb16ca1fddc60686edb93cc91e8c1fd8925891849b6f86:！
2024-02-16 06:05:49 [WECHATBC_MAIN] : @cddb894064c42631070ea1326d76fe1b1341c652f02b2f6b97b82652eb51ad03:Nefia
2024-02-16 06:05:49 [WECHATBC_MAIN] : @c62bd3cde6a8e2c15c8a8c0c188db4aa:憨憨羊
2024-02-16 06:05:49 [WECHATBC_MAIN] : @d04d9b3a0e28bcd45f1de6317fb729b4:你的生活我的梦想
2024-02-16 06:05:49 [WECHATBC_MAIN] : @e4f09b0710c5c6f536da5d2eacd4c86fb5d9d0fea46d3263718d4af9d83a772f:觅雪班导
2024-02-16 06:05:49 [WECHATBC_MAIN] : @f8cc6b93392cdbe47dead08e6410578a745b0c1866aa86e00291e1a78b1c61cb:ᥫᩣ.
2024-02-16 06:05:49 [WECHATBC_MAIN] : @c5fac4b54fb1d103b99cfa66311de50def27c5ff6879bceaca1d539e5055f8e7:Z.🧸
2024-02-16 06:05:49 [WECHATBC_MAIN] : @f693f27cd17e666fdd66c5f972fa2766094ab433febf17d2a4d97fdca428bbea:/
2024-02-16 06:05:49 [WECHATBC_MAIN] : @12cd1271a97ab1941c8716d41ae961e5:7477游戏
2024-02-16 06:05:49 [WECHATBC_MAIN] : @a5f3a1477723bcbfea5a835e41baaa6a:中国移动10086
2024-02-16 06:05:49 [WECHATBC_MAIN] : @2d0547608ba7e0c782187da110b5de125be681afcae809fdb0b5370c906e2e49:杰
2024-02-16 06:05:49 [WECHATBC_MAIN] : @1ef7ebd8bb20229e93180a615a924b483dd329c0840b076105c59cd4be5b2b93:NOBODYLIKESME
2024-02-16 06:05:49 [WECHATBC_MAIN] : @65c1768aac42f1c26d4196e0643fe83f159fc72d63cc3c1cdd49166a70b49770:玉宇
2024-02-16 06:05:49 [WECHATBC_MAIN] : @ccc91875069517148bf7a1b632dbd67637dce3b7e9f684004ff5756d74fef41b:。。。。。
2024-02-16 06:05:49 [WECHATBC_MAIN] : @501b532f77f6beb5a88f45d3073ba3cb:老廖
2024-02-16 06:05:49 [WECHATBC_MAIN] : @ca88da1920c1975380d82de45fd8eb3eb836b8b6b3a9cac3d2c3236a2428d746:SOYU
2024-02-16 06:05:49 [WECHATBC_MAIN] : @70d8ccdf74db82f0a734b5d971e1808624f0a1bf4f34e8fac3a242dfab5fd835:王德发
2024-02-16 06:05:49 [WECHATBC_MAIN] : @763191ebd22e29ba998fc17db55cf141e2077e700dd0c3aa8436e00c9e013c6f:莹^ω^
2024-02-16 06:05:49 [WECHATBC_MAIN] : @7909da8819752bdaecc73c34aaea4ce1cd9b907cded3186adef46310f790f58f:两英微帮信息推广网1
2024-02-16 06:05:49 [WECHATBC_MAIN] : @f5e54e958f283b83e9cb9f952f348e81e96665bc758e47997c73c838c26f3a8d:.ayu
2024-02-16 06:05:49 [WECHATBC_MAIN] : @560fd33c65916ed47ee8e4d3b56c82b1dea3e086eec4db2b3184758d31ec613b:欣妍
2024-02-16 06:05:49 [WECHATBC_MAIN] : @0a26efde12ab2bef65429873a1adc903:后浪俱乐部
2024-02-16 06:05:49 [WECHATBC_MAIN] : @b67610de06c64c5b69b6226b776dd62f881070ce78dc38883eb5cb089be31db1:Nachanka
2024-02-16 06:05:49 [WECHATBC_MAIN] : @012273449c6cdc8be9bbd92b095af266:agiso自动发货
2024-02-16 06:05:49 [WECHATBC_MAIN] : @f33c5fc455ba431c404689befa7779b790b346133dfbfbea374fd2adedb52f80:wuli
2024-02-16 06:05:49 [WECHATBC_MAIN] : @ba50f2a982f713610fd448dd4f6728e8:中职生
2024-02-16 06:05:49 [WECHATBC_MAIN] : @6a612c8f23fef41822d600ffcb734a611c9535126019da463af8dfa0ca4110be:广东青年
2024-02-16 06:05:49 [WECHATBC_MAIN] : @b974a11778580af8124db3c562313472:别算科技
2024-02-16 06:05:49 [WECHATBC_MAIN] : @cc6e376b8f308e8767d855592e25bf98a64d8b36feca5c963060a367e41a0c9f:！
2024-02-16 06:05:49 [WECHATBC_MAIN] : @0749b2665acda6e7431216b8b2e85a8dad47fd069e9695eee3589a745a89af1c:兄弟酥面店13322746671
2024-02-16 06:05:49 [WECHATBC_MAIN] : @dad247b477ff754402db4be104b06827407b00f37183621178d651974d725d3f:泽玲
2024-02-16 06:05:49 [WECHATBC_MAIN] : @781d4d37763a47b156ec0bc9e14a5902:琪琪
2024-02-16 06:05:49 [WECHATBC_MAIN] : @3171d1cbcfaabb980c14df95af4e7e3eae2239bdb69b8396d14a18b2daf708a8:振袖秋风问红叶
2024-02-16 06:05:49 [WECHATBC_MAIN] : @0ab7899caaf4a37574a7530ee16a32ae9e0d8b84d59fa7329710d70b3fa68e1d:<span class="emoji emoji1f525"></span>
2024-02-16 06:05:49 [WECHATBC_MAIN] : @ae15019a8a25662a4462d8feb1e6f15e69494bca0d34973bc344065e3a18ba61:娇的名
2024-02-16 06:05:49 [WECHATBC_MAIN] : @61497d2e7d00cb69ae3a0837aecb18e0d5c08a62d0df8f50ca06a57a6012445c:G
2024-02-16 06:05:49 [WECHATBC_MAIN] : @4d02a27235002042fcae5c757de869a673d1cb427ada377e169dc85ce8ef08a0:汉宫
2024-02-16 06:05:49 [WECHATBC_MAIN] : @9312803dc707cb800bd6e52f3729cb29:潮职校园通
2024-02-16 06:05:49 [WECHATBC_MAIN] : @dda53122064d3828e1b1121e2ff0a162048e5f81205b94d0df9f73cce608c9af:橘ne
2024-02-16 06:05:49 [WECHATBC_MAIN] : @26832d460b532e09e56764ec90ed26e7982fc425584165b99534c5cc4bc31ac5:AIm.
2024-02-16 06:05:49 [WECHATBC_MAIN] : @cc12127ca9545f63514d938d41a729a1:GoLink加速器
2024-02-16 06:05:49 [WECHATBC_MAIN] : @ae786cc7b0a4789283b035bcd903aa52630898fa5b59506c55f8631de989e2f9:SuriYan
2024-02-16 06:05:49 [WECHATBC_MAIN] : @ea5e3bc6eabd0574a95f01f5e89ffb23aa8290f6e3faa9d4a931c79232a3374c:Cory
2024-02-16 06:05:49 [WECHATBC_MAIN] : @8e0ec4ec08d5bb474cc4669073f0b14e183df1100117279e63e7ca73bb8e4abf:只手摘星辰
2024-02-16 06:05:49 [WECHATBC_MAIN] : @92ab6bf6de37d1ac2d902f4c1c50c457ffc977fe399151506fbbbff90a5619d3:p
2024-02-16 06:05:49 [WECHATBC_MAIN] : @ef3c1113c12be828fc47d702616cb42597f3a84582a7045c14904d5455f1aaef:Arun丶
2024-02-16 06:05:49 [WECHATBC_MAIN] : @ff60bbd11b09b7a7c0fe1198f4f6c09d1443db86d6165b7c030ed60d79a78e44:好运常在
2024-02-16 06:05:49 [WECHATBC_MAIN] : @292891149fb2a4fc7b3be2faa391d231:酷猫电竞网咖联盟
2024-02-16 06:05:49 [WECHATBC_MAIN] : @3749bf07542f275557ba6d485225514890a76d72da80fc400b12a14845fbf8f5:香奈儿<span class="emoji emoji1f42d"></span>
2024-02-16 06:05:49 [WECHATBC_MAIN] : @7de308511340875f8555a861f551224b364950cea35807c20493a1d884ab6d1a: 繁華若夢
2024-02-16 06:05:49 [WECHATBC_MAIN] : @71d91eac266525917a36f1ed387f56b9:京东白条
2024-02-16 06:05:49 [WECHATBC_MAIN] : @04ae4a8ec79564d62e7b5e48c7f9c104b9b26bca8539928e0ab05fcd24f445a9:Jammer
2024-02-16 06:05:49 [WECHATBC_MAIN] : @618866f76a8994c67491cf4156acb05d5817ae4a6911a7be57d801f71b25921e:春雪
2024-02-16 06:05:49 [WECHATBC_MAIN] : @7151997ae70b530d417c3d404efa7f3e:中国青年志愿者
2024-02-16 06:05:49 [WECHATBC_MAIN] : @171855c93b6a33420d5526b3f30ff451db8ea823157e15ed23b1d8dad04798e7:<span class="emoji emoji1f349"></span>
2024-02-16 06:05:49 [WECHATBC_MAIN] : @4d3c4f3dd66e87f3612d534e64460cf883e31894e91b0334a3bad4165be184ee:Yuuki
2024-02-16 06:05:49 [WECHATBC_MAIN] : @b6fcb1e6d349621e103cbb604f6a6398:便利店艺术家
2024-02-16 06:05:49 [WECHATBC_MAIN] : @d51ed67a5e85159406f25fbc226caad2b396140e1a5af53631044956c7cc8430:A-河北祝江机床韩冬晓
2024-02-16 06:05:49 [WECHATBC_MAIN] : @3b5d8297e69ebfa7592cb44c9695284983509463ec422c48c5cd0dc9f09b7710:怎么取一个正常点的名字
2024-02-16 06:05:49 [WECHATBC_MAIN] : @75d1fc206a0badb34e0a127186c894fb:吃货特权卡
2024-02-16 06:05:49 [WECHATBC_MAIN] : @5e67a9783e1253f018e98bb654a67d76d33ad2b7491c590ed48df6e2875c21b2:.
2024-02-16 06:05:49 [WECHATBC_MAIN] : @7d433452c905153020e0a45399a579b6:沐沐热喵
2024-02-16 06:05:49 [WECHATBC_MAIN] : @ecd77eb00ca55e46a2439bad54fbcc83d6d35280f3ef3053e79b7ba94914587e:Rime
2024-02-16 06:05:49 [WECHATBC_MAIN] : @7a6a0deb11f486763e44a1d8485cf7b3157d143c19ce22359bfdd67a7f9b1973:微笑的高圆圆
2024-02-16 06:05:49 [WECHATBC_MAIN] : @7a53ff9bbbd4a546654a899633d985341eacba233bf92e697cfb02450d95da5f:<span class="emoji emoji1f6b9"></span>
2024-02-16 06:05:49 [WECHATBC_MAIN] : @f6ef2b06120c6d10c872b9e3908c28a2:php中文网教程
2024-02-16 06:05:49 [WECHATBC_MAIN] : @87037e3b345dfdbdd7fcc28b9fbb5d5c9fe4bebfefdb7e453a7d7c30153aa85b:晚风
2024-02-16 06:05:49 [WECHATBC_MAIN] : @4b25c21899d2f7087ed2a540ca156fd7:加一电影
2024-02-16 06:05:49 [WECHATBC_MAIN] : @167232f080d0abc1bf993d2792cc16e72e158e067e7835ebda336794f424f0b8:Cc
2024-02-16 06:05:49 [WECHATBC_MAIN] : @73c4df6d6be99ef586afbbf0eaf77d9c78acc584bcf8a13976620ef2d12a1591:顺风
2024-02-16 06:05:49 [WECHATBC_MAIN] : @fff19cac9f2b436c54ee5c98feb50bddcc0b575c5d3b2cb65a4315f06f463454:A春3悠慧多多<span class="emoji emoji1f389"></span>
2024-02-16 06:05:49 [WECHATBC_MAIN] : @43af450de8adee56c3bb6566065cd3a99ce415c60efc8ec38e04b1592ff24da8:🧐
2024-02-16 06:05:49 [WECHATBC_MAIN] : @bc93774657ec7c7a3aae64c922333c54:超人
2024-02-16 06:05:49 [WECHATBC_MAIN] : @b23b2f37973f0b2c12b5cd3496d4157ecdd4278e55e108f3c03cad0729f88776:若瞳君子
2024-02-16 06:05:49 [WECHATBC_MAIN] : @ca904216c59750a10ad24bc1875e8305df930fcc264294d0af95e6a7fb87b7bd:杰
2024-02-16 06:05:49 [WECHATBC_MAIN] : @74af6f9cc11a809b0a0bb523677d08511cafe31c72b7878e633bc4f3f26e3290:<span class="emoji emoji1f525"></span>Sparks
2024-02-16 06:05:49 [WECHATBC_MAIN] : @831cdcd388a7db23d96cf3615b55ad5d1f6457d85a7579c000b30e227b572cbd:Ljh🤩
2024-02-16 06:05:49 [WECHATBC_MAIN] : @42f5d82ada8c35166911b3196523736477f8683c44959c444f433832f63f5edd:卡哇伊
2024-02-16 06:05:49 [WECHATBC_MAIN] : @47aeff1d0e1ede60f540d8c7da23a9c1cacda6a25bca36c62b283aeb2335f05a:北
2024-02-16 06:05:49 [WECHATBC_MAIN] : @cc0745309d0f393ffc5e57a9dfb348b05f8ff249e1f02f4f5a0a1fbf691f0ee2:H
2024-02-16 06:05:49 [WECHATBC_MAIN] : @62cee9df891e7351ca8eeb3e82bfb5886cfdfab471c9d416cd308c3592bc319b:拉勾为什么要上吊
2024-02-16 06:05:49 [WECHATBC_MAIN] : @4fcb1654a386b38b3bb0a6c62b407995dd18ce1594ed899f85aece51db6cc7b9:Solitude.
2024-02-16 06:05:49 [WECHATBC_MAIN] : @9609eca394d32360f895e6a449275f36d9f16748bcaf34dad0ed366ff1800668:<span class="emoji emoji1f361"></span><span class="emoji emoji1f361"></span>
2024-02-16 06:05:49 [WECHATBC_MAIN] : @86defa133a3f9713df516f23d8f9c1de:CG游麟网
2024-02-16 06:05:49 [WECHATBC_MAIN] : @3ed56ef477a0fa1286680d75c9d020cd7e9888649e3af3f84a375514d9a343fe:小花
2024-02-16 06:05:49 [WECHATBC_MAIN] : @a5f7fc636d595d32c9a535d327f213c1:泡泡加速器
2024-02-16 06:05:49 [WECHATBC_MAIN] : @cfc238b703c34d537ea8cf8ea505f833:wsice_肆
2024-02-16 06:05:49 [WECHATBC_MAIN] : @5c23de2c56d363ca5345aa2b54e54a8887ffd2232c52823da30119a0f59662c3:zzzsh
2024-02-16 06:05:49 [WECHATBC_MAIN] : @f9c2628b899503a2786fc3639950d96e:耳根
2024-02-16 06:05:49 [WECHATBC_MAIN] : @bdc10e14a0c61fb3da628b75c28e63c24fb15438642b330b85ce950d07f3cd32:譚咏麟
2024-02-16 06:05:49 [WECHATBC_MAIN] : @fccc73a41efbfd701aeffa1cd9ea758347d53cb40fdc3240ae8a8ad807e59ba7:彬
2024-02-16 06:05:49 [WECHATBC_MAIN] : @edff59e5cc182712d4801d3fc185df7c1d03100e2b81d8988e6b27fcca13d86d:失忆
2024-02-16 06:05:49 [WECHATBC_MAIN] : @19f924dd2ce8978898a3d4b6ca2a07485ac003db4daf48f8131a727124e1cbd2:独人13
2024-02-16 06:05:49 [WECHATBC_MAIN] : @07797ae0de258794df2b39b101eba98d6ee3cbbd9277ae6ad2a23c31b31873ca:Peter烁
2024-02-16 06:05:49 [WECHATBC_MAIN] : @341dd08048200194ccb8dee2c2d372481a2ea0f46518e2ca80cc649fe60acaa5:Blank077
2024-02-16 06:05:49 [WECHATBC_MAIN] : @1d52022765ca6e933196bdb04002c566:电手
2024-02-16 06:05:49 [WECHATBC_MAIN] : @e951a0866716bcc86e96966d581b484f70d1e8d6f894b1a4dba0375166aa4fa3:AA - 手机电脑 回收 出售 维修
2024-02-16 06:05:49 [WECHATBC_MAIN] : @d92a0bebfb0a259cedbb33cdbcf6b536f14a7dbeec64405b75da530f9470d706:（～_～）
2024-02-16 06:05:49 [WECHATBC_MAIN] : @18e4618477b6e5ea93fe657be611918d:易博通eSender
2024-02-16 06:05:49 [WECHATBC_MAIN] : @00e72168030f710c8ac11af3e10ebee620976a306555f29c86e7dd9e9479894e:xzt
2024-02-16 06:05:49 [WECHATBC_MAIN] : @1871826fe960dbcc5760c5319eb59007:三叔软件
2024-02-16 06:05:49 [WECHATBC_MAIN] : @1862452b75e456657f6adf30853d3c59:韦一同说
2024-02-16 06:05:49 [WECHATBC_MAIN] : @75eea0156092af741fadee9eb8db475b4f8135341486f2c5c7d76e6744f70991:xh
2024-02-16 06:05:49 [WECHATBC_MAIN] : @712a875cf810f1413e59e19a4201e93992d337e89d9a12bfa9aefa9300d033aa:-
2024-02-16 06:05:49 [WECHATBC_MAIN] : @53f1804fbd22183f27a7861e07f8057069c702ff264937dca79d3c1d31eef6d9:你滴男妈妈
2024-02-16 06:05:49 [WECHATBC_MAIN] : @aaaacccbbc5381b0412e0a5ff719724a:熊猫加速器
2024-02-16 06:05:49 [WECHATBC_MAIN] : @7d7b3fbc6fa06147e34de5717fe2cc71d46b9f41e85afe1aff04b28de360f430:-
2024-02-16 06:05:49 [WECHATBC_MAIN] : @8637d4512da7b0020ad1b96c97aca7a1:Joker.
2024-02-16 06:05:49 [WECHATBC_MAIN] : @240751bd602afd6463a49dab83c423457366923726080ef918fd7490b6e27751:瘾
2024-02-16 06:05:49 [WECHATBC_MAIN] : @a88aee8119fa57d0834901e032accc70:小木生活观
2024-02-16 06:05:49 [WECHATBC_MAIN] : @6b1f662cc5e95ed5c6875fc58a5c9924c6d6dc598b326a937759ab692fb739d0:韓
2024-02-16 06:05:49 [WECHATBC_MAIN] : @f04b3e66831796023ac809befeb8eb44fe9af464eb41fe7eed4bf59726ae8c61:JW<span class="emoji emoji1f42f"></span>
2024-02-16 06:05:49 [WECHATBC_MAIN] : @3b5ca8b1b9afedc9e65996733b7b4fdd7cd62d4426247d2bf2f0ce116d01a168:Sleeeeping
2024-02-16 06:05:49 [WECHATBC_MAIN] : @4da9efcce6598c002c9695835c7076bd49666a30f776ccd8a21431840aa746ee:hor1z0n
2024-02-16 06:05:49 [WECHATBC_MAIN] : @88483736ccb7483b41c3d00e9afa3ff3d364fdacf4526d154c2259f7af650485:笙歌十里
2024-02-16 06:05:49 [WECHATBC_MAIN] : @324c080053bbb0de6b9e7b9162f135fd:互联网品牌官
2024-02-16 06:05:49 [WECHATBC_MAIN] : @cd8a9e8a3db1ea4d3bd3933bdc89b44a:zl     <span class="emoji emoji1f4a6"></span>
2024-02-16 06:05:49 [WECHATBC_MAIN] : @bc4f35afe23d56a6786612b34db2a19674cc5056101ae01c67aa665343aaf0df:<span class="emoji emoji1f631"></span>ི<span class="emoji emoji1f60a"></span>ཽ周晓明
2024-02-16 06:05:49 [WECHATBC_MAIN] : @184e9ee934413c3fcdacd89b219cab3f99be7dc9f0bf1fbb19d4b774edcc9068:VIP
2024-02-16 06:05:49 [WECHATBC_MAIN] : @0fd06cd20cd9c1abf8a64d29ccfcfec6:汕头人社
2024-02-16 06:05:49 [WECHATBC_MAIN] : @f2f61932f2ba2fc0a1edf4905ede5e007e506c136c791b5d1dc664ed6f508bb1:干净
2024-02-16 06:05:49 [WECHATBC_MAIN] : @f8d24d4e02fc525b5d3db2b7fe95aeb0:抠鼻子Kobez
2024-02-16 06:05:49 [WECHATBC_MAIN] : @fe4affed0cfa74e15a563fbd8069fcbde493eb087e5f202e04cb9fbf494f3b4a:...
2024-02-16 06:05:49 [WECHATBC_MAIN] : @cbe1ba47f47f63c4610d4b399af1fd09f0d813fc2307378015c06c0fff911234:C.
2024-02-16 06:05:49 [WECHATBC_MAIN] : @10b0f3b30cfa81f7b594c00602af8720:拼多多
2024-02-16 06:05:49 [WECHATBC_MAIN] : @793c72e0c8d7f504d8eacee086368aff:奇妙加速器
2024-02-16 06:05:49 [WECHATBC_MAIN] : @e32d1340e21055fb977a7bd8391d779aeb8f21925dcfa634c90fbbbfffa75e39:老细肠粉甜品小吃1号店
2024-02-16 06:05:49 [WECHATBC_MAIN] : @2b8ee778e46d2a9a08d63fbeaab55d80:情侣CP
2024-02-16 06:05:49 [WECHATBC_MAIN] : @b6ef50f4a19cfe67fb44800a13403e3f9b19de72baa45f423df182007dc82139:.
2024-02-16 06:05:49 [WECHATBC_MAIN] : @b0d5ad4f6a4a20fbcd1b4421a8fb0278818b010446d9f1d1c01be1abbd7c77ac:Boy。
2024-02-16 06:05:49 [WECHATBC_MAIN] : @36da6f0c912c2989fd72844d013eb92e010dab67a9c5802efd451376589b740c:樱桃🍒
2024-02-16 06:05:49 [WECHATBC_MAIN] : @84d74552d36efd318b37006668333cf01a9bb6ea61034b9b6a8fac278ab11151:O.o
2024-02-16 06:05:49 [WECHATBC_MAIN] : @ec2dec3a493783511a3c8caf1fa0cb4122a14f537394d777cfc684c94ae11cc0:三三
2024-02-16 06:05:49 [plugin-loader] : 载入了 1 个插件
2024-02-16 06:05:49 [WECHATBC_MAIN] : 启动控制台...
2024-02-16 06:05:50 [WECHATBC_MAIN] : Message(msgId=4066379699822603952, fromUserName=@d2b69501f43b805159d3ef523764f8bfcbb0b8b6948cb1ed12e9a98cf0477ac1, toUserName=@d2b69501f43b805159d3ef523764f8bfcbb0b8b6948cb1ed12e9a98cf0477ac1, msgType=TextMsg, content=, status=3, imgStatus=1, createTime=1708034749, voiceLength=0, playLength=0, fileName=, fileSize=, mediaId=, url=, appMsgType=0, statusNotifyCode=11, statusNotifyUserName=, recommendInfo=RecommendInfo(userName=, nickName=, qqNum=0, province=, city=, content=, signature=, alias=, scene=0, verifyFlag=0, attrStatus=0, sex=0, ticket=, opCode=0), forwardFlag=0, appInfo=AppInfo(appId=, type=0), hasProductId=0, ticket=, imgHeight=0, imgWidth=0, subMsgType=0, newMsgId=4066379699822603952, oriContent=, encryFileName=)
2024-02-16 06:05:50 [SYNC-CHECK] : [msg type] TextMsg
2024-02-16 06:05:50 [SYNC-CHECK] : z>z : 
2024-02-16 06:06:02 [WECHATBC_MAIN] : 总块大小:1
2024-02-16 06:06:02 [WECHATBC_MAIN] : [分块上传] 0 / 1 : {
"BaseResponse": {
"Ret": 1,
"ErrMsg": ""
}
,
"MediaId": "",
"StartPos": 0,
"CDNThumbImgHeight": 0,
"CDNThumbImgWidth": 0,
"EncryFileName": "test%2Epng"
}

2024-02-16 06:10:02 [WECHATBC_MAIN] : 总块大小:1
2024-02-16 06:10:02 [WECHATBC_MAIN] : [分块上传] 0 / 1 : {
"BaseResponse": {
"Ret": 1,
"ErrMsg": ""
}
,
"MediaId": "",
"StartPos": 0,
"CDNThumbImgHeight": 0,
"CDNThumbImgWidth": 0,
"EncryFileName": "test%2Epng"
}

