2024-02-15 22:44:38 [WECHATBC_MAIN] : 已扫描二维码，请确认登陆
2024-02-15 22:44:50 [WECHATBC_MAIN] : 已确认登陆
2024-02-15 22:44:51 [WECHATBC_MAIN] : 已取得登录信息:
2024-02-15 22:44:51 [WECHATBC_MAIN] : BaseRequest(uin=281175185, sid=0KvWVN/qBc1WKOnb, skey=@crypt_c1a555a6_46e5a9700167f175ec0e278a1e17b497, deviceId=e726554424671116, dataTicket=gSddE3G+9BqrzYu/Ty7QyPED, passTicket=DJBE2yXis%2Fp7i23VT9qDgb5WiKEDgE6CuaVEHIycGY5zh9SJ%2B9UtD7HeHFj9y5RSQIaOTrvQm8xIUC6CMd8arg%3D%3D, authTicket=CIsBEJPD2oACGoAB+HIqjs9A7fbv+hU07FuRNdw9xx1lbpKOD1Eoo/dbogVXPKxSMoFi/BFYStHIaGMPBkW/jidtPjS2bKGaHiWx2B5F/PyP8D6ieniyVhO7xsFG3tO0m7BxslJwPC4kpbXp5g0CWduRGkEOclK97CQxkqIFOdT4EwiPkmJ/wX0/OWE=, initCookie=[wxuin=281175185; expires=Fri, 16 Feb 2024 02:44:51 GMT; domain=wx2.qq.com; path=/; secure, wxsid=0KvWVN/qBc1WKOnb; expires=Fri, 16 Feb 2024 02:44:51 GMT; domain=wx2.qq.com; path=/; secure, wxloadtime=1708008291; expires=Fri, 16 Feb 2024 02:44:51 GMT; domain=wx2.qq.com; path=/; secure, mm_lang=zh_CN; expires=Fri, 16 Feb 2024 02:44:51 GMT; domain=wx2.qq.com; path=/; secure, wxuin=281175185; expires=Fri, 16 Feb 2024 02:44:51 GMT; domain=qq.com; path=/; secure, webwx_data_ticket=gSddE3G+9BqrzYu/Ty7QyPED; expires=Fri, 16 Feb 2024 02:44:51 GMT; domain=qq.com; path=/; secure, webwxuvid=b0c1512a3960be8895dbe4551510255d2c3a34dca644539d0a13b28375dae6349b546631cb5c48f92d35792786c1ad2f; expires=Sun, 12 Feb 2034 14:44:51 GMT; domain=wx2.qq.com; path=/; secure, webwx_auth_ticket=CIsBEJPD2oACGoAB+HIqjs9A7fbv+hU07FuRNdw9xx1lbpKOD1Eoo/dbogVXPKxSMoFi/BFYStHIaGMPBkW/jidtPjS2bKGaHiWx2B5F/PyP8D6ieniyVhO7xsFG3tO0m7BxslJwPC4kpbXp5g0CWduRGkEOclK97CQxkqIFOdT4EwiPkmJ/wX0/OWE=; expires=Sun, 12 Feb 2034 14:44:51 GMT; domain=wx2.qq.com; path=/; secure])
2024-02-15 22:44:52 [WECHATBC_MAIN] : 已初始化微信信息:
2024-02-15 22:44:52 [WECHATBC_MAIN] : 用户信息:
2024-02-15 22:44:52 [WECHATBC_MAIN] : Contact(uin=281175185, userName=@e79c76c25a68a4597091c8c1a4419d432665fd6132c2e0033cbd1a9c21b076e2, nickName=z, headImgUrl=/cgi-bin/mmwebwx-bin/webwxgeticon?seq=1174604891&username=@e79c76c25a68a4597091c8c1a4419d432665fd6132c2e0033cbd1a9c21b076e2&skey=@crypt_c1a555a6_46e5a9700167f175ec0e278a1e17b497, contactFlag=0, memberCount=0, memberList=null, remarkName=, hideInputBarFlag=0, sex=1, signature=已换微信 meteor1913103, verifyFlag=0, ownerUin=0, pyInitial=, pyQuanPin=, remarkPYInitial=, remarkPYQuanPin=, starFriend=0, appAccountFlag=0, statues=0, attrStatus=0, province=null, city=null, alias=null, snsFlag=257, uniFriend=0, displayName=null, chatRoomId=0, keyWord=null, encryChatRoomId=null, isOwner=0)
2024-02-15 22:44:54 [WECHATBC_MAIN] : 联系人列表数量: 315
2024-02-15 22:44:54 [WECHATBC_MAIN] : @ace964de66d79d82b4b1c9f30cb40f29:加一电影
2024-02-15 22:44:54 [WECHATBC_MAIN] : @5949b6da307ab4e7e1323c28afbdafa6ae057e58d6d6dd21c6f7de16b401fbe7:0.2℃
2024-02-15 22:44:54 [WECHATBC_MAIN] : @28c4924febf18b8d1c669937c9745264:i志愿
2024-02-15 22:44:54 [WECHATBC_MAIN] : @da45d8d45192259d9e6983533168e38210901a1864e36ba06d988efdd25acfa6:祈
2024-02-15 22:44:54 [WECHATBC_MAIN] : @47478392de1951b1f3ca3f4cc9f7d6443a1f8b30543bbee9e7a1c203822348e7:sam
2024-02-15 22:44:54 [WECHATBC_MAIN] : @b08e0bd3e1a71295139e89450052c514:浮秀
2024-02-15 22:44:54 [WECHATBC_MAIN] : @bf907bfb6d280d2436ac9efd4de8050f767e0ec205b412bdf4ac7abad3368ef7:ᥫᩣ.
2024-02-15 22:44:54 [WECHATBC_MAIN] : @6c996034b5fd562ec5bb67e0f4bfaf275c5fe11eb06bf2c31bef4e5513203137:Arun丶
2024-02-15 22:44:54 [WECHATBC_MAIN] : @1a5864739dda55ae4c236985defa51a0:小星星资料库
2024-02-15 22:44:54 [WECHATBC_MAIN] : @d10254cb3469923f2bee68c9cd6d2f2c01d0f3f87a2bd99e46999116f56d89b5:鱼七七
2024-02-15 22:44:54 [WECHATBC_MAIN] : @1c3efdb582f188863f42ee6f39dcbedc:NS大玩家
2024-02-15 22:44:54 [WECHATBC_MAIN] : @9b52922093170e4cf1c012ad9b7cd806537e9795027b21b934f611ca2059f66c:🧐
2024-02-15 22:44:54 [WECHATBC_MAIN] : @7c7e904b1b1edc44ea75a0bfc241b82d:超人
2024-02-15 22:44:54 [WECHATBC_MAIN] : @399ea358eb6e554204ce093d276f62d8a5736344eb63d27d46b330f8643295b9:sun
2024-02-15 22:44:54 [WECHATBC_MAIN] : @4d49897e97cfe7f79988444f42434b0c:卢家妈妈 西餐厨房
2024-02-15 22:44:54 [WECHATBC_MAIN] : @9aac0cf04ee06d9f1accee6f14ff82f5b2cb679b437523031bddc7e0cd0d8e46:G
2024-02-15 22:44:54 [WECHATBC_MAIN] : @f722a4051842aaa37fae50a0837e5a1a:agiso自动发货
2024-02-15 22:44:54 [WECHATBC_MAIN] : @6458c3cc43768c993819651733c56405:别算科技
2024-02-15 22:44:54 [WECHATBC_MAIN] : @438833c14102182e41811e29489fdc3c:耳根
2024-02-15 22:44:54 [WECHATBC_MAIN] : @7a6908f3d2a34a0e28fa4d1ab42df97968ebe3251b0ea7131d59c7ae490751bb:AOO࿐努尔 诚信经营 花呗金融
2024-02-15 22:44:54 [WECHATBC_MAIN] : @ede2ee7d9b0aa414d1ddb285350fde8ba1815463e1d9faffad9de9fcca5f4603:  
2024-02-15 22:44:54 [WECHATBC_MAIN] : @bba218dbb01ceafc674fefb90236debd98964f2d73d913ba018a393446d455b8:计划师-可心
2024-02-15 22:44:54 [WECHATBC_MAIN] : @657bc434f48b861878c5b4cddd763a99:泡泡加速器
2024-02-15 22:44:54 [WECHATBC_MAIN] : @78bf91a93ae81e27641fd2003a6d83527434d96cc3cdbb3f3b0a7cc94725f361:O.o
2024-02-15 22:44:54 [WECHATBC_MAIN] : @2644541d529ad49cd763c6839b4019965480b5ea6ac20dd3cfa421d40b500ea0:。。。。。
2024-02-15 22:44:54 [WECHATBC_MAIN] : @6e22e9f74d3db07875af949ccb4361f14238fc32ef0568fdeeac278c4c2ea99c:三三
2024-02-15 22:44:54 [WECHATBC_MAIN] : @95df00de6bdcfc87265399e3daaecfd7d21d5f07e99ea55cee2265ac4d8f8e49:福🦆
2024-02-15 22:44:54 [WECHATBC_MAIN] : @14796fca51391a2b70566aadef4f85c8:转转
2024-02-15 22:44:54 [WECHATBC_MAIN] : @8fc4331cc49869732100917b09d0fc4a:该账号已注销
2024-02-15 22:44:54 [WECHATBC_MAIN] : @b216cc0b1bc31e07d7b08534918835e8742c52b7209c742479b499388705584f:顺风
2024-02-15 22:44:54 [WECHATBC_MAIN] : @7933949ea9e08f38995efd9e70291b4b:志愿者
2024-02-15 22:44:54 [WECHATBC_MAIN] : @add3bef5689274d722d487a41e44f2dd791e47b6eed10a559eb3606a4e2d5d8c:听岛屿.
2024-02-15 22:44:54 [WECHATBC_MAIN] : @31f3aa713a0626f8ae6a968ec1ab42db:外卖卷不停
2024-02-15 22:44:54 [WECHATBC_MAIN] : @7dc9da93af67b4e6c98d3dcd833fb763e978366449a6a24c7e91086150c9b081:韓
2024-02-15 22:44:54 [WECHATBC_MAIN] : @c0a3ec63cec64be4c0066c7efe67a0c004c3c58d8e146181101c91a0b35bf624:滥情g.
2024-02-15 22:44:54 [WECHATBC_MAIN] : @ca66bf97204262408abd54b3326127c0:外卖有多少
2024-02-15 22:44:54 [WECHATBC_MAIN] : @6a1c0b56fcd00b799ec0ea361278ad4aab25a36ad1c41720ab305632d22061a3:AIm.
2024-02-15 22:44:54 [WECHATBC_MAIN] : @393b4af9201cc50ef2f7a83310b3dbe114b8640d58f4398d574cbbf71debf916:<span class="emoji emoji1f6b9"></span>
2024-02-15 22:44:54 [WECHATBC_MAIN] : @51c5077de0a173ce9d3ac1e7964c461d:CG游麟网
2024-02-15 22:44:54 [WECHATBC_MAIN] : @9560a830bf3eb9b7fe76db90179b190144b77d61574556b44e3dd98dc4c9f3e9:汉宫
2024-02-15 22:44:54 [WECHATBC_MAIN] : @6fc56d6613671b520bf8e5b94c38122844f50f5da318cf3f9e4b0f8c8d86750e:早川秋
2024-02-15 22:44:54 [WECHATBC_MAIN] : @f8de4071484afc95b44f5241c2f13c78702a2e7a4e69fdeab3c5b6bb810d9aef:卡哇伊
2024-02-15 22:44:54 [WECHATBC_MAIN] : @456ba762e5f243de16848aeeee1854bb:小呆加速器短租
2024-02-15 22:44:54 [WECHATBC_MAIN] : @b1c6eb181938edaaeab0227e035cddd28f36869ea2dbd1bc62e02dc4a6b1f581:拉勾为什么要上吊
2024-02-15 22:44:54 [WECHATBC_MAIN] : @e73c747508d5dcf322ecdfb526ed41652926320d386353c2d22dea84772b79e2:<span class="emoji emoji1f525"></span>Sparks
2024-02-15 22:44:54 [WECHATBC_MAIN] : @73a8ef23c5f590c5eff8f46d607b2692:韦一同说
2024-02-15 22:44:54 [WECHATBC_MAIN] : @e5a6b4cb10e53378ed9406826c8a2bd6:酷猫电竞网咖联盟
2024-02-15 22:44:54 [WECHATBC_MAIN] : @0663db86a60ca55e2227ace881fd77ed:潮职校园通
2024-02-15 22:44:54 [WECHATBC_MAIN] : @b6a4f9236add04bbd8a49bb1e9ddbc468f4ae5c0c55aef771fa3f916a4b4b04b:Rime
2024-02-15 22:44:54 [WECHATBC_MAIN] : @71d22aa22766802fe91039117247311b:治愈读白
2024-02-15 22:44:54 [WECHATBC_MAIN] : @89aeb71f94ce289e79c13e902615dcf98d2c05dd99be5e9d74d2ba0850d2f7e2:扬狗爱cc🌬
2024-02-15 22:44:54 [WECHATBC_MAIN] : @81314e03bbffed4e68d3aca9a0760516:微信支付
2024-02-15 22:44:54 [WECHATBC_MAIN] : @dfdd2b8456457c076287a85ed0d7dae9:源码阅读网
2024-02-15 22:44:54 [WECHATBC_MAIN] : @f15ac6658b4e2693cd9f428381d20f54cd9e013e0ef69e6ffa634625bca5b293:木迁
2024-02-15 22:44:54 [WECHATBC_MAIN] : @8602163262a0cc6d64acfca641cc1569:布晴LIVEHOUSE酒吧
2024-02-15 22:44:54 [WECHATBC_MAIN] : @4742edc59b31311ce88f1beb25d39bfb8f2e86da718fa5e4beb818f28ceaecf3:借我一秒钟
2024-02-15 22:44:54 [WECHATBC_MAIN] : @70f8b3d9e9d6d8bab737b58fa0fae052133b93d5a4bdca02edbd011a9d3d71a9:<span class="emoji emoji1f349"></span>
2024-02-15 22:44:54 [WECHATBC_MAIN] : @bdbba0d69afad9b3309e8a57047b8663:天蚕土豆
2024-02-15 22:44:54 [WECHATBC_MAIN] : @d41b3c1d9730bbf025cd079d5bd90abfd456ec289a07de739f084f5914328d1d:！
2024-02-15 22:44:54 [WECHATBC_MAIN] : @b202e3c51f362633a002bd12810525b8852438690ca4cc5fb7666fdd5f4b0e33:Sherry
2024-02-15 22:44:54 [WECHATBC_MAIN] : @5f074c7b64fbb7f0304e2a5bb3156b32:特摄驿站
2024-02-15 22:44:54 [WECHATBC_MAIN] : @9385351999b7f5160e5b8d9605651d60566cda3bbba945c75f0deebff2a41466:-
2024-02-15 22:44:54 [WECHATBC_MAIN] : @0b46d0344361a00479a834a8374ffd8e:电脑那些事儿
2024-02-15 22:44:54 [WECHATBC_MAIN] : @00cf466e8eeb36ef21f51fe290bfcb4467209c5fcfb6c01191253b5b902b617b:Jeff
2024-02-15 22:44:54 [WECHATBC_MAIN] : @1a84b1ff16b7b708d3cce2b84690f0256ed7769c36a00405d77f14a95073109c:譚咏麟
2024-02-15 22:44:54 [WECHATBC_MAIN] : @b899e174bb18586e3fc86a11506c4efc051ef4d049249f5d2eed43fc630170ae:莹^ω^
2024-02-15 22:44:54 [WECHATBC_MAIN] : @4a47ae8a2f58ccecbdfb9019227aad834f57ca6863312154961aeb935f25fc76:等一下七月
2024-02-15 22:44:54 [WECHATBC_MAIN] : @81303535b242c7685a46089b1683a6ddc038b6e218ac4c8f4d728f065a5c9e4e:LIN_HH
2024-02-15 22:44:54 [WECHATBC_MAIN] : @8819a42fd509eff1e077f3bd88da56c23cd1b60e9e167f5aac9f06c9612bff3a:小鹅
2024-02-15 22:44:54 [WECHATBC_MAIN] : @76111687c6577f3b0efd8da4d09e378013a7bbaf83ac779dae79447341d5420d:Huan
2024-02-15 22:44:54 [WECHATBC_MAIN] : @3f1bd7c44779d45fda251cff5ab787ea42473e32aadb8d2d5dd7f0f55a4842af:VIP
2024-02-15 22:44:54 [WECHATBC_MAIN] : @9b9a230a274168b2c256a7b33fbe0ea4:你的生活我的梦想
2024-02-15 22:44:54 [WECHATBC_MAIN] : @f75a97d9e378d5e652553f51b3d795eb:电手
2024-02-15 22:44:54 [WECHATBC_MAIN] : @1d33bfe9035a8bf14a34aabf087b2e0dc140b0ddc6484deb61ace0e56e0f314c:春雪
2024-02-15 22:44:54 [WECHATBC_MAIN] : @b05259eba725374a5377924930a7f4fb:热门精彩阅读
2024-02-15 22:44:54 [WECHATBC_MAIN] : @0402cb7947afa50012e54938b1e011f07326bd10fd8f6c7dcd1b8ab0409b6dfa:.
2024-02-15 22:44:54 [WECHATBC_MAIN] : @e4bb80290b4da4986ec2a14d76a5e2a1:中职生
2024-02-15 22:44:54 [WECHATBC_MAIN] : @bbb20314a4674614d8857fcabcec3bebdc5980daf1e807e02dd66a9bb2a62d8d:光星网咖 (营业中）
2024-02-15 22:44:54 [WECHATBC_MAIN] : @57113de6cecc4bb74aaf09dde04b4958:广东中职菌
2024-02-15 22:44:54 [WECHATBC_MAIN] : @d1e30e30bdf70d1a425e74b8b8de959f:后浪俱乐部
2024-02-15 22:44:54 [WECHATBC_MAIN] : @8ea0f48f2a0ac12efb0a774ec9091d5ba3b01f25006739a485e85b26b6b87a9c:培
2024-02-15 22:44:54 [WECHATBC_MAIN] : @bf30140f3b3be202f4b75f296ae81d579a4eb12c792e932abf1ce897a712ea75:【千浔】Ms.傅
2024-02-15 22:44:54 [WECHATBC_MAIN] : @@dee35565826bbe955afeaf5789b282bb086eb4c9e4cf1add2c5e89090d6e70be:z,zzzsh
2024-02-15 22:44:54 [WECHATBC_MAIN] : @9352c59202cc95353f572ce7ea8e4bc3e0f7a6ea044bd1c67b79e2362f6290e1:区冠贤
2024-02-15 22:44:54 [WECHATBC_MAIN] : @bd9715a79a26aaafdcbcb2a4f4cd350dfbfdf1771856958bf46107002ea48f1e:Diss8c豆
2024-02-15 22:44:54 [WECHATBC_MAIN] : @3ccb88110da998f49daa2f084705c6b867572a6d68c716f181b1a0e1e21bad2a:Nachanka
2024-02-15 22:44:54 [WECHATBC_MAIN] : @562211b600a360020947c12fc6d0a78e074f10c2f3edba40bc155da1114c9dec:榴莲
2024-02-15 22:44:54 [WECHATBC_MAIN] : @ec82e5610764271035c318d2aefd2995269b0152adc55bbc7f3868e587a1934b:buo
2024-02-15 22:44:54 [WECHATBC_MAIN] : @e034633cdb02fef53446d76c584f728ce07951bcd686fcc949a9e6a76a21d772:广州鑫顺  专做美系单项件
2024-02-15 22:44:54 [WECHATBC_MAIN] : @20e843028fac59fcd31da9439409501fbfa8202e9c376bcacf1f958b93e2483d:Ljh🤩
2024-02-15 22:44:54 [WECHATBC_MAIN] : @8b4a77c57b8157a1b68b4b280a0b99453b444c505135bc4f2551d217d66d51e6:黑夜诗未
2024-02-15 22:44:54 [WECHATBC_MAIN] : @f284c1983c6913ee64979d992edac270dd415958cfa0e3a984ca07668d8fb7df:星光
2024-02-15 22:44:54 [WECHATBC_MAIN] : @f70a524f799232935c864d3e48b454e3b88647dbdbbbe5bb73f27798f196a0bd:山海
2024-02-15 22:44:54 [WECHATBC_MAIN] : @804f888242bef11c7d1f07253755c9da:蒸汽游戏
2024-02-15 22:44:54 [WECHATBC_MAIN] : @86bae050afdc0ab448ec7b2f29ba4a1519ab9c83a6e65ccad6a1941fe593f025:安逸
2024-02-15 22:44:54 [WECHATBC_MAIN] : @225f4d5c6a9d9fbfdfd8c8252b65374361c6a1dc2461bdb19ffc03d205d6ccd9:白胡子
2024-02-15 22:44:54 [WECHATBC_MAIN] : @35261a8834e58bf9ee4be8b72e5a396a3ea15c16d6c0c11915c9697acd1352f4:文人武
2024-02-15 22:44:54 [WECHATBC_MAIN] : @66994a6da9823fecffb4614c0d32b2ff0cd66eb773dc384a1b7fe38b84860ff5:威廉
2024-02-15 22:44:54 [WECHATBC_MAIN] : @4f285b3cbdba923a0564567aa5fa34fe908acb8583b7f86ba840b4f0eeb1bf28:杰
2024-02-15 22:44:54 [WECHATBC_MAIN] : @321ea684e4d1865a0bdcf2dcae979b66747b2c7605b7a4fa889af1acfa610752:Nefia
2024-02-15 22:44:54 [WECHATBC_MAIN] : @4ab3606a5ef18394e6fb296a2bc52f49643e56bcaad661112c32279ca9397634:ㅤ
2024-02-15 22:44:54 [WECHATBC_MAIN] : @df9a1c537e2d4088a8e381552e78b739b920151628d70a21fa7f0e7f9aa148f0:宝藏
2024-02-15 22:44:54 [WECHATBC_MAIN] : @57fcec0d2fa0c45bb70adc6577e340f2795e030586f1d848766c57d45e325ca9:Coast（2.1号放假-2.19上班）
2024-02-15 22:44:54 [WECHATBC_MAIN] : @7d6feba5908b352c56dcba00e64a6c55:该账号已冻结
2024-02-15 22:44:54 [WECHATBC_MAIN] : weixin:微信团队
2024-02-15 22:44:54 [WECHATBC_MAIN] : @585cbca84d4997340239f225a5e5b61fa32a6b6c36f03f8a2c94af09ce4b8a23:...
2024-02-15 22:44:54 [WECHATBC_MAIN] : @4e22adf633f07b37b4e97fe5c594da3262d686c3a1162a275e7643eb821d34e7:利
2024-02-15 22:44:54 [WECHATBC_MAIN] : @70b358bb5df02f9931f98e8580766dcf9d6983e18b2e8ccca61944e9c43c5625: 繁華若夢
2024-02-15 22:44:54 [WECHATBC_MAIN] : @7ccd6b9056838376a1a125ad51060ee4b5e08385367dabd42629c4b47d58c30e:aJin
2024-02-15 22:44:54 [WECHATBC_MAIN] : @d967bc7ae3c8aa8ac6bf33e625380199:小李万事屋
2024-02-15 22:44:54 [WECHATBC_MAIN] : @5ac01783aad829392000066efa15f52b1530648555b027636fa67ad5dbcaaad9:Cory
2024-02-15 22:44:54 [WECHATBC_MAIN] : @6b8fd1a3198d4f53c4bb85ff1df9809bb4b5792d6a45b9b7b440aab736138ac2:ིྀ
2024-02-15 22:44:54 [WECHATBC_MAIN] : @7ce596bcdd313e421467258d837e177e6693b357b75768f44b4d02132663894e:老细肠粉甜品小吃1号店
2024-02-15 22:44:54 [WECHATBC_MAIN] : @2c7cacc9eb5d0807bd174043acf42212:汕头人社
2024-02-15 22:44:54 [WECHATBC_MAIN] : @7b76d5e158fef8be4b064ec3b441614042656f547206aaa1cb0fb8f9bcc6683c:A㍿࿐黑人校⃣長⃣ゝ诚信服务
2024-02-15 22:44:54 [WECHATBC_MAIN] : @85a2e25a09c7b83251024a4a6dbf977cb8520fe38cdef551fe621488ab048d8e:Solitude.
2024-02-15 22:44:54 [WECHATBC_MAIN] : @56327bdbc80334ecd79c3973733cc2a3425f0c157a56c6e070af3fccac2213de:ᯤ⁶ᴳ
2024-02-15 22:44:54 [WECHATBC_MAIN] : @d2be188b3fba5845745c22202cdfc462587aac88c3b479c0abc78feb2b9d0076:木川金
2024-02-15 22:44:54 [WECHATBC_MAIN] : @c8ae4b00e15dc6d25a1c93bdca36aead6512caec49c3945b6c8ec1d53d528c21:陈店长
2024-02-15 22:44:54 [WECHATBC_MAIN] : @b51b1f43efa722c49b1f60bfa0716942ff46e0a2f60fd66bf38c138df920a547:xzt
2024-02-15 22:44:54 [WECHATBC_MAIN] : @b8bccaf50f1aad6551703df1797153dc403a49ad58617b5ccd804b93d5e364d3:欣妍
2024-02-15 22:44:54 [WECHATBC_MAIN] : @5ebe9b7c5ba2d1ed9e50c771dabba69c37dac71ebc58ab947fcc03333fd4d100:寿～
2024-02-15 22:44:54 [WECHATBC_MAIN] : @d5021fc6f8d3d899b5caec9973e95069:情侣CP
2024-02-15 22:44:54 [WECHATBC_MAIN] : @a17da37a0c6d24fa3d7cd1bb8a7b11b8dfd31025b60702ee2e1d11aa62e60c66:皮蛋
2024-02-15 22:44:54 [WECHATBC_MAIN] : @bdd421d2ec389e86336e5bd35e57022eaf41975770e68edca11e4bf9dbf85a1a:香奈儿<span class="emoji emoji1f42d"></span>
2024-02-15 22:44:54 [WECHATBC_MAIN] : @7cd53ef1a0cac54cd156f13d7edd67a6:黑料BOOM
2024-02-15 22:44:54 [WECHATBC_MAIN] : @46091dd32e2fb48ba216b32b8065bacc10459cb7b608b4949ebb3aa121d0f7d3:碎星辰<span class="emoji emoji1f1e81f1f3"></span>
2024-02-15 22:44:54 [WECHATBC_MAIN] : @835eea6b5fab6644354ae68533ddf2b667a9ee6ba9c1f5c74dff3a58c712886e:振袖秋风问红叶
2024-02-15 22:44:54 [WECHATBC_MAIN] : @9e58f5b0bec3198b73e2642fc967cd4c63b65fad9dff43e62270aea4f9ce4f77:月<span class="emoji emoji1f377"></span>
2024-02-15 22:44:54 [WECHATBC_MAIN] : @7672a2fcb166838b52aa3f95bdd66559:憨憨羊
2024-02-15 22:44:54 [WECHATBC_MAIN] : @975ce39e455bb55e8386233397afa1f3f0f970bfd246278c92c668e6ee555a07:朗月.
2024-02-15 22:44:54 [WECHATBC_MAIN] : @c2f5a2c2ac484c77577831aaab3a491ae753f01a2f4399090dd9cbfe22d43bea:D。
2024-02-15 22:44:54 [WECHATBC_MAIN] : @8ad3d40a6c7769d22b9618ad60f7980164990e888f38a90e1216f0eec11e424f:好运常在
2024-02-15 22:44:54 [WECHATBC_MAIN] : @0b3ce880cf954bb76892ac045513fc96fa28b596da4715ae8c0ccef190357fda:意粥.edu
2024-02-15 22:44:54 [WECHATBC_MAIN] : @254d4de7345ece936a95a2678285bfb8d82b9adbdb5635f2a89924afca8176d1:九
2024-02-15 22:44:54 [WECHATBC_MAIN] : @55b77f8214528431d1985fe7b913a52dd2c5566d6868a2081523f2cd237e4111:标顶洞人🌝
2024-02-15 22:44:54 [WECHATBC_MAIN] : @04418f4d8cab2a2085ad57633b927ff2c0b0dace6f7d95742f72fecfa7662414:泽玲
2024-02-15 22:44:54 [WECHATBC_MAIN] : @51ce471139c99145d2c3d72c382ba880fa1986b49ed9a61ceeb6844b2d03a5d2:沉默的小羊羔子
2024-02-15 22:44:54 [WECHATBC_MAIN] : @695b9f32d2c8aac09dbee0e9ac71d79aa6696b00113cfc3f82c08ab8e894311d:小花
2024-02-15 22:44:54 [WECHATBC_MAIN] : @8e2945a94f04b5b7d52c88644137525cb321b7f5252fe17dc15b32891160923e:橘ne
2024-02-15 22:44:54 [WECHATBC_MAIN] : @87350b8ef65a2bf7a5cba879ff005d250df24580b593f78fe3de077d02e7f643:　　　　　　　　
2024-02-15 22:44:54 [WECHATBC_MAIN] : @6533f02ad001bfdb55f873e1a93566a97985a6eecd8ed4d26bb341be8896e3ff:JW<span class="emoji emoji1f42f"></span>
2024-02-15 22:44:54 [WECHATBC_MAIN] : @a6620d7b5816bcd95fc4e7416aaf2d55605ab6907a3e7bdecd0611329610339c:莹^O^
2024-02-15 22:44:54 [WECHATBC_MAIN] : @fed0999358eb0d3c1e073ed52e9db2ed561390a22c3f38d8a394cea1ce164137:Blank077
2024-02-15 22:44:54 [WECHATBC_MAIN] : @a6a0e7ae79a78b9ceefe4cb03a8620d16804db72921c70b1dc2ce6cc2d7044ee:Mog.
2024-02-15 22:44:54 [WECHATBC_MAIN] : @fdb8af2b7e8220b91942d57c9305610b:三叔软件
2024-02-15 22:44:54 [WECHATBC_MAIN] : @6cf3209296179a449bf256c85eca3db45587311fad0f23949e9c6360a2e643c2:笙歌十里
2024-02-15 22:44:54 [WECHATBC_MAIN] : @1abcfe019663a0d152eadd25bab68023:平颉机械设备13223903675
2024-02-15 22:44:54 [WECHATBC_MAIN] : @29059a3b4a53987de41dea449d4a70ffad1a9e74b343e9bb5c96e1a4d95d46a2:顾玖
2024-02-15 22:44:54 [WECHATBC_MAIN] : @72e3312fede35264fed4eb4c5629d5eb:广东建院
2024-02-15 22:44:54 [WECHATBC_MAIN] : @cdcdaf5073062ed642f2babbcd50e43b8087fef5935604ad55edc33d482eceba:22
2024-02-15 22:44:54 [WECHATBC_MAIN] : @c7e8b051c2712462e6b02763c28ee097:外卖券摸摸所
2024-02-15 22:44:54 [WECHATBC_MAIN] : @476df22d8d4053f51219e16afbe0901dc1f67f7f53739f5327ecf0eccb8834be:彭老师
2024-02-15 22:44:54 [WECHATBC_MAIN] : @f250ed5e9608e05e34980545db215f24:异次元APP软件
2024-02-15 22:44:54 [WECHATBC_MAIN] : @23ae65efbfe6ec05e3bf4e8b167fc6db09108fb168db4f2b4120897b58d47aec:Sleeeeping
2024-02-15 22:44:54 [WECHATBC_MAIN] : @aaed882f7e7e7dcd279b83005bb8e619b6bb48a2f64c889ee3928d2a2f26f158:大月半冉子<span class="emoji emoji1f43e"></span>
2024-02-15 22:44:54 [WECHATBC_MAIN] : @8c7ca18b9045467a73d4d3b0e3452dc56b098fea43e2a88a5c1ad2c20a36185a:zzzsh
2024-02-15 22:44:54 [WECHATBC_MAIN] : @8a2d098d6b8d5011c2bfd6a3e415895c6133586c6dc89a9dc43a7cea8d05529b:岁月无声
2024-02-15 22:44:54 [WECHATBC_MAIN] : @b7b8977f4e277b50a3a157d39160af2e1328aeb4ea0bd4e09f314e10eb71f6d4:羊妹妹. 💭
2024-02-15 22:44:54 [WECHATBC_MAIN] : @b151b0ca7905d5fcb3cc736939615f20:小木生活观
2024-02-15 22:44:54 [WECHATBC_MAIN] : @b68165a4dedfd02131a3e34bb8c9c9924146440b47e2c6f1a801e1c9d2d47056:莹^O^
2024-02-15 22:44:54 [WECHATBC_MAIN] : @@1802253a76e3331d945dab86ba9b76385eea6c0fa6be0170cba2dadf924f917f:森鶴教堂<span class="emoji emoji26ea"></span>
2024-02-15 22:44:54 [WECHATBC_MAIN] : @cd9287512ca45bce48d8d93e3ee4e227:京东白条
2024-02-15 22:44:54 [WECHATBC_MAIN] : @e0295779438c6d727f15d29c945e7854:WPS办公助手
2024-02-15 22:44:54 [WECHATBC_MAIN] : @1dee859eb2bceed9f202f5a26afb980f740a9160a2fd9adc1d095c1e08d3fa9d:Z.🧸
2024-02-15 22:44:54 [WECHATBC_MAIN] : @adb05d60424067114c5446878b8872241ac42f91b37922d1a7ffb6f9229af153:1
2024-02-15 22:44:54 [WECHATBC_MAIN] : @ac94f0a02cb61b4011379603fbcf1be3:怪谈胖胖女
2024-02-15 22:44:54 [WECHATBC_MAIN] : @906a8c2828667dba121c936566c56b0c:老廖
2024-02-15 22:44:54 [WECHATBC_MAIN] : @e2b721179d6c599c0209d4fda8c9817bb1eb2befd43d2ac003c9d904bda2bc40:鱼莱新鲜小超市
2024-02-15 22:44:54 [WECHATBC_MAIN] : @96e441306f5ee3d9b750374a798a6f2a3afd2aa770842c7b00c601065a73c2d0:远晏
2024-02-15 22:44:54 [WECHATBC_MAIN] : @4df912082b4b37268087020af2e7371264a7dd2425d76919de24dd0de3c8219f:大海我的故乡
2024-02-15 22:44:54 [WECHATBC_MAIN] : @9eea237d61322d41f810dbf2ac3b996096c5705f173fbf4cfaea428220c013f8:白云飞（只二维码收米）
2024-02-15 22:44:54 [WECHATBC_MAIN] : @47504a00990289f63f8bf974b86ab03b14b77b782c6cadc5520dfe4ba45c8400:樱桃🍒
2024-02-15 22:44:54 [WECHATBC_MAIN] : @8059ae1aa2a6481723822f7ce42515c43cfebf43074668601450501c96ec3444:胖胖的孙某人
2024-02-15 22:44:54 [WECHATBC_MAIN] : @1126e1f66102e3ae2c287a84931d704c:网易UU加速器
2024-02-15 22:44:54 [WECHATBC_MAIN] : @0b9fce4817ab2002e064e5037dcc9cf1a43873f07fbbdc0e4902550ab6911471:老爷保佑
2024-02-15 22:44:54 [WECHATBC_MAIN] : @a9402ae87ea85cf035da789be37517cb:腾讯成长守护
2024-02-15 22:44:54 [WECHATBC_MAIN] : @d9373b0a51c1666c3a9a3f03856c9e0905e43cb909e9916dc455c56d53c79ec0:Aloha
2024-02-15 22:44:54 [WECHATBC_MAIN] : @deb90c01b715ffe41a50e90163c00a91f3c35823b62046b5b73994dc5c987ccd:<span class="emoji emoji1f361"></span><span class="emoji emoji1f361"></span>
2024-02-15 22:44:54 [WECHATBC_MAIN] : @38984d365873557528a2246f84af16890de6f4e7a54799e97130e263473e223e:木讷
2024-02-15 22:44:54 [WECHATBC_MAIN] : @00d519eb0b3faa4a14804db94615de3f058ff5dc8b71d7971aba506deb1eb4fb:杰
2024-02-15 22:44:54 [WECHATBC_MAIN] : @b900582f70316a26778bc3584a71b79365572305e2e7380e79e910b3362b5569:独人13
2024-02-15 22:44:54 [WECHATBC_MAIN] : @4fc123ee84571db63e1dde8546a60db9a491bbf86407d7133ab391577e4df7b7:只手摘星辰
2024-02-15 22:44:54 [WECHATBC_MAIN] : @7a61cbdafd5b91943641c0fc97f6e7b2baa0f2a00e300caf6f4d4cf1f7535b10:Z.
2024-02-15 22:44:54 [WECHATBC_MAIN] : @0e58572463c013d18f8f2e07aee08985d42359172afaddfdb66de22eeff6f1be:北
2024-02-15 22:44:54 [WECHATBC_MAIN] : @540d76df2a782d1eb9e26ce272b74865fd4d6bade97a3856f8336408bcf13ff4:楠浅ꫛꫀꪝ
2024-02-15 22:44:54 [WECHATBC_MAIN] : @ab836d5655a57722e721ec51da71b289:琪琪
2024-02-15 22:44:54 [WECHATBC_MAIN] : @462eecb395d2bd99d1e262890e014f4c:辰东
2024-02-15 22:44:54 [WECHATBC_MAIN] : @904e694c40765439a24a85f46c98b8cba4d8d17e9e3d13cc8253a0a62e44e90a:AA - 手机电脑 回收 出售 维修
2024-02-15 22:44:54 [WECHATBC_MAIN] : @c64bfb173c9b9c20fbbff1485c549deec32dbde356eade9e5a82cd39b8eddd48:qi
2024-02-15 22:44:54 [WECHATBC_MAIN] : @eb91e3624bb4d123325ae43d0bd05c07fdffeb4c58f88f6b1f3e216aa8ffeffe:A0༒六子༒ （诚信服务）
2024-02-15 22:44:54 [WECHATBC_MAIN] : @b2aa50e2ae27d05193c2f73365a684b3:余熙小灶
2024-02-15 22:44:54 [WECHATBC_MAIN] : @504cc54d629e2b292871dcf89b8756afb87bc2322ab7f9980b556530e3da1e62:湘橋春漲
2024-02-15 22:44:54 [WECHATBC_MAIN] : @ca1e3e5ff8fd1c5578ee5297516e1ebd6b61e8417eb59159cebed0eccbc0cbde:曦热
2024-02-15 22:44:54 [WECHATBC_MAIN] : @7bbcd1d65afdfc0b4c0ef84ebab442b585c409f74caf4c25d05cb3aee697ae92:🥷
2024-02-15 22:44:54 [WECHATBC_MAIN] : @42d7f37dc34276a042ce32f6a258ddb6:php中文网教程
2024-02-15 22:44:54 [WECHATBC_MAIN] : @9ef020ca2133bed803307bc8a00d7605:中国青年志愿者
2024-02-15 22:44:54 [WECHATBC_MAIN] : @2574b3f1e2d70c8b28b0a4680e5eb382e819d1e21ece9fca78dcb0dec79709e5:失忆
2024-02-15 22:44:54 [WECHATBC_MAIN] : @12d951193e39ef3577803b7d83368e2982c9101b1ddd941cff2d1cddde002306:<span class="emoji emoji1f631"></span>ི<span class="emoji emoji1f60a"></span>ཽ周晓明
2024-02-15 22:44:54 [WECHATBC_MAIN] : @4abf5395d536a92fe099339d3e201ffe:平面设计狮
2024-02-15 22:44:54 [WECHATBC_MAIN] : @d7359dd2da49a473df06773081d185e16974f6fb7153512e53040f208632b185:₀₃.
2024-02-15 22:44:54 [WECHATBC_MAIN] : @348a9701f07a9d7258295335d4f512b0bf6cd8b69243554f514aa7163fbaf6f5:A 中联电讯   郑灿伟
2024-02-15 22:44:54 [WECHATBC_MAIN] : @139043ffd779cf2a46f5f883c7613f98:Su2
2024-02-15 22:44:54 [WECHATBC_MAIN] : @e9cfa68ae097e2e38f8fc65dd8fc0e8d:wsice_肆
2024-02-15 22:44:54 [WECHATBC_MAIN] : @04ebd86ff5904137a99a9769e77d4a68:熊猫加速器
2024-02-15 22:44:54 [WECHATBC_MAIN] : @edbcd00d10a1cb11356dc645e01edf6ed50d32dcacb357068746834e4d6eed6d:晚风
2024-02-15 22:44:54 [WECHATBC_MAIN] : @0dc4e45f290146c8bf06bdf405e218730a472a3ae383fc762697bcde8df8cbe1:C.
2024-02-15 22:44:54 [WECHATBC_MAIN] : @1d540c61d4c6e97f387856f9ff72910397953d5bb1cc7c94d76ac0c11ea1a1c2:p
2024-02-15 22:44:54 [WECHATBC_MAIN] : @9a194cbb76f6c2bba75e9181ce7fada35b552b3a9f905c145e3436db7ea9355c:今天想我了嘛.
2024-02-15 22:44:54 [WECHATBC_MAIN] : @70b332de686adea21bce160aedf475f945496691d22057807283a02f6d569077:はたけカカシ²⁰¹⁸₀₉₁₅
2024-02-15 22:44:54 [WECHATBC_MAIN] : @3afe80d17185298b182587ce380083507fcb777d3489e9650dca3e5544955c8e:汉英
2024-02-15 22:44:54 [WECHATBC_MAIN] : @a707eb041d922e527297019e696c4c69c6ef0489f7dcb57518a29dbfa27f84b5:-
2024-02-15 22:44:54 [WECHATBC_MAIN] : @acf258d8036ad396e7ceb3831e5763d074966d582f8e067455009f7d8c80b3a7:微笑的高圆圆
2024-02-15 22:44:54 [WECHATBC_MAIN] : @ac901229e7cf4d018f329134acac7b83:沐沐热喵
2024-02-15 22:44:54 [WECHATBC_MAIN] : @566fe3d9aeb7ecadcb570a0f2315971d7295b507798f23bc59d619ec41645231:娇的名
2024-02-15 22:44:54 [WECHATBC_MAIN] : @95d80d391296248ed19d8ee089fc38db:GoLink加速器
2024-02-15 22:44:54 [WECHATBC_MAIN] : @7592d4ccd92fa699e2e0d8449c1aa669:特摄资源共享
2024-02-15 22:44:54 [WECHATBC_MAIN] : @3ee8df071cd8e62a411201f750cb4d2a9be3b66d159927629456dae249bfe2fe:AT
2024-02-15 22:44:54 [WECHATBC_MAIN] : @3b5b269c9f3bf8207d3b2bad39184462f543ddc1de6069df86029d748d015733:远
2024-02-15 22:44:54 [WECHATBC_MAIN] : @e06e38d5918b4b872b96f64875737336277e0308cda5dad25a241155f7c488e0:Jammer
2024-02-15 22:44:54 [WECHATBC_MAIN] : @9332326f7737df303339bbf7c68a3f8c:海豚网游加速器
2024-02-15 22:44:54 [WECHATBC_MAIN] : @af44f5b2033974522b3a2091ce416102:Joker.
2024-02-15 22:44:54 [WECHATBC_MAIN] : @0e0b575892d4e16205ed7ddb696a5a4bd25438d218113eb3b152949994a9bb93:你滴男妈妈
2024-02-15 22:44:54 [WECHATBC_MAIN] : @3c4d7f0ccd98f81906043b174a0a9f5c:小智LOGO
2024-02-15 22:44:54 [WECHATBC_MAIN] : @4e598bd181c3152f85f7eca0f51fec20f18b60a13327d1e83d87d98395750fe1:ㅤ
2024-02-15 22:44:54 [WECHATBC_MAIN] : @5ed4d849013de8eaf477937855b5c3a7:泓记
2024-02-15 22:44:54 [WECHATBC_MAIN] : @2c62b10c0d02cc6999ccd468e95b197b4c69b68857c10bd5674383b3d8097546:（～_～）
2024-02-15 22:44:54 [WECHATBC_MAIN] : @642b1ce7263898acc48682f50e58868d:zl     <span class="emoji emoji1f4a6"></span>
2024-02-15 22:44:54 [WECHATBC_MAIN] : @2bf8f0255650b438a323d23e3eb10fe69f8ccbc180d0cfe1b969f8048460939f:瘾
2024-02-15 22:44:54 [WECHATBC_MAIN] : @3baa7a8ae2da36be48357a98ab569cd03928302e1ec8c55975ce6fe9c51f2976:H
2024-02-15 22:44:54 [WECHATBC_MAIN] : @6965c8d36d2617be0811145be887753bba39d1abb53f5c6facde21f036f64397:以至于
2024-02-15 22:44:54 [WECHATBC_MAIN] : @c511d1479dff4f568d55b6feb1c43d408c823f347e4b5c14154d4eba35d362f4:发财小掌柜<span class="emoji emoji1f4a1"></span>
2024-02-15 22:44:54 [WECHATBC_MAIN] : @273c34debd962e8f417f8c127438e6b0119d868870fc1230240d957c9bca66d2:wuli
2024-02-15 22:44:54 [WECHATBC_MAIN] : @ab67c75ed30959f4d817772bb7502cb6aa1192cd20234d914e63373e8dd40c0d:ㅤ
2024-02-15 22:44:54 [WECHATBC_MAIN] : @bb86734ab7373237e668c7be305c6497e7b9bf104f9e7cf9771c05865e98e1e9:+🥚
2024-02-15 22:44:54 [WECHATBC_MAIN] : @ca5ee424c9bce5bfefad9a80764aa78e62dde0c6240a0533aa20ec11b6cdf9f1:NOBODYLIKESME
2024-02-15 22:44:54 [WECHATBC_MAIN] : @8764f0ab07ed9ca056e73ff80844ffd9b54c71a924341565169eff46e2e78ea3:平平歌(ᇂ ㉨ ᇂ)
2024-02-15 22:44:54 [WECHATBC_MAIN] : @ca5c51850b4dc6cae309b3519c1310955519f135fe2a027d15e9e53c4b097830:.
2024-02-15 22:44:54 [WECHATBC_MAIN] : @4122d135f4f63199339927be4016a4ce75b318a60d20a21105531719b2a7b4af:垚
2024-02-15 22:44:54 [WECHATBC_MAIN] : @cef18efc4817612a734f2c0fbd88426ae8ce43f3f378f190c2cebad0dae25783:兄弟酥面店13322746671
2024-02-15 22:44:54 [WECHATBC_MAIN] : @152e1f80ed6e72ac5d74de3dd61991109cd2539284d1059c737b0a802fb931ec:A春3悠慧多多<span class="emoji emoji1f389"></span>
2024-02-15 22:44:54 [WECHATBC_MAIN] : @fd5b076e51e2043e2ece118b174f2a94686b3241a37e80c797136ca7b1f5eb3a:若瞳君子
2024-02-15 22:44:54 [WECHATBC_MAIN] : @ea280ecddf920ed3f9cf3b789bb5b18396d596f2eed28c8ea0f31a4332961af6:无所谓
2024-02-15 22:44:54 [WECHATBC_MAIN] : @9308f8ddc7976be150fb763477880a88e870bf23da68fc86579fd502e650a933:Leon
2024-02-15 22:44:54 [WECHATBC_MAIN] : @2dba1f1a5c3123ddbb6d16a7092dd371:鲁班大叔
2024-02-15 22:44:54 [WECHATBC_MAIN] : @27d3c8f289cfe03536da21e7103dedcdee9e3efb4043cafbc85e8d5ec3208c88:a大白胖
2024-02-15 22:44:54 [WECHATBC_MAIN] : @6d1cdd2350ef24ae502178b394dc0d5a4b6eb7af63cf780261aaba3185db9049:干净
2024-02-15 22:44:54 [WECHATBC_MAIN] : @188e884c050c70c1fca28baca98da523b97746f45c6a1eaacfb00db134de593a:橙
2024-02-15 22:44:54 [WECHATBC_MAIN] : @aa9ffd540bf3af16b7953b55882f215e:奇妙加速器
2024-02-15 22:44:54 [WECHATBC_MAIN] : @bfe020e6b3c47815cddb223047b66366e8832caa118dae2b32f087fa562d90c4:二友照相馆（总店）
2024-02-15 22:44:54 [WECHATBC_MAIN] : @120234c35dbda6d987e513fb7f69960924d86a9e0f2a10915edb0e7a1088a3b8:SOYU
2024-02-15 22:44:54 [WECHATBC_MAIN] : @b10d2a678f56240b094717e41369d74d7b42d720a5101cbbf93b8e125bcaea59:小宝
2024-02-15 22:44:54 [WECHATBC_MAIN] : @8ee5989252b6f4634368047ab5ad942bb72f3b9a7ed60a341268dbf3ad1ad881:太白
2024-02-15 22:44:54 [WECHATBC_MAIN] : @acb820aac1f7fddb4ce2acacac0d3b876b2d33e7996c8a0fea52c3bb861deb04:怎么取一个正常点的名字
2024-02-15 22:44:54 [WECHATBC_MAIN] : @650226309ec8f0e00619069db6ab57037ec5f5abd4b56787f31e6ae8d2a6b31b:SuriYan
2024-02-15 22:44:54 [WECHATBC_MAIN] : @04b11e5f115a2cddd4a9e7520c33c793432ae990a7a26d222f160ab2b8df68ea:Boy。
2024-02-15 22:44:54 [WECHATBC_MAIN] : @20c3c1b0c37f2875d623bb402a1714506b10bd6b037abb09e8dbde1f0f14d80d:BLUE
2024-02-15 22:44:54 [WECHATBC_MAIN] : @dc5c2876846f51520753b3550f2e2709647f7e6a7d8e8037ce2dd16f477d3bb1:陆景桓
2024-02-15 22:44:54 [WECHATBC_MAIN] : @3352f400a5e51dc44cf49a72e074c0b6f82be9ba531866e25261e4161f281519:2z
2024-02-15 22:44:54 [WECHATBC_MAIN] : @e1d4004f9edd26edf0d5c8db3b70726105811278c1a991b0b4301f1cc0c7fc5f:-
2024-02-15 22:44:54 [WECHATBC_MAIN] : @97a89d15d52b6c3c8fb2c00b0f4beddc8e8db58a8135e0b27d24d9aba79097c1:ღ火炎焱燚ꦼ
2024-02-15 22:44:54 [WECHATBC_MAIN] : @075e687feeae29cd785eeb70f61d91e3d30a54ec8cafac9d3c0a0ce149238f3c:江尚
2024-02-15 22:44:54 [WECHATBC_MAIN] : @0e0393242ac61bb27bc39e928e21a595f82a364beea8f81001bfea9289fdb746:FLIPPED
2024-02-15 22:44:54 [WECHATBC_MAIN] : @b1b8935814f169b7c5f6218cafbd2d3a:拼多多
2024-02-15 22:44:54 [WECHATBC_MAIN] : @170f9aaeca8a0749b88019900016594433775b91a99c8ca2c4907693f5add4f9:Peter烁
2024-02-15 22:44:54 [WECHATBC_MAIN] : @1e265a6f068767795df592600fc141e6:互联网品牌官
2024-02-15 22:44:54 [WECHATBC_MAIN] : @abd62fd2ce4298b8beeeb31caf5a0e12aaf933d00e7a7decd291dce6ef356a40:hor1z0n
2024-02-15 22:44:54 [WECHATBC_MAIN] : @8b18d0a1b98842180f3d37e18b8c9f07:宅猪
2024-02-15 22:44:54 [WECHATBC_MAIN] : @ef9372dbb089f7aafb1e6739c547392e1d11eb2bd6fd253d32d1fe5ecc15f8b1:H
2024-02-15 22:44:54 [WECHATBC_MAIN] : @9d7e2c25ab292c5defbafa4e6bc4baee46e350b1572b8b8754f1ddc130d12b77:Rebirth
2024-02-15 22:44:54 [WECHATBC_MAIN] : @741f45628ca8d34e3d2d601f02765d05f290681107ee365b3a2a73f8815a9383:DLx
2024-02-15 22:44:54 [WECHATBC_MAIN] : @75afc98acff74030e959346171d8039b:魂之乐享
2024-02-15 22:44:54 [WECHATBC_MAIN] : @03039b2f347e59f2a4199c17dce0e5eda566e5c15f9090f2584b087b67d484b0:两英微帮信息推广网1
2024-02-15 22:44:54 [WECHATBC_MAIN] : @39fda2c1db0798e345cb6ba1b6476790dea0890a6919a622c296c3f4d35d2f6a:要好好吃饭
2024-02-15 22:44:54 [WECHATBC_MAIN] : @603da291951119ffd993b1e3cfdc9f420802b5ad4de39289d8c665d04932871c:冬天
2024-02-15 22:44:54 [WECHATBC_MAIN] : @b79567d76484d0d0497a2cc19050e45d53b0e76dd38a1087952423d8f2929e24:董不懂
2024-02-15 22:44:54 [WECHATBC_MAIN] : @1a8a7e2cb420b122759f1c63b846088d69f8ef39adb384cfba5a4cb582b52e90:Yu鱼.
2024-02-15 22:44:54 [WECHATBC_MAIN] : @950b7de979af57fd260dbcdde7d5acf2eff46f779263ce2295aafb078667bf41:熊大
2024-02-15 22:44:54 [WECHATBC_MAIN] : @bb1ff314b3edb6835e26f6e2a9d6e322280352b17dbaf41df38c480854a74a1c:觅雪班导
2024-02-15 22:44:54 [WECHATBC_MAIN] : @c7885760254fee4c6b608fd640ae6e02b81c6614c0a5c442765d9f80dc470d19:K.
2024-02-15 22:44:54 [WECHATBC_MAIN] : @e6d37b85dc7d0f9ac20917f5e38867d0a6f5059f1de93d8e2e9bc9f61005300b:XOYUFI
2024-02-15 22:44:54 [WECHATBC_MAIN] : @29ab8c027577b9be850edf8bd151c92d:中国移动10086
2024-02-15 22:44:54 [WECHATBC_MAIN] : @ccdf56b6bfecc9864200d61d9c2480ab14be3168dee37daf8cf3309640d6bfec:彬
2024-02-15 22:44:54 [WECHATBC_MAIN] : @5719214327bf25b4d4f51a9eafae84692bc5ea61d9433c374c5a10c0431004ce:芜湖
2024-02-15 22:44:54 [WECHATBC_MAIN] : @710e8e47e0da383b4baac92bb2af05db6c2a405dc5bf17cab303e80fdadf28a3:广东青年
2024-02-15 22:44:54 [WECHATBC_MAIN] : @9b120fc2abbe690bb307a640df3c56e59729bbdac0c6e47cfc70a94c5cfe6ab4:汕頭15815040195
2024-02-15 22:44:54 [WECHATBC_MAIN] : @8a10456639d94ccfd8abcb7ac6ddb0f1ab070ab39b46ad16e2e43f5bc74ca2ed:Sam
2024-02-15 22:44:54 [WECHATBC_MAIN] : @f9b4930324ccf7e07ed74cf878e9f67b:吃货特权卡
2024-02-15 22:44:54 [WECHATBC_MAIN] : @3c34e19efb1e081f8b39e2a18affb2d5728c413f30bbd340d20d82968f345d10:懒人
2024-02-15 22:44:54 [WECHATBC_MAIN] : @fb25cbb445223aedd5c17a762080765c3663421ef32e055b049646f706b2091a:Cc
2024-02-15 22:44:54 [WECHATBC_MAIN] : @abf3c7bef33f6973bee1011170c7703b2ebd91d3764943236b3d0468c662bc1c:FyG
2024-02-15 22:44:54 [WECHATBC_MAIN] : @8eaa354073042afca9fbaa0fafa3c62c17c425bfd030bdef03eaf31c185c12c9:A-河北祝江机床韩冬晓
2024-02-15 22:44:54 [WECHATBC_MAIN] : @510a16f402a42e6eaa37612b9fc6f45618080aea1cee44e4285432aa70b9a897:A_ ZikX.
2024-02-15 22:44:54 [WECHATBC_MAIN] : @b6f23f3ee88792ed56c999880245d3e1:7477游戏
2024-02-15 22:44:54 [WECHATBC_MAIN] : @aeea8847068d6d130d15ec0d7ad4007c:易博通eSender
2024-02-15 22:44:54 [WECHATBC_MAIN] : @2f8dd1d2adfe99307905a05b400bf04a9749e9d2fde0361250682c117b2a3c81:玉宇
2024-02-15 22:44:54 [WECHATBC_MAIN] : @b89eb8449ef03ff3a38d1b486af436c51e11da6c97e5051a3395c8e2f421f7b2:/
2024-02-15 22:44:54 [WECHATBC_MAIN] : @8d5ffe24846f72ce7efd31d2d47ef2f28d7113590897b0af4137daa1a9a625fa:木木(丽丽）
2024-02-15 22:44:54 [WECHATBC_MAIN] : @0d0dc624fa186aa055d97f2e7c23cd7548f83f28e7b2f8945f7556d8b75a1958:.ayu
2024-02-15 22:44:54 [WECHATBC_MAIN] : @d4488452a03c57931c3c80f1e1e94394f479d5d503fe0edbf33b2d90b2347a78:.
2024-02-15 22:44:54 [WECHATBC_MAIN] : @75b57c088bd8ee142fd86352abe2388f9fb2ff5e66212292d3a206416552b702:群管理
2024-02-15 22:44:54 [WECHATBC_MAIN] : @47a3a346a61b1d123c4a92bb3f83f24c:抠鼻子Kobez
2024-02-15 22:44:54 [WECHATBC_MAIN] : @2554cc46f0152a59514bf5f9cff359e6513a6c90d1ccc28e2400d81cf974e8d5:xh
2024-02-15 22:44:54 [WECHATBC_MAIN] : @8a137cae2caf1b88d90e3dc922b7342c:便利店艺术家
2024-02-15 22:44:54 [WECHATBC_MAIN] : @be5dfcbab569ea3e5ebb7c462427c1d45652178a2d63327ab1e9ffc988eff030:美宜佳
2024-02-15 22:44:54 [WECHATBC_MAIN] : @2917e58d95e708cca9d67cdf8a2026f2fdaae5fe49f7fc59ec346eb9919c73f8:啦啦啦啦
2024-02-15 22:44:54 [WECHATBC_MAIN] : @20d4a1bae518bbaa56b0884764f1d1b345d8ecc4beedbbaa48136b32780fe02b:<span class="emoji emoji1f525"></span>
2024-02-15 22:44:54 [WECHATBC_MAIN] : @98d8d932bc34fcd9e7f77d38023cbd8c4bb34dd03ebed001e90914ab85a54f8d:！
2024-02-15 22:44:54 [WECHATBC_MAIN] : @f34fd0e992718c827955fe2cda2aed57:极简博客2022
2024-02-15 22:44:54 [WECHATBC_MAIN] : @123b510e012dd105d74f2c5884f4cba8:广东建院消息
2024-02-15 22:44:54 [WECHATBC_MAIN] : @2bc8bde6cf9da0a140b32f742dc383c95b6e7420faa8399b4b234074070d7edc:Yuuki
2024-02-15 22:44:54 [WECHATBC_MAIN] : @7dcc10ff65b31a7c056c00c10471268f:腾洲车行
2024-02-15 22:44:54 [WECHATBC_MAIN] : @f6674c857b59bc27c4e9c1a680d145e01b139564f0030d77b9a54a6aa9866eae:Oneone
2024-02-15 22:44:54 [WECHATBC_MAIN] : @09a720d17fea03f3769829ef96ae095f104eb8be5b590239d1dd1950af7ead94:王德发
2024-02-15 22:44:54 [WECHATBC_MAIN] : @1e906afafb8d1912aeb80deaf820f57c359182bc23b219fbfbbf7083262f6574:h.
2024-02-15 22:44:54 [plugin-loader] : 载入了 1 个插件
2024-02-15 22:44:54 [WECHATBC_MAIN] : 启动控制台...
2024-02-15 22:44:55 [SYNC-CHECK] : Message(msgId=8360540338450450798, fromUserName=@e79c76c25a68a4597091c8c1a4419d432665fd6132c2e0033cbd1a9c21b076e2, toUserName=@e79c76c25a68a4597091c8c1a4419d432665fd6132c2e0033cbd1a9c21b076e2, msgType=51, content=, status=3, imgStatus=1, createTime=1708008294, voiceLength=0, playLength=0, fileName=, fileSize=, mediaId=, url=, appMsgType=0, statusNotifyCode=11, statusNotifyUserName=, recommendInfo=RecommendInfo(userName=, nickName=, qqNum=0, province=, city=, content=, signature=, alias=, scene=0, verifyFlag=0, attrStatus=0, sex=0, ticket=, opCode=0), forwardFlag=0, appInfo=AppInfo(appId=, type=0), hasProductId=0, ticket=, imgHeight=0, imgWidth=0, subMsgType=0, newMsgId=8360540338450450798, oriContent=, encryFileName=)
2024-02-15 22:44:55 [SYNC-CHECK] : z>z说: 
2024-02-15 22:45:02 [SYNC-CHECK] : Message(msgId=1829207699895257835, fromUserName=@e79c76c25a68a4597091c8c1a4419d432665fd6132c2e0033cbd1a9c21b076e2, toUserName=@8c7ca18b9045467a73d4d3b0e3452dc56b098fea43e2a88a5c1ad2c20a36185a, msgType=51, content=, status=3, imgStatus=1, createTime=1708008302, voiceLength=0, playLength=0, fileName=, fileSize=, mediaId=, url=, appMsgType=0, statusNotifyCode=2, statusNotifyUserName=@8c7ca18b9045467a73d4d3b0e3452dc56b098fea43e2a88a5c1ad2c20a36185a, recommendInfo=RecommendInfo(userName=, nickName=, qqNum=0, province=, city=, content=, signature=, alias=, scene=0, verifyFlag=0, attrStatus=0, sex=0, ticket=, opCode=0), forwardFlag=0, appInfo=AppInfo(appId=, type=0), hasProductId=0, ticket=, imgHeight=0, imgWidth=0, subMsgType=0, newMsgId=1829207699895257835, oriContent=, encryFileName=)
2024-02-15 22:45:02 [SYNC-CHECK] : z>zzzsh说: 
2024-02-15 22:45:05 [SYNC-CHECK] : Message(msgId=4153670151931127971, fromUserName=@e79c76c25a68a4597091c8c1a4419d432665fd6132c2e0033cbd1a9c21b076e2, toUserName=@8c7ca18b9045467a73d4d3b0e3452dc56b098fea43e2a88a5c1ad2c20a36185a, msgType=1, content=？, status=3, imgStatus=1, createTime=1708008304, voiceLength=0, playLength=0, fileName=, fileSize=, mediaId=, url=, appMsgType=0, statusNotifyCode=0, statusNotifyUserName=, recommendInfo=RecommendInfo(userName=, nickName=, qqNum=0, province=, city=, content=, signature=, alias=, scene=0, verifyFlag=0, attrStatus=0, sex=0, ticket=, opCode=0), forwardFlag=0, appInfo=AppInfo(appId=, type=0), hasProductId=0, ticket=, imgHeight=0, imgWidth=0, subMsgType=0, newMsgId=4153670151931127971, oriContent=, encryFileName=)
2024-02-15 22:45:05 [SYNC-CHECK] : z>zzzsh说: ？
2024-02-15 22:45:10 [SYNC-CHECK] : Message(msgId=805474893129074145, fromUserName=@e79c76c25a68a4597091c8c1a4419d432665fd6132c2e0033cbd1a9c21b076e2, toUserName=@@1802253a76e3331d945dab86ba9b76385eea6c0fa6be0170cba2dadf924f917f, msgType=51, content=, status=3, imgStatus=1, createTime=1708008310, voiceLength=0, playLength=0, fileName=, fileSize=, mediaId=, url=, appMsgType=0, statusNotifyCode=2, statusNotifyUserName=@@1802253a76e3331d945dab86ba9b76385eea6c0fa6be0170cba2dadf924f917f, recommendInfo=RecommendInfo(userName=, nickName=, qqNum=0, province=, city=, content=, signature=, alias=, scene=0, verifyFlag=0, attrStatus=0, sex=0, ticket=, opCode=0), forwardFlag=0, appInfo=AppInfo(appId=, type=0), hasProductId=0, ticket=, imgHeight=0, imgWidth=0, subMsgType=0, newMsgId=805474893129074145, oriContent=, encryFileName=)
2024-02-15 22:45:10 [SYNC-CHECK] : z>森鶴教堂<span class="emoji emoji26ea"></span>说: 
2024-02-15 22:45:34 [SYNC-CHECK] : String index out of range: 1921
2024-02-15 22:45:34 [SYNC-CHECK] : 在尝试异步获取消息时遇到了一个错误
