2024-02-18 06:35:15 [WECHATBC_MAIN] : 已扫描二维码，请确认登陆
2024-02-18 06:35:26 [WECHATBC_MAIN] : 已确认登陆
2024-02-18 06:35:28 [WECHATBC_MAIN] : 已取得登录信息:
2024-02-18 06:35:28 [WECHATBC_MAIN] : BaseRequest(uin=281175185, sid=8QoziaRng6uI1EFr, skey=@crypt_c1a555a6_79c2362f490497d0d087556002ddf3ea, deviceId=e243978626693618, dataTicket=gScZV3y26XWa5EHfBAVYCLRS, passTicket=FO0Lx7aS6GHC53Y1tYf2UgtN%2BfJ3033bBCMUrlu0bO2zCMsa6Vf8neeABKQp26NZqPDlcmRGtDLTkjpu9Apyrg%3D%3D, authTicket=CIsBEPW8mtEPGoAB3aLkcdaAAQALQ6mDUEu3Gdw9xx1lbpKOD1Eoo/dbogWxu50Qs8+las0LL3qSRhOkOVeDTqiTH94xYq8+G2nJNzg2v7sqbDM6Zl8ezgv1cXywsHrDdmTOZLOO+wfuO2qtBEyDz1j3ZQ3fbadQNywUt6IFOdT4EwiPkmJ/wX0/OWE=, initCookie=[wxuin=281175185; expires=Sun, 18 Feb 2024 10:35:27 GMT; domain=wx2.qq.com; path=/; secure, wxsid=8QoziaRng6uI1EFr; expires=Sun, 18 Feb 2024 10:35:27 GMT; domain=wx2.qq.com; path=/; secure, wxloadtime=1708209327; expires=Sun, 18 Feb 2024 10:35:27 GMT; domain=wx2.qq.com; path=/; secure, mm_lang=zh_CN; expires=Sun, 18 Feb 2024 10:35:27 GMT; domain=wx2.qq.com; path=/; secure, wxuin=281175185; expires=Sun, 18 Feb 2024 10:35:27 GMT; domain=qq.com; path=/; secure, webwx_data_ticket=gScZV3y26XWa5EHfBAVYCLRS; expires=Sun, 18 Feb 2024 10:35:27 GMT; domain=qq.com; path=/; secure, webwxuvid=b0c1512a3960be8895dbe4551510255deaa78ad303ec1ac9164606364bcf1247a7e87560d37680942861c1e0971cac6c; expires=Tue, 14 Feb 2034 22:35:27 GMT; domain=wx2.qq.com; path=/; secure, webwx_auth_ticket=CIsBEPW8mtEPGoAB3aLkcdaAAQALQ6mDUEu3Gdw9xx1lbpKOD1Eoo/dbogWxu50Qs8+las0LL3qSRhOkOVeDTqiTH94xYq8+G2nJNzg2v7sqbDM6Zl8ezgv1cXywsHrDdmTOZLOO+wfuO2qtBEyDz1j3ZQ3fbadQNywUt6IFOdT4EwiPkmJ/wX0/OWE=; expires=Tue, 14 Feb 2034 22:35:27 GMT; domain=wx2.qq.com; path=/; secure])
2024-02-18 06:35:30 [WECHATBC_MAIN] : 已初始化微信信息:
2024-02-18 06:35:30 [WECHATBC_MAIN] : 用户信息:
2024-02-18 06:35:30 [WECHATBC_MAIN] : Contact(weChatClient=null, uin=281175185, userName=@1393f4d45c6855280f3d080eee18a3d3122e760a11088c4e506165d76814f3a0, nickName=z, headImgUrl=/cgi-bin/mmwebwx-bin/webwxgeticon?seq=2125718107&username=@1393f4d45c6855280f3d080eee18a3d3122e760a11088c4e506165d76814f3a0&skey=@crypt_c1a555a6_79c2362f490497d0d087556002ddf3ea, contactFlag=0, memberCount=0, memberList=null, remarkName=, hideInputBarFlag=0, sex=1, signature=已换微信 meteor1913103, verifyFlag=0, ownerUin=0, pyInitial=, pyQuanPin=, remarkPYInitial=, remarkPYQuanPin=, starFriend=0, appAccountFlag=0, statues=0, attrStatus=0, province=null, city=null, alias=null, snsFlag=257, uniFriend=0, displayName=null, chatRoomId=0, keyWord=null, encryChatRoomId=null, isOwner=0)
2024-02-18 06:35:31 [WECHATBC_MAIN] : 联系人列表数量: 317
2024-02-18 06:35:31 [WECHATBC_MAIN] : @eb8e434d3efd83618e78f5da459de5803b24e4c182fd8ae5d0ebbd2e4252555a:白云飞（只二维码收米）
2024-02-18 06:35:31 [WECHATBC_MAIN] : @2eac44b0eb2c4e2549b4ed6145e2ecab:小星星资料库
2024-02-18 06:35:31 [WECHATBC_MAIN] : @af73dc0d343a85c5ba6ccce615ea93c09c54c1bb51b112aa4b131a41d545ae3c:-
2024-02-18 06:35:31 [WECHATBC_MAIN] : @edbfbf7679a4bd969d55cb65f8692220:agiso自动发货
2024-02-18 06:35:31 [WECHATBC_MAIN] : @625de86eb4db8d1f3aded59c3fcfea1bf8174d68ef059acbe48589d0ca60c9fa:瘾
2024-02-18 06:35:31 [WECHATBC_MAIN] : @a375520a8c06bbf55b4f0444252acbbc6f4734bfe0436f14a0a836fd6840654a:.
2024-02-18 06:35:31 [WECHATBC_MAIN] : @65e6464a20db5a88d5e71f4195a3951a9ceecf460644296e176915b430cfad19:山海
2024-02-18 06:35:31 [WECHATBC_MAIN] : @a554128ee0531a8567e5824f137ab06fd685df857266cf10d645c95e8fbce2b5:宝藏
2024-02-18 06:35:31 [WECHATBC_MAIN] : @750031875c851c90c89b3808d0a42ebb:微信支付
2024-02-18 06:35:31 [WECHATBC_MAIN] : @ef97382e4f4fc8495c76b71a34e41e2b8687bdea4a2e911930ce4996b93df47e:。。。。。
2024-02-18 06:35:31 [WECHATBC_MAIN] : @ef40e3a04b21ea7ed2213cc24fc1625d20eb3e1679fa80a00572426d768f1e0d:Yuuki
2024-02-18 06:35:31 [WECHATBC_MAIN] : @c8230fb4983a68a132164da9d8705313fee1b8c730189f8c90a815a16e332b6b:老细肠粉甜品小吃1号店
2024-02-18 06:35:31 [WECHATBC_MAIN] : @12cc9957f0d69f4a84dadc097709546a1591e0ed7f7224499b3b3ff7576f0600:文人武
2024-02-18 06:35:31 [WECHATBC_MAIN] : @fa63f755147a362964b67c16304ba8e9285385bb93b09a6e6fc09b1461eee0d0:芜湖
2024-02-18 06:35:31 [WECHATBC_MAIN] : @be5e321c195a78cf1d68d59005ce88b0485071356c38e88e7455a1cd33105611:大月半冉子<span class="emoji emoji1f43e"></span>
2024-02-18 06:35:31 [WECHATBC_MAIN] : @86bb72b8c46e8a7dfcc48db1f29066e08c9de96c19032ce4eb30657fcb8e5eb5:白胡子
2024-02-18 06:35:31 [WECHATBC_MAIN] : @f5e373e31ae3a5690817c7ecf7e95224bf0dc15c8d8bdfb1a489cc2b30d4fd14:（～_～）
2024-02-18 06:35:31 [WECHATBC_MAIN] : @9585ea57f4ddc5e7357ad8eeffd6207dc0beb8661281e0eb435ae770bce4fa56:！
2024-02-18 06:35:31 [WECHATBC_MAIN] : @788ca452c873550d8398b07058662460b954b917e073766c9e51b70029b671e7:啦啦啦啦
2024-02-18 06:35:31 [WECHATBC_MAIN] : @edad15163ee4c67c23f63d852a76181c:三叔软件
2024-02-18 06:35:31 [WECHATBC_MAIN] : @b912afea81f9d099676a0c1932f0faeefaffd8593cfac6b89279989a08449cf8:汕頭15815040195
2024-02-18 06:35:31 [WECHATBC_MAIN] : @2b7e035364f39fde01099b2b35f66e0463feaad5c6d8c523680c32c4698deb89:ིྀ
2024-02-18 06:35:31 [WECHATBC_MAIN] : @5e33a65b06a0034371b3dba21b006f46fa881e45b017964cc6504f48a08928bf:ㅤ
2024-02-18 06:35:31 [WECHATBC_MAIN] : @3790bc5df3fd4e48e25c5a575e8008147f0300fe0df193d57d7c33b7d2b9ed11:平平歌(ᇂ ㉨ ᇂ)
2024-02-18 06:35:31 [WECHATBC_MAIN] : @fadf8b1bc63598581dccc8a33f3497a3e7f76cbe3d1c86a5c51980a76e27cbfe:Coast（2.1号放假-2.19上班）
2024-02-18 06:35:31 [WECHATBC_MAIN] : @5db0ffac230be97b816afd9837b3ebc6809bf9a62ea9dbf2ee5c5b649baf6ee2:ᥫᩣ.
2024-02-18 06:35:31 [WECHATBC_MAIN] : @efea3bcea62888c9611baeb69008a784:广东建院
2024-02-18 06:35:31 [WECHATBC_MAIN] : @d75559a7902637a8d42b26d67564f05a85cc407d45a7d8ad72f49159bb3a5291:三三
2024-02-18 06:35:31 [WECHATBC_MAIN] : @8590c735a1b4df411732517569e243f7bc57dda36249de064f00dfa554190599:楠浅ꫛꫀꪝ
2024-02-18 06:35:31 [WECHATBC_MAIN] : @1b01e74ac32f22d58556fbf149ec381cde95ceb10728cf9d7104fe1e72da945c:老爷保佑
2024-02-18 06:35:31 [WECHATBC_MAIN] : @22d27384e9987737c175f13b2e3ee2326d84c97e2c8d1de1bd946d3570953c94:O.o
2024-02-18 06:35:31 [WECHATBC_MAIN] : @50982d794f7ebb9a41df352f5fbe5b6fcd7f9ceaa89f2ffef6371cd62ca27f8a:Jeff
2024-02-18 06:35:31 [WECHATBC_MAIN] : @53f1dfbbc7bb573f9a26d587803d81c0272e80f527d8a0ae40c3b16a212cfedb:Leon
2024-02-18 06:35:31 [WECHATBC_MAIN] : @6d5b8f63045cd054a41329c86a15366af80ca33509cd8c5e2649fa44dfe5d674:！
2024-02-18 06:35:31 [WECHATBC_MAIN] : @0a520a865ef2140443fe1c2b6b68963a09f70b1f4bf53707301b4206bd2d8ebb:wuli
2024-02-18 06:35:31 [WECHATBC_MAIN] : @21ff7a898e38c84de474df602740dc02ca6cb166055804399c64e0cdd1d40974:黑夜诗未
2024-02-18 06:35:31 [WECHATBC_MAIN] : @a9bbcd66d0c321d04a0eddf99f09dea8a01c19da48e6ac7e2cf9fee459793304:朗月.
2024-02-18 06:35:31 [WECHATBC_MAIN] : @17f6f0318bff0d3df547f4ffc40a835421653907720b932b86655cf6d531174d:aJin
2024-02-18 06:35:31 [WECHATBC_MAIN] : @ee6d9dbd90f7fbb5214335d182a21391b45c9c7bc56407f131ee80dafbdc141f:听岛屿.
2024-02-18 06:35:31 [WECHATBC_MAIN] : @1aa01024d300fed8065cd321ce849cf8:外卖卷不停
2024-02-18 06:35:31 [WECHATBC_MAIN] : @fb7c705f5d860fa15a3086b52467f04867becf45f0279541dcf9d6ac9146836e:春雪
2024-02-18 06:35:31 [WECHATBC_MAIN] : @3a586161d44de840ddb50354f990c72fe486da43f02703686c5c4d8f61baf913:　　　　　　　　
2024-02-18 06:35:31 [WECHATBC_MAIN] : @7e623b743dd422afc8740790fb101518:平面设计狮
2024-02-18 06:35:31 [WECHATBC_MAIN] : @838af6436726eb8083b0a386515141c0f0239b36d873b21fa7221eb1ddbd8982:<span class="emoji emoji1f525"></span>Sparks
2024-02-18 06:35:31 [WECHATBC_MAIN] : @fa1b3f6c63055e1f4cc103306a65bd83b4d7133fb8828d95785f135c80aa15c4:Sherry
2024-02-18 06:35:31 [WECHATBC_MAIN] : @b7e696d1d1e8c8f8ca1b068690c0c6b0fce30b0e8b99e051eff9bd87ee5f1153:振袖秋风问红叶
2024-02-18 06:35:31 [WECHATBC_MAIN] : @0de58333362eb2db45e3147ff6ae627a:NS大玩家
2024-02-18 06:35:31 [WECHATBC_MAIN] : @61e735112118d82a1a3dc361f517bbdef4bd9408825ee9e607d75b80083e645a:h.
2024-02-18 06:35:31 [WECHATBC_MAIN] : @cc2ac79d5cfe17c603e0f9e019d0e963c333d5c1936d839e3cf353a59a00523f:彬
2024-02-18 06:35:31 [WECHATBC_MAIN] : @81d8999e59262c3e14d4982aaa0f86bda997365932538be1a72b657f33d26902:Nefia
2024-02-18 06:35:31 [WECHATBC_MAIN] : @539082fd09affe460b1f959858a1858cadb6c04a3f40ddffa5c1ee87157da26e:Cc
2024-02-18 06:35:31 [WECHATBC_MAIN] : @bab1d886be896d3d693aee86475419b6973dc6de11fd2791fb19338420b4c04c:ㅤ
2024-02-18 06:35:31 [WECHATBC_MAIN] : @c8438b953e5d7fabab6a49cbf869de8d521de8542126c2bdb1f87f98ec924a1b:<span class="emoji emoji1f631"></span>ི<span class="emoji emoji1f60a"></span>ཽ周晓明
2024-02-18 06:35:31 [WECHATBC_MAIN] : @5ce86510641ba17cf2ec8244cd7233f9e413d6afac35fd712eac8ffba319d392:懒人
2024-02-18 06:35:31 [WECHATBC_MAIN] : @75218d0a2278021c1e11d3b1f8e3bab03c9b7aa5c6060c3d72439034d2d6de2c:汉宫
2024-02-18 06:35:31 [WECHATBC_MAIN] : @2f8a83ae0c998647a669a995e849fce3f65015ab413a2e13ff3e3e2b8b93215a:A0༒六子༒ （诚信服务）
2024-02-18 06:35:31 [WECHATBC_MAIN] : @ffb86eaf11dfc1e7340c653caf44ef04:中国移动10086
2024-02-18 06:35:31 [WECHATBC_MAIN] : @228b503afd7680bdeb7bf381d833228f86fa20c1047990a5090f6372082d542c:娇的名
2024-02-18 06:35:31 [WECHATBC_MAIN] : @76ec67d02cf26b060f29fb754f32a74901bd7f03a125d8ac1a5a37c10526d544:XOYUFI
2024-02-18 06:35:31 [WECHATBC_MAIN] : @3b1985f9fe1026e5efc8b8a94c5c3bbbf93c02c335b127b7fbd1eecb1ca5a728:兄弟酥面店13322746671
2024-02-18 06:35:31 [WECHATBC_MAIN] : @@d8754214cc774bab104a518d5437be0ac7fbfe46224b7d1089aaf31a2c544d65:z,zzzsh
2024-02-18 06:35:31 [WECHATBC_MAIN] : @54944c6808fa4643a475d9aa4ca097fb679945300da3301882749b155897c832:ᯤ⁶ᴳ
2024-02-18 06:35:31 [WECHATBC_MAIN] : @6abf9c259ecf15f59b00810b8adc1975c97960b74fab0738ffa21bf6ccbdc40e:胖胖的孙某人
2024-02-18 06:35:31 [WECHATBC_MAIN] : @637b9766ff760792d520529ad4fc7172a4f35acb1a5af6549b21e53d49695b82:皮蛋
2024-02-18 06:35:31 [WECHATBC_MAIN] : @f185f3b6003858c2261562d99e1c9287ba7661a6bfd44a70a8ee1a3672d70216:鱼莱新鲜小超市
2024-02-18 06:35:31 [WECHATBC_MAIN] : @fe81707451fb6dd76359de874d30578c:怪谈胖胖女
2024-02-18 06:35:31 [WECHATBC_MAIN] : @0f2109e9986ed9ae0571d3b86be0fb2625a6f07771bac75c7145a89cb3eeacbe:Cory
2024-02-18 06:35:31 [WECHATBC_MAIN] : @3a547f2b469ef9732bf8b8b948438e825239a3d370728921a6acceac108ed023:冬天
2024-02-18 06:35:31 [WECHATBC_MAIN] : @cd11cf13dfcf4d8218aaf051fec0e637:外卖券摸摸所
2024-02-18 06:35:31 [WECHATBC_MAIN] : @49a29352569cbe7b6fe9c01c964ce861bddc61e15f553d9d02720dbd82d30a07:K.
2024-02-18 06:35:31 [WECHATBC_MAIN] : @b14a672feb5962fd3d4b5d54817a0d4905e4239271687d9f418e3c075b28d4f8:广东青年
2024-02-18 06:35:31 [WECHATBC_MAIN] : @c0841ced659cf3226e9339e42086b652ec425145edf6af437f509a94b08724a2:sam
2024-02-18 06:35:31 [WECHATBC_MAIN] : @781e8cbebe4dcd70a3102ca749aa405c0d61514b75c6fb72c8a19f204ea0be8a:岁月无声
2024-02-18 06:35:31 [WECHATBC_MAIN] : @f3046d808f86d4d41fe5c808ad97ae519bef628365b0b6c15993d6304ea5764a:杰
2024-02-18 06:35:31 [WECHATBC_MAIN] : @0f5e4bc432f86367b0a8112c7c188486c1c8a59a28d1b869dc7440c367f41fd7:莹^O^
2024-02-18 06:35:31 [WECHATBC_MAIN] : @bb389f5334f43519d9c285de53b87770:zl     <span class="emoji emoji1f4a6"></span>
2024-02-18 06:35:31 [WECHATBC_MAIN] : @e0942bca1d36c0ca6cee12be2608f709b8e4fb682d410dce9fd7b3da901e2b9a:陈店长
2024-02-18 06:35:31 [WECHATBC_MAIN] : @3053566702fd29cc0eeb128e51eeb0f39b21a6bdc5d4fdaf74816faab260e43c:Arun丶
2024-02-18 06:35:31 [WECHATBC_MAIN] : @0df35c09b60803a539ad05f60f332fd65652ba31518b4887151bc862e9870757:Oneone
2024-02-18 06:35:31 [WECHATBC_MAIN] : @6bdda9d9ac1f0ea030b3dde0d8afce50868776cc7deebdb75606ba78a65aabfb:a大白胖
2024-02-18 06:35:31 [WECHATBC_MAIN] : @cca90bc51ca4681226354747dcddb377debc3be621bb508ab02a450a245099d7:顾玖
2024-02-18 06:35:31 [WECHATBC_MAIN] : @4d9a821ebe002c3d601c5e6e0a24097c7b129d6dc4c0dc8e90d425f0a00e69e1:zzzsh
2024-02-18 06:35:31 [WECHATBC_MAIN] : @08da047408bb711d889d61d1d0a0b443500146ade5e1333f5c165255102bba47:Sleeeeping
2024-02-18 06:35:31 [WECHATBC_MAIN] : @7714bef2b564c5a5588eba85aa21e95411abd65f7aa29716c0f8c67a55397e45:玉宇
2024-02-18 06:35:31 [WECHATBC_MAIN] : @b6463c15a8aa43bb6122371817df82d5:老廖
2024-02-18 06:35:31 [WECHATBC_MAIN] : @bdb92f998c614360953a224875e817b5ec22d0173f6e9b2a034e5805775a2d42:独人13
2024-02-18 06:35:31 [WECHATBC_MAIN] : @1b6a4deb414d3859f93d10ced38dac2c:京东白条
2024-02-18 06:35:31 [WECHATBC_MAIN] : @178ccd2b94e7b3287d3c95b80601bbd4:卢家妈妈 西餐厨房
2024-02-18 06:35:31 [WECHATBC_MAIN] : @b5c44b1418164300faa35dc26012597659f650b8cf93b1ca0a004ece1aa3e0f0:D。
2024-02-18 06:35:31 [WECHATBC_MAIN] : @b153cfff27b600088e68e9b5f3b506592484b80f2e87f6add67e48bc4516c5c0:橙
2024-02-18 06:35:31 [WECHATBC_MAIN] : @512bb5b598f356f7e31f9fa1bbec9716:潮职校园通
2024-02-18 06:35:31 [WECHATBC_MAIN] : @cec2462a525b36fda6c64755cba4e80f59acbaadfa51d813d7551f1bf9b364a8:寿～
2024-02-18 06:35:31 [WECHATBC_MAIN] : @3386cf0180af7b3801b6be41711bb9c144d53b5c380b4398a727767b4721b75b:小宝
2024-02-18 06:35:31 [WECHATBC_MAIN] : @c23324ef91319beed7afb6b5da03b257c79dccaf5b2d7f22ad25338d6917f1d1:<span class="emoji emoji1f349"></span>
2024-02-18 06:35:31 [WECHATBC_MAIN] : @0c04059b602c95d977c1ec27643a84dc:泓记
2024-02-18 06:35:31 [WECHATBC_MAIN] : @f4174182e01356f124566fe71dfec8b50f66dcaeff1178671c9a591015ab0d3d:等一下七月
2024-02-18 06:35:31 [WECHATBC_MAIN] : @5fbfe5b1e79d99469f3a52a44970aae85c7888bd11ecb0807c13d06705331191:熊大
2024-02-18 06:35:31 [WECHATBC_MAIN] : @366ef3580a5d0811cc136e175e698ed2:后浪俱乐部
2024-02-18 06:35:31 [WECHATBC_MAIN] : @adaca68f054ead55eb5bcc2bd637671fd8259cbc0cba942e19aad282b0df4073:区冠贤
2024-02-18 06:35:31 [WECHATBC_MAIN] : @@f8943e42af14a423966ea84dfb8ffb05930f4797ef157d7a2996641db6cf724f:振森鸟的秘密
2024-02-18 06:35:31 [WECHATBC_MAIN] : @ca953429892d9df5eba3a1b5c60dbd43183b9e97259c3ba6d65c06d493638436:A㍿࿐黑人校⃣長⃣ゝ诚信服务
2024-02-18 06:35:31 [WECHATBC_MAIN] : @7a10bcef414b21e082a500a0ef9a33d7:该账号已冻结
2024-02-18 06:35:31 [WECHATBC_MAIN] : @3bc6d62936993ebbb8382af8d2bc99fbab07e96abaf92f8ad27ceb7bd761ec29:/
2024-02-18 06:35:31 [WECHATBC_MAIN] : @08d40497676fc3cf1f20ccabb25daed100e1cda37363d7033dfb19df1797213e:FyG
2024-02-18 06:35:31 [WECHATBC_MAIN] : @5e8eba8317feac2c22966c05f95cc446a4748da143098f61ccbbe500e2756989:你滴男妈妈
2024-02-18 06:35:31 [WECHATBC_MAIN] : @14dfbf13a8b82ded46843c21146daf832eb1df1f8698e4590639a62154794112:滥情g.
2024-02-18 06:35:31 [WECHATBC_MAIN] : @884d09b758456e4f6a90bc7694a49e52eee001d4fc555e39b1c558292aa1f5c5:顺风
2024-02-18 06:35:31 [WECHATBC_MAIN] : @6ac01a555ab0863ba023ef1248b8c30d86dabc8a78bc88d2d92eae7ced03a830:培
2024-02-18 06:35:31 [WECHATBC_MAIN] : @f198ca88f32acd684a8ff6b3e0e0b74b:电脑那些事儿
2024-02-18 06:35:31 [WECHATBC_MAIN] : @8197edcb5f1bf42ebabf00815ba7efdb265f627efc31aaeb592e6363f0391f0a:安逸
2024-02-18 06:35:31 [WECHATBC_MAIN] : @4733e78634bcd0d99a8d304c9659bafc:腾洲车行
2024-02-18 06:35:31 [WECHATBC_MAIN] : @df5e1d5b803515ff852d33d1d8613242504b9db45435d4ed9eaa10ece924aeea:A_ ZikX.
2024-02-18 06:35:31 [WECHATBC_MAIN] : @80e83a6aa416381c1450aa9bc4b7b0b35bad5acf0144361508d75dfa44b69cce:🥷
2024-02-18 06:35:31 [WECHATBC_MAIN] : @4a81b1b2dd37292216fe651532611041f74cb716e61e239d8859589d75e539d9:只手摘星辰
2024-02-18 06:35:31 [WECHATBC_MAIN] : @5ae79ddecfa671273ceeb258e9232a84236b4f7f7e6533241e36cded2429060b:扬狗爱cc🌬
2024-02-18 06:35:31 [WECHATBC_MAIN] : @1f77d41cc7c6af3602e6f444aefb5af1538c9bcca15e57e6b5518e09b1501e5c:二友照相馆（总店）
2024-02-18 06:35:31 [WECHATBC_MAIN] : @2219f0a2917629684c08028c0c643b18bb8b56a8d529516145004791db3723cc:莹^O^
2024-02-18 06:35:31 [WECHATBC_MAIN] : weixin:微信团队
2024-02-18 06:35:31 [WECHATBC_MAIN] : @6d8c7f6f0a2a00bf3948606858a300322da131e9893068113bc63b1b9feaf567:失忆
2024-02-18 06:35:31 [WECHATBC_MAIN] : @f78390a4b189642760a3dd68c662f412b022b2a8684c98982e83f4a095a23f6e:A春3悠慧多多<span class="emoji emoji1f389"></span>
2024-02-18 06:35:31 [WECHATBC_MAIN] : @bb5417948e41803d740b0815a85a40b4296c0c8ddef75e930bb3de6a757747c7:彭老师
2024-02-18 06:35:31 [WECHATBC_MAIN] : @53d4649da62bcef51802f1e8f18a489c5a698270673ebe673e95c44222ecd988:以至于
2024-02-18 06:35:31 [WECHATBC_MAIN] : @d1242568d9fda2eef76e1dbb2bd51e1641b0bebe64973923ab6399026f411461:江尚
2024-02-18 06:35:31 [WECHATBC_MAIN] : @c6c37e177382a0764dc3c4b76d632461:广东建院消息
2024-02-18 06:35:31 [WECHATBC_MAIN] : @8c589d9d5f353a5210fdd174b955ced7127aba443b421401c72a77b5d5f6c3ba:木讷
2024-02-18 06:35:31 [WECHATBC_MAIN] : @bbaf55d0d002f121c139876cac7e394b:小呆加速器短租
2024-02-18 06:35:31 [WECHATBC_MAIN] : @320d68c55ed6bb895506d0ff359afd40:汕头人社
2024-02-18 06:35:31 [WECHATBC_MAIN] : @679d291960df731375104e254cf1cf07bfc2c9b8eece0b3ff724e0c35dd75637:2z
2024-02-18 06:35:31 [WECHATBC_MAIN] : @8cef0914726f1595d5a0723b66126031:别算科技
2024-02-18 06:35:31 [WECHATBC_MAIN] : @2642feea1e3602c56501600a5ddc928ef0fab36d470a105dedf13258a6f29097:星光
2024-02-18 06:35:31 [WECHATBC_MAIN] : @a1da794254cc93952f5045998091efd29f804d9ca18c3b5e66188c077a90efb1:buo
2024-02-18 06:35:31 [WECHATBC_MAIN] : @e98cbeb0cfd2dd310c3a1f7b8558309885bfe8f1c944ec612c466675d7d3b1b5:广州鑫顺  专做美系单项件
2024-02-18 06:35:31 [WECHATBC_MAIN] : @87dc5ffbe7f80f5d65b7343907755c0d:Su2
2024-02-18 06:35:31 [WECHATBC_MAIN] : @f4c78f839e68a1c7d75620017fd71fd68a7cdb112cdc60cd4d8341a2b67c0dfe:湘橋春漲
2024-02-18 06:35:31 [WECHATBC_MAIN] : @7d2749f4338f444fbddb42fa23221215603479db85edb3d82022e220641dfa8c:木木(丽丽）
2024-02-18 06:35:31 [WECHATBC_MAIN] : @3af3cef0eaa6ae702fd38dcb8c9ee4e7a905afc6088ccd4ed1b31b5dabb5e3a9:沉默的小羊羔子
2024-02-18 06:35:31 [WECHATBC_MAIN] : @b8931399f6fbc8569355b04d954640711f5debc053c67c9ff6805bcf0c849796:远晏
2024-02-18 06:35:31 [WECHATBC_MAIN] : @026f070ee06e439715a72716a74937ae68c6182b0b9ea89068a03b9733ae6ac5:-
2024-02-18 06:35:31 [WECHATBC_MAIN] : @f5f8a4094201f641d59af8621fa67b4d:WPS办公助手
2024-02-18 06:35:31 [WECHATBC_MAIN] : @d1bff8ff5301b75f2b16aa0d9916e48cf915fb41bb913d58814d03d361fa3738:小鹅
2024-02-18 06:35:31 [WECHATBC_MAIN] : @4125a5902fbca0de0e3f0eea712e4f5e10489786dbdef7bb4d944edf78684194:VIP
2024-02-18 06:35:31 [WECHATBC_MAIN] : @9a84c8c5f05f92c59bafc9097c11abd56f93a52cf553ad7264add62e26beda9b:九
2024-02-18 06:35:31 [WECHATBC_MAIN] : @87e47ca84460fe34ec7323f0d360862016ffda6be343980f964c0e0e7972d046:小花
2024-02-18 06:35:31 [WECHATBC_MAIN] : @339ad4e40ac4596b6907346bf430656e:7477游戏
2024-02-18 06:35:31 [WECHATBC_MAIN] : @d350b0999404238913144afb706d26e1cdf9ef34313dca70838b20ea015733ec:p
2024-02-18 06:35:31 [WECHATBC_MAIN] : @83cb28584a27409c88401eac372341f57a7fafca863aa548ca2f7427dc947f91:+🥚
2024-02-18 06:35:31 [WECHATBC_MAIN] : @ef4f2d0634df41b4418357360faf5454b0015d37654e264d925b8726d94a3122:垚
2024-02-18 06:35:31 [WECHATBC_MAIN] : @77aaa224bb2da3899b22c56147951d52bb217ae5ee2948ed034640df667679a0:Peter烁
2024-02-18 06:35:31 [WECHATBC_MAIN] : @b801467a3400ded9571b4e92264e4fa5a40b2df6c7345f2a3eb80ea05da4c68d:Z.
2024-02-18 06:35:31 [WECHATBC_MAIN] : @50115ccc13e182db3125c01e003fff141b3b14dcdd7239e0a51b144c3a29aa33:计划师-可心
2024-02-18 06:35:31 [WECHATBC_MAIN] : @3a656cc77021711f088011c8a8469d0d:互联网品牌官
2024-02-18 06:35:31 [WECHATBC_MAIN] : @0d3442df31349d8849d78d1ae0f0a6a4:憨憨羊
2024-02-18 06:35:31 [WECHATBC_MAIN] : @bd6f117adf4725c3406ff4e32c0c67fc:平颉机械设备13223903675
2024-02-18 06:35:31 [WECHATBC_MAIN] : @b99026f04d12f2f7a4505e7f6560f504:wsice_肆
2024-02-18 06:35:31 [WECHATBC_MAIN] : @eb77fc9d3946aab7f7119c3a6422348efeb6fb5dccb53efe623dd1893d1b9792:福🦆
2024-02-18 06:35:31 [WECHATBC_MAIN] : @0f157b2332d3f6a0d6fe9cce610a5cd170d57d1247779b8f7deb16bf3ca32453:早川秋
2024-02-18 06:35:31 [WECHATBC_MAIN] : @a87c1d99cbfe28a1233cebb007be37435d249715046229c94788ae23cd4faa02:0.2℃
2024-02-18 06:35:31 [WECHATBC_MAIN] : @a27996b108412494ee55048b103e54f5:魂之乐享
2024-02-18 06:35:31 [WECHATBC_MAIN] : @b04d5166876d41931a2ffc06a7acafdd:小李万事屋
2024-02-18 06:35:31 [WECHATBC_MAIN] : @cae32561ab9fccbea6f216c5a5052dbc1959058c9b85c8b95d4b60d1faec9ac5:Yu鱼.
2024-02-18 06:35:31 [WECHATBC_MAIN] : @a7b30234720cf870e89323caa5c817a0442b48d54b56fd0158b83b54dbb06e61:Diss8c豆
2024-02-18 06:35:31 [WECHATBC_MAIN] : @3fa40b634c939ca5e46d2bd961aecafa:辰东
2024-02-18 06:35:31 [WECHATBC_MAIN] : @b1e35fb30b9e9ce8eb241145044a2f1dc3b4cf15029a10798199af46b68c79bd:SuriYan
2024-02-18 06:35:31 [WECHATBC_MAIN] : @72975efff1fcfd6a9279e0500829a5b70d8717c56c7fb3a8718dfa179c39e763:AA - 手机电脑 回收 出售 维修
2024-02-18 06:35:31 [WECHATBC_MAIN] : @8e27f9146866d166e4038a2fcd1779542f41c2659b62b847975a5d341616698d:xzt
2024-02-18 06:35:31 [WECHATBC_MAIN] : @ae327f780a8d00529b660ecef255d968:中国青年志愿者
2024-02-18 06:35:31 [WECHATBC_MAIN] : @ce64257d97c4ba7e9e9cf99ca9142c30d27e3751dabc4c53793c27cf5ab3bac9:Blank077
2024-02-18 06:35:31 [WECHATBC_MAIN] : @ab0be4b31743fe6967d0b0d9aec569f0761f8751220191af32a763be00aa6cee:ㅤ
2024-02-18 06:35:31 [WECHATBC_MAIN] : @b0b45b85102d321f9c54819eb7f976e0:你的生活我的梦想
2024-02-18 06:35:31 [WECHATBC_MAIN] : @76f3304af2b0a77f304a0cfdad4f2737:便利店艺术家
2024-02-18 06:35:31 [WECHATBC_MAIN] : @35f339ec0b12c3a05f09bb5daff1973334f1759beed33a8335cc5cbe8970272b:太白
2024-02-18 06:35:31 [WECHATBC_MAIN] : @73d8536891f29eb51e833095f5995acdf8f235467a1c7b8aeb3be790833c10cb:Aloha
2024-02-18 06:35:31 [WECHATBC_MAIN] : @92f6e73c74a943a5953f1333ea97990b:治愈读白
2024-02-18 06:35:31 [WECHATBC_MAIN] : @6d510bec80ba832611d1a918231dbcf3c12e0f85e3793e0855075b4d91dc96ad:A-河北祝江机床韩冬晓
2024-02-18 06:35:31 [WECHATBC_MAIN] : @c49a99ff9d8a4833347aad3776eb3a5c5a2999373a6f42bfc478d2f1e1e9a166:...
2024-02-18 06:35:31 [WECHATBC_MAIN] : @ed75c9012a74ee0a10b6e70a8d97232cd4e48ba2a304aa599d3d0f73e96f8978:.
2024-02-18 06:35:31 [WECHATBC_MAIN] : @9bc9ab93d8b2b256fd0fcae894f47664c5076a65ec1ea1615d42fe19c679059d:DLx
2024-02-18 06:35:31 [WECHATBC_MAIN] : @ac99434284d35de4b4b327dec2fb111b:琪琪
2024-02-18 06:35:31 [WECHATBC_MAIN] : @5f3705834436bd618389414dd66b25a58a2af8bee4dd9d16a7dc45a35f94abc9:莹^ω^
2024-02-18 06:35:31 [WECHATBC_MAIN] : @@5cc36501c4d611fc2dcaa1dc2c028f499d957e8de94fc884cd3aea91cc47d783:森鶴教堂<span class="emoji emoji26ea"></span>
2024-02-18 06:35:31 [WECHATBC_MAIN] : @6d83318475d6847b5a393e077fc8b8ab8c7d30db32d17eb447cabb6815c3fe66:木川金
2024-02-18 06:35:31 [WECHATBC_MAIN] : @336a81d965ae7fce5f818485e7f71bd9:抠鼻子Kobez
2024-02-18 06:35:31 [WECHATBC_MAIN] : @281c7957bbd90107033b671d1a8c4c099b2e5579977ec4bc5bb6a3ab10977566:AT
2024-02-18 06:35:31 [WECHATBC_MAIN] : @a7c1d03f34c5741c5930363fdc07906f16da808260eeb78f8b9715bac6f7099a:微笑的高圆圆
2024-02-18 06:35:31 [WECHATBC_MAIN] : @d2856266859260823271b7982c5f1693a90dc19b24a70213909a1c6f0c25e61d:拉勾为什么要上吊
2024-02-18 06:35:31 [WECHATBC_MAIN] : @74931e089b7ea5312cc3bb141173e4f10504e5bd6bf893fbb5990636135fa023:利
2024-02-18 06:35:31 [WECHATBC_MAIN] : @ee034db3d03aef13e413ac8553a08812c6a41d8432d0961df7bca55f07f6b5ee:好运常在
2024-02-18 06:35:31 [WECHATBC_MAIN] : @85906fac8d9a97e6b1946aba86c6795e:极简博客2022
2024-02-18 06:35:31 [WECHATBC_MAIN] : @3d0141a3ba96e8935fd0b5afa9140060:宅猪
2024-02-18 06:35:31 [WECHATBC_MAIN] : @128430ac209ed0545d61fa933622e761:GoLink加速器
2024-02-18 06:35:31 [WECHATBC_MAIN] : @41bb5fdbe993740e3c1883c06209854c7c1d314299153297835bbe2d489faa86:无所谓
2024-02-18 06:35:31 [WECHATBC_MAIN] : @f75f3d63c65afeac7c6d1d2a26a48fe80b2b6926349f537e3684bd4b07d5fb6f:22
2024-02-18 06:35:31 [WECHATBC_MAIN] : @7bd1b6b4a3b223dec3842bbd5e48f17001794edba9e8db1eb51f244cfd2b909e:月<span class="emoji emoji1f377"></span>
2024-02-18 06:35:31 [WECHATBC_MAIN] : @4f4bcb1c950ddc590c33a9d9ecb6e25b987f5c01b208101c6c8d9b5296313e21:香奈儿<span class="emoji emoji1f42d"></span>
2024-02-18 06:35:31 [WECHATBC_MAIN] : @812755e1f3cb8b936ab2349ec44ed59d5c54fa35c6c9a791079dfb8f12f2039f:Rime
2024-02-18 06:35:31 [WECHATBC_MAIN] : @51b37ee2bb3edd507cb2175263a8eaf13d3628b6ca1d4e3e7d3a0e6e3cd23017:Mog.
2024-02-18 06:35:31 [WECHATBC_MAIN] : @744d01b4b39f34e3f7aad070e6db7c41:拼多多
2024-02-18 06:35:31 [WECHATBC_MAIN] : @46ee3f7aba81654820bfa082cfcc55f5c67bc2cfef1176aba476b0ca00271c71:羊妹妹. 💭
2024-02-18 06:35:31 [WECHATBC_MAIN] : @f48767dae4c1213f425c5483da34148f865012ccd628287935e2e108d96f9115:祈
2024-02-18 06:35:31 [WECHATBC_MAIN] : @df5f74d35916404aac86cd40515094b78ec344c25556aad35fa62cb5c09addb3:JW<span class="emoji emoji1f42f"></span>
2024-02-18 06:35:31 [WECHATBC_MAIN] : @3470f719fc7a6057e96bdcfc8277b57e:沐沐热喵
2024-02-18 06:35:31 [WECHATBC_MAIN] : @3b9e48539f56eaef03dde51ec703ae225794b7ebefdeb25aa13c8abea887b214:卡哇伊
2024-02-18 06:35:31 [WECHATBC_MAIN] : @07d533862eb5f6aba8cef154c41cb26fe2ccbf8c8ed202872cf1e301a1516c28:泽玲
2024-02-18 06:35:31 [WECHATBC_MAIN] : @9b79a1d84c50adf73f5884e6e72f6af23540c11a79da66d6cd07ad2906aea2c8:陆景桓
2024-02-18 06:35:31 [WECHATBC_MAIN] : @64e716b222db7298edf2073d774fccb904b54bc482dcc8cf29bf09117397ffaf:欣妍
2024-02-18 06:35:31 [WECHATBC_MAIN] : @621ccb2fa2c18e35f7ae12c668c52cb5:外卖有多少
2024-02-18 06:35:31 [WECHATBC_MAIN] : @24e7392b343aed7b537df520aa2adf5818c2012ad7b1f243bf5ba7614b23f4b2:C.
2024-02-18 06:35:31 [WECHATBC_MAIN] : @c6343200834a7eb5d45babbde86b791cc2513ed36e4cbe43d5104d1f7e0c1879:樱桃🍒
2024-02-18 06:35:31 [WECHATBC_MAIN] : @9c3256ef9d1b23376cf4f12c40bec436:奇妙加速器
2024-02-18 06:35:31 [WECHATBC_MAIN] : @8c24d8ae4a20efe3569f61fc698ade0070e788280b146af1f16c44721f54658a:FLIPPED
2024-02-18 06:35:31 [WECHATBC_MAIN] : @3b53550e6dd0995a3256918819b06deaab69b3c97c2d0b93aeba2f7849dd9610:Rebirth
2024-02-18 06:35:31 [WECHATBC_MAIN] : @7d30b00d6936cabb83546f9d4eb1b2602fbe8b553e32fe694c1c72294677b6cd:两英微帮信息推广网1
2024-02-18 06:35:31 [WECHATBC_MAIN] : @004062469902f4150802793b67e579c487b5bb93a663df2cc87f8a9945df96d4:觅雪班导
2024-02-18 06:35:31 [WECHATBC_MAIN] : @0a4bee1970a18d5ea57500ad961e6dde:易博通eSender
2024-02-18 06:35:31 [WECHATBC_MAIN] : @aa5a2a07b774d5d41d9ed67f46d9a76ec690f7ad57c6805596a7e0b02029843e:美宜佳
2024-02-18 06:35:31 [WECHATBC_MAIN] : @c86927d88df2883f94823de51389a428:小木生活观
2024-02-18 06:35:31 [WECHATBC_MAIN] : @1c08b7e55ba7c11ed43a942a0a6f2470c1d6371838d4bc402914331b04774986:はたけカカシ²⁰¹⁸₀₉₁₅
2024-02-18 06:35:31 [WECHATBC_MAIN] : @44f13f65ca015b68535d9f44f70a8510bc133cde33975231024064fce40fdde8:Z.🧸
2024-02-18 06:35:31 [WECHATBC_MAIN] : @bfb548254d09dd652fbd770a154acbccb5ed3d2997b1d27ff4cf0546493d9533:AIm.
2024-02-18 06:35:31 [WECHATBC_MAIN] : @14d6a5e553136510700fd0050ffcbf989241e5c392e3602c7e4f72ee420c1440:Charih 🍤
2024-02-18 06:35:31 [WECHATBC_MAIN] : @c6d3a101fed02bbacdbbebf3b957f2a7d33acfec2d54ef494c56995906ebdcec:H
2024-02-18 06:35:31 [WECHATBC_MAIN] : @73dc114f07ef97c5a26484668ff2659b29bcb066f3c15cc2a3f3ef9de51011dc:干净
2024-02-18 06:35:31 [WECHATBC_MAIN] : @15396e7abff0152101c48b69c5f39b1c:加一电影
2024-02-18 06:35:31 [WECHATBC_MAIN] : @5a6eb131f1e095362966da49cca2d4158d02e6fdf5da5a54c14fd3bcb9696b44:若瞳君子
2024-02-18 06:35:31 [WECHATBC_MAIN] : @b0670cbf2717d1724ef145aafabc4fcfc281053c2dff090b6f3cd370320a5208:Sam
2024-02-18 06:35:31 [WECHATBC_MAIN] : @a401091ebd1484d613204c60a52da9e0bafe19a3e6aa97963094318357f07723:怎么取一个正常点的名字
2024-02-18 06:35:31 [WECHATBC_MAIN] : @4d643426dce0b4dbe777205b446bfdd6be6785c12a38fe964f9431529583bef6:.ayu
2024-02-18 06:35:31 [WECHATBC_MAIN] : @4a94bc41cc015263f7472e830c0ccd97:CG游麟网
2024-02-18 06:35:31 [WECHATBC_MAIN] : @032d1e8838f4a86323d722b1d1338f6ef7423dd048248263431a2c8132bd8aef:🧐
2024-02-18 06:35:31 [WECHATBC_MAIN] : @95abc37e2dea22ea9e99e28dab4bd96dc54447a1dfeb72284c17bc49d0415067:1
2024-02-18 06:35:31 [WECHATBC_MAIN] : @5f2e3a3f886fdaf9adb69e81db563ee3:热门精彩阅读
2024-02-18 06:35:31 [WECHATBC_MAIN] : @5485d3ce475ce3cfac3e7ffe8042043df440ec08be432aeee1e9df5a21374eda:Boy。
2024-02-18 06:35:31 [WECHATBC_MAIN] : @222e1c3a0414aed0a2e3f10efada6e5d:腾讯成长守护
2024-02-18 06:35:31 [WECHATBC_MAIN] : @c188c95ddcb5d3b05dce6011ac7128f4:特摄驿站
2024-02-18 06:35:31 [WECHATBC_MAIN] : @323b2a22c226f40524c297d4516c1918b811dcea4c4beecedf2876429e6fc614:鱼七七
2024-02-18 06:35:31 [WECHATBC_MAIN] : @df23f6d1eb00460ae0fcd909ead17b0a:小智LOGO
2024-02-18 06:35:31 [WECHATBC_MAIN] : @d42403955cc097833cb16f48e7b7411b:鲁班大叔
2024-02-18 06:35:31 [WECHATBC_MAIN] : @053f62711a80ab7060e37d8ab9111a1b:熊猫加速器
2024-02-18 06:35:31 [WECHATBC_MAIN] : @4a40b30a4e23934149e21da0d57bf5cd:黑料BOOM
2024-02-18 06:35:31 [WECHATBC_MAIN] : @95ee63f9e0853bc132f5cef8a4f6d7c5c26085e968335e8d64d0844636d01ea9:Solitude.
2024-02-18 06:35:31 [WECHATBC_MAIN] : @eec2a7c40a689cca5961c040dde1d0b931a34cdf117ec93a10466ed3c10a4757:橘ne
2024-02-18 06:35:31 [WECHATBC_MAIN] : @b0f41edbf1abe495b79faa71472e3cb6d65375c01a0ec87610a52b29eeb26e8f:曦热
2024-02-18 06:35:31 [WECHATBC_MAIN] : @eba1c6b0564be02778958e4ea5dcc652:Joker.
2024-02-18 06:35:31 [WECHATBC_MAIN] : @4415fa97052b8f3223664e271f22553e21e088562c9eed43560f0e0eba0ea4b3:今天想我了嘛.
2024-02-18 06:35:31 [WECHATBC_MAIN] : @614a3f784c89cbab6536f3bfc5cd8cacd9fe7779d8920b328cf4ab1af4dfdca5:Nachanka
2024-02-18 06:35:31 [WECHATBC_MAIN] : @e39a836d8615dc4f594ee62693768ccd056fc436e85e1172219a189419d461af:<span class="emoji emoji1f361"></span><span class="emoji emoji1f361"></span>
2024-02-18 06:35:31 [WECHATBC_MAIN] : @50808e4187bcd6a229e95dc830b9c11a6dc07e397bd35170a31427043cf08c29:Jammer
2024-02-18 06:35:31 [WECHATBC_MAIN] : @697e8a8cd41c404693718d65d34e80c114f519826740e0321e26a80dc495b8c6:sun
2024-02-18 06:35:31 [WECHATBC_MAIN] : @e493a1e09fc8723e32a830e9b1ba31ef:网易UU加速器
2024-02-18 06:35:31 [WECHATBC_MAIN] : @92fcf27bcd4ca3ebe0a8ed55d8523ed84e78d618c66d49615d70e0abc12a64fd:董不懂
2024-02-18 06:35:31 [WECHATBC_MAIN] : @6326fb8f2d481d890d4991368a70fe99:电手
2024-02-18 06:35:31 [WECHATBC_MAIN] : @33ab64df6ae777fcaf3703fd60d0a9e1596e5f68b1d51374e378c1a2108e7bc4:LIN_HH
2024-02-18 06:35:31 [WECHATBC_MAIN] : @784eaa15529eefdda00d5e976c3f7b1e:浮秀
2024-02-18 06:35:31 [WECHATBC_MAIN] : @2572a7e3b8c77446fa4d9dec4b1cd07b:异次元APP软件
2024-02-18 06:35:31 [WECHATBC_MAIN] : @00d8516400cb97ac2482820813e19edf:志愿者
2024-02-18 06:35:31 [WECHATBC_MAIN] : @2080390a5c27d5a7dc2e8f01b95bf67d:超人
2024-02-18 06:35:31 [WECHATBC_MAIN] : @f1dffa8e41aea9ed4e7e58c28042e4f2:源码阅读网
2024-02-18 06:35:31 [WECHATBC_MAIN] : @644c395778d8c6d1a560b5241716f46f:耳根
2024-02-18 06:35:31 [WECHATBC_MAIN] : @1979e1318b496323419a5ccf8b3918adc822764e2aa1f56f0ad023f86a20a334:木迁
2024-02-18 06:35:31 [WECHATBC_MAIN] : @7435203a7a2163842701bb9eed77b90bbab3635f712f3c3a739d712c6fc1b0d9:譚咏麟
2024-02-18 06:35:31 [WECHATBC_MAIN] : @aba61a6f27a9a5071bf9d86be841aebb:i志愿
2024-02-18 06:35:31 [WECHATBC_MAIN] : @c0467875d588f778178993180bf9d476a2da002e2740e7134444b69ec771b47f:王德发
2024-02-18 06:35:31 [WECHATBC_MAIN] : @ad6709ae899d3ed729cf450fe243e500cc7063e89425169f6634d3f9fad2ce55:北
2024-02-18 06:35:31 [WECHATBC_MAIN] : @cec1cb198039be27df6752bafd453555:韦一同说
2024-02-18 06:35:31 [WECHATBC_MAIN] : @3c64242f17899c7843079c1487441bcb:吃货特权卡
2024-02-18 06:35:31 [WECHATBC_MAIN] : @9aa19acf84d79b88b7eb75290c6c51fe87864bef8cff2cd686882a7efdfe8bfa:-
2024-02-18 06:35:31 [WECHATBC_MAIN] : @bcaef83127de79c653e97a2c40c82a69613021ebc6740d1d880e06d19ba0ca5c:₀₃.
2024-02-18 06:35:31 [WECHATBC_MAIN] : @81e60ee50f33171404e065a73558669deb58d90ff87601657d8ea7bfefd4dd97:要好好吃饭
2024-02-18 06:35:31 [WECHATBC_MAIN] : @1606c0401eb5e44da4644f10a56bc55773e12a34d39115da2931204ce7cf3143:qi
2024-02-18 06:35:31 [WECHATBC_MAIN] : @265f21356ac09106e709ddb49424ba7665328c0a0f3d9000427d55ef8eeca0fd:光星网咖 (营业中）
2024-02-18 06:35:31 [WECHATBC_MAIN] : @66290b8c1490af4dacc3b256decf94450f6ff18b736649bad93875c16d6d9d61:韓
2024-02-18 06:35:31 [WECHATBC_MAIN] : @92396c1fea25f4d5d8914bf1a7e8bb921f13481ca96c41db3e5dcbd6efc44b03:借我一秒钟
2024-02-18 06:35:31 [WECHATBC_MAIN] : @20f1e40db4f2c51d8f098d1af891ab633351eb8ecedbcb116e65ffde6a38fe1e:hor1z0n
2024-02-18 06:35:31 [WECHATBC_MAIN] : @b2c554b34f79b05b99d605528b5d877dc40bc14b0e35e52ead0da1858df99851:大海我的故乡
2024-02-18 06:35:31 [WECHATBC_MAIN] : @e8a6c071e6314f9d326411ee48fdf58a:中职生
2024-02-18 06:35:31 [WECHATBC_MAIN] : @6f0c9b7efd0abf6299a8840f5c65b26204a1f8ae06ae743b66c0ea89b255c406:H
2024-02-18 06:35:31 [WECHATBC_MAIN] : @58f97aec494852f47e95d9340a007ed9:海豚网游加速器
2024-02-18 06:35:31 [WECHATBC_MAIN] : @8343b9d13134f61394cd465f1f2198fe160db3cc687c108ca1e2e40f79b0933b:<span class="emoji emoji1f6b9"></span>
2024-02-18 06:35:31 [WECHATBC_MAIN] : @9818a133fc488d0bc3e387d2af0fd6d5eadba084591d1c3ca799b367644766a0:A 中联电讯   郑灿伟
2024-02-18 06:35:31 [WECHATBC_MAIN] : @e8280a3b3704ca8194b59d185906f0f4:php中文网教程
2024-02-18 06:35:31 [WECHATBC_MAIN] : @4e3b422e8947085b0f46b9a11ad06a09:广东中职菌
2024-02-18 06:35:31 [WECHATBC_MAIN] : @4749fa278e2f8de6699d4bdd443e99c986aa300ce86d53b1b33e04f235b3b5c6: 繁華若夢
2024-02-18 06:35:31 [WECHATBC_MAIN] : @2d813af1c9eaf9b2e260a97e80fb70c260f03f81b420fa79b3a156a0a0515a9c:远
2024-02-18 06:35:31 [WECHATBC_MAIN] : @a050ae228a9e4ae981c218f69721c9744feaed9f384e62e313b55bc154633efc:Ljh🤩
2024-02-18 06:35:31 [WECHATBC_MAIN] : @b64b041cefd83ee2dfc2728841cad7f76f259aaee3b3226011995c06480f0aa7:标顶洞人🌝
2024-02-18 06:35:31 [WECHATBC_MAIN] : @df3e0b9098f6d40acf560eb1c24f5313b5417a2ec90a41bcefade267d13a89d7:群管理
2024-02-18 06:35:31 [WECHATBC_MAIN] : @444361a00c7b76aeb7a373ace021e454:转转
2024-02-18 06:35:31 [WECHATBC_MAIN] : @f3c287540f5dd094e2974979fefaa011de7f845ff6d18cfb8bbf0ce90563f139:.
2024-02-18 06:35:31 [WECHATBC_MAIN] : @b5689613c4b35a58695ccf134e2c0a33:特摄资源共享
2024-02-18 06:35:31 [WECHATBC_MAIN] : @b348b3baa1167fb626c22b4a4391efcd902d1c2b4ab416a4c077ddeeeb30d290:晚风
2024-02-18 06:35:31 [WECHATBC_MAIN] : @783de191c041552571b541cf70d8caa11353cc5fc2579036dd617afbfcce1407:ღ火炎焱燚ꦼ
2024-02-18 06:35:31 [WECHATBC_MAIN] : @a0fa6b4ce247dd161ee18aacb4a1fc0b1e395652b14e36cf4912ac6a939ee2fd:榴莲
2024-02-18 06:35:31 [WECHATBC_MAIN] : @f9a9d2920025816b7066eff37310729b:该账号已注销
2024-02-18 06:35:31 [WECHATBC_MAIN] : @cd4d7b7a233b4b00eb77db1cbf53b7927a76b6a7bf7295126d528be4ea8e6b53:碎星辰<span class="emoji emoji1f1e81f1f3"></span>
2024-02-18 06:35:31 [WECHATBC_MAIN] : @f1fdd2c98fd832adfc2717a787a34f6b89431e1e17d5b108eb8239b90ad1e87d:xh
2024-02-18 06:35:31 [WECHATBC_MAIN] : @4d2a360cd6c686f8898aa9ecbe49db5737fd82a4918f0b0a850467cb5eaf49c8:Huan
2024-02-18 06:35:31 [WECHATBC_MAIN] : @4d5a9768584f714d4597c58b3e38c6efd56673ff060d16bbc0ce757061f9601a:NOBODYLIKESME
2024-02-18 06:35:31 [WECHATBC_MAIN] : @58bf51285a48c61c0ad22b81160c5edc88bbad003c6d936446949ee8b0b4f00c:G
2024-02-18 06:35:31 [WECHATBC_MAIN] : @fd80c959de9f109160a865ff0da78999c214b21c5896949721c59dc21ccaa5c3:汉英
2024-02-18 06:35:31 [WECHATBC_MAIN] : @75940e33b72ecec497332becf8460718:余熙小灶
2024-02-18 06:35:31 [WECHATBC_MAIN] : @e08644cb4786eaae1918b2b943c09ee895113ebf079cd927fa5e8be2857bcd03:<span class="emoji emoji1f525"></span>
2024-02-18 06:35:31 [WECHATBC_MAIN] : @14e4f1b3af9af2d740abcee316d89797:酷猫电竞网咖联盟
2024-02-18 06:35:31 [WECHATBC_MAIN] : @9d145aee8741709cb31edaf11994452bda107b2c3e0098aa2e348a2f3dced903:SOYU
2024-02-18 06:35:31 [WECHATBC_MAIN] : @034554d4abe496ad7ac3dfc52ba3dacf6707817da6a2f2c60460760cfe2f2660:BLUE
2024-02-18 06:35:31 [WECHATBC_MAIN] : @319f52823cd83c13f249ce2f7a7344fa90edb274f2f1040e139cb04c1b9d73b9:笙歌十里
2024-02-18 06:35:31 [WECHATBC_MAIN] : @@e2ed802ee672b54f4328b8bfd3f3919ad63aa47db8df4a6f915e662c782e3f0a:z,广州鑫顺  专做美系单项件,zzzsh
2024-02-18 06:35:31 [WECHATBC_MAIN] : @fe220c5f5b704992b3832823fef2e2d1:泡泡加速器
2024-02-18 06:35:31 [WECHATBC_MAIN] : @9a5d5af5425e0c0ded993281723a08a5729c9dcc0c493a61bc108ac2774fe7e1:AOO࿐努尔 诚信经营 花呗金融
2024-02-18 06:35:31 [WECHATBC_MAIN] : @8eabb8ab4cbda925285951b03869a8938f9cd2cf64c600f25b396a219f54c42d:威廉
2024-02-18 06:35:31 [WECHATBC_MAIN] : @86f409f5b2940332a00c3d9dfba64ece:蒸汽游戏
2024-02-18 06:35:31 [WECHATBC_MAIN] : @1ae523a66d23f7f7293d15a50e62347a5163f97cd253a62fad631596448226a1:意粥.edu
2024-02-18 06:35:31 [WECHATBC_MAIN] : @be0179805ff91334fb1db234473d7bdcb3b6d4505341bdc1f3fe71c3cc118ee3:  
2024-02-18 06:35:31 [WECHATBC_MAIN] : @937593bd2ab6d8dc915b11627525a8a3:布晴LIVEHOUSE酒吧
2024-02-18 06:35:31 [WECHATBC_MAIN] : @b0a5f46c56d5a4d30aae5a250be5a79b57a49fdbd83a4b5c98e9821478ac32ea:杰
2024-02-18 06:35:31 [WECHATBC_MAIN] : @96541e919275bbbb74790e5952fc5903:情侣CP
2024-02-18 06:35:31 [WECHATBC_MAIN] : @1dae08c1f6603e5d9f09da62123cee81526d2acb7062d8b3798484bcd257682f:【千浔】Ms.傅
2024-02-18 06:35:31 [WECHATBC_MAIN] : @1c4fea35a86724259f940a072340aad5:天蚕土豆
2024-02-18 06:35:32 [CommandManager] : 注册了指令 setu
2024-02-18 06:35:32 [plugin-loader] : 载入了 1 个插件
2024-02-18 06:35:32 [WECHATBC_MAIN] : 启动控制台...
2024-02-18 06:35:32 [WECHATBC_MAIN] : Message(msgId=8114066617559565095, fromUserName=@1393f4d45c6855280f3d080eee18a3d3122e760a11088c4e506165d76814f3a0, toUserName=@1393f4d45c6855280f3d080eee18a3d3122e760a11088c4e506165d76814f3a0, msgType=TextMsg, content=, status=3, imgStatus=1, createTime=1708209331, voiceLength=0, playLength=0, fileName=, fileSize=, mediaId=, url=, appMsgType=0, statusNotifyCode=11, statusNotifyUserName=, recommendInfo=RecommendInfo(userName=, nickName=, qqNum=0, province=, city=, content=, signature=, alias=, scene=0, verifyFlag=0, attrStatus=0, sex=0, ticket=, opCode=0), forwardFlag=0, appInfo=AppInfo(appId=, type=0), hasProductId=0, ticket=, imgHeight=0, imgWidth=0, subMsgType=0, newMsgId=8114066617559565095, oriContent=, encryFileName=)
2024-02-18 06:35:32 [SYNC-CHECK] : [msg type] TextMsg
2024-02-18 06:35:32 [SYNC-CHECK] : z>z : 
2024-02-18 06:35:40 [WECHATBC_MAIN] : Message(msgId=246667103778782850, fromUserName=@@e2ed802ee672b54f4328b8bfd3f3919ad63aa47db8df4a6f915e662c782e3f0a, toUserName=@1393f4d45c6855280f3d080eee18a3d3122e760a11088c4e506165d76814f3a0, msgType=TextMsg, content=/setu size 48, status=3, imgStatus=1, createTime=1708209339, voiceLength=0, playLength=0, fileName=, fileSize=, mediaId=, url=, appMsgType=0, statusNotifyCode=0, statusNotifyUserName=, recommendInfo=RecommendInfo(userName=, nickName=, qqNum=0, province=, city=, content=, signature=, alias=, scene=0, verifyFlag=0, attrStatus=0, sex=0, ticket=, opCode=0), forwardFlag=0, appInfo=AppInfo(appId=, type=0), hasProductId=0, ticket=, imgHeight=0, imgWidth=0, subMsgType=0, newMsgId=246667103778782850, oriContent=, encryFileName=)
2024-02-18 06:35:40 [SYNC-CHECK] : [msg type] TextMsg
2024-02-18 06:35:40 [SYNC-CHECK] : z,广州鑫顺  专做美系单项件,zzzsh>z : /setu size 48
2024-02-18 06:35:47 [CommandManager] : [色图插件] 已更改选项 sizeopt=55
2024-02-18 06:36:25 [WECHATBC_MAIN] : Message(msgId=5104397437586908632, fromUserName=@@e2ed802ee672b54f4328b8bfd3f3919ad63aa47db8df4a6f915e662c782e3f0a, toUserName=@1393f4d45c6855280f3d080eee18a3d3122e760a11088c4e506165d76814f3a0, msgType=TextMsg, content=@广州鑫顺  专做美系单项件 睡了没, status=3, imgStatus=1, createTime=1708209384, voiceLength=0, playLength=0, fileName=, fileSize=, mediaId=, url=, appMsgType=0, statusNotifyCode=0, statusNotifyUserName=, recommendInfo=RecommendInfo(userName=, nickName=, qqNum=0, province=, city=, content=, signature=, alias=, scene=0, verifyFlag=0, attrStatus=0, sex=0, ticket=, opCode=0), forwardFlag=0, appInfo=AppInfo(appId=, type=0), hasProductId=0, ticket=, imgHeight=0, imgWidth=0, subMsgType=0, newMsgId=5104397437586908632, oriContent=, encryFileName=)
2024-02-18 06:36:25 [SYNC-CHECK] : [msg type] TextMsg
2024-02-18 06:36:25 [SYNC-CHECK] : z,广州鑫顺  专做美系单项件,zzzsh>z : @广州鑫顺  专做美系单项件 睡了没
2024-02-18 06:36:28 [WECHATBC_MAIN] : Message(msgId=8910626171094300042, fromUserName=@@e2ed802ee672b54f4328b8bfd3f3919ad63aa47db8df4a6f915e662c782e3f0a, toUserName=@1393f4d45c6855280f3d080eee18a3d3122e760a11088c4e506165d76814f3a0, msgType=TextMsg, content=帮我下, status=3, imgStatus=1, createTime=1708209388, voiceLength=0, playLength=0, fileName=, fileSize=, mediaId=, url=, appMsgType=0, statusNotifyCode=0, statusNotifyUserName=, recommendInfo=RecommendInfo(userName=, nickName=, qqNum=0, province=, city=, content=, signature=, alias=, scene=0, verifyFlag=0, attrStatus=0, sex=0, ticket=, opCode=0), forwardFlag=0, appInfo=AppInfo(appId=, type=0), hasProductId=0, ticket=, imgHeight=0, imgWidth=0, subMsgType=0, newMsgId=8910626171094300042, oriContent=, encryFileName=)
2024-02-18 06:36:28 [SYNC-CHECK] : [msg type] TextMsg
2024-02-18 06:36:28 [SYNC-CHECK] : z,广州鑫顺  专做美系单项件,zzzsh>z : 帮我下
