[21:31:55] [WECHATBC_MAIN/INFO]: 已扫描二维码，请确认登陆
[21:32:07] [WECHATBC_MAIN/INFO]: 已确认登陆
[21:32:08] [WECHATBC_MAIN/INFO]: 已取得登录信息:
[21:32:08] [WECHATBC_MAIN/INFO]: BaseRequest(uin=281175185, sid=LuducQrPt03KPMXQ, skey=@crypt_c1a555a6_089735ff9e5bf904642ae1ef006778c3, deviceId=e985878383116838, dataTicket=gSd4m6OILxMUUw2ezvY3PoxA, passTicket=mOm7LHaWLko%2FMkzybvm0yeq0eCiP30MbtGR569AHEVtpj%2FXMjCJQxHXpD0sFuuLnFRxf%2BpDW6yXPd%2Ftg3MfaXw%3D%3D, authTicket=CIsBEKbHuv4EGoABIORA0kd4mXQxOf+3nneXq9w9xx1lbpKOD1Eoo/dbogUZkz7tQ2/vqRrUxWaBgbQR9FlDH/g0KlxS8Dq+7NKbj524H8wB1omfJmzPpH9YcClVdBm7YXdvnLsMkGe/gKIohP7l1DUdN6+e6dVJGKuZ1aIFOdT4EwiPkmJ/wX0/OWE=, initCookie=[wxuin=281175185; expires=Wed, 14 Feb 2024 01:32:06 GMT; domain=wx2.qq.com; path=/; secure, wxsid=LuducQrPt03KPMXQ; expires=Wed, 14 Feb 2024 01:32:06 GMT; domain=wx2.qq.com; path=/; secure, wxloadtime=1707831126; expires=Wed, 14 Feb 2024 01:32:06 GMT; domain=wx2.qq.com; path=/; secure, mm_lang=zh_CN; expires=Wed, 14 Feb 2024 01:32:06 GMT; domain=wx2.qq.com; path=/; secure, wxuin=281175185; expires=Wed, 14 Feb 2024 01:32:06 GMT; domain=qq.com; path=/; secure, webwx_data_ticket=gSd4m6OILxMUUw2ezvY3PoxA; expires=Wed, 14 Feb 2024 01:32:06 GMT; domain=qq.com; path=/; secure, webwxuvid=b0c1512a3960be8895dbe4551510255d030608aca98c4618c8254feae63cfa8f701b0b0302915fab0add631783fceaa5; expires=Fri, 10 Feb 2034 13:32:06 GMT; domain=wx2.qq.com; path=/; secure, webwx_auth_ticket=CIsBEKbHuv4EGoABIORA0kd4mXQxOf+3nneXq9w9xx1lbpKOD1Eoo/dbogUZkz7tQ2/vqRrUxWaBgbQR9FlDH/g0KlxS8Dq+7NKbj524H8wB1omfJmzPpH9YcClVdBm7YXdvnLsMkGe/gKIohP7l1DUdN6+e6dVJGKuZ1aIFOdT4EwiPkmJ/wX0/OWE=; expires=Fri, 10 Feb 2034 13:32:06 GMT; domain=wx2.qq.com; path=/; secure])
[21:32:09] [WECHATBC_MAIN/INFO]: 已初始化微信信息:
[21:32:09] [WECHATBC_MAIN/INFO]: 用户信息:
[21:32:09] [WECHATBC_MAIN/INFO]: Contact(uin=281175185, userName=@f2a8e9dad3bb9c45359f985ce4f69ca51729673316e0cdb520cfeac2b1b5380c, nickName=z, headImgUrl=/cgi-bin/mmwebwx-bin/webwxgeticon?seq=1079418913&username=@f2a8e9dad3bb9c45359f985ce4f69ca51729673316e0cdb520cfeac2b1b5380c&skey=@crypt_c1a555a6_089735ff9e5bf904642ae1ef006778c3, contactFlag=0, memberCount=0, memberList=null, remarkName=, hideInputBarFlag=0, sex=1, signature=已换微信 meteor1913103, verifyFlag=0, ownerUin=0, pyInitial=, pyQuanPin=, remarkPYInitial=, remarkPYQuanPin=, starFriend=0, appAccountFlag=0, statues=0, attrStatus=0, province=null, city=null, alias=null, snsFlag=257, uniFriend=0, displayName=null, chatRoomId=0, keyWord=null, encryChatRoomId=null, isOwner=0)
[21:32:11] [WECHATBC_MAIN/INFO]: 联系人列表数量: 314
[21:32:11] [WECHATBC_MAIN/INFO]: @5224e2a5aecdc5503e935b9aa3f9f958:耳根
[21:32:11] [WECHATBC_MAIN/INFO]: @2c44593e60db1c9b3f1cd85787f0d6dc:Su2
[21:32:11] [WECHATBC_MAIN/INFO]: @acd346e0e2f3c41532fbda31705b8cc40b36f6d7ee34e129aa828180566c9a0b:熊大
[21:32:11] [WECHATBC_MAIN/INFO]: @4cd6ff1badc8c0ec10d1da48b797089a:辰东
[21:32:11] [WECHATBC_MAIN/INFO]: @df45bfabb963eb038fbbf844f053ff0e:中国移动10086
[21:32:11] [WECHATBC_MAIN/INFO]: @5dec6eac486b3269b5accc7fc87772e36441b74c1089821d23d715670d11e19c:Sleeeeping
[21:32:11] [WECHATBC_MAIN/INFO]: @5ad40a2da6e49b0ba1043d1610dc684c7e3f1485442b36a5cf914fe9b22435f9:D。
[21:32:11] [WECHATBC_MAIN/INFO]: @db971f38afb2865ed7972969cdf39b71:Joker.
[21:32:11] [WECHATBC_MAIN/INFO]: @7ebe4b6eb63dd73344446b4eb573fb02:广东建院
[21:32:11] [WECHATBC_MAIN/INFO]: @f492c9017b35906f9c245d7199c5856c:浮秀
[21:32:11] [WECHATBC_MAIN/INFO]: @4a497944f7842731894ec2484fd7e3eb:7477游戏
[21:32:11] [WECHATBC_MAIN/INFO]: @9d78f33012ffd10698012111ea783d23:php中文网教程
[21:32:11] [WECHATBC_MAIN/INFO]: @a276f986d64aed9d982cc2a54e849c905797251b36379a00b4863751625add97:Oneone
[21:32:11] [WECHATBC_MAIN/INFO]: @62730c4d72e664113aa895b2ff0bbd8e9abfdcbecbcdfc34aa02029aa485578a:！
[21:32:11] [WECHATBC_MAIN/INFO]: @b20d2248cd99df3a1613d2a3365b62af08fbf781bd440ebf1252172c83e819f2:鱼莱新鲜小超市
[21:32:11] [WECHATBC_MAIN/INFO]: @30e390b759234e515cd06fa17a637904:腾讯成长守护
[21:32:11] [WECHATBC_MAIN/INFO]: @9b7911fd3873d9caf6383f23a835747e41dca01f601fc8ddb5f9101a88dd3c34:大海我的故乡
[21:32:11] [WECHATBC_MAIN/INFO]: @d6a85646538c89f05442f48b921ce7f2:CG游麟网
[21:32:11] [WECHATBC_MAIN/INFO]: @0c3f6a9620b53d717419467e3efa59d0:极简博客2022
[21:32:11] [WECHATBC_MAIN/INFO]: @d8775ece57b69f40c1534988d94a84cc:外卖券摸摸所
[21:32:11] [WECHATBC_MAIN/INFO]: @6340f48cee04233d734743552f23706b80930da7808f90502019110cb3a60941:<span class="emoji emoji1f6b9"></span>
[21:32:11] [WECHATBC_MAIN/INFO]: @8ef19d8e9f315072b2c10185b88e819e8f2f1145747f4e1569493631b006f8a1:岁月无声
[21:32:11] [WECHATBC_MAIN/INFO]: @33e39d6a9be2db3eb4cd987cc099070b5fec5bf2cd5e87cb4b2769c23f81882b: 繁華若夢
[21:32:11] [WECHATBC_MAIN/INFO]: @7b1d588ff78ae8bb92fefb6337018f41313c6c0ce61c3ed9f6bdb5e7446f67d8:汉英
[21:32:11] [WECHATBC_MAIN/INFO]: @1a94c8679d65a951f32a2e9cd78ce5b67de87d3edda5ad372c3bcc908e6f49d7:莹^O^
[21:32:11] [WECHATBC_MAIN/INFO]: @973f9c9c914add0aff8bcea30305db97:WPS办公助手
[21:32:11] [WECHATBC_MAIN/INFO]: @b2ebe70f8ec2e94e58b3618b23b19c9fb9e7fc73e59de38c44db57adc35b6cd5:XOYUFI
[21:32:11] [WECHATBC_MAIN/INFO]: @2683d6bc2868864ff7b1576ae3e0d8a6dd9b09decfbfe96c4e97f625cce41a90:沉默的小羊羔子
[21:32:11] [WECHATBC_MAIN/INFO]: @2959377d5824f2e846ac13ae8d74e8ba:酷猫电竞网咖联盟
[21:32:11] [WECHATBC_MAIN/INFO]: @a9a4b62425937f67db5dc6bcb62f67db82f43e4e07a1886eb8b025737e0cc68e:滥情g.
[21:32:11] [WECHATBC_MAIN/INFO]: @3c5adc0a939aa94fcbd136fc73065d57:agiso自动发货
[21:32:11] [WECHATBC_MAIN/INFO]: @a970ff0dcafbe27b36b6e593c7b6e36ce0f1f34b56e7a5114c787bc20378fb40:欣妍
[21:32:11] [WECHATBC_MAIN/INFO]: @f4a8ae8dcdad59a78291a40fe1e16dddfb70f23c38f89deb420aa077cc144b5c:王德发
[21:32:11] [WECHATBC_MAIN/INFO]: @a71abb9480b77831a295fe6fe0507e8007a78002a3d035eb54ba56a29537d08b:懒人
[21:32:11] [WECHATBC_MAIN/INFO]: @05f5cac37f6a8a3bf91e33c4499c5a5e22ed07c0cb0e1256723d5b9d65e7d8ef:Leon
[21:32:11] [WECHATBC_MAIN/INFO]: @1c8bae729a6a8762c8d18237ffd4749ae44f9cd25e3c218224bd4d5f9063165f:区冠贤
[21:32:11] [WECHATBC_MAIN/INFO]: @ea8388913fa5ea305d3b700a306a8797:怪谈胖胖女
[21:32:11] [WECHATBC_MAIN/INFO]: @88baaaba36f2933c240932f191c56ff3:源码阅读网
[21:32:11] [WECHATBC_MAIN/INFO]: @ebe66e11bd156d12749243f8b81429464d251c1c846d72c92d6181832fd53302:sam
[21:32:11] [WECHATBC_MAIN/INFO]: @7d5d142a49ef693bd0c40a6cf1bca28b47cb99eaf84a310cbbc4b0bcc9f50ef6:譚咏麟
[21:32:11] [WECHATBC_MAIN/INFO]: @e28739978986c881111371ff93558703ff2398da94c841d607790a087b10755a:群管理
[21:32:11] [WECHATBC_MAIN/INFO]: @7b4c05abef67c960521d782e5ee1c84bae9d11775354229980b4f0baab08aaa2:AT
[21:32:11] [WECHATBC_MAIN/INFO]: @87ffd38ffa3bd47454588382d97d40dc7c084a91ba7136c692770e627ea1cdda:...
[21:32:11] [WECHATBC_MAIN/INFO]: @6dde0b5e8a6049c95af243df43803f58:海豚网游加速器
[21:32:11] [WECHATBC_MAIN/INFO]: @4172a73b01e412bc94264aad00154c98f70b9f2f0a06dae68a360cb3004019ed:はたけカカシ²⁰¹⁸₀₉₁₅
[21:32:11] [WECHATBC_MAIN/INFO]: @cba3904dad887371ed7692abfad5e89333577b846490c818a79a36a6092c6f64:彬
[21:32:11] [WECHATBC_MAIN/INFO]: @c9a13fbc42149b4820987c69b1de7987fa16132e6e965c6531de076b935b2cd5:宝藏
[21:32:11] [WECHATBC_MAIN/INFO]: @0984a9fac955d2c86d51194c5c1898bc:老廖
[21:32:11] [WECHATBC_MAIN/INFO]: @86856cc65cefe964d7e10c99a145b07f:宅猪
[21:32:11] [WECHATBC_MAIN/INFO]: @14daeb22031fdc351b026d7c2cba668928bcb25757041198b2cdc42d52487326:若瞳君子
[21:32:11] [WECHATBC_MAIN/INFO]: @e8de3bfa3e31644d1ae509a6c5e967e28466f702fa2b96e1e66573a6df215ee9:  
[21:32:11] [WECHATBC_MAIN/INFO]: @2b8f6e6ade0403709a1eff1f3ee500075ccb7de4b9ff42ff09d688dc98ec5c07:杰
[21:32:11] [WECHATBC_MAIN/INFO]: @7b8bba068b85a685ebe8392f6206224d60f3d639704f2603e4576eafcccde249:Nefia
[21:32:11] [WECHATBC_MAIN/INFO]: @cc4422f7668a03658bda43e1ff1618694e818d2caeba0fbc1cfae4fa3cfac314:彭老师
[21:32:11] [WECHATBC_MAIN/INFO]: @a5dde3d427dd736127aee51017d54ddc:魂之乐享
[21:32:11] [WECHATBC_MAIN/INFO]: @98a349d7d50aeaae3124a4aaa0e72375be7fee1b7925dbe86cb0fa87e86c371a:K.
[21:32:11] [WECHATBC_MAIN/INFO]: @1ad7700a15213d9a8166fab9eeac3e28:三叔软件
[21:32:11] [WECHATBC_MAIN/INFO]: @fda9098c14c39755aa27a39d8c94386f:网易UU加速器
[21:32:11] [WECHATBC_MAIN/INFO]: @3f0fe3798c304d194657dbae4cb5e847:鲁班大叔
[21:32:11] [WECHATBC_MAIN/INFO]: @05a9d9921777b0b03ae6661d181680a4:该账号已注销
[21:32:11] [WECHATBC_MAIN/INFO]: @fef07a3bca69218034c4f7722e4681b11476a4d8dba2bc89edaeebfaf705bc29:ㅤ
[21:32:11] [WECHATBC_MAIN/INFO]: @e1c968d717ea75d6c760d15886372a169369db3ca68dfe6b1edf4e480d9844b3:Aloha
[21:32:11] [WECHATBC_MAIN/INFO]: @c65882a6a2f51f4a6618a90d69eebe4e81a23523693bbb976dc779b523aa03b2:BLUE
[21:32:11] [WECHATBC_MAIN/INFO]: @2698fea6e881c1262f09cfaa08eeac16a1edd1922b7195172908a60ecdf19daf:LIN_HH
[21:32:11] [WECHATBC_MAIN/INFO]: @dea4b526e896ac2f516eadad3276b41aea9437547c7d0e66b14dc7ec85be947b:啦啦啦啦
[21:32:11] [WECHATBC_MAIN/INFO]: @ee15c17c41503998b2065959483bd19c4ec2e15e77d63ac7bb845e3e14fc69c9:无所谓
[21:32:11] [WECHATBC_MAIN/INFO]: @7db7d08934bac60978c7dc24e266199b7c18a502262c1d989e83b25bcfd0d836:H
[21:32:11] [WECHATBC_MAIN/INFO]: @1f5a23e8f7753d4719abde69ff5ff88c:wsice_肆
[21:32:11] [WECHATBC_MAIN/INFO]: @3b32672662031a3768dfda59b3828e0839cb24b8ad73043d9841baa549aed500:娇的名
[21:32:11] [WECHATBC_MAIN/INFO]: @b93989a5c87ff92188de8acb3856a649c7d3fae49b3335a519696af9cac6cb78:顾玖
[21:32:11] [WECHATBC_MAIN/INFO]: @9f2b941208ceca52ddde4ea20a1f1bc6bad50df4dcccd8a60ff9dccc8b99053c:wuli
[21:32:11] [WECHATBC_MAIN/INFO]: @8e025c77d97c493fa8027279f2722df32270be59ab3000e624091fb74ceaa0d1:玉宇
[21:32:11] [WECHATBC_MAIN/INFO]: @0d79916d4f9a5c00d145816110a6072250f135657edf5283081b30e540b96224:O.o
[21:32:11] [WECHATBC_MAIN/INFO]: @dc797c64fef7cd515885430205d64080f2b699e50e35a4d131a2e303c0f3e992:A春3悠慧多多<span class="emoji emoji1f389"></span>
[21:32:11] [WECHATBC_MAIN/INFO]: @30a4c76e0b01a3e4f7114bbeb3a11503edc13a806f4d7666141653823876058f:Cc
[21:32:11] [WECHATBC_MAIN/INFO]: @f876151044de8cc7a9b83dca3617a7cf23466627bbd8d8b454115ac60da64687:JW<span class="emoji emoji1f42f"></span>
[21:32:11] [WECHATBC_MAIN/INFO]: @834ea1f6d18b84abd559aa7c663c4592a870e15576c228cf0747016e55bc707a:AIm.
[21:32:11] [WECHATBC_MAIN/INFO]: @ccf407bea0420d3c1611d9cfb03f2b29071b1c6b6da4a24ae80dd5da49ce0b73:.
[21:32:11] [WECHATBC_MAIN/INFO]: @f9fe26286088656733afad244896f979fbed62acaedac14854d1cf249f36e680:Z.🧸
[21:32:11] [WECHATBC_MAIN/INFO]: @f4fd44267ff20a63d77fd0e28bcba9de760351d1b676d12e1d3f1c5154dae842:ᥫᩣ.
[21:32:11] [WECHATBC_MAIN/INFO]: @1b59acbfdf3471e1babfb8ba393646e8e07440f9e5eb0e3d74cc350215efbd78:-
[21:32:11] [WECHATBC_MAIN/INFO]: @a13a3085d5d86cf186cf208cd4ce7037f57448e16f91daa5eb502ec0f6981535:Blank077
[21:32:11] [WECHATBC_MAIN/INFO]: @68a2055a330c577e388e3df26d885ecec11b881704902be553f16c0a3a581226:垚
[21:32:11] [WECHATBC_MAIN/INFO]: @aa5c7ec5a65be67c13aa7ccbcaa307acb50190a9ea3b07d52f01d3524847df57:要好好吃饭
[21:32:11] [WECHATBC_MAIN/INFO]: @a61f7922ef592ffca70f0a4256f7d5610c48928181f414b7bb6128009983b510:芜湖
[21:32:11] [WECHATBC_MAIN/INFO]: @f78a7163374243a65f8387359f59e2cdcba18236c725325999964c23765ec05b:sun
[21:32:11] [WECHATBC_MAIN/INFO]: @1c0eab36cc453e2af0f8fc6dc4da504e43e2ed75255eef0968a2b0d5db8fd4c1:.ayu
[21:32:11] [WECHATBC_MAIN/INFO]: @7ccc2b6f017b04b9c9bacb5fba9653cc7a95934c774674afc6229a12c072b9bd:buo
[21:32:11] [WECHATBC_MAIN/INFO]: @1f869313955276ea70e9f8ce771efe971ac39a5a0204971516c0a7b6008cb3b7:鱼七七
[21:32:11] [WECHATBC_MAIN/INFO]: @602644ec08a2aabef301d2b91f81b9cb2a86da3e9f246b15560571c5bad8ed26:h.
[21:32:11] [WECHATBC_MAIN/INFO]: @7308524df1e4896efc19d3aa7a586916:异次元APP软件
[21:32:11] [WECHATBC_MAIN/INFO]: @2af0191b320a16ef7e3b66db3ba7b269:卢家妈妈 西餐厨房
[21:32:11] [WECHATBC_MAIN/INFO]: @3da5ab3c587881cb32c56ede1f63da171ed9d130fcaa17b71576b9115af2dd33:胖胖的孙某人
[21:32:11] [WECHATBC_MAIN/INFO]: @7198f3d6c5d0054a65c8c09189f7eb40:中职生
[21:32:11] [WECHATBC_MAIN/INFO]: @dd279f1205f0e944ced0b3c6106c309ba597e3843a04f9d9125f6396d9c8dcf2:山海
[21:32:11] [WECHATBC_MAIN/INFO]: @236dbd9793a081b7bc3122c20a53c390f970bd8c73bcc4fb0c502eaa4802416f:安逸
[21:32:11] [WECHATBC_MAIN/INFO]: @3fffeeb957d0b10e341b16b0e0249666:后浪俱乐部
[21:32:11] [WECHATBC_MAIN/INFO]: @b74ee6f221184ebabbe7fb6c622fb610d87a251359ca69706da66664336fa3ed:Solitude.
[21:32:11] [WECHATBC_MAIN/INFO]: @40705f9f22c00bef9fe66fda635a85283d918cc85b8919b4b52c0da9e948a7da:🥷
[21:32:11] [WECHATBC_MAIN/INFO]: @ced1448120fea6421119570688c09d1f475365f2d4201a11bdb2614c0faf1729:瘾
[21:32:11] [WECHATBC_MAIN/INFO]: @8202fbf078985a1aa300a1a4d9c40efd:小李万事屋
[21:32:11] [WECHATBC_MAIN/INFO]: @ec67278f156b1bf1a1d3dceef70d180cf54a66724b740fffc06d21fbac0ce4e1:失忆
[21:32:11] [WECHATBC_MAIN/INFO]: @0aef39be5a7e47f893751507428d18f8fb0e424cda83dfbc2d9f59c6eb4efb44:小鹅
[21:32:11] [WECHATBC_MAIN/INFO]: @783c86fd66bbff6ffa3b86100ce425e3:互联网品牌官
[21:32:11] [WECHATBC_MAIN/INFO]: @8a7856e8b2e2c3d53c9813e0f0b3dfbbfcb87b12a14dd62c0f340b5b064822ae:文人武
[21:32:11] [WECHATBC_MAIN/INFO]: @7671c039f485d7ecad45bfba592bfdf7a2d29cbb54e2a20b2e7015098f33ffb1:寿～
[21:32:11] [WECHATBC_MAIN/INFO]: @aae6a773b46131f61d95983cb64694c606431e9a4eb5fec9cdbe5943b6235d33:₀₃.
[21:32:11] [WECHATBC_MAIN/INFO]: @de00135ded38985996ba98fd6d427487f25302e5848dffbc0d5c69f56dc00333:Rebirth
[21:32:11] [WECHATBC_MAIN/INFO]: @3c2588f2c67030a92bb2276bc2a6fc93:小呆加速器短租
[21:32:11] [WECHATBC_MAIN/INFO]: @8ca3599bdbf8e810326cc682f5378bf00e889a76ca64ac61d02e60c7c8b7d77b:星光
[21:32:11] [WECHATBC_MAIN/INFO]: @12951a0263d8ae3c3f827ab5bb22cae23056687cb8e645d2a03c3710907b742b:Diss8c豆
[21:32:11] [WECHATBC_MAIN/INFO]: @39c320f2f83739dd4405607731dae56c:京东白条
[21:32:11] [WECHATBC_MAIN/INFO]: @e604351e685e9e9a5723cf736034e3c6:GoLink加速器
[21:32:11] [WECHATBC_MAIN/INFO]: @85ca13f0c09d47e4234c2a5c1e86a15f:情侣CP
[21:32:11] [WECHATBC_MAIN/INFO]: @524daf9ee0631bf5226409bb0b6435e0135ff6c3164a5aa084175692e3469843:A 中联电讯   郑灿伟
[21:32:11] [WECHATBC_MAIN/INFO]: @39e4217bfb616801b9c6c7264034e491:蒸汽游戏
[21:32:11] [WECHATBC_MAIN/INFO]: @543d76e1719caabfe45c9e842a6ce528:便利店艺术家
[21:32:11] [WECHATBC_MAIN/INFO]: @3a463e4f0cc4257bf4c9b873be2199d3cc4e43e81dc183cbe8448a729e8d6524:a大白胖
[21:32:11] [WECHATBC_MAIN/INFO]: @e0145fa984e7a98c0e6bcca224057a27f26f8498da2f2110e6507acf749d4e78:Peter烁
[21:32:11] [WECHATBC_MAIN/INFO]: @cff79de8bcfabd25e94b43efcb6a8b7793b2bf8fcb3c14bce2875b3d868d3da0:北
[21:32:11] [WECHATBC_MAIN/INFO]: weixin:微信团队
[21:32:11] [WECHATBC_MAIN/INFO]: @798e90e8ee4d2b1b3410b140da07782addc26b6cecaeeb4baf92e7c90d85063e:振袖秋风问红叶
[21:32:11] [WECHATBC_MAIN/INFO]: @e2b942a5edb5bd6606b440af71a42129:奇妙加速器
[21:32:11] [WECHATBC_MAIN/INFO]: @a57c22c3a78dcadccab338599ba8c37b38108b2b2436558c9df1f832ca61f95c:春雪
[21:32:11] [WECHATBC_MAIN/INFO]: @a9aa8ef050c6dce7c4119bea96d73d80d5d4aaa1d72654cc0cdd75d1d7fe1729:0.2℃
[21:32:11] [WECHATBC_MAIN/INFO]: @346bb53504a25e39d891dccf093aac56:拼多多
[21:32:11] [WECHATBC_MAIN/INFO]: @8f38a1acc335009727f1c961e2cccc7829c894c4a470410d29fac62ec6f3ecbf:Rime
[21:32:11] [WECHATBC_MAIN/INFO]: @e0c152626f96c1125ba313bd3c20daa632584da799fe9ef86796378d4a67612a:！
[21:32:11] [WECHATBC_MAIN/INFO]: @d948ba320ceece65384b33f213c984d467d8af998d78a75cfc22a542565f7344:陆景桓
[21:32:11] [WECHATBC_MAIN/INFO]: @5f869b099bffe4094a36a892066e519e680a00f876a1e2a6351e373dd46826e3:xh
[21:32:11] [WECHATBC_MAIN/INFO]: @24b38c9c4c4e2364df3f4050c5291b6414c8992a52f5c88fef1534d8a51085f3:觅雪班导
[21:32:11] [WECHATBC_MAIN/INFO]: @a4975abd9b0be12a351739d4ab1739bd9409c8a27616474d91a38b6f279fff58:zzzsh
[21:32:11] [WECHATBC_MAIN/INFO]: @860361796a14a13a76432ea661dd0238:中国青年志愿者
[21:32:11] [WECHATBC_MAIN/INFO]: @76d29b5be5dc2dbab7ee3998c7c08cf124e4db576cc0508bd445a4532275e5b0:Sherry
[21:32:11] [WECHATBC_MAIN/INFO]: @eedd64ea6784bd0b73efdc94a401e7a87bf0aceea06a45848ebe31008dde402e:小宝
[21:32:11] [WECHATBC_MAIN/INFO]: @0316bc44dbe5b63ed660f5eb9f098a7e73fc14e7312308db132ada2fc1128aac:。。。。。
[21:32:11] [WECHATBC_MAIN/INFO]: @c9692ba7c5977508021235985e6b3a54:广东建院消息
[21:32:11] [WECHATBC_MAIN/INFO]: @459bd08ecf415365483b795ed528b93c:易博通eSender
[21:32:11] [WECHATBC_MAIN/INFO]: @8deb63f2019622c1c8273996aaa1007001a0d441170f829214c746acbb52d556:VIP
[21:32:11] [WECHATBC_MAIN/INFO]: @e393506f91724c14b1f851b9a11627c8f48a027bb228b56881e6045c07faecf2:木川金
[21:32:11] [WECHATBC_MAIN/INFO]: @20910e9a177c1dda67f075e047d6a443be3131a7d23d1485099624b20cc913fb:利
[21:32:11] [WECHATBC_MAIN/INFO]: @acf3f7b9fa9a9468e3fc31109b04db0291f917ede50e9715e77bb8a4e200a201:白胡子
[21:32:11] [WECHATBC_MAIN/INFO]: @58b9a34f6f7b9235099788e813444adc09f16dfd7ca30477430f664a893a349a:陈店长
[21:32:11] [WECHATBC_MAIN/INFO]: @467d97c9f318c1012e54edb13a305398d0a27639f17aa550a5896e1508849fe5:ㅤ
[21:32:11] [WECHATBC_MAIN/INFO]: @765f763d203b62576a4c468fd713451aacf194eb0e946cb0465f5a7207b19a66:晚风
[21:32:11] [WECHATBC_MAIN/INFO]: @d2dc6a4b4da6965338ce5412f5d84cb8a6065e9b10346034ded84984f19e1184:Sam
[21:32:11] [WECHATBC_MAIN/INFO]: @cd79ca16c390171dfc764fc852286431b4dfe17d8dcb0b9ca2c395093c238cc0:Boy。
[21:32:11] [WECHATBC_MAIN/INFO]: @d021cfaea9ffbb0612bae4eb80ee8261:超人
[21:32:11] [WECHATBC_MAIN/INFO]: @8299dd53931e8c738f2e089051978d43:电脑那些事儿
[21:32:11] [WECHATBC_MAIN/INFO]: @88a0e8b2f32acae083dc0bec7b53f6eb:平面设计狮
[21:32:11] [WECHATBC_MAIN/INFO]: @0fe90e0ee69906589e27a6437b183fa44cb2c0b0fc4353a58a0945d7aa608fb4:顺风
[21:32:11] [WECHATBC_MAIN/INFO]: @389f0cb0f22f2e4153fb66b0e074ea0663bca2e40c57b6bb16002ed830d656f9:借我一秒钟
[21:32:11] [WECHATBC_MAIN/INFO]: @952d259cb8133000d7345f30f137840931510b5226f611f6db1cbceacdeca233:榴莲
[21:32:11] [WECHATBC_MAIN/INFO]: @237c4b6b7aded79bbc88b9834f9099e8:特摄资源共享
[21:32:11] [WECHATBC_MAIN/INFO]: @315b916a0e1021f69582c8314921b2228e51cea0b74149093c1d2bc6a56ba54a:韓
[21:32:11] [WECHATBC_MAIN/INFO]: @d4871c98b8b28c264ede3556ed7745ec6a26c995dde915cc6b0e13d52d143415:独人13
[21:32:11] [WECHATBC_MAIN/INFO]: @ebdc69a6fb0e88bf458742b391323811:外卖有多少
[21:32:11] [WECHATBC_MAIN/INFO]: @112018bad21791ea449493c2240361b4f53748c1d5ae19c271a78d36c0d94ea0:DLx
[21:32:11] [WECHATBC_MAIN/INFO]: @b76aba08d1615312dfb5adc253262253:热门精彩阅读
[21:32:11] [WECHATBC_MAIN/INFO]: @3a8b234ca4632ceedc44f2091cbcb358cd8cd183a7ca1f9d662992458e78f429:p
[21:32:11] [WECHATBC_MAIN/INFO]: @651c097a9e7dd76d0beba451bd76a20b27f062be43fc674112ea34ab7f644d47:怎么取一个正常点的名字
[21:32:11] [WECHATBC_MAIN/INFO]: @9a882ce9e5c98e292354859e561c0013:治愈读白
[21:32:11] [WECHATBC_MAIN/INFO]: @641f48c9f9f738537f992b53f228931f959b0c3ebefbca58db5703a145ec5e6e:樱桃🍒
[21:32:11] [WECHATBC_MAIN/INFO]: @c27ad7674ccf6d40c43c899352d69f7f:潮职校园通
[21:32:11] [WECHATBC_MAIN/INFO]: @e31231595ba76f35a0feb188b3675e53af13d78062e5a362c0e01e719e47bb7a:SOYU
[21:32:11] [WECHATBC_MAIN/INFO]: @469ddae5480e331fc7b5cdd0dd4c9e2c7460635dfc0dc801fda531e76be19cd2:A㍿࿐黑人校⃣長⃣ゝ诚信服务
[21:32:11] [WECHATBC_MAIN/INFO]: @05e4af759fa41a35c22ed2c9238b9df27b08a28bc9bccd3413e769d5429e9b33:Jammer
[21:32:11] [WECHATBC_MAIN/INFO]: @a47dabf877b8fcc237dd0b1c9a5a829726e9d98f3631f7bed71199f56530a5f2:2z
[21:32:11] [WECHATBC_MAIN/INFO]: @aba6d193833b56371b418c6f88f9527c:沐沐热喵
[21:32:11] [WECHATBC_MAIN/INFO]: @0dcc56ce31eb622d9e483da9d841c6b9f07ebd204ce9fcfd3b1170055e63de1c:等一下七月
[21:32:11] [WECHATBC_MAIN/INFO]: @0a2a4f633be695b66b16ee1c3c255eb0:憨憨羊
[21:32:11] [WECHATBC_MAIN/INFO]: @1d170b941f4e1eb26749c160e16ef2d09c0b3e86b13a5cbd6d5b31b4f84ff4a4:泽玲
[21:32:11] [WECHATBC_MAIN/INFO]: @873668e481cc21696a99836d1d3c4715f0de65781417bb911eaa10e4bbe618d4:江尚
[21:32:11] [WECHATBC_MAIN/INFO]: @84cb3138985a30c9a521f0465b17822452dfe89294a6f21f68ae1a8add2f02e0:白云飞（只二维码收米）
[21:32:11] [WECHATBC_MAIN/INFO]: @34f96222c262a020b286f30f67a82967eccf39abf1d62bc30e8c62982dd5a2dc:微笑的高圆圆
[21:32:11] [WECHATBC_MAIN/INFO]: @8f79491cd4209ffae563b8c4c590157a:电手
[21:32:11] [WECHATBC_MAIN/INFO]: @b238ee859911dbc5279a8f9ff8157c14d6d32b4c78b7af9db771d5e901d7ba39:董不懂
[21:32:11] [WECHATBC_MAIN/INFO]: @0deac5d90c07684d52bef6c89c2ddd90e71c85271ec4e3940fd56107b47176ad:Jeff
[21:32:11] [WECHATBC_MAIN/INFO]: @7e22b4f54bbb9ae0daa2d4f12edc0756eab027965c58de0e99bd89120054c36c:远晏
[21:32:11] [WECHATBC_MAIN/INFO]: @d7793ab5f638cfe7edc35ff798ea2dc0:泓记
[21:32:11] [WECHATBC_MAIN/INFO]: @9c285b2fe4cabb5024815aa2235bf0c7:志愿者
[21:32:11] [WECHATBC_MAIN/INFO]: @9f379ea82920b95d9c0eec215f94de5569ae016528fc13aecafdfc24241ef0f4:hor1z0n
[21:32:11] [WECHATBC_MAIN/INFO]: @530fef432d1414b562f2ce1d49b0e50f3c59942f54cb1c50cabe38c1b43ec72f:橙
[21:32:11] [WECHATBC_MAIN/INFO]: @bf15aac31de220c98627571832177dc3:平颉机械设备13223903675
[21:32:11] [WECHATBC_MAIN/INFO]: @5338d8e5b18f149e5de4643daa506c2830b08940790075d4d9b3e21cdba9e383:（～_～）
[21:32:11] [WECHATBC_MAIN/INFO]: @af0557c9849f3739bf228783a6eb9a7b82f6396c6ccb8601489dee2082995e79:曦热
[21:32:11] [WECHATBC_MAIN/INFO]: @a3b2f60ea9a69b651b4b686381faec3d8074c79666b81ba4aa0368555c400db0:老细肠粉甜品小吃1号店
[21:32:11] [WECHATBC_MAIN/INFO]: @e655573c629a7de8747b5f5b411f0bef3b1d02a5a564636ddccdf56478542af9:Mog.
[21:32:11] [WECHATBC_MAIN/INFO]: @9639decdb56456b22996989b88cb2c45:汕头人社
[21:32:11] [WECHATBC_MAIN/INFO]: @3882233bf6b7528fc5e47883b0dc05b2390cde67d9957a8ffb1f55acfc4d21de:福🦆
[21:32:11] [WECHATBC_MAIN/INFO]: @1bc284e40d1b28344c13ec6eb4b39d91bc7c537bb663c1a9db7b6af5fbcccdfe:三三
[21:32:11] [WECHATBC_MAIN/INFO]: @8ef3cd3da20ccd8798f18c2960f3bf703921c959c530ca7f206920fbe2359a01:老爷保佑
[21:32:11] [WECHATBC_MAIN/INFO]: @61deab2cf8ea943d97d0eea6b1deeebc80ccfc6249b501634d216c5e38b897ec:源码阅读网-小花
[21:32:11] [WECHATBC_MAIN/INFO]: @c62a9edb08a301ceffea73c5aa4440c1a4cbb472f14b38327b7f9412bc89da14:1
[21:32:11] [WECHATBC_MAIN/INFO]: @eca958727476ca86ef41fb5d5f6fbabc3aac9602f07bd85f5ea68ccdcbba30fd:AA - 手机电脑 回收 出售 维修
[21:32:11] [WECHATBC_MAIN/INFO]: @7e8ac149795c949f4a98a8265bc9198351c42c73ac6bc1a28231e727c215d2ca:九
[21:32:11] [WECHATBC_MAIN/INFO]: @718147da8623119dd5d6b7bbcfc64f50024f1c08fd9276122c6fb29bcd60c184:A-河北祝江机床韩冬晓
[21:32:11] [WECHATBC_MAIN/INFO]: @75ee99b8137fb4d3e85f6e06ff56de88:腾洲车行
[21:32:11] [WECHATBC_MAIN/INFO]: @6b4a6ef76e4fda27116a36c16e36a85d0824dd06c864f6ef24692bf0e52342a7:广州鑫顺  专做美系单项件
[21:32:11] [WECHATBC_MAIN/INFO]: @6aaa17cc0114379e8601787088f2a45a9850bfe1ad23f22ae20847dfe260aca3:美宜佳
[21:32:11] [WECHATBC_MAIN/INFO]: @300578fcc9cc93e746380f0edfdf73ec8fdcb5605f3432bab4ea1659a50e3299:广东青年
[21:32:11] [WECHATBC_MAIN/INFO]: @8575a52a1ac421a889fe0e9fb98dcb12c02dd39607fd5c5336921db307397e90:威廉
[21:32:11] [WECHATBC_MAIN/INFO]: @fc084d8b9d0c9309477327add388915f7dd35dd76ce9c4b0e059a48cff3a65b5:朗月.
[21:32:11] [WECHATBC_MAIN/INFO]: @2d47b6504c22aed7203815ced3d057f2cfb4732ad742d40e900d1db170e35f76:ིྀ
[21:32:11] [WECHATBC_MAIN/INFO]: @c068c6a5a518550d74e29ae483841c4e7c3a1f92b23d7c142c42719e9bc9e912:Arun丶
[21:32:11] [WECHATBC_MAIN/INFO]: @8bf552ccbcae92f463e5a409bff43c1b:加一电影
[21:32:11] [WECHATBC_MAIN/INFO]: @949cee684720ffba6bedf0e132dd3a93:泡泡加速器
[21:32:11] [WECHATBC_MAIN/INFO]: @4b57fbbc2a68271b068dd7841020ac86:小智LOGO
[21:32:11] [WECHATBC_MAIN/INFO]: @ac15eadee7367d0aeaf4c609e535e60e5c5654db572aa48a954b6ff8af29bb49:光星网咖 (营业中）
[21:32:11] [WECHATBC_MAIN/INFO]: @c8cba7f5190997ae0ee98efa30bf904646c392fdf723826db7da9c2b3c7743d2:杰
[21:32:11] [WECHATBC_MAIN/INFO]: @27f0a58cf4505d31b699d35caa552fbf:布晴LIVEHOUSE酒吧
[21:32:11] [WECHATBC_MAIN/INFO]: @8c6c0cab9e1bc12dd2ab086fcf4dea66:黑料BOOM
[21:32:11] [WECHATBC_MAIN/INFO]: @e31b811517febcad2cc207dee1a6f106d2d3839c84e672fc5b4b6c05505e0530:FyG
[21:32:11] [WECHATBC_MAIN/INFO]: @8eabc1f40e5d60e956e62b648a498a17d7f1abf6cd87dbc9447746a0bcf4ee81:远
[21:32:11] [WECHATBC_MAIN/INFO]: @f6bcb030026fb36164c6c1b2755bad40260c6a512857e5235e4aa77b01c2f071:NOBODYLIKESME
[21:32:11] [WECHATBC_MAIN/INFO]: @7c129d3b31a7aec3bf4c3498b4c54998c6ad8557b49c4c3e9a20ce7aad32d7a7:-
[21:32:11] [WECHATBC_MAIN/INFO]: @b98e5ffb32372aa91f02ff7dd58ab6829eaa39a19ac4c7da2e09b6f856397cc4:标顶洞人🌝
[21:32:11] [WECHATBC_MAIN/INFO]: @033c595a7b151f65ed8b20634f5d8305:余熙小灶
[21:32:11] [WECHATBC_MAIN/INFO]: @64b65f03eb0b5113fd8468e23fb7b18393f9c3c02623d888d026c0b77f406a04:AOO࿐努尔 诚信经营 花呗金融
[21:32:11] [WECHATBC_MAIN/INFO]: @27237a514d4c9276d56bf51faef6659d67e6cf8ca58bae5d1bf91bb4266c802b:香奈儿<span class="emoji emoji1f42d"></span>
[21:32:11] [WECHATBC_MAIN/INFO]: @@586e32a494650f06ee39f265a83f22c6e55bacb01705883cd97a70311f390bb4:振森鹤的炼铜教堂<span class="emoji emoji26ea"></span>
[21:32:11] [WECHATBC_MAIN/INFO]: @9fba9c7cbcacbfdb325c0832b8f34e6e7a7420b9f8dbd954370c07b730dfffb7:月<span class="emoji emoji1f377"></span>
[21:32:11] [WECHATBC_MAIN/INFO]: @4d8ef2bd452e8f88f9e20586731e937acfaa914668bf418a4d0e0fdee365bdb1:木迁
[21:32:11] [WECHATBC_MAIN/INFO]: @3d6a2a64131365586126506a1a620dce2803f76489bad8c372428d092b68c557:早川秋
[21:32:11] [WECHATBC_MAIN/INFO]: @6448d61bef84e6f7e2173f760f381c6c:别算科技
[21:32:11] [WECHATBC_MAIN/INFO]: @67e00b4743569239fa60a55761504ffa3b990b6cba859721d7078db8babe3445:FLIPPED
[21:32:11] [WECHATBC_MAIN/INFO]: @f9ec78a7d1449e7bbfaa41ff493e385c2250f4cf73d1d23b8318a8f3b4aad4fd:Nachanka
[21:32:11] [WECHATBC_MAIN/INFO]: @feff984b190f0c66f739a4435441d81f0c633e0d0ac2e58513ad9d37551eca41:太白
[21:32:11] [WECHATBC_MAIN/INFO]: @20acfc21029c9a56d07578da60860a9eb369e66615e71e6f3c8abd71d8223578:.
[21:32:11] [WECHATBC_MAIN/INFO]: @af3c75eebebdda28896a676cf6a43a5bd143c21d750cca1f61945506254554bb:羊妹妹. 💭
[21:32:11] [WECHATBC_MAIN/INFO]: @9ddfcd672f302fc327b1a2c904993097de4f7bbbcb6738885f865aa62cdcc6f9:莹^ω^
[21:32:11] [WECHATBC_MAIN/INFO]: @547b16d452820e5c0faba1a628bfd03a8d7b06478bf2935a82060229fa158120:两英微帮信息推广网1
[21:32:11] [WECHATBC_MAIN/INFO]: @ebdf6eabd05c122a7aef99404cf7661756312cc65f313f33a8f0e7543c9ade35:汕頭15815040195
[21:32:11] [WECHATBC_MAIN/INFO]: @c0842336a5a3b03542b84c820728b83811a0ca75edb4f367d9ba4b66c3649b81:22
[21:32:11] [WECHATBC_MAIN/INFO]: @10e3394603dd835706e6115d07eea850e5437e0c68a372770cefbac5d7ba54cd:卡哇伊
[21:32:11] [WECHATBC_MAIN/INFO]: @1ce2a5aec5eb1fd35505ced033b1e6e9e1ff101325b32ec74498b2d1d37969b0:莹^O^
[21:32:11] [WECHATBC_MAIN/INFO]: @306027f6bcb941f5931bca37cf2f6bf060344caf0024de12e0ae33ed061fa2f3:<span class="emoji emoji1f525"></span>
[21:32:11] [WECHATBC_MAIN/INFO]: @df368670dfd09c8d810ed702a371f7d67b8ea4c1d4e2437e7ea264db7daaba46:Yuuki
[21:32:11] [WECHATBC_MAIN/INFO]: @bdda84598be3722e63374d9decf39477d03c7ef4b713ce0210fc59cee6da3780:二友照相馆（总店）
[21:32:11] [WECHATBC_MAIN/INFO]: @f96606e25430a6fb820cc60844427df7898765090267aefee0fd1ed92762ec95:Huan
[21:32:11] [WECHATBC_MAIN/INFO]: @e7e708d34c8af29fa747134ad4c0dda300d105fc6fb75fc567f94e6c8b6ce901:以至于
[21:32:11] [WECHATBC_MAIN/INFO]: @edea6085bb4f8bed979c55216f0b56af93693d22b43f70f69611575aff96a671:黑夜诗未
[21:32:11] [WECHATBC_MAIN/INFO]: @6779e9373c2b6966b35d05246500f246:熊猫加速器
[21:32:11] [WECHATBC_MAIN/INFO]: @4d555c2acfc161828742e5b2d8ea3a168b1735bab50f55c2161e4f1174fb1cfa:你滴男妈妈
[21:32:11] [WECHATBC_MAIN/INFO]: @58912c53be55ddd6e00f33328a703e8cb04cd4dd3639b84832cd5073937ffd97:今天想我了嘛.
[21:32:11] [WECHATBC_MAIN/INFO]: @76ae9a9cc7ecb56b264c94ddaa3c59e5be2b08fbbc8e17835a48ffafbebbfd1d:木讷
[21:32:11] [WECHATBC_MAIN/INFO]: @e0686dd660eac163e6cd2928f8b52812:天蚕土豆
[21:32:11] [WECHATBC_MAIN/INFO]: @fb6bc58f93b3a416a963717f30202269:吃货特权卡
[21:32:11] [WECHATBC_MAIN/INFO]: @a33f882971c72d0acec3c2976057938db15e8290bcf99481aa66c919268da80e:兄弟酥面店13322746671
[21:32:11] [WECHATBC_MAIN/INFO]: @957faa8bbd886c8380330b3f9cdd29113a44a0db0350b5cd94554c5ab9a1db79:碎星辰<span class="emoji emoji1f1e81f1f3"></span>
[21:32:11] [WECHATBC_MAIN/INFO]: @ebac3c47524262f615c14894f98df293eb9ac59161f81a15e17dcebc19431a01:ㅤ
[21:32:11] [WECHATBC_MAIN/INFO]: @bf5b35a024bd6bde4b0f1a45d445c7cd:小星星资料库
[21:32:11] [WECHATBC_MAIN/INFO]: @0c965cd0705f3cb64d771f701aaa9e72834a3ae8af76908c82a27d01c6acd454:G
[21:32:11] [WECHATBC_MAIN/INFO]: @ade25c1bfecbc8c962ec257d32fbb199:该账号已冻结
[21:32:11] [WECHATBC_MAIN/INFO]: @552cf26311e88d24ba7632be27d07aad4b4bad6434b8445d070ef0261cce565b:听岛屿.
[21:32:11] [WECHATBC_MAIN/INFO]: @3d0bf7cdec8d319649008c095b77a72072d47ce68dfbf02855c3c988e9e49388:<span class="emoji emoji1f349"></span>
[21:32:11] [WECHATBC_MAIN/INFO]: @58aa824dab7c20f1ac341a3704d6cf03:小木生活观
[21:32:11] [WECHATBC_MAIN/INFO]: @81d509b4b333ceb395cd3d08a58f8f5156c46f58161cab585411af98c1c2409c:-
[21:32:11] [WECHATBC_MAIN/INFO]: @f643f620df8057e82751963301551054a2c6b1a6159605ac3a5be3e2c5c32b6c:【千浔】Ms.傅
[21:32:11] [WECHATBC_MAIN/INFO]: @4cd62fedcaeb529e6c8800abaf1e7a774b4ba916346bf72fb6575bc67b0de633:<span class="emoji emoji1f525"></span>Sparks
[21:32:11] [WECHATBC_MAIN/INFO]: @bfe871908053df224ca977df007e173d7a5f0242d6623c2ac115ecb275c9d763:A0༒六子༒ （诚信服务）
[21:32:11] [WECHATBC_MAIN/INFO]: @a1713bffc797eef19c37ff8ae4c7328318173879cd9eba265318123654e07d9e:aJin
[21:32:11] [WECHATBC_MAIN/INFO]: @1902b8846fc707e18629df4a508d3ae5e9bf330f6cd0fba15e883e679b909b85:.
[21:32:11] [WECHATBC_MAIN/INFO]: @9e0b66edad36e5e2d702006ece359a04:你的生活我的梦想
[21:32:11] [WECHATBC_MAIN/INFO]: @cdb823bf8deb3dd61b0a01cd0393c17a1f5bb41c474a2db28bb9ae32079e8f49:C.
[21:32:11] [WECHATBC_MAIN/INFO]: @ec6a4f427e3af4c08286b322feb86e3c:i志愿
[21:32:11] [WECHATBC_MAIN/INFO]: @1f4303409b52edbacf197dc2e2b2aa09426ad7b1cd64af1c04253b6318ede970:+🥚
[21:32:11] [WECHATBC_MAIN/INFO]: @c4e3432ca4a99965111a99dc4db09172639917b41f7c2e838dbd8c83f3f2f0be:冬天
[21:32:11] [WECHATBC_MAIN/INFO]: @eda0a26ac583c80966f6d5b35f6e48b944fe71aeb4713b1448ff0841ded60d0e:扬狗爱cc🌬
[21:32:11] [WECHATBC_MAIN/INFO]: @e75cfc3da2c7c72665120b0de0cee5925c108253792fc919dc29d839c46e8ab0:笙歌十里
[21:32:11] [WECHATBC_MAIN/INFO]: @13211ac79c425df55a576c57ef2b9199d8f0b1ab0fa7cd03932674f356ab191a:Cory
[21:32:11] [WECHATBC_MAIN/INFO]: @50a1f7ac0d15fb1dfe0ebeb63a8d8481:特摄驿站
[21:32:11] [WECHATBC_MAIN/INFO]: @f25fbd602eaa7b2ff856056b5102aafdee7e33e8997e53c8122de871e2ecdce5:计划师-可心
[21:32:11] [WECHATBC_MAIN/INFO]: @a6ea4e5c0a7b981f973e0a0d1f67ebbb0a3edb7f0898f64d51a782c395df0a58:只手摘星辰
[21:32:11] [WECHATBC_MAIN/INFO]: @ec3ccec73ff15f018cbd1ac1a5a4d4e3d65d91fb52c4c0d165458d241dc34252:🧐
[21:32:11] [WECHATBC_MAIN/INFO]: @001cadd34e52d4c91e83d75df09cf2c9ef948e46a6ee72be51b1c64b334c7ee5:H
[21:32:11] [WECHATBC_MAIN/INFO]: @2aebc764f29e7fe65c8c56911b0802d3efadc2d7f93aae7c9795587cba0122e8:好运常在
[21:32:11] [WECHATBC_MAIN/INFO]: @2693f34f879ff88fc1ba116b53f57036:转转
[21:32:11] [WECHATBC_MAIN/INFO]: @09ec905dfd4ee27a06f0034d2b1ec386:外卖卷不停
[21:32:11] [WECHATBC_MAIN/INFO]: @1531d5afbaa4a5e56c4a2171970395ce:NS大玩家
[21:32:11] [WECHATBC_MAIN/INFO]: @3d72db8ece4200528ff0561c7f6154ee5f536ab1a61cf9a7ce2591eabf326e63:qi
[21:32:11] [WECHATBC_MAIN/INFO]: @45307f60c59afa732a5922461461b20c90b53e01636ac9b3e2c158b8070ec3b9:Z.
[21:32:11] [WECHATBC_MAIN/INFO]: @ec0775b390e92d6dbcfac873b6d87e759cab6ca6c8aa05ae9d07299bc451808a:xzt
[21:32:11] [WECHATBC_MAIN/INFO]: @4ae2745e0db8e7a684c07e55c85ebc429420d668adc7dc0f9baaea8154998ea3:SuriYan
[21:32:11] [WECHATBC_MAIN/INFO]: @df8596beef39a41d93ae37bd2cf0019c75f745bcf21fc143e5b37dfaa148d5aa:楠浅ꫛꫀꪝ
[21:32:11] [WECHATBC_MAIN/INFO]: @abcfecd2a2ab337b893fa063f9fd6385:抠鼻子Kobez
[21:32:11] [WECHATBC_MAIN/INFO]: @0d5f3362df873be9fd8e5a8f62e3c4af29b29a45f6242a4e2f7972ef66dc3bc7:大月半冉子<span class="emoji emoji1f43e"></span>
[21:32:11] [WECHATBC_MAIN/INFO]: @89a92bf03825ad728adb00d3def0e314:韦一同说
[21:32:11] [WECHATBC_MAIN/INFO]: @5a37796e5d8d0d415675ef18dbaff1c9ba72fbb0f8ca6981084363975611bd74:Yu鱼.
[21:32:11] [WECHATBC_MAIN/INFO]: @d87d444b9d20bba9040dda2a4ba1940a:广东中职菌
[21:32:11] [WECHATBC_MAIN/INFO]: @1d5fc7f788db9c704d2607354528f122ebc8e7454e43beeef332365d0eb73ca2:ᯤ⁶ᴳ
[21:32:11] [WECHATBC_MAIN/INFO]: @e41012898a7e3e2fc475cbc50472bb743e3cc2d098c5ca2aef075a2d157d8c33:干净
[21:32:11] [WECHATBC_MAIN/INFO]: @2ad7ae53add71ccda0af984640f3ad109849c8771208f142b2700e4c6b2d494a:Coast（2.1号放假-2.19上班）
[21:32:11] [WECHATBC_MAIN/INFO]: @84ee5f685512ccbe7caff1c9eeb653992d2475270231fb8d3293dac87cf0c82e:Ljh🤩
[21:32:11] [WECHATBC_MAIN/INFO]: @97efc97dc17d4dbc4a6a2ef47307aeb54cea73a9f4c672a3619bd4be5c6ac48a:木木(丽丽）
[21:32:11] [WECHATBC_MAIN/INFO]: @cd1820a21184bac12437eaa6280f59c55c9ccc400d414c5157efe844fa2be4db:拉勾为什么要上吊
[21:32:11] [WECHATBC_MAIN/INFO]: @d6a8f0ab6b774620d29600d4d6172f77:琪琪
[21:32:11] [WECHATBC_MAIN/INFO]: @2ac8359cd2d09a1c09144a4c1d216535de485861ee24d8755f74721c1f82feb1:橘ne
[21:32:11] [WECHATBC_MAIN/INFO]: @822c03cb582f3909ee345ea05b7600257422df27adc2625954fdc4216e472e5b:<span class="emoji emoji1f631"></span>ི<span class="emoji emoji1f60a"></span>ཽ周晓明
[21:32:11] [WECHATBC_MAIN/INFO]: @a5f7851bbe3618abad3720439ae11577ea6a369d7f658f6d8bcf31d2c5ec0b9e:A_ ZikX.
[21:32:11] [WECHATBC_MAIN/INFO]: @d2e6a29818de1c051957056124828db7e17f8f6a04e5ee5f9fd7cbdf7a958cc1:　　　　　　　　
[21:32:11] [WECHATBC_MAIN/INFO]: @850b69b7bc679b01009cc67fa0e2e00a0aa1a9a2fba938a3ba4e6ebd2e54dc24:皮蛋
[21:32:11] [WECHATBC_MAIN/INFO]: @9667b5d594c278132504ea4362d7958f13bfc6c97c19e72520946e9236cceb1c:<span class="emoji emoji1f361"></span><span class="emoji emoji1f361"></span>
[21:32:11] [WECHATBC_MAIN/INFO]: @23f804ee809e3bc3e3b51259ad507cb524a3cab9498a05ca709bb47bd3eaf365:意粥.edu
[21:32:11] [WECHATBC_MAIN/INFO]: @d1d0f689f4fbf23281ae97d6a872361f5a5c3a0bcc856bef0c3fcde2f584fc9c:ღ火炎焱燚ꦼ
[21:32:11] [WECHATBC_MAIN/INFO]: @e46eea1bd94f9798b5e9bdb900cf20c4:zl     <span class="emoji emoji1f4a6"></span>
[21:32:11] [WECHATBC_MAIN/INFO]: @34f85ce331c3b4fe04a258bfc8abf83b:微信支付
[21:32:11] [WECHATBC_MAIN/INFO]: @1936d310c50bba767dd378767af8981870d085ddf6196cc632d210143a586e94:/
[21:32:11] [WECHATBC_MAIN/INFO]: @e74d586a9f1b8c6231641999bfa65e002d19f350beb5ed8e62bea38837aa9bb4:汉宫
[21:32:11] [WECHATBC_MAIN/INFO]: @678809610d2022d63409abf52873843be671410d39ca0a37e5abece9c2b0cbad:平平歌(ᇂ ㉨ ᇂ)
[21:32:11] [WECHATBC_MAIN/INFO]: @3f4e41908303783794b642dd4c81f997a6b17963b097814295c4a3f512d5ae07:湘橋春漲
[21:32:11] [WECHATBC_MAIN/INFO]: @af47fe2765d2e579fdd2ff1604cb8469cde34bfd0e114f7b877b22429a631b6e:祈
[21:32:11] [WECHATBC_MAIN/INFO]: @0847036309168c45a8614e59df8c5735b36507a77d4e56ff2d6da5a82221737a:发财小掌柜<span class="emoji emoji1f4a1"></span>
[21:32:11] [WECHATBC_MAIN/INFO]: @ed893b4d888bd911b16dc9151ee652a0d4978effccf618d0f6e776b3b2401dae:培
[21:32:11] [WECHATBC_MAIN/INFO]: 载入了 0 个插件
[21:32:12] [pool-2-thread-1/DEBUG]: Message(msgId=5423258548518845852, fromUserName=@f2a8e9dad3bb9c45359f985ce4f69ca51729673316e0cdb520cfeac2b1b5380c, toUserName=@f2a8e9dad3bb9c45359f985ce4f69ca51729673316e0cdb520cfeac2b1b5380c, msgType=51, content=, status=3, imgStatus=1, createTime=1707831130, voiceLength=0, playLength=0, fileName=, fileSize=, mediaId=, url=, appMsgType=0, statusNotifyCode=11, statusNotifyUserName=, recommendInfo=RecommendInfo(userName=, nickName=, qqNum=0, province=, city=, content=, signature=, alias=, scene=0, verifyFlag=0, attrStatus=0, sex=0, ticket=, opCode=0), forwardFlag=0, appInfo=AppInfo(appId=, type=0), hasProductId=0, ticket=, imgHeight=0, imgWidth=0, subMsgType=0, newMsgId=5423258548518845852, oriContent=, encryFileName=)
[21:32:12] [pool-2-thread-1/INFO]: z>z:
[21:32:12] [WECHATBC_MAIN/INFO]: 启动控制台...
[21:32:19] [pool-2-thread-1/DEBUG]: Message(msgId=5696502153913664083, fromUserName=@f2a8e9dad3bb9c45359f985ce4f69ca51729673316e0cdb520cfeac2b1b5380c, toUserName=@a4975abd9b0be12a351739d4ab1739bd9409c8a27616474d91a38b6f279fff58, msgType=51, content=, status=3, imgStatus=1, createTime=1707831137, voiceLength=0, playLength=0, fileName=, fileSize=, mediaId=, url=, appMsgType=0, statusNotifyCode=2, statusNotifyUserName=@a4975abd9b0be12a351739d4ab1739bd9409c8a27616474d91a38b6f279fff58, recommendInfo=RecommendInfo(userName=, nickName=, qqNum=0, province=, city=, content=, signature=, alias=, scene=0, verifyFlag=0, attrStatus=0, sex=0, ticket=, opCode=0), forwardFlag=0, appInfo=AppInfo(appId=, type=0), hasProductId=0, ticket=, imgHeight=0, imgWidth=0, subMsgType=0, newMsgId=5696502153913664083, oriContent=, encryFileName=)
[21:32:19] [pool-2-thread-1/INFO]: z>zzzsh:
[21:32:22] [pool-2-thread-1/DEBUG]: Message(msgId=7489901590815990454, fromUserName=@f2a8e9dad3bb9c45359f985ce4f69ca51729673316e0cdb520cfeac2b1b5380c, toUserName=@a4975abd9b0be12a351739d4ab1739bd9409c8a27616474d91a38b6f279fff58, msgType=1, content=你好, status=3, imgStatus=1, createTime=1707831140, voiceLength=0, playLength=0, fileName=, fileSize=, mediaId=, url=, appMsgType=0, statusNotifyCode=0, statusNotifyUserName=, recommendInfo=RecommendInfo(userName=, nickName=, qqNum=0, province=, city=, content=, signature=, alias=, scene=0, verifyFlag=0, attrStatus=0, sex=0, ticket=, opCode=0), forwardFlag=0, appInfo=AppInfo(appId=, type=0), hasProductId=0, ticket=, imgHeight=0, imgWidth=0, subMsgType=0, newMsgId=7489901590815990454, oriContent=, encryFileName=)
[21:32:22] [pool-2-thread-1/INFO]: z>zzzsh:你好
