2024-02-19 17:25:24 [WECHATBC_MAIN] : 已扫描二维码，请确认登陆
2024-02-19 17:25:36 [WECHATBC_MAIN] : 已确认登陆
2024-02-19 17:25:36 [WECHATBC_MAIN] : 已取得登录信息:
2024-02-19 17:25:36 [WECHATBC_MAIN] : BaseRequest(uin=281175185, sid=b3n7eDtdRl4qi9/u, skey=@crypt_c1a555a6_4ab93308d1fcc15919e86e0568d4840e, deviceId=e239388888830532, dataTicket=gSeXsIN2Dqy1MbVFjm+1hBnY, passTicket=LPCHRgfq7ADDTKqRORRU%2F9wJqyUWSdVsR93pOHA04rSbIfmjfv44lGzrD49iMgzie2tfFpBfo4zcWUVB9H9ljg%3D%3D, authTicket=CIsBELC/rngagAG0Lu8XdrtBqk29icNZsAv43D3HHWVuko4PUSij91uiBSsbmR/2ozc1DKS7MhEFqadPLxJh+H1uAYezf6Jq45VVA7MFnwlw2Z2DNfEpBpwdUi+AKaeQBIqos6PQ5qLO2911Wgi1CUWM9+R2gBlgRTcY+MpDWlWb1lM/g5RPnqRGqg==, initCookie=[wxuin=281175185; expires=Mon, 19 Feb 2024 21:25:37 GMT; domain=wx2.qq.com; path=/; secure, wxsid=b3n7eDtdRl4qi9/u; expires=Mon, 19 Feb 2024 21:25:37 GMT; domain=wx2.qq.com; path=/; secure, wxloadtime=1708334737; expires=Mon, 19 Feb 2024 21:25:37 GMT; domain=wx2.qq.com; path=/; secure, mm_lang=zh_CN; expires=Mon, 19 Feb 2024 21:25:37 GMT; domain=wx2.qq.com; path=/; secure, wxuin=281175185; expires=Mon, 19 Feb 2024 21:25:37 GMT; domain=qq.com; path=/; secure, webwx_data_ticket=gSeXsIN2Dqy1MbVFjm+1hBnY; expires=Mon, 19 Feb 2024 21:25:37 GMT; domain=qq.com; path=/; secure, webwxuvid=b0c1512a3960be8895dbe4551510255ddf8b59bdea28998b87022772548d108a0db21fea412fd9b708a687a55caf8e6b; expires=Thu, 16 Feb 2034 09:25:37 GMT; domain=wx2.qq.com; path=/; secure, webwx_auth_ticket=CIsBELC/rngagAG0Lu8XdrtBqk29icNZsAv43D3HHWVuko4PUSij91uiBSsbmR/2ozc1DKS7MhEFqadPLxJh+H1uAYezf6Jq45VVA7MFnwlw2Z2DNfEpBpwdUi+AKaeQBIqos6PQ5qLO2911Wgi1CUWM9+R2gBlgRTcY+MpDWlWb1lM/g5RPnqRGqg==; expires=Thu, 16 Feb 2034 09:25:37 GMT; domain=wx2.qq.com; path=/; secure])
2024-02-19 17:25:38 [WECHATBC_MAIN] : 已初始化微信信息:
2024-02-19 17:25:38 [WECHATBC_MAIN] : 用户信息:
2024-02-19 17:25:38 [WECHATBC_MAIN] : Contact(weChatClient=null, uin=281175185, userName=@30c0506a6be8a8a61da431c3c8e991c566b09297a99cfdc7d670d0e50a20f017, nickName=z, headImgUrl=/cgi-bin/mmwebwx-bin/webwxgeticon?seq=272133271&username=@30c0506a6be8a8a61da431c3c8e991c566b09297a99cfdc7d670d0e50a20f017&skey=@crypt_c1a555a6_4ab93308d1fcc15919e86e0568d4840e, contactFlag=0, memberCount=0, memberList=null, remarkName=, hideInputBarFlag=0, sex=1, signature=已换微信 meteor1913103, verifyFlag=0, ownerUin=0, pyInitial=, pyQuanPin=, remarkPYInitial=, remarkPYQuanPin=, starFriend=0, appAccountFlag=0, statues=0, attrStatus=0, province=null, city=null, alias=null, snsFlag=257, uniFriend=0, displayName=null, chatRoomId=0, keyWord=null, encryChatRoomId=null, isOwner=0)
2024-02-19 17:25:39 [WECHATBC_MAIN] : 联系人列表数量: 317
2024-02-19 17:25:40 [TestPlugin] : 插件载入啦
2024-02-19 17:25:40 [TestPlugin] : test message
2024-02-19 17:25:40 [CommandManager] : 注册了指令 setu
2024-02-19 17:25:40 [plugin-loader] : 载入了 2 个插件
2024-02-19 17:25:40 [WECHATBC_MAIN] : 启动控制台...
2024-02-19 17:25:41 [WECHATBC_MAIN] : Message(msgId=4084829697630343804, fromUserName=@@601866de6fccd4ae04ead0855200bf47bc2abc24afd13049130e06b5e77b19b1, toUserName=@30c0506a6be8a8a61da431c3c8e991c566b09297a99cfdc7d670d0e50a20f017, msgType=TextMsg, content=@上善 , status=3, imgStatus=1, createTime=1708334740, voiceLength=0, playLength=0, fileName=, fileSize=, mediaId=, url=, appMsgType=0, statusNotifyCode=0, statusNotifyUserName=, recommendInfo=RecommendInfo(userName=, nickName=, qqNum=0, province=, city=, content=, signature=, alias=, scene=0, verifyFlag=0, attrStatus=0, sex=0, ticket=, opCode=0), forwardFlag=0, appInfo=AppInfo(appId=, type=0), hasProductId=0, ticket=, imgHeight=0, imgWidth=0, subMsgType=0, newMsgId=4084829697630343804, oriContent=, encryFileName=)
2024-02-19 17:25:41 [SYNC-CHECK] : [msg type] TextMsg
2024-02-19 17:25:41 [SYNC-CHECK] : 振森鸟的秘密>z : @上善 
2024-02-19 17:25:41 [WECHATBC_MAIN] : Message(msgId=1209463083755104653, fromUserName=@30c0506a6be8a8a61da431c3c8e991c566b09297a99cfdc7d670d0e50a20f017, toUserName=@30c0506a6be8a8a61da431c3c8e991c566b09297a99cfdc7d670d0e50a20f017, msgType=TextMsg, content=, status=3, imgStatus=1, createTime=1708334740, voiceLength=0, playLength=0, fileName=, fileSize=, mediaId=, url=, appMsgType=0, statusNotifyCode=11, statusNotifyUserName=, recommendInfo=RecommendInfo(userName=, nickName=, qqNum=0, province=, city=, content=, signature=, alias=, scene=0, verifyFlag=0, attrStatus=0, sex=0, ticket=, opCode=0), forwardFlag=0, appInfo=AppInfo(appId=, type=0), hasProductId=0, ticket=, imgHeight=0, imgWidth=0, subMsgType=0, newMsgId=1209463083755104653, oriContent=, encryFileName=)
2024-02-19 17:25:41 [SYNC-CHECK] : [msg type] TextMsg
2024-02-19 17:25:41 [SYNC-CHECK] : z>z : 
2024-02-19 17:25:51 [WECHATBC_MAIN] : Message(msgId=739100779354736581, fromUserName=@@601866de6fccd4ae04ead0855200bf47bc2abc24afd13049130e06b5e77b19b1, toUserName=@30c0506a6be8a8a61da431c3c8e991c566b09297a99cfdc7d670d0e50a20f017, msgType=TextMsg, content=？, status=3, imgStatus=1, createTime=1708334751, voiceLength=0, playLength=0, fileName=, fileSize=, mediaId=, url=, appMsgType=0, statusNotifyCode=0, statusNotifyUserName=, recommendInfo=RecommendInfo(userName=, nickName=, qqNum=0, province=, city=, content=, signature=, alias=, scene=0, verifyFlag=0, attrStatus=0, sex=0, ticket=, opCode=0), forwardFlag=0, appInfo=AppInfo(appId=, type=0), hasProductId=0, ticket=, imgHeight=0, imgWidth=0, subMsgType=0, newMsgId=739100779354736581, oriContent=, encryFileName=)
2024-02-19 17:25:51 [SYNC-CHECK] : [msg type] TextMsg
2024-02-19 17:25:51 [SYNC-CHECK] : 振森鸟的秘密>z : ？
2024-02-19 17:25:53 [WECHATBC_MAIN] : Message(msgId=7787754994169623841, fromUserName=@@601866de6fccd4ae04ead0855200bf47bc2abc24afd13049130e06b5e77b19b1, toUserName=@30c0506a6be8a8a61da431c3c8e991c566b09297a99cfdc7d670d0e50a20f017, msgType=TextMsg, content=啊？, status=3, imgStatus=1, createTime=1708334753, voiceLength=0, playLength=0, fileName=, fileSize=, mediaId=, url=, appMsgType=0, statusNotifyCode=0, statusNotifyUserName=, recommendInfo=RecommendInfo(userName=, nickName=, qqNum=0, province=, city=, content=, signature=, alias=, scene=0, verifyFlag=0, attrStatus=0, sex=0, ticket=, opCode=0), forwardFlag=0, appInfo=AppInfo(appId=, type=0), hasProductId=0, ticket=, imgHeight=0, imgWidth=0, subMsgType=0, newMsgId=7787754994169623841, oriContent=, encryFileName=)
2024-02-19 17:25:53 [SYNC-CHECK] : [msg type] TextMsg
2024-02-19 17:25:53 [SYNC-CHECK] : 振森鸟的秘密>z : 啊？
2024-02-19 17:26:00 [WECHATBC_MAIN] : Message(msgId=2917969614129870900, fromUserName=@@601866de6fccd4ae04ead0855200bf47bc2abc24afd13049130e06b5e77b19b1, toUserName=@30c0506a6be8a8a61da431c3c8e991c566b09297a99cfdc7d670d0e50a20f017, msgType=ImageMsg, content=(图片), status=3, imgStatus=2, createTime=1708334759, voiceLength=0, playLength=0, fileName=, fileSize=, mediaId=, url=, appMsgType=0, statusNotifyCode=0, statusNotifyUserName=, recommendInfo=RecommendInfo(userName=, nickName=, qqNum=0, province=, city=, content=, signature=, alias=, scene=0, verifyFlag=0, attrStatus=0, sex=0, ticket=, opCode=0), forwardFlag=0, appInfo=AppInfo(appId=, type=0), hasProductId=0, ticket=, imgHeight=120, imgWidth=120, subMsgType=0, newMsgId=2917969614129870900, oriContent=, encryFileName=)
2024-02-19 17:26:00 [SYNC-CHECK] : [msg type] ImageMsg
2024-02-19 17:26:00 [SYNC-CHECK] : 振森鸟的秘密>z : (图片)
2024-02-19 17:26:00 [WECHATBC_MAIN] : Message(msgId=5843953415667342410, fromUserName=@@601866de6fccd4ae04ead0855200bf47bc2abc24afd13049130e06b5e77b19b1, toUserName=@30c0506a6be8a8a61da431c3c8e991c566b09297a99cfdc7d670d0e50a20f017, msgType=ImageMsg, content=(图片), status=3, imgStatus=2, createTime=1708334760, voiceLength=0, playLength=0, fileName=, fileSize=, mediaId=, url=, appMsgType=0, statusNotifyCode=0, statusNotifyUserName=, recommendInfo=RecommendInfo(userName=, nickName=, qqNum=0, province=, city=, content=, signature=, alias=, scene=0, verifyFlag=0, attrStatus=0, sex=0, ticket=, opCode=0), forwardFlag=0, appInfo=AppInfo(appId=, type=0), hasProductId=0, ticket=, imgHeight=120, imgWidth=120, subMsgType=0, newMsgId=5843953415667342410, oriContent=, encryFileName=)
2024-02-19 17:26:00 [SYNC-CHECK] : [msg type] ImageMsg
2024-02-19 17:26:00 [SYNC-CHECK] : 振森鸟的秘密>z : (图片)
2024-02-19 17:26:01 [WECHATBC_MAIN] : Message(msgId=5249170863295530742, fromUserName=@@601866de6fccd4ae04ead0855200bf47bc2abc24afd13049130e06b5e77b19b1, toUserName=@30c0506a6be8a8a61da431c3c8e991c566b09297a99cfdc7d670d0e50a20f017, msgType=TextMsg, content=喔, status=3, imgStatus=1, createTime=1708334760, voiceLength=0, playLength=0, fileName=, fileSize=, mediaId=, url=, appMsgType=0, statusNotifyCode=0, statusNotifyUserName=, recommendInfo=RecommendInfo(userName=, nickName=, qqNum=0, province=, city=, content=, signature=, alias=, scene=0, verifyFlag=0, attrStatus=0, sex=0, ticket=, opCode=0), forwardFlag=0, appInfo=AppInfo(appId=, type=0), hasProductId=0, ticket=, imgHeight=0, imgWidth=0, subMsgType=0, newMsgId=5249170863295530742, oriContent=, encryFileName=)
2024-02-19 17:26:01 [SYNC-CHECK] : [msg type] TextMsg
2024-02-19 17:26:01 [SYNC-CHECK] : 振森鸟的秘密>z : 喔
